[0.055s] DEBUG:colcon:Command line arguments: ['/usr/bin/colcon', 'build']
[0.055s] DEBUG:colcon:Parsed command line arguments: Namespace(log_base=None, log_level=None, verb_name='build', build_base='build', install_base='install', merge_install=False, symlink_install=False, test_result_base=None, continue_on_error=False, executor='parallel', parallel_workers=20, event_handlers=None, ignore_user_meta=False, metas=['./colcon.meta'], base_paths=['.'], packages_ignore=None, packages_ignore_regex=None, paths=None, packages_up_to=None, packages_up_to_regex=None, packages_above=None, packages_above_and_dependencies=None, packages_above_depth=None, packages_select_by_dep=None, packages_skip_by_dep=None, packages_skip_up_to=None, packages_select_build_failed=False, packages_skip_build_finished=False, packages_select_test_failures=False, packages_skip_test_passed=False, packages_select=None, packages_skip=None, packages_select_regex=None, packages_skip_regex=None, packages_start=None, packages_end=None, allow_overriding=[], cmake_args=None, cmake_target=None, cmake_target_skip_unavailable=False, cmake_clean_cache=False, cmake_clean_first=False, cmake_force_configure=False, ament_cmake_args=None, catkin_cmake_args=None, catkin_skip_building_tests=False, mixin_files=None, mixin=None, verb_parser=<colcon_mixin.mixin.mixin_argument.MixinArgumentDecorator object at 0x7815c6839090>, verb_extension=<colcon_core.verb.build.BuildVerb object at 0x7815c68386d0>, main=<bound method BuildVerb.main of <colcon_core.verb.build.BuildVerb object at 0x7815c68386d0>>, mixin_verb=('build',))
[0.153s] Level 1:colcon.colcon_core.package_discovery:discover_packages(colcon_meta) check parameters
[0.153s] Level 1:colcon.colcon_core.package_discovery:discover_packages(recursive) check parameters
[0.153s] Level 1:colcon.colcon_core.package_discovery:discover_packages(ignore) check parameters
[0.153s] Level 1:colcon.colcon_core.package_discovery:discover_packages(path) check parameters
[0.153s] Level 1:colcon.colcon_core.package_discovery:discover_packages(colcon_meta) discover
[0.153s] Level 1:colcon.colcon_core.package_discovery:discover_packages(recursive) discover
[0.153s] INFO:colcon.colcon_core.package_discovery:Crawling recursively for packages in '/home/hamza/hackathon_ws'
[0.153s] Level 1:colcon.colcon_core.package_identification:_identify(.) by extensions ['ignore', 'ignore_ament_install']
[0.153s] Level 1:colcon.colcon_core.package_identification:_identify(.) by extension 'ignore'
[0.153s] Level 1:colcon.colcon_core.package_identification:_identify(.) by extension 'ignore_ament_install'
[0.154s] Level 1:colcon.colcon_core.package_identification:_identify(.) by extensions ['colcon_pkg']
[0.154s] Level 1:colcon.colcon_core.package_identification:_identify(.) by extension 'colcon_pkg'
[0.154s] Level 1:colcon.colcon_core.package_identification:_identify(.) by extensions ['colcon_meta']
[0.154s] Level 1:colcon.colcon_core.package_identification:_identify(.) by extension 'colcon_meta'
[0.154s] Level 1:colcon.colcon_core.package_identification:_identify(.) by extensions ['ros']
[0.154s] Level 1:colcon.colcon_core.package_identification:_identify(.) by extension 'ros'
[0.166s] Level 1:colcon.colcon_core.package_identification:_identify(.) by extensions ['cmake', 'python']
[0.166s] Level 1:colcon.colcon_core.package_identification:_identify(.) by extension 'cmake'
[0.166s] Level 1:colcon.colcon_core.package_identification:_identify(.) by extension 'python'
[0.166s] Level 1:colcon.colcon_core.package_identification:_identify(.) by extensions ['python_setup_py']
[0.166s] Level 1:colcon.colcon_core.package_identification:_identify(.) by extension 'python_setup_py'
[0.166s] Level 1:colcon.colcon_core.package_identification:_identify(build) by extensions ['ignore', 'ignore_ament_install']
[0.166s] Level 1:colcon.colcon_core.package_identification:_identify(build) by extension 'ignore'
[0.166s] Level 1:colcon.colcon_core.package_identification:_identify(build) ignored
[0.166s] Level 1:colcon.colcon_core.package_identification:_identify(install) by extensions ['ignore', 'ignore_ament_install']
[0.166s] Level 1:colcon.colcon_core.package_identification:_identify(install) by extension 'ignore'
[0.166s] Level 1:colcon.colcon_core.package_identification:_identify(install) ignored
[0.167s] Level 1:colcon.colcon_core.package_identification:_identify(log) by extensions ['ignore', 'ignore_ament_install']
[0.167s] Level 1:colcon.colcon_core.package_identification:_identify(log) by extension 'ignore'
[0.167s] Level 1:colcon.colcon_core.package_identification:_identify(log) ignored
[0.167s] Level 1:colcon.colcon_core.package_identification:_identify(scripts) by extensions ['ignore', 'ignore_ament_install']
[0.167s] Level 1:colcon.colcon_core.package_identification:_identify(scripts) by extension 'ignore'
[0.167s] Level 1:colcon.colcon_core.package_identification:_identify(scripts) by extension 'ignore_ament_install'
[0.167s] Level 1:colcon.colcon_core.package_identification:_identify(scripts) by extensions ['colcon_pkg']
[0.167s] Level 1:colcon.colcon_core.package_identification:_identify(scripts) by extension 'colcon_pkg'
[0.167s] Level 1:colcon.colcon_core.package_identification:_identify(scripts) by extensions ['colcon_meta']
[0.167s] Level 1:colcon.colcon_core.package_identification:_identify(scripts) by extension 'colcon_meta'
[0.167s] Level 1:colcon.colcon_core.package_identification:_identify(scripts) by extensions ['ros']
[0.167s] Level 1:colcon.colcon_core.package_identification:_identify(scripts) by extension 'ros'
[0.167s] Level 1:colcon.colcon_core.package_identification:_identify(scripts) by extensions ['cmake', 'python']
[0.167s] Level 1:colcon.colcon_core.package_identification:_identify(scripts) by extension 'cmake'
[0.167s] Level 1:colcon.colcon_core.package_identification:_identify(scripts) by extension 'python'
[0.167s] Level 1:colcon.colcon_core.package_identification:_identify(scripts) by extensions ['python_setup_py']
[0.167s] Level 1:colcon.colcon_core.package_identification:_identify(scripts) by extension 'python_setup_py'
[0.167s] Level 1:colcon.colcon_core.package_identification:_identify(src) by extensions ['ignore', 'ignore_ament_install']
[0.167s] Level 1:colcon.colcon_core.package_identification:_identify(src) by extension 'ignore'
[0.167s] Level 1:colcon.colcon_core.package_identification:_identify(src) by extension 'ignore_ament_install'
[0.167s] Level 1:colcon.colcon_core.package_identification:_identify(src) by extensions ['colcon_pkg']
[0.167s] Level 1:colcon.colcon_core.package_identification:_identify(src) by extension 'colcon_pkg'
[0.167s] Level 1:colcon.colcon_core.package_identification:_identify(src) by extensions ['colcon_meta']
[0.167s] Level 1:colcon.colcon_core.package_identification:_identify(src) by extension 'colcon_meta'
[0.167s] Level 1:colcon.colcon_core.package_identification:_identify(src) by extensions ['ros']
[0.167s] Level 1:colcon.colcon_core.package_identification:_identify(src) by extension 'ros'
[0.167s] Level 1:colcon.colcon_core.package_identification:_identify(src) by extensions ['cmake', 'python']
[0.167s] Level 1:colcon.colcon_core.package_identification:_identify(src) by extension 'cmake'
[0.167s] Level 1:colcon.colcon_core.package_identification:_identify(src) by extension 'python'
[0.167s] Level 1:colcon.colcon_core.package_identification:_identify(src) by extensions ['python_setup_py']
[0.167s] Level 1:colcon.colcon_core.package_identification:_identify(src) by extension 'python_setup_py'
[0.167s] Level 1:colcon.colcon_core.package_identification:_identify(src/racing_analyzer) by extensions ['ignore', 'ignore_ament_install']
[0.167s] Level 1:colcon.colcon_core.package_identification:_identify(src/racing_analyzer) by extension 'ignore'
[0.167s] Level 1:colcon.colcon_core.package_identification:_identify(src/racing_analyzer) by extension 'ignore_ament_install'
[0.167s] Level 1:colcon.colcon_core.package_identification:_identify(src/racing_analyzer) by extensions ['colcon_pkg']
[0.167s] Level 1:colcon.colcon_core.package_identification:_identify(src/racing_analyzer) by extension 'colcon_pkg'
[0.167s] Level 1:colcon.colcon_core.package_identification:_identify(src/racing_analyzer) by extensions ['colcon_meta']
[0.167s] Level 1:colcon.colcon_core.package_identification:_identify(src/racing_analyzer) by extension 'colcon_meta'
[0.167s] Level 1:colcon.colcon_core.package_identification:_identify(src/racing_analyzer) by extensions ['ros']
[0.167s] Level 1:colcon.colcon_core.package_identification:_identify(src/racing_analyzer) by extension 'ros'
[0.169s] DEBUG:colcon.colcon_core.package_identification:Package 'src/racing_analyzer' with type 'ros.ament_python' and name 'racing_analyzer'
[0.169s] Level 1:colcon.colcon_core.package_identification:_identify(src/sd_msgs) by extensions ['ignore', 'ignore_ament_install']
[0.169s] Level 1:colcon.colcon_core.package_identification:_identify(src/sd_msgs) by extension 'ignore'
[0.169s] Level 1:colcon.colcon_core.package_identification:_identify(src/sd_msgs) by extension 'ignore_ament_install'
[0.169s] Level 1:colcon.colcon_core.package_identification:_identify(src/sd_msgs) by extensions ['colcon_pkg']
[0.169s] Level 1:colcon.colcon_core.package_identification:_identify(src/sd_msgs) by extension 'colcon_pkg'
[0.169s] Level 1:colcon.colcon_core.package_identification:_identify(src/sd_msgs) by extensions ['colcon_meta']
[0.169s] Level 1:colcon.colcon_core.package_identification:_identify(src/sd_msgs) by extension 'colcon_meta'
[0.169s] Level 1:colcon.colcon_core.package_identification:_identify(src/sd_msgs) by extensions ['ros']
[0.169s] Level 1:colcon.colcon_core.package_identification:_identify(src/sd_msgs) by extension 'ros'
[0.169s] Level 1:colcon.colcon_core.package_identification:_identify(src/sd_msgs) by extensions ['cmake', 'python']
[0.169s] Level 1:colcon.colcon_core.package_identification:_identify(src/sd_msgs) by extension 'cmake'
[0.169s] Level 1:colcon.colcon_core.package_identification:_identify(src/sd_msgs) by extension 'python'
[0.169s] Level 1:colcon.colcon_core.package_identification:_identify(src/sd_msgs) by extensions ['python_setup_py']
[0.169s] Level 1:colcon.colcon_core.package_identification:_identify(src/sd_msgs) by extension 'python_setup_py'
[0.169s] Level 1:colcon.colcon_core.package_identification:_identify(src/sd_msgs/sd_can_msgs) by extensions ['ignore', 'ignore_ament_install']
[0.169s] Level 1:colcon.colcon_core.package_identification:_identify(src/sd_msgs/sd_can_msgs) by extension 'ignore'
[0.169s] Level 1:colcon.colcon_core.package_identification:_identify(src/sd_msgs/sd_can_msgs) by extension 'ignore_ament_install'
[0.169s] Level 1:colcon.colcon_core.package_identification:_identify(src/sd_msgs/sd_can_msgs) by extensions ['colcon_pkg']
[0.169s] Level 1:colcon.colcon_core.package_identification:_identify(src/sd_msgs/sd_can_msgs) by extension 'colcon_pkg'
[0.169s] Level 1:colcon.colcon_core.package_identification:_identify(src/sd_msgs/sd_can_msgs) by extensions ['colcon_meta']
[0.169s] Level 1:colcon.colcon_core.package_identification:_identify(src/sd_msgs/sd_can_msgs) by extension 'colcon_meta'
[0.169s] Level 1:colcon.colcon_core.package_identification:_identify(src/sd_msgs/sd_can_msgs) by extensions ['ros']
[0.169s] Level 1:colcon.colcon_core.package_identification:_identify(src/sd_msgs/sd_can_msgs) by extension 'ros'
[0.170s] DEBUG:colcon.colcon_core.package_identification:Package 'src/sd_msgs/sd_can_msgs' with type 'ros.ament_cmake' and name 'sd_can_msgs'
[0.170s] Level 1:colcon.colcon_core.package_identification:_identify(src/sd_msgs/sd_localization_msgs) by extensions ['ignore', 'ignore_ament_install']
[0.170s] Level 1:colcon.colcon_core.package_identification:_identify(src/sd_msgs/sd_localization_msgs) by extension 'ignore'
[0.170s] Level 1:colcon.colcon_core.package_identification:_identify(src/sd_msgs/sd_localization_msgs) by extension 'ignore_ament_install'
[0.170s] Level 1:colcon.colcon_core.package_identification:_identify(src/sd_msgs/sd_localization_msgs) by extensions ['colcon_pkg']
[0.170s] Level 1:colcon.colcon_core.package_identification:_identify(src/sd_msgs/sd_localization_msgs) by extension 'colcon_pkg'
[0.170s] Level 1:colcon.colcon_core.package_identification:_identify(src/sd_msgs/sd_localization_msgs) by extensions ['colcon_meta']
[0.170s] Level 1:colcon.colcon_core.package_identification:_identify(src/sd_msgs/sd_localization_msgs) by extension 'colcon_meta'
[0.170s] Level 1:colcon.colcon_core.package_identification:_identify(src/sd_msgs/sd_localization_msgs) by extensions ['ros']
[0.170s] Level 1:colcon.colcon_core.package_identification:_identify(src/sd_msgs/sd_localization_msgs) by extension 'ros'
[0.170s] DEBUG:colcon.colcon_core.package_identification:Package 'src/sd_msgs/sd_localization_msgs' with type 'ros.ament_cmake' and name 'sd_localization_msgs'
[0.170s] Level 1:colcon.colcon_core.package_identification:_identify(src/sd_msgs/sd_map_msgs) by extensions ['ignore', 'ignore_ament_install']
[0.170s] Level 1:colcon.colcon_core.package_identification:_identify(src/sd_msgs/sd_map_msgs) by extension 'ignore'
[0.170s] Level 1:colcon.colcon_core.package_identification:_identify(src/sd_msgs/sd_map_msgs) by extension 'ignore_ament_install'
[0.170s] Level 1:colcon.colcon_core.package_identification:_identify(src/sd_msgs/sd_map_msgs) by extensions ['colcon_pkg']
[0.170s] Level 1:colcon.colcon_core.package_identification:_identify(src/sd_msgs/sd_map_msgs) by extension 'colcon_pkg'
[0.170s] Level 1:colcon.colcon_core.package_identification:_identify(src/sd_msgs/sd_map_msgs) by extensions ['colcon_meta']
[0.170s] Level 1:colcon.colcon_core.package_identification:_identify(src/sd_msgs/sd_map_msgs) by extension 'colcon_meta'
[0.170s] Level 1:colcon.colcon_core.package_identification:_identify(src/sd_msgs/sd_map_msgs) by extensions ['ros']
[0.170s] Level 1:colcon.colcon_core.package_identification:_identify(src/sd_msgs/sd_map_msgs) by extension 'ros'
[0.171s] DEBUG:colcon.colcon_core.package_identification:Package 'src/sd_msgs/sd_map_msgs' with type 'ros.ament_cmake' and name 'sd_map_msgs'
[0.171s] Level 1:colcon.colcon_core.package_identification:_identify(src/sd_msgs/vectornav_msgs) by extensions ['ignore', 'ignore_ament_install']
[0.171s] Level 1:colcon.colcon_core.package_identification:_identify(src/sd_msgs/vectornav_msgs) by extension 'ignore'
[0.171s] Level 1:colcon.colcon_core.package_identification:_identify(src/sd_msgs/vectornav_msgs) by extension 'ignore_ament_install'
[0.171s] Level 1:colcon.colcon_core.package_identification:_identify(src/sd_msgs/vectornav_msgs) by extensions ['colcon_pkg']
[0.171s] Level 1:colcon.colcon_core.package_identification:_identify(src/sd_msgs/vectornav_msgs) by extension 'colcon_pkg'
[0.171s] Level 1:colcon.colcon_core.package_identification:_identify(src/sd_msgs/vectornav_msgs) by extensions ['colcon_meta']
[0.171s] Level 1:colcon.colcon_core.package_identification:_identify(src/sd_msgs/vectornav_msgs) by extension 'colcon_meta'
[0.171s] Level 1:colcon.colcon_core.package_identification:_identify(src/sd_msgs/vectornav_msgs) by extensions ['ros']
[0.171s] Level 1:colcon.colcon_core.package_identification:_identify(src/sd_msgs/vectornav_msgs) by extension 'ros'
[0.171s] DEBUG:colcon.colcon_core.package_identification:Package 'src/sd_msgs/vectornav_msgs' with type 'ros.ament_cmake' and name 'vectornav_msgs'
[0.171s] Level 1:colcon.colcon_core.package_discovery:discover_packages(recursive) using defaults
[0.171s] Level 1:colcon.colcon_core.package_discovery:discover_packages(ignore) discover
[0.171s] Level 1:colcon.colcon_core.package_discovery:discover_packages(ignore) using defaults
[0.171s] Level 1:colcon.colcon_core.package_discovery:discover_packages(path) discover
[0.171s] Level 1:colcon.colcon_core.package_discovery:discover_packages(path) using defaults
[0.182s] Level 1:colcon.colcon_core.package_discovery:discover_packages(prefix_path) check parameters
[0.182s] Level 1:colcon.colcon_core.package_discovery:discover_packages(prefix_path) discover
[0.183s] DEBUG:colcon.colcon_installed_package_information.package_discovery:Found 5 installed packages in /home/hamza/hackathon_ws/install
[0.183s] DEBUG:colcon.colcon_installed_package_information.package_discovery:Found 271 installed packages in /opt/ros/humble
[0.184s] Level 1:colcon.colcon_core.package_discovery:discover_packages(prefix_path) using defaults
[0.200s] Level 5:colcon.colcon_core.verb:set package 'sd_can_msgs' build argument 'cmake_args' from command line to 'None'
[0.200s] Level 5:colcon.colcon_core.verb:set package 'sd_can_msgs' build argument 'cmake_target' from command line to 'None'
[0.200s] Level 5:colcon.colcon_core.verb:set package 'sd_can_msgs' build argument 'cmake_target_skip_unavailable' from command line to 'False'
[0.200s] Level 5:colcon.colcon_core.verb:set package 'sd_can_msgs' build argument 'cmake_clean_cache' from command line to 'False'
[0.200s] Level 5:colcon.colcon_core.verb:set package 'sd_can_msgs' build argument 'cmake_clean_first' from command line to 'False'
[0.200s] Level 5:colcon.colcon_core.verb:set package 'sd_can_msgs' build argument 'cmake_force_configure' from command line to 'False'
[0.200s] Level 5:colcon.colcon_core.verb:set package 'sd_can_msgs' build argument 'ament_cmake_args' from command line to 'None'
[0.200s] Level 5:colcon.colcon_core.verb:set package 'sd_can_msgs' build argument 'catkin_cmake_args' from command line to 'None'
[0.200s] Level 5:colcon.colcon_core.verb:set package 'sd_can_msgs' build argument 'catkin_skip_building_tests' from command line to 'False'
[0.200s] DEBUG:colcon.colcon_core.verb:Building package 'sd_can_msgs' with the following arguments: {'ament_cmake_args': None, 'build_base': '/home/hamza/hackathon_ws/build/sd_can_msgs', 'catkin_cmake_args': None, 'catkin_skip_building_tests': False, 'cmake_args': None, 'cmake_clean_cache': False, 'cmake_clean_first': False, 'cmake_force_configure': False, 'cmake_target': None, 'cmake_target_skip_unavailable': False, 'install_base': '/home/hamza/hackathon_ws/install/sd_can_msgs', 'merge_install': False, 'path': '/home/hamza/hackathon_ws/src/sd_msgs/sd_can_msgs', 'symlink_install': False, 'test_result_base': None}
[0.200s] Level 5:colcon.colcon_core.verb:set package 'sd_map_msgs' build argument 'cmake_args' from command line to 'None'
[0.200s] Level 5:colcon.colcon_core.verb:set package 'sd_map_msgs' build argument 'cmake_target' from command line to 'None'
[0.200s] Level 5:colcon.colcon_core.verb:set package 'sd_map_msgs' build argument 'cmake_target_skip_unavailable' from command line to 'False'
[0.200s] Level 5:colcon.colcon_core.verb:set package 'sd_map_msgs' build argument 'cmake_clean_cache' from command line to 'False'
[0.200s] Level 5:colcon.colcon_core.verb:set package 'sd_map_msgs' build argument 'cmake_clean_first' from command line to 'False'
[0.200s] Level 5:colcon.colcon_core.verb:set package 'sd_map_msgs' build argument 'cmake_force_configure' from command line to 'False'
[0.200s] Level 5:colcon.colcon_core.verb:set package 'sd_map_msgs' build argument 'ament_cmake_args' from command line to 'None'
[0.200s] Level 5:colcon.colcon_core.verb:set package 'sd_map_msgs' build argument 'catkin_cmake_args' from command line to 'None'
[0.200s] Level 5:colcon.colcon_core.verb:set package 'sd_map_msgs' build argument 'catkin_skip_building_tests' from command line to 'False'
[0.200s] DEBUG:colcon.colcon_core.verb:Building package 'sd_map_msgs' with the following arguments: {'ament_cmake_args': None, 'build_base': '/home/hamza/hackathon_ws/build/sd_map_msgs', 'catkin_cmake_args': None, 'catkin_skip_building_tests': False, 'cmake_args': None, 'cmake_clean_cache': False, 'cmake_clean_first': False, 'cmake_force_configure': False, 'cmake_target': None, 'cmake_target_skip_unavailable': False, 'install_base': '/home/hamza/hackathon_ws/install/sd_map_msgs', 'merge_install': False, 'path': '/home/hamza/hackathon_ws/src/sd_msgs/sd_map_msgs', 'symlink_install': False, 'test_result_base': None}
[0.200s] Level 5:colcon.colcon_core.verb:set package 'vectornav_msgs' build argument 'cmake_args' from command line to 'None'
[0.200s] Level 5:colcon.colcon_core.verb:set package 'vectornav_msgs' build argument 'cmake_target' from command line to 'None'
[0.200s] Level 5:colcon.colcon_core.verb:set package 'vectornav_msgs' build argument 'cmake_target_skip_unavailable' from command line to 'False'
[0.200s] Level 5:colcon.colcon_core.verb:set package 'vectornav_msgs' build argument 'cmake_clean_cache' from command line to 'False'
[0.200s] Level 5:colcon.colcon_core.verb:set package 'vectornav_msgs' build argument 'cmake_clean_first' from command line to 'False'
[0.200s] Level 5:colcon.colcon_core.verb:set package 'vectornav_msgs' build argument 'cmake_force_configure' from command line to 'False'
[0.200s] Level 5:colcon.colcon_core.verb:set package 'vectornav_msgs' build argument 'ament_cmake_args' from command line to 'None'
[0.200s] Level 5:colcon.colcon_core.verb:set package 'vectornav_msgs' build argument 'catkin_cmake_args' from command line to 'None'
[0.200s] Level 5:colcon.colcon_core.verb:set package 'vectornav_msgs' build argument 'catkin_skip_building_tests' from command line to 'False'
[0.200s] DEBUG:colcon.colcon_core.verb:Building package 'vectornav_msgs' with the following arguments: {'ament_cmake_args': None, 'build_base': '/home/hamza/hackathon_ws/build/vectornav_msgs', 'catkin_cmake_args': None, 'catkin_skip_building_tests': False, 'cmake_args': None, 'cmake_clean_cache': False, 'cmake_clean_first': False, 'cmake_force_configure': False, 'cmake_target': None, 'cmake_target_skip_unavailable': False, 'install_base': '/home/hamza/hackathon_ws/install/vectornav_msgs', 'merge_install': False, 'path': '/home/hamza/hackathon_ws/src/sd_msgs/vectornav_msgs', 'symlink_install': False, 'test_result_base': None}
[0.201s] Level 5:colcon.colcon_core.verb:set package 'sd_localization_msgs' build argument 'cmake_args' from command line to 'None'
[0.201s] Level 5:colcon.colcon_core.verb:set package 'sd_localization_msgs' build argument 'cmake_target' from command line to 'None'
[0.201s] Level 5:colcon.colcon_core.verb:set package 'sd_localization_msgs' build argument 'cmake_target_skip_unavailable' from command line to 'False'
[0.201s] Level 5:colcon.colcon_core.verb:set package 'sd_localization_msgs' build argument 'cmake_clean_cache' from command line to 'False'
[0.201s] Level 5:colcon.colcon_core.verb:set package 'sd_localization_msgs' build argument 'cmake_clean_first' from command line to 'False'
[0.201s] Level 5:colcon.colcon_core.verb:set package 'sd_localization_msgs' build argument 'cmake_force_configure' from command line to 'False'
[0.201s] Level 5:colcon.colcon_core.verb:set package 'sd_localization_msgs' build argument 'ament_cmake_args' from command line to 'None'
[0.201s] Level 5:colcon.colcon_core.verb:set package 'sd_localization_msgs' build argument 'catkin_cmake_args' from command line to 'None'
[0.201s] Level 5:colcon.colcon_core.verb:set package 'sd_localization_msgs' build argument 'catkin_skip_building_tests' from command line to 'False'
[0.201s] DEBUG:colcon.colcon_core.verb:Building package 'sd_localization_msgs' with the following arguments: {'ament_cmake_args': None, 'build_base': '/home/hamza/hackathon_ws/build/sd_localization_msgs', 'catkin_cmake_args': None, 'catkin_skip_building_tests': False, 'cmake_args': None, 'cmake_clean_cache': False, 'cmake_clean_first': False, 'cmake_force_configure': False, 'cmake_target': None, 'cmake_target_skip_unavailable': False, 'install_base': '/home/hamza/hackathon_ws/install/sd_localization_msgs', 'merge_install': False, 'path': '/home/hamza/hackathon_ws/src/sd_msgs/sd_localization_msgs', 'symlink_install': False, 'test_result_base': None}
[0.201s] Level 5:colcon.colcon_core.verb:set package 'racing_analyzer' build argument 'cmake_args' from command line to 'None'
[0.201s] Level 5:colcon.colcon_core.verb:set package 'racing_analyzer' build argument 'cmake_target' from command line to 'None'
[0.201s] Level 5:colcon.colcon_core.verb:set package 'racing_analyzer' build argument 'cmake_target_skip_unavailable' from command line to 'False'
[0.201s] Level 5:colcon.colcon_core.verb:set package 'racing_analyzer' build argument 'cmake_clean_cache' from command line to 'False'
[0.201s] Level 5:colcon.colcon_core.verb:set package 'racing_analyzer' build argument 'cmake_clean_first' from command line to 'False'
[0.201s] Level 5:colcon.colcon_core.verb:set package 'racing_analyzer' build argument 'cmake_force_configure' from command line to 'False'
[0.201s] Level 5:colcon.colcon_core.verb:set package 'racing_analyzer' build argument 'ament_cmake_args' from command line to 'None'
[0.201s] Level 5:colcon.colcon_core.verb:set package 'racing_analyzer' build argument 'catkin_cmake_args' from command line to 'None'
[0.201s] Level 5:colcon.colcon_core.verb:set package 'racing_analyzer' build argument 'catkin_skip_building_tests' from command line to 'False'
[0.201s] DEBUG:colcon.colcon_core.verb:Building package 'racing_analyzer' with the following arguments: {'ament_cmake_args': None, 'build_base': '/home/hamza/hackathon_ws/build/racing_analyzer', 'catkin_cmake_args': None, 'catkin_skip_building_tests': False, 'cmake_args': None, 'cmake_clean_cache': False, 'cmake_clean_first': False, 'cmake_force_configure': False, 'cmake_target': None, 'cmake_target_skip_unavailable': False, 'install_base': '/home/hamza/hackathon_ws/install/racing_analyzer', 'merge_install': False, 'path': '/home/hamza/hackathon_ws/src/racing_analyzer', 'symlink_install': False, 'test_result_base': None}
[0.201s] INFO:colcon.colcon_core.executor:Executing jobs using 'parallel' executor
[0.202s] DEBUG:colcon.colcon_parallel_executor.executor.parallel:run_until_complete
[0.202s] INFO:colcon.colcon_ros.task.ament_cmake.build:Building ROS package in '/home/hamza/hackathon_ws/src/sd_msgs/sd_map_msgs' with build type 'ament_cmake'
[0.202s] INFO:colcon.colcon_cmake.task.cmake.build:Building CMake package in '/home/hamza/hackathon_ws/src/sd_msgs/sd_map_msgs'
[0.203s] INFO:colcon.colcon_core.plugin_system:Skipping extension 'colcon_core.shell.bat': Not used on non-Windows systems
[0.203s] INFO:colcon.colcon_core.shell:Skip shell extension 'powershell' for command environment: Not usable outside of PowerShell
[0.203s] DEBUG:colcon.colcon_core.shell:Skip shell extension 'dsv' for command environment
[0.205s] INFO:colcon.colcon_ros.task.ament_cmake.build:Building ROS package in '/home/hamza/hackathon_ws/src/sd_msgs/sd_can_msgs' with build type 'ament_cmake'
[0.205s] INFO:colcon.colcon_cmake.task.cmake.build:Building CMake package in '/home/hamza/hackathon_ws/src/sd_msgs/sd_can_msgs'
[0.205s] INFO:colcon.colcon_core.shell:Skip shell extension 'powershell' for command environment: Not usable outside of PowerShell
[0.205s] DEBUG:colcon.colcon_core.shell:Skip shell extension 'dsv' for command environment
[0.206s] INFO:colcon.colcon_ros.task.ament_cmake.build:Building ROS package in '/home/hamza/hackathon_ws/src/sd_msgs/vectornav_msgs' with build type 'ament_cmake'
[0.207s] INFO:colcon.colcon_cmake.task.cmake.build:Building CMake package in '/home/hamza/hackathon_ws/src/sd_msgs/vectornav_msgs'
[0.207s] INFO:colcon.colcon_core.shell:Skip shell extension 'powershell' for command environment: Not usable outside of PowerShell
[0.207s] DEBUG:colcon.colcon_core.shell:Skip shell extension 'dsv' for command environment
[0.211s] DEBUG:colcon.colcon_core.event_handler.log_command:Invoking command in '/home/hamza/hackathon_ws/build/sd_map_msgs': CMAKE_PREFIX_PATH=${CMAKE_PREFIX_PATH}:/home/hamza/hackathon_ws/install/racing_analyzer:/opt/ros/humble /usr/bin/cmake --build /home/hamza/hackathon_ws/build/sd_map_msgs -- -j20 -l20
[0.212s] DEBUG:colcon.colcon_core.event_handler.log_command:Invoking command in '/home/hamza/hackathon_ws/build/sd_can_msgs': CMAKE_PREFIX_PATH=${CMAKE_PREFIX_PATH}:/home/hamza/hackathon_ws/install/racing_analyzer:/opt/ros/humble /usr/bin/cmake --build /home/hamza/hackathon_ws/build/sd_can_msgs -- -j20 -l20
[0.214s] DEBUG:colcon.colcon_core.event_handler.log_command:Invoking command in '/home/hamza/hackathon_ws/build/vectornav_msgs': CMAKE_PREFIX_PATH=${CMAKE_PREFIX_PATH}:/home/hamza/hackathon_ws/install/racing_analyzer:/opt/ros/humble /usr/bin/cmake --build /home/hamza/hackathon_ws/build/vectornav_msgs -- -j20 -l20
[0.420s] DEBUG:colcon.colcon_core.event_handler.log_command:Invoked command in '/home/hamza/hackathon_ws/build/sd_map_msgs' returned '0': CMAKE_PREFIX_PATH=${CMAKE_PREFIX_PATH}:/home/hamza/hackathon_ws/install/racing_analyzer:/opt/ros/humble /usr/bin/cmake --build /home/hamza/hackathon_ws/build/sd_map_msgs -- -j20 -l20
[0.426s] DEBUG:colcon.colcon_core.event_handler.log_command:Invoking command in '/home/hamza/hackathon_ws/build/sd_map_msgs': CMAKE_PREFIX_PATH=${CMAKE_PREFIX_PATH}:/home/hamza/hackathon_ws/install/racing_analyzer:/opt/ros/humble /usr/bin/cmake --install /home/hamza/hackathon_ws/build/sd_map_msgs
[0.426s] DEBUG:colcon.colcon_core.event_handler.log_command:Invoked command in '/home/hamza/hackathon_ws/build/vectornav_msgs' returned '0': CMAKE_PREFIX_PATH=${CMAKE_PREFIX_PATH}:/home/hamza/hackathon_ws/install/racing_analyzer:/opt/ros/humble /usr/bin/cmake --build /home/hamza/hackathon_ws/build/vectornav_msgs -- -j20 -l20
[0.428s] DEBUG:colcon.colcon_core.event_handler.log_command:Invoking command in '/home/hamza/hackathon_ws/build/vectornav_msgs': CMAKE_PREFIX_PATH=${CMAKE_PREFIX_PATH}:/home/hamza/hackathon_ws/install/racing_analyzer:/opt/ros/humble /usr/bin/cmake --install /home/hamza/hackathon_ws/build/vectornav_msgs
[0.463s] DEBUG:colcon.colcon_core.event_handler.log_command:Invoked command in '/home/hamza/hackathon_ws/build/sd_can_msgs' returned '0': CMAKE_PREFIX_PATH=${CMAKE_PREFIX_PATH}:/home/hamza/hackathon_ws/install/racing_analyzer:/opt/ros/humble /usr/bin/cmake --build /home/hamza/hackathon_ws/build/sd_can_msgs -- -j20 -l20
[0.465s] DEBUG:colcon.colcon_core.event_handler.log_command:Invoking command in '/home/hamza/hackathon_ws/build/sd_can_msgs': CMAKE_PREFIX_PATH=${CMAKE_PREFIX_PATH}:/home/hamza/hackathon_ws/install/racing_analyzer:/opt/ros/humble /usr/bin/cmake --install /home/hamza/hackathon_ws/build/sd_can_msgs
[0.469s] Level 1:colcon.colcon_core.environment:create_environment_scripts_only(sd_map_msgs)
[0.469s] DEBUG:colcon.colcon_core.event_handler.log_command:Invoked command in '/home/hamza/hackathon_ws/build/sd_map_msgs' returned '0': CMAKE_PREFIX_PATH=${CMAKE_PREFIX_PATH}:/home/hamza/hackathon_ws/install/racing_analyzer:/opt/ros/humble /usr/bin/cmake --install /home/hamza/hackathon_ws/build/sd_map_msgs
[0.471s] Level 1:colcon.colcon_core.environment:checking '/home/hamza/hackathon_ws/install/sd_map_msgs' for CMake module files
[0.475s] Level 1:colcon.colcon_core.environment:checking '/home/hamza/hackathon_ws/install/sd_map_msgs' for CMake config files
[0.487s] Level 1:colcon.colcon_core.shell:create_environment_hook('sd_map_msgs', 'cmake_prefix_path')
[0.487s] INFO:colcon.colcon_core.shell:Creating environment hook '/home/hamza/hackathon_ws/install/sd_map_msgs/share/sd_map_msgs/hook/cmake_prefix_path.ps1'
[0.488s] INFO:colcon.colcon_core.shell:Creating environment descriptor '/home/hamza/hackathon_ws/install/sd_map_msgs/share/sd_map_msgs/hook/cmake_prefix_path.dsv'
[0.489s] INFO:colcon.colcon_core.shell:Creating environment hook '/home/hamza/hackathon_ws/install/sd_map_msgs/share/sd_map_msgs/hook/cmake_prefix_path.sh'
[0.490s] Level 1:colcon.colcon_core.environment:checking '/home/hamza/hackathon_ws/install/sd_map_msgs/lib'
[0.491s] Level 1:colcon.colcon_core.shell:create_environment_hook('sd_map_msgs', 'ld_library_path_lib')
[0.491s] INFO:colcon.colcon_core.shell:Creating environment hook '/home/hamza/hackathon_ws/install/sd_map_msgs/share/sd_map_msgs/hook/ld_library_path_lib.ps1'
[0.492s] INFO:colcon.colcon_core.shell:Creating environment descriptor '/home/hamza/hackathon_ws/install/sd_map_msgs/share/sd_map_msgs/hook/ld_library_path_lib.dsv'
[0.493s] INFO:colcon.colcon_core.shell:Creating environment hook '/home/hamza/hackathon_ws/install/sd_map_msgs/share/sd_map_msgs/hook/ld_library_path_lib.sh'
[0.494s] Level 1:colcon.colcon_core.environment:checking '/home/hamza/hackathon_ws/install/sd_map_msgs/bin'
[0.494s] Level 1:colcon.colcon_core.environment:checking '/home/hamza/hackathon_ws/install/sd_map_msgs/lib/pkgconfig/sd_map_msgs.pc'
[0.494s] Level 1:colcon.colcon_core.environment:checking '/home/hamza/hackathon_ws/install/sd_map_msgs/lib/python3.10/site-packages'
[0.494s] Level 1:colcon.colcon_core.environment:checking '/home/hamza/hackathon_ws/install/sd_map_msgs/bin'
[0.494s] INFO:colcon.colcon_core.shell:Creating package script '/home/hamza/hackathon_ws/install/sd_map_msgs/share/sd_map_msgs/package.ps1'
[0.496s] INFO:colcon.colcon_core.shell:Creating package descriptor '/home/hamza/hackathon_ws/install/sd_map_msgs/share/sd_map_msgs/package.dsv'
[0.497s] INFO:colcon.colcon_core.shell:Creating package script '/home/hamza/hackathon_ws/install/sd_map_msgs/share/sd_map_msgs/package.sh'
[0.498s] INFO:colcon.colcon_core.shell:Creating package script '/home/hamza/hackathon_ws/install/sd_map_msgs/share/sd_map_msgs/package.bash'
[0.499s] INFO:colcon.colcon_core.shell:Creating package script '/home/hamza/hackathon_ws/install/sd_map_msgs/share/sd_map_msgs/package.zsh'
[0.501s] Level 1:colcon.colcon_core.environment:create_file_with_runtime_dependencies(/home/hamza/hackathon_ws/install/sd_map_msgs/share/colcon-core/packages/sd_map_msgs)
[0.503s] Level 1:colcon.colcon_core.environment:create_environment_scripts_only(sd_map_msgs)
[0.503s] Level 1:colcon.colcon_core.environment:checking '/home/hamza/hackathon_ws/install/sd_map_msgs' for CMake module files
[0.503s] Level 1:colcon.colcon_core.environment:checking '/home/hamza/hackathon_ws/install/sd_map_msgs' for CMake config files
[0.505s] Level 1:colcon.colcon_core.shell:create_environment_hook('sd_map_msgs', 'cmake_prefix_path')
[0.505s] INFO:colcon.colcon_core.shell:Creating environment hook '/home/hamza/hackathon_ws/install/sd_map_msgs/share/sd_map_msgs/hook/cmake_prefix_path.ps1'
[0.506s] INFO:colcon.colcon_core.shell:Creating environment descriptor '/home/hamza/hackathon_ws/install/sd_map_msgs/share/sd_map_msgs/hook/cmake_prefix_path.dsv'
[0.507s] INFO:colcon.colcon_core.shell:Creating environment hook '/home/hamza/hackathon_ws/install/sd_map_msgs/share/sd_map_msgs/hook/cmake_prefix_path.sh'
[0.507s] Level 1:colcon.colcon_core.environment:checking '/home/hamza/hackathon_ws/install/sd_map_msgs/lib'
[0.507s] Level 1:colcon.colcon_core.shell:create_environment_hook('sd_map_msgs', 'ld_library_path_lib')
[0.507s] INFO:colcon.colcon_core.shell:Creating environment hook '/home/hamza/hackathon_ws/install/sd_map_msgs/share/sd_map_msgs/hook/ld_library_path_lib.ps1'
[0.508s] INFO:colcon.colcon_core.shell:Creating environment descriptor '/home/hamza/hackathon_ws/install/sd_map_msgs/share/sd_map_msgs/hook/ld_library_path_lib.dsv'
[0.508s] INFO:colcon.colcon_core.shell:Creating environment hook '/home/hamza/hackathon_ws/install/sd_map_msgs/share/sd_map_msgs/hook/ld_library_path_lib.sh'
[0.509s] Level 1:colcon.colcon_core.environment:checking '/home/hamza/hackathon_ws/install/sd_map_msgs/bin'
[0.509s] Level 1:colcon.colcon_core.environment:checking '/home/hamza/hackathon_ws/install/sd_map_msgs/lib/pkgconfig/sd_map_msgs.pc'
[0.509s] Level 1:colcon.colcon_core.environment:checking '/home/hamza/hackathon_ws/install/sd_map_msgs/lib/python3.10/site-packages'
[0.509s] Level 1:colcon.colcon_core.environment:checking '/home/hamza/hackathon_ws/install/sd_map_msgs/bin'
[0.509s] INFO:colcon.colcon_core.shell:Creating package script '/home/hamza/hackathon_ws/install/sd_map_msgs/share/sd_map_msgs/package.ps1'
[0.510s] INFO:colcon.colcon_core.shell:Creating package descriptor '/home/hamza/hackathon_ws/install/sd_map_msgs/share/sd_map_msgs/package.dsv'
[0.511s] INFO:colcon.colcon_core.shell:Creating package script '/home/hamza/hackathon_ws/install/sd_map_msgs/share/sd_map_msgs/package.sh'
[0.512s] INFO:colcon.colcon_core.shell:Creating package script '/home/hamza/hackathon_ws/install/sd_map_msgs/share/sd_map_msgs/package.bash'
[0.513s] INFO:colcon.colcon_core.shell:Creating package script '/home/hamza/hackathon_ws/install/sd_map_msgs/share/sd_map_msgs/package.zsh'
[0.514s] Level 1:colcon.colcon_core.environment:create_file_with_runtime_dependencies(/home/hamza/hackathon_ws/install/sd_map_msgs/share/colcon-core/packages/sd_map_msgs)
[0.514s] Level 1:colcon.colcon_core.environment:create_environment_scripts_only(vectornav_msgs)
[0.514s] Level 1:colcon.colcon_core.environment:checking '/home/hamza/hackathon_ws/install/vectornav_msgs' for CMake module files
[0.515s] DEBUG:colcon.colcon_core.event_handler.log_command:Invoked command in '/home/hamza/hackathon_ws/build/vectornav_msgs' returned '0': CMAKE_PREFIX_PATH=${CMAKE_PREFIX_PATH}:/home/hamza/hackathon_ws/install/racing_analyzer:/opt/ros/humble /usr/bin/cmake --install /home/hamza/hackathon_ws/build/vectornav_msgs
[0.515s] Level 1:colcon.colcon_core.environment:checking '/home/hamza/hackathon_ws/install/vectornav_msgs' for CMake config files
[0.515s] Level 1:colcon.colcon_core.shell:create_environment_hook('vectornav_msgs', 'cmake_prefix_path')
[0.516s] INFO:colcon.colcon_core.shell:Creating environment hook '/home/hamza/hackathon_ws/install/vectornav_msgs/share/vectornav_msgs/hook/cmake_prefix_path.ps1'
[0.516s] INFO:colcon.colcon_core.shell:Creating environment descriptor '/home/hamza/hackathon_ws/install/vectornav_msgs/share/vectornav_msgs/hook/cmake_prefix_path.dsv'
[0.517s] INFO:colcon.colcon_core.shell:Creating environment hook '/home/hamza/hackathon_ws/install/vectornav_msgs/share/vectornav_msgs/hook/cmake_prefix_path.sh'
[0.518s] Level 1:colcon.colcon_core.environment:checking '/home/hamza/hackathon_ws/install/vectornav_msgs/lib'
[0.518s] Level 1:colcon.colcon_core.shell:create_environment_hook('vectornav_msgs', 'ld_library_path_lib')
[0.518s] INFO:colcon.colcon_core.shell:Creating environment hook '/home/hamza/hackathon_ws/install/vectornav_msgs/share/vectornav_msgs/hook/ld_library_path_lib.ps1'
[0.519s] INFO:colcon.colcon_core.shell:Creating environment descriptor '/home/hamza/hackathon_ws/install/vectornav_msgs/share/vectornav_msgs/hook/ld_library_path_lib.dsv'
[0.521s] INFO:colcon.colcon_core.shell:Creating environment hook '/home/hamza/hackathon_ws/install/vectornav_msgs/share/vectornav_msgs/hook/ld_library_path_lib.sh'
[0.522s] Level 1:colcon.colcon_core.environment:checking '/home/hamza/hackathon_ws/install/vectornav_msgs/bin'
[0.522s] Level 1:colcon.colcon_core.environment:checking '/home/hamza/hackathon_ws/install/vectornav_msgs/lib/pkgconfig/vectornav_msgs.pc'
[0.523s] Level 1:colcon.colcon_core.environment:checking '/home/hamza/hackathon_ws/install/vectornav_msgs/lib/python3.10/site-packages'
[0.523s] Level 1:colcon.colcon_core.environment:checking '/home/hamza/hackathon_ws/install/vectornav_msgs/bin'
[0.524s] INFO:colcon.colcon_core.shell:Creating package script '/home/hamza/hackathon_ws/install/vectornav_msgs/share/vectornav_msgs/package.ps1'
[0.525s] INFO:colcon.colcon_core.shell:Creating package descriptor '/home/hamza/hackathon_ws/install/vectornav_msgs/share/vectornav_msgs/package.dsv'
[0.526s] INFO:colcon.colcon_core.shell:Creating package script '/home/hamza/hackathon_ws/install/vectornav_msgs/share/vectornav_msgs/package.sh'
[0.528s] INFO:colcon.colcon_core.shell:Creating package script '/home/hamza/hackathon_ws/install/vectornav_msgs/share/vectornav_msgs/package.bash'
[0.529s] INFO:colcon.colcon_core.shell:Creating package script '/home/hamza/hackathon_ws/install/vectornav_msgs/share/vectornav_msgs/package.zsh'
[0.530s] Level 1:colcon.colcon_core.environment:create_file_with_runtime_dependencies(/home/hamza/hackathon_ws/install/vectornav_msgs/share/colcon-core/packages/vectornav_msgs)
[0.531s] Level 1:colcon.colcon_core.environment:create_environment_scripts_only(vectornav_msgs)
[0.532s] Level 1:colcon.colcon_core.environment:checking '/home/hamza/hackathon_ws/install/vectornav_msgs' for CMake module files
[0.534s] Level 1:colcon.colcon_core.environment:checking '/home/hamza/hackathon_ws/install/vectornav_msgs' for CMake config files
[0.535s] Level 1:colcon.colcon_core.shell:create_environment_hook('vectornav_msgs', 'cmake_prefix_path')
[0.535s] INFO:colcon.colcon_core.shell:Creating environment hook '/home/hamza/hackathon_ws/install/vectornav_msgs/share/vectornav_msgs/hook/cmake_prefix_path.ps1'
[0.536s] INFO:colcon.colcon_core.shell:Creating environment descriptor '/home/hamza/hackathon_ws/install/vectornav_msgs/share/vectornav_msgs/hook/cmake_prefix_path.dsv'
[0.536s] INFO:colcon.colcon_core.shell:Creating environment hook '/home/hamza/hackathon_ws/install/vectornav_msgs/share/vectornav_msgs/hook/cmake_prefix_path.sh'
[0.536s] Level 1:colcon.colcon_core.environment:checking '/home/hamza/hackathon_ws/install/vectornav_msgs/lib'
[0.536s] Level 1:colcon.colcon_core.shell:create_environment_hook('vectornav_msgs', 'ld_library_path_lib')
[0.537s] INFO:colcon.colcon_core.shell:Creating environment hook '/home/hamza/hackathon_ws/install/vectornav_msgs/share/vectornav_msgs/hook/ld_library_path_lib.ps1'
[0.537s] INFO:colcon.colcon_core.shell:Creating environment descriptor '/home/hamza/hackathon_ws/install/vectornav_msgs/share/vectornav_msgs/hook/ld_library_path_lib.dsv'
[0.537s] INFO:colcon.colcon_core.shell:Creating environment hook '/home/hamza/hackathon_ws/install/vectornav_msgs/share/vectornav_msgs/hook/ld_library_path_lib.sh'
[0.537s] Level 1:colcon.colcon_core.environment:checking '/home/hamza/hackathon_ws/install/vectornav_msgs/bin'
[0.538s] Level 1:colcon.colcon_core.environment:checking '/home/hamza/hackathon_ws/install/vectornav_msgs/lib/pkgconfig/vectornav_msgs.pc'
[0.538s] Level 1:colcon.colcon_core.environment:checking '/home/hamza/hackathon_ws/install/vectornav_msgs/lib/python3.10/site-packages'
[0.538s] Level 1:colcon.colcon_core.environment:checking '/home/hamza/hackathon_ws/install/vectornav_msgs/bin'
[0.538s] INFO:colcon.colcon_core.shell:Creating package script '/home/hamza/hackathon_ws/install/vectornav_msgs/share/vectornav_msgs/package.ps1'
[0.539s] INFO:colcon.colcon_core.shell:Creating package descriptor '/home/hamza/hackathon_ws/install/vectornav_msgs/share/vectornav_msgs/package.dsv'
[0.539s] INFO:colcon.colcon_core.shell:Creating package script '/home/hamza/hackathon_ws/install/vectornav_msgs/share/vectornav_msgs/package.sh'
[0.540s] INFO:colcon.colcon_core.shell:Creating package script '/home/hamza/hackathon_ws/install/vectornav_msgs/share/vectornav_msgs/package.bash'
[0.540s] INFO:colcon.colcon_core.shell:Creating package script '/home/hamza/hackathon_ws/install/vectornav_msgs/share/vectornav_msgs/package.zsh'
[0.540s] Level 1:colcon.colcon_core.environment:create_file_with_runtime_dependencies(/home/hamza/hackathon_ws/install/vectornav_msgs/share/colcon-core/packages/vectornav_msgs)
[0.541s] INFO:colcon.colcon_ros.task.ament_cmake.build:Building ROS package in '/home/hamza/hackathon_ws/src/sd_msgs/sd_localization_msgs' with build type 'ament_cmake'
[0.541s] INFO:colcon.colcon_cmake.task.cmake.build:Building CMake package in '/home/hamza/hackathon_ws/src/sd_msgs/sd_localization_msgs'
[0.541s] INFO:colcon.colcon_core.shell:Skip shell extension 'powershell' for command environment: Not usable outside of PowerShell
[0.541s] DEBUG:colcon.colcon_core.shell:Skip shell extension 'dsv' for command environment
[0.549s] DEBUG:colcon.colcon_core.event_handler.log_command:Invoking command in '/home/hamza/hackathon_ws/build/sd_localization_msgs': CMAKE_PREFIX_PATH=/home/hamza/hackathon_ws/install/sd_map_msgs:/home/hamza/hackathon_ws/install/vectornav_msgs:/home/hamza/hackathon_ws/install/sd_localization_msgs:/home/hamza/hackathon_ws/install/sd_can_msgs:/home/hamza/hackathon_ws/install/racing_analyzer:/opt/ros/humble LD_LIBRARY_PATH=/home/hamza/hackathon_ws/install/sd_map_msgs/lib:/home/hamza/hackathon_ws/install/vectornav_msgs/lib:/home/hamza/hackathon_ws/install/sd_localization_msgs/lib:/home/hamza/hackathon_ws/install/sd_can_msgs/lib:/opt/ros/humble/opt/rviz_ogre_vendor/lib:/opt/ros/humble/lib/x86_64-linux-gnu:/opt/ros/humble/lib /usr/bin/cmake --build /home/hamza/hackathon_ws/build/sd_localization_msgs -- -j20 -l20
[0.567s] Level 1:colcon.colcon_core.environment:create_environment_scripts_only(sd_can_msgs)
[0.567s] DEBUG:colcon.colcon_core.event_handler.log_command:Invoked command in '/home/hamza/hackathon_ws/build/sd_can_msgs' returned '0': CMAKE_PREFIX_PATH=${CMAKE_PREFIX_PATH}:/home/hamza/hackathon_ws/install/racing_analyzer:/opt/ros/humble /usr/bin/cmake --install /home/hamza/hackathon_ws/build/sd_can_msgs
[0.567s] Level 1:colcon.colcon_core.environment:checking '/home/hamza/hackathon_ws/install/sd_can_msgs' for CMake module files
[0.567s] Level 1:colcon.colcon_core.environment:checking '/home/hamza/hackathon_ws/install/sd_can_msgs' for CMake config files
[0.569s] Level 1:colcon.colcon_core.shell:create_environment_hook('sd_can_msgs', 'cmake_prefix_path')
[0.569s] INFO:colcon.colcon_core.shell:Creating environment hook '/home/hamza/hackathon_ws/install/sd_can_msgs/share/sd_can_msgs/hook/cmake_prefix_path.ps1'
[0.569s] INFO:colcon.colcon_core.shell:Creating environment descriptor '/home/hamza/hackathon_ws/install/sd_can_msgs/share/sd_can_msgs/hook/cmake_prefix_path.dsv'
[0.569s] INFO:colcon.colcon_core.shell:Creating environment hook '/home/hamza/hackathon_ws/install/sd_can_msgs/share/sd_can_msgs/hook/cmake_prefix_path.sh'
[0.570s] Level 1:colcon.colcon_core.environment:checking '/home/hamza/hackathon_ws/install/sd_can_msgs/lib'
[0.570s] Level 1:colcon.colcon_core.shell:create_environment_hook('sd_can_msgs', 'ld_library_path_lib')
[0.570s] INFO:colcon.colcon_core.shell:Creating environment hook '/home/hamza/hackathon_ws/install/sd_can_msgs/share/sd_can_msgs/hook/ld_library_path_lib.ps1'
[0.570s] INFO:colcon.colcon_core.shell:Creating environment descriptor '/home/hamza/hackathon_ws/install/sd_can_msgs/share/sd_can_msgs/hook/ld_library_path_lib.dsv'
[0.570s] INFO:colcon.colcon_core.shell:Creating environment hook '/home/hamza/hackathon_ws/install/sd_can_msgs/share/sd_can_msgs/hook/ld_library_path_lib.sh'
[0.570s] Level 1:colcon.colcon_core.environment:checking '/home/hamza/hackathon_ws/install/sd_can_msgs/bin'
[0.570s] Level 1:colcon.colcon_core.environment:checking '/home/hamza/hackathon_ws/install/sd_can_msgs/lib/pkgconfig/sd_can_msgs.pc'
[0.570s] Level 1:colcon.colcon_core.environment:checking '/home/hamza/hackathon_ws/install/sd_can_msgs/lib/python3.10/site-packages'
[0.570s] Level 1:colcon.colcon_core.environment:checking '/home/hamza/hackathon_ws/install/sd_can_msgs/bin'
[0.571s] INFO:colcon.colcon_core.shell:Creating package script '/home/hamza/hackathon_ws/install/sd_can_msgs/share/sd_can_msgs/package.ps1'
[0.571s] INFO:colcon.colcon_core.shell:Creating package descriptor '/home/hamza/hackathon_ws/install/sd_can_msgs/share/sd_can_msgs/package.dsv'
[0.571s] INFO:colcon.colcon_core.shell:Creating package script '/home/hamza/hackathon_ws/install/sd_can_msgs/share/sd_can_msgs/package.sh'
[0.571s] INFO:colcon.colcon_core.shell:Creating package script '/home/hamza/hackathon_ws/install/sd_can_msgs/share/sd_can_msgs/package.bash'
[0.571s] INFO:colcon.colcon_core.shell:Creating package script '/home/hamza/hackathon_ws/install/sd_can_msgs/share/sd_can_msgs/package.zsh'
[0.572s] Level 1:colcon.colcon_core.environment:create_file_with_runtime_dependencies(/home/hamza/hackathon_ws/install/sd_can_msgs/share/colcon-core/packages/sd_can_msgs)
[0.572s] Level 1:colcon.colcon_core.environment:create_environment_scripts_only(sd_can_msgs)
[0.572s] Level 1:colcon.colcon_core.environment:checking '/home/hamza/hackathon_ws/install/sd_can_msgs' for CMake module files
[0.572s] Level 1:colcon.colcon_core.environment:checking '/home/hamza/hackathon_ws/install/sd_can_msgs' for CMake config files
[0.573s] Level 1:colcon.colcon_core.shell:create_environment_hook('sd_can_msgs', 'cmake_prefix_path')
[0.574s] INFO:colcon.colcon_core.shell:Creating environment hook '/home/hamza/hackathon_ws/install/sd_can_msgs/share/sd_can_msgs/hook/cmake_prefix_path.ps1'
[0.574s] INFO:colcon.colcon_core.shell:Creating environment descriptor '/home/hamza/hackathon_ws/install/sd_can_msgs/share/sd_can_msgs/hook/cmake_prefix_path.dsv'
[0.574s] INFO:colcon.colcon_core.shell:Creating environment hook '/home/hamza/hackathon_ws/install/sd_can_msgs/share/sd_can_msgs/hook/cmake_prefix_path.sh'
[0.574s] Level 1:colcon.colcon_core.environment:checking '/home/hamza/hackathon_ws/install/sd_can_msgs/lib'
[0.574s] Level 1:colcon.colcon_core.shell:create_environment_hook('sd_can_msgs', 'ld_library_path_lib')
[0.574s] INFO:colcon.colcon_core.shell:Creating environment hook '/home/hamza/hackathon_ws/install/sd_can_msgs/share/sd_can_msgs/hook/ld_library_path_lib.ps1'
[0.574s] INFO:colcon.colcon_core.shell:Creating environment descriptor '/home/hamza/hackathon_ws/install/sd_can_msgs/share/sd_can_msgs/hook/ld_library_path_lib.dsv'
[0.575s] INFO:colcon.colcon_core.shell:Creating environment hook '/home/hamza/hackathon_ws/install/sd_can_msgs/share/sd_can_msgs/hook/ld_library_path_lib.sh'
[0.575s] Level 1:colcon.colcon_core.environment:checking '/home/hamza/hackathon_ws/install/sd_can_msgs/bin'
[0.575s] Level 1:colcon.colcon_core.environment:checking '/home/hamza/hackathon_ws/install/sd_can_msgs/lib/pkgconfig/sd_can_msgs.pc'
[0.575s] Level 1:colcon.colcon_core.environment:checking '/home/hamza/hackathon_ws/install/sd_can_msgs/lib/python3.10/site-packages'
[0.575s] Level 1:colcon.colcon_core.environment:checking '/home/hamza/hackathon_ws/install/sd_can_msgs/bin'
[0.575s] INFO:colcon.colcon_core.shell:Creating package script '/home/hamza/hackathon_ws/install/sd_can_msgs/share/sd_can_msgs/package.ps1'
[0.575s] INFO:colcon.colcon_core.shell:Creating package descriptor '/home/hamza/hackathon_ws/install/sd_can_msgs/share/sd_can_msgs/package.dsv'
[0.576s] INFO:colcon.colcon_core.shell:Creating package script '/home/hamza/hackathon_ws/install/sd_can_msgs/share/sd_can_msgs/package.sh'
[0.576s] INFO:colcon.colcon_core.shell:Creating package script '/home/hamza/hackathon_ws/install/sd_can_msgs/share/sd_can_msgs/package.bash'
[0.576s] INFO:colcon.colcon_core.shell:Creating package script '/home/hamza/hackathon_ws/install/sd_can_msgs/share/sd_can_msgs/package.zsh'
[0.576s] Level 1:colcon.colcon_core.environment:create_file_with_runtime_dependencies(/home/hamza/hackathon_ws/install/sd_can_msgs/share/colcon-core/packages/sd_can_msgs)
[0.747s] DEBUG:colcon.colcon_core.event_handler.log_command:Invoked command in '/home/hamza/hackathon_ws/build/sd_localization_msgs' returned '0': CMAKE_PREFIX_PATH=/home/hamza/hackathon_ws/install/sd_map_msgs:/home/hamza/hackathon_ws/install/vectornav_msgs:/home/hamza/hackathon_ws/install/sd_localization_msgs:/home/hamza/hackathon_ws/install/sd_can_msgs:/home/hamza/hackathon_ws/install/racing_analyzer:/opt/ros/humble LD_LIBRARY_PATH=/home/hamza/hackathon_ws/install/sd_map_msgs/lib:/home/hamza/hackathon_ws/install/vectornav_msgs/lib:/home/hamza/hackathon_ws/install/sd_localization_msgs/lib:/home/hamza/hackathon_ws/install/sd_can_msgs/lib:/opt/ros/humble/opt/rviz_ogre_vendor/lib:/opt/ros/humble/lib/x86_64-linux-gnu:/opt/ros/humble/lib /usr/bin/cmake --build /home/hamza/hackathon_ws/build/sd_localization_msgs -- -j20 -l20
[0.748s] DEBUG:colcon.colcon_core.event_handler.log_command:Invoking command in '/home/hamza/hackathon_ws/build/sd_localization_msgs': CMAKE_PREFIX_PATH=/home/hamza/hackathon_ws/install/sd_map_msgs:/home/hamza/hackathon_ws/install/vectornav_msgs:/home/hamza/hackathon_ws/install/sd_localization_msgs:/home/hamza/hackathon_ws/install/sd_can_msgs:/home/hamza/hackathon_ws/install/racing_analyzer:/opt/ros/humble LD_LIBRARY_PATH=/home/hamza/hackathon_ws/install/sd_map_msgs/lib:/home/hamza/hackathon_ws/install/vectornav_msgs/lib:/home/hamza/hackathon_ws/install/sd_localization_msgs/lib:/home/hamza/hackathon_ws/install/sd_can_msgs/lib:/opt/ros/humble/opt/rviz_ogre_vendor/lib:/opt/ros/humble/lib/x86_64-linux-gnu:/opt/ros/humble/lib /usr/bin/cmake --install /home/hamza/hackathon_ws/build/sd_localization_msgs
[0.786s] Level 1:colcon.colcon_core.environment:create_environment_scripts_only(sd_localization_msgs)
[0.787s] Level 1:colcon.colcon_core.environment:checking '/home/hamza/hackathon_ws/install/sd_localization_msgs' for CMake module files
[0.787s] DEBUG:colcon.colcon_core.event_handler.log_command:Invoked command in '/home/hamza/hackathon_ws/build/sd_localization_msgs' returned '0': CMAKE_PREFIX_PATH=/home/hamza/hackathon_ws/install/sd_map_msgs:/home/hamza/hackathon_ws/install/vectornav_msgs:/home/hamza/hackathon_ws/install/sd_localization_msgs:/home/hamza/hackathon_ws/install/sd_can_msgs:/home/hamza/hackathon_ws/install/racing_analyzer:/opt/ros/humble LD_LIBRARY_PATH=/home/hamza/hackathon_ws/install/sd_map_msgs/lib:/home/hamza/hackathon_ws/install/vectornav_msgs/lib:/home/hamza/hackathon_ws/install/sd_localization_msgs/lib:/home/hamza/hackathon_ws/install/sd_can_msgs/lib:/opt/ros/humble/opt/rviz_ogre_vendor/lib:/opt/ros/humble/lib/x86_64-linux-gnu:/opt/ros/humble/lib /usr/bin/cmake --install /home/hamza/hackathon_ws/build/sd_localization_msgs
[0.788s] Level 1:colcon.colcon_core.environment:checking '/home/hamza/hackathon_ws/install/sd_localization_msgs' for CMake config files
[0.788s] Level 1:colcon.colcon_core.shell:create_environment_hook('sd_localization_msgs', 'cmake_prefix_path')
[0.788s] INFO:colcon.colcon_core.shell:Creating environment hook '/home/hamza/hackathon_ws/install/sd_localization_msgs/share/sd_localization_msgs/hook/cmake_prefix_path.ps1'
[0.789s] INFO:colcon.colcon_core.shell:Creating environment descriptor '/home/hamza/hackathon_ws/install/sd_localization_msgs/share/sd_localization_msgs/hook/cmake_prefix_path.dsv'
[0.789s] INFO:colcon.colcon_core.shell:Creating environment hook '/home/hamza/hackathon_ws/install/sd_localization_msgs/share/sd_localization_msgs/hook/cmake_prefix_path.sh'
[0.790s] Level 1:colcon.colcon_core.environment:checking '/home/hamza/hackathon_ws/install/sd_localization_msgs/lib'
[0.790s] Level 1:colcon.colcon_core.shell:create_environment_hook('sd_localization_msgs', 'ld_library_path_lib')
[0.790s] INFO:colcon.colcon_core.shell:Creating environment hook '/home/hamza/hackathon_ws/install/sd_localization_msgs/share/sd_localization_msgs/hook/ld_library_path_lib.ps1'
[0.790s] INFO:colcon.colcon_core.shell:Creating environment descriptor '/home/hamza/hackathon_ws/install/sd_localization_msgs/share/sd_localization_msgs/hook/ld_library_path_lib.dsv'
[0.790s] INFO:colcon.colcon_core.shell:Creating environment hook '/home/hamza/hackathon_ws/install/sd_localization_msgs/share/sd_localization_msgs/hook/ld_library_path_lib.sh'
[0.791s] Level 1:colcon.colcon_core.environment:checking '/home/hamza/hackathon_ws/install/sd_localization_msgs/bin'
[0.791s] Level 1:colcon.colcon_core.environment:checking '/home/hamza/hackathon_ws/install/sd_localization_msgs/lib/pkgconfig/sd_localization_msgs.pc'
[0.791s] Level 1:colcon.colcon_core.environment:checking '/home/hamza/hackathon_ws/install/sd_localization_msgs/lib/python3.10/site-packages'
[0.791s] Level 1:colcon.colcon_core.environment:checking '/home/hamza/hackathon_ws/install/sd_localization_msgs/bin'
[0.792s] INFO:colcon.colcon_core.shell:Creating package script '/home/hamza/hackathon_ws/install/sd_localization_msgs/share/sd_localization_msgs/package.ps1'
[0.792s] INFO:colcon.colcon_core.shell:Creating package descriptor '/home/hamza/hackathon_ws/install/sd_localization_msgs/share/sd_localization_msgs/package.dsv'
[0.792s] INFO:colcon.colcon_core.shell:Creating package script '/home/hamza/hackathon_ws/install/sd_localization_msgs/share/sd_localization_msgs/package.sh'
[0.793s] INFO:colcon.colcon_core.shell:Creating package script '/home/hamza/hackathon_ws/install/sd_localization_msgs/share/sd_localization_msgs/package.bash'
[0.793s] INFO:colcon.colcon_core.shell:Creating package script '/home/hamza/hackathon_ws/install/sd_localization_msgs/share/sd_localization_msgs/package.zsh'
[0.793s] Level 1:colcon.colcon_core.environment:create_file_with_runtime_dependencies(/home/hamza/hackathon_ws/install/sd_localization_msgs/share/colcon-core/packages/sd_localization_msgs)
[0.794s] Level 1:colcon.colcon_core.environment:create_environment_scripts_only(sd_localization_msgs)
[0.794s] Level 1:colcon.colcon_core.environment:checking '/home/hamza/hackathon_ws/install/sd_localization_msgs' for CMake module files
[0.794s] Level 1:colcon.colcon_core.environment:checking '/home/hamza/hackathon_ws/install/sd_localization_msgs' for CMake config files
[0.794s] Level 1:colcon.colcon_core.shell:create_environment_hook('sd_localization_msgs', 'cmake_prefix_path')
[0.794s] INFO:colcon.colcon_core.shell:Creating environment hook '/home/hamza/hackathon_ws/install/sd_localization_msgs/share/sd_localization_msgs/hook/cmake_prefix_path.ps1'
[0.795s] INFO:colcon.colcon_core.shell:Creating environment descriptor '/home/hamza/hackathon_ws/install/sd_localization_msgs/share/sd_localization_msgs/hook/cmake_prefix_path.dsv'
[0.795s] INFO:colcon.colcon_core.shell:Creating environment hook '/home/hamza/hackathon_ws/install/sd_localization_msgs/share/sd_localization_msgs/hook/cmake_prefix_path.sh'
[0.795s] Level 1:colcon.colcon_core.environment:checking '/home/hamza/hackathon_ws/install/sd_localization_msgs/lib'
[0.795s] Level 1:colcon.colcon_core.shell:create_environment_hook('sd_localization_msgs', 'ld_library_path_lib')
[0.795s] INFO:colcon.colcon_core.shell:Creating environment hook '/home/hamza/hackathon_ws/install/sd_localization_msgs/share/sd_localization_msgs/hook/ld_library_path_lib.ps1'
[0.795s] INFO:colcon.colcon_core.shell:Creating environment descriptor '/home/hamza/hackathon_ws/install/sd_localization_msgs/share/sd_localization_msgs/hook/ld_library_path_lib.dsv'
[0.795s] INFO:colcon.colcon_core.shell:Creating environment hook '/home/hamza/hackathon_ws/install/sd_localization_msgs/share/sd_localization_msgs/hook/ld_library_path_lib.sh'
[0.796s] Level 1:colcon.colcon_core.environment:checking '/home/hamza/hackathon_ws/install/sd_localization_msgs/bin'
[0.796s] Level 1:colcon.colcon_core.environment:checking '/home/hamza/hackathon_ws/install/sd_localization_msgs/lib/pkgconfig/sd_localization_msgs.pc'
[0.796s] Level 1:colcon.colcon_core.environment:checking '/home/hamza/hackathon_ws/install/sd_localization_msgs/lib/python3.10/site-packages'
[0.796s] Level 1:colcon.colcon_core.environment:checking '/home/hamza/hackathon_ws/install/sd_localization_msgs/bin'
[0.796s] INFO:colcon.colcon_core.shell:Creating package script '/home/hamza/hackathon_ws/install/sd_localization_msgs/share/sd_localization_msgs/package.ps1'
[0.796s] INFO:colcon.colcon_core.shell:Creating package descriptor '/home/hamza/hackathon_ws/install/sd_localization_msgs/share/sd_localization_msgs/package.dsv'
[0.797s] INFO:colcon.colcon_core.shell:Creating package script '/home/hamza/hackathon_ws/install/sd_localization_msgs/share/sd_localization_msgs/package.sh'
[0.797s] INFO:colcon.colcon_core.shell:Creating package script '/home/hamza/hackathon_ws/install/sd_localization_msgs/share/sd_localization_msgs/package.bash'
[0.797s] INFO:colcon.colcon_core.shell:Creating package script '/home/hamza/hackathon_ws/install/sd_localization_msgs/share/sd_localization_msgs/package.zsh'
[0.797s] Level 1:colcon.colcon_core.environment:create_file_with_runtime_dependencies(/home/hamza/hackathon_ws/install/sd_localization_msgs/share/colcon-core/packages/sd_localization_msgs)
[0.797s] INFO:colcon.colcon_ros.task.ament_python.build:Building ROS package in '/home/hamza/hackathon_ws/src/racing_analyzer' with build type 'ament_python'
[0.797s] Level 1:colcon.colcon_core.shell:create_environment_hook('racing_analyzer', 'ament_prefix_path')
[0.797s] INFO:colcon.colcon_core.shell:Creating environment hook '/home/hamza/hackathon_ws/install/racing_analyzer/share/racing_analyzer/hook/ament_prefix_path.ps1'
[0.798s] INFO:colcon.colcon_core.shell:Creating environment descriptor '/home/hamza/hackathon_ws/install/racing_analyzer/share/racing_analyzer/hook/ament_prefix_path.dsv'
[0.798s] INFO:colcon.colcon_core.shell:Creating environment hook '/home/hamza/hackathon_ws/install/racing_analyzer/share/racing_analyzer/hook/ament_prefix_path.sh'
[0.798s] INFO:colcon.colcon_core.shell:Skip shell extension 'powershell' for command environment: Not usable outside of PowerShell
[0.798s] DEBUG:colcon.colcon_core.shell:Skip shell extension 'dsv' for command environment
[0.949s] INFO:colcon.colcon_core.task.python.build:Building Python package in '/home/hamza/hackathon_ws/src/racing_analyzer'
[0.949s] INFO:colcon.colcon_core.shell:Skip shell extension 'powershell' for command environment: Not usable outside of PowerShell
[0.949s] DEBUG:colcon.colcon_core.shell:Skip shell extension 'dsv' for command environment
[1.155s] DEBUG:colcon.colcon_core.event_handler.log_command:Invoking command in '/home/hamza/hackathon_ws/src/racing_analyzer': CMAKE_PREFIX_PATH=/home/hamza/hackathon_ws/install/sd_localization_msgs:/home/hamza/hackathon_ws/install/sd_map_msgs:/home/hamza/hackathon_ws/install/vectornav_msgs:/home/hamza/hackathon_ws/install/sd_can_msgs LD_LIBRARY_PATH=/home/hamza/hackathon_ws/install/sd_localization_msgs/lib:/home/hamza/hackathon_ws/install/sd_map_msgs/lib:/home/hamza/hackathon_ws/install/vectornav_msgs/lib:/home/hamza/hackathon_ws/install/sd_can_msgs/lib:/opt/ros/humble/opt/rviz_ogre_vendor/lib:/opt/ros/humble/lib/x86_64-linux-gnu:/opt/ros/humble/lib PYTHONPATH=/home/hamza/hackathon_ws/build/racing_analyzer/prefix_override:/usr/lib/python3/dist-packages/colcon_core/task/python/colcon_distutils_commands:/home/hamza/hackathon_ws/install/racing_analyzer/lib/python3.10/site-packages:${PYTHONPATH} /usr/bin/python3 -W ignore:setup.py install is deprecated -W ignore:easy_install command is deprecated setup.py egg_info --egg-base ../../build/racing_analyzer build --build-base /home/hamza/hackathon_ws/build/racing_analyzer/build install --record /home/hamza/hackathon_ws/build/racing_analyzer/install.log --single-version-externally-managed install_data
[1.316s] Level 1:colcon.colcon_core.environment:checking '/home/hamza/hackathon_ws/install/racing_analyzer' for CMake module files
[1.317s] DEBUG:colcon.colcon_core.event_handler.log_command:Invoked command in '/home/hamza/hackathon_ws/src/racing_analyzer' returned '0': CMAKE_PREFIX_PATH=/home/hamza/hackathon_ws/install/sd_localization_msgs:/home/hamza/hackathon_ws/install/sd_map_msgs:/home/hamza/hackathon_ws/install/vectornav_msgs:/home/hamza/hackathon_ws/install/sd_can_msgs LD_LIBRARY_PATH=/home/hamza/hackathon_ws/install/sd_localization_msgs/lib:/home/hamza/hackathon_ws/install/sd_map_msgs/lib:/home/hamza/hackathon_ws/install/vectornav_msgs/lib:/home/hamza/hackathon_ws/install/sd_can_msgs/lib:/opt/ros/humble/opt/rviz_ogre_vendor/lib:/opt/ros/humble/lib/x86_64-linux-gnu:/opt/ros/humble/lib PYTHONPATH=/home/hamza/hackathon_ws/build/racing_analyzer/prefix_override:/usr/lib/python3/dist-packages/colcon_core/task/python/colcon_distutils_commands:/home/hamza/hackathon_ws/install/racing_analyzer/lib/python3.10/site-packages:${PYTHONPATH} /usr/bin/python3 -W ignore:setup.py install is deprecated -W ignore:easy_install command is deprecated setup.py egg_info --egg-base ../../build/racing_analyzer build --build-base /home/hamza/hackathon_ws/build/racing_analyzer/build install --record /home/hamza/hackathon_ws/build/racing_analyzer/install.log --single-version-externally-managed install_data
[1.317s] Level 1:colcon.colcon_core.environment:checking '/home/hamza/hackathon_ws/install/racing_analyzer' for CMake config files
[1.317s] Level 1:colcon.colcon_core.environment:checking '/home/hamza/hackathon_ws/install/racing_analyzer/lib'
[1.318s] Level 1:colcon.colcon_core.environment:checking '/home/hamza/hackathon_ws/install/racing_analyzer/bin'
[1.318s] Level 1:colcon.colcon_core.environment:checking '/home/hamza/hackathon_ws/install/racing_analyzer/lib/pkgconfig/racing_analyzer.pc'
[1.318s] Level 1:colcon.colcon_core.environment:checking '/home/hamza/hackathon_ws/install/racing_analyzer/lib/python3.10/site-packages'
[1.318s] Level 1:colcon.colcon_core.shell:create_environment_hook('racing_analyzer', 'pythonpath')
[1.318s] INFO:colcon.colcon_core.shell:Creating environment hook '/home/hamza/hackathon_ws/install/racing_analyzer/share/racing_analyzer/hook/pythonpath.ps1'
[1.319s] INFO:colcon.colcon_core.shell:Creating environment descriptor '/home/hamza/hackathon_ws/install/racing_analyzer/share/racing_analyzer/hook/pythonpath.dsv'
[1.319s] INFO:colcon.colcon_core.shell:Creating environment hook '/home/hamza/hackathon_ws/install/racing_analyzer/share/racing_analyzer/hook/pythonpath.sh'
[1.319s] Level 1:colcon.colcon_core.environment:checking '/home/hamza/hackathon_ws/install/racing_analyzer/bin'
[1.319s] Level 1:colcon.colcon_core.environment:create_environment_scripts_only(racing_analyzer)
[1.319s] INFO:colcon.colcon_core.shell:Creating package script '/home/hamza/hackathon_ws/install/racing_analyzer/share/racing_analyzer/package.ps1'
[1.319s] INFO:colcon.colcon_core.shell:Creating package descriptor '/home/hamza/hackathon_ws/install/racing_analyzer/share/racing_analyzer/package.dsv'
[1.320s] INFO:colcon.colcon_core.shell:Creating package script '/home/hamza/hackathon_ws/install/racing_analyzer/share/racing_analyzer/package.sh'
[1.320s] INFO:colcon.colcon_core.shell:Creating package script '/home/hamza/hackathon_ws/install/racing_analyzer/share/racing_analyzer/package.bash'
[1.320s] INFO:colcon.colcon_core.shell:Creating package script '/home/hamza/hackathon_ws/install/racing_analyzer/share/racing_analyzer/package.zsh'
[1.320s] Level 1:colcon.colcon_core.environment:create_file_with_runtime_dependencies(/home/hamza/hackathon_ws/install/racing_analyzer/share/colcon-core/packages/racing_analyzer)
[1.320s] DEBUG:colcon.colcon_parallel_executor.executor.parallel:closing loop
[1.320s] DEBUG:colcon.colcon_parallel_executor.executor.parallel:loop closed
[1.321s] DEBUG:colcon.colcon_parallel_executor.executor.parallel:run_until_complete finished with '0'
[1.321s] DEBUG:colcon.colcon_core.event_reactor:joining thread
[1.323s] INFO:colcon.colcon_core.plugin_system:Skipping extension 'colcon_notification.desktop_notification.terminal_notifier': Not used on non-Darwin systems
[1.323s] INFO:colcon.colcon_core.plugin_system:Skipping extension 'colcon_notification.desktop_notification.win32': Not used on non-Windows systems
[1.323s] INFO:colcon.colcon_notification.desktop_notification:Sending desktop notification using 'notify2'
[1.334s] DEBUG:colcon.colcon_core.event_reactor:joined thread
[1.334s] INFO:colcon.colcon_core.shell:Creating prefix script '/home/hamza/hackathon_ws/install/local_setup.ps1'
[1.335s] INFO:colcon.colcon_core.shell:Creating prefix util module '/home/hamza/hackathon_ws/install/_local_setup_util_ps1.py'
[1.335s] INFO:colcon.colcon_core.shell:Creating prefix chain script '/home/hamza/hackathon_ws/install/setup.ps1'
[1.336s] INFO:colcon.colcon_core.shell:Creating prefix script '/home/hamza/hackathon_ws/install/local_setup.sh'
[1.336s] INFO:colcon.colcon_core.shell:Creating prefix util module '/home/hamza/hackathon_ws/install/_local_setup_util_sh.py'
[1.336s] INFO:colcon.colcon_core.shell:Creating prefix chain script '/home/hamza/hackathon_ws/install/setup.sh'
[1.337s] INFO:colcon.colcon_core.shell:Creating prefix script '/home/hamza/hackathon_ws/install/local_setup.bash'
[1.337s] INFO:colcon.colcon_core.shell:Creating prefix chain script '/home/hamza/hackathon_ws/install/setup.bash'
[1.338s] INFO:colcon.colcon_core.shell:Creating prefix script '/home/hamza/hackathon_ws/install/local_setup.zsh'
[1.338s] INFO:colcon.colcon_core.shell:Creating prefix chain script '/home/hamza/hackathon_ws/install/setup.zsh'
