[0.008s] Invoking command in '/home/hamza/hackathon_ws/build/sd_localization_msgs': CMAKE_PREFIX_PATH=/home/hamza/hackathon_ws/install/sd_map_msgs:/home/hamza/hackathon_ws/install/vectornav_msgs:/home/hamza/hackathon_ws/install/sd_localization_msgs:/home/hamza/hackathon_ws/install/sd_can_msgs:/home/hamza/hackathon_ws/install/racing_analyzer:/opt/ros/humble LD_LIBRARY_PATH=/home/hamza/hackathon_ws/install/sd_map_msgs/lib:/home/hamza/hackathon_ws/install/vectornav_msgs/lib:/home/hamza/hackathon_ws/install/sd_localization_msgs/lib:/home/hamza/hackathon_ws/install/sd_can_msgs/lib:/opt/ros/humble/opt/rviz_ogre_vendor/lib:/opt/ros/humble/lib/x86_64-linux-gnu:/opt/ros/humble/lib /usr/bin/cmake --build /home/hamza/hackathon_ws/build/sd_localization_msgs -- -j20 -l20
[0.049s] [  9%] Built target sd_localization_msgs__rosidl_generator_c
[0.051s] [ 15%] Built target sd_localization_msgs__rs
[0.051s] [ 15%] Built target sd_localization_msgs__cpp
[0.053s] [ 15%] Built target ament_cmake_python_symlink_sd_localization_msgs
[0.060s] [ 25%] Built target sd_localization_msgs__rosidl_typesupport_c
[0.062s] [ 34%] Built target sd_localization_msgs__rosidl_typesupport_fastrtps_c
[0.062s] [ 43%] Built target sd_localization_msgs__rosidl_typesupport_introspection_c
[0.063s] [ 62%] Built target sd_localization_msgs__rosidl_typesupport_introspection_cpp
[0.063s] [ 62%] Built target sd_localization_msgs__rosidl_typesupport_cpp
[0.065s] [ 71%] Built target sd_localization_msgs__rosidl_typesupport_fastrtps_cpp
[0.078s] [ 71%] Built target sd_localization_msgs
[0.094s] [ 75%] Built target sd_localization_msgs__py
[0.109s] [ 81%] Built target sd_localization_msgs__rosidl_generator_py
[0.124s] [ 87%] Built target sd_localization_msgs__rosidl_typesupport_introspection_c__pyext
[0.125s] [ 93%] Built target sd_localization_msgs__rosidl_typesupport_fastrtps_c__pyext
[0.126s] [100%] Built target sd_localization_msgs__rosidl_typesupport_c__pyext
[0.180s] running egg_info
[0.181s] writing sd_localization_msgs.egg-info/PKG-INFO
[0.181s] writing dependency_links to sd_localization_msgs.egg-info/dependency_links.txt
[0.181s] writing top-level names to sd_localization_msgs.egg-info/top_level.txt
[0.182s] reading manifest file 'sd_localization_msgs.egg-info/SOURCES.txt'
[0.182s] writing manifest file 'sd_localization_msgs.egg-info/SOURCES.txt'
[0.198s] [100%] Built target ament_cmake_python_build_sd_localization_msgs_egg
[0.205s] Invoked command in '/home/hamza/hackathon_ws/build/sd_localization_msgs' returned '0': CMAKE_PREFIX_PATH=/home/hamza/hackathon_ws/install/sd_map_msgs:/home/hamza/hackathon_ws/install/vectornav_msgs:/home/hamza/hackathon_ws/install/sd_localization_msgs:/home/hamza/hackathon_ws/install/sd_can_msgs:/home/hamza/hackathon_ws/install/racing_analyzer:/opt/ros/humble LD_LIBRARY_PATH=/home/hamza/hackathon_ws/install/sd_map_msgs/lib:/home/hamza/hackathon_ws/install/vectornav_msgs/lib:/home/hamza/hackathon_ws/install/sd_localization_msgs/lib:/home/hamza/hackathon_ws/install/sd_can_msgs/lib:/opt/ros/humble/opt/rviz_ogre_vendor/lib:/opt/ros/humble/lib/x86_64-linux-gnu:/opt/ros/humble/lib /usr/bin/cmake --build /home/hamza/hackathon_ws/build/sd_localization_msgs -- -j20 -l20
[0.207s] Invoking command in '/home/hamza/hackathon_ws/build/sd_localization_msgs': CMAKE_PREFIX_PATH=/home/hamza/hackathon_ws/install/sd_map_msgs:/home/hamza/hackathon_ws/install/vectornav_msgs:/home/hamza/hackathon_ws/install/sd_localization_msgs:/home/hamza/hackathon_ws/install/sd_can_msgs:/home/hamza/hackathon_ws/install/racing_analyzer:/opt/ros/humble LD_LIBRARY_PATH=/home/hamza/hackathon_ws/install/sd_map_msgs/lib:/home/hamza/hackathon_ws/install/vectornav_msgs/lib:/home/hamza/hackathon_ws/install/sd_localization_msgs/lib:/home/hamza/hackathon_ws/install/sd_can_msgs/lib:/opt/ros/humble/opt/rviz_ogre_vendor/lib:/opt/ros/humble/lib/x86_64-linux-gnu:/opt/ros/humble/lib /usr/bin/cmake --install /home/hamza/hackathon_ws/build/sd_localization_msgs
[0.211s] -- Install configuration: ""
[0.212s] -- Execute custom install script
[0.212s] -- Up-to-date symlink: /home/hamza/hackathon_ws/install/sd_localization_msgs/share/ament_index/resource_index/rosidl_interfaces/sd_localization_msgs
[0.212s] -- Up-to-date symlink: /home/hamza/hackathon_ws/install/sd_localization_msgs/include/sd_localization_msgs/sd_localization_msgs/msg/detail/state_estimation__functions.h
[0.212s] -- Up-to-date symlink: /home/hamza/hackathon_ws/install/sd_localization_msgs/include/sd_localization_msgs/sd_localization_msgs/msg/detail/state_estimation__struct.h
[0.212s] -- Up-to-date symlink: /home/hamza/hackathon_ws/install/sd_localization_msgs/include/sd_localization_msgs/sd_localization_msgs/msg/detail/state_estimation__type_support.h
[0.212s] -- Up-to-date symlink: /home/hamza/hackathon_ws/install/sd_localization_msgs/include/sd_localization_msgs/sd_localization_msgs/msg/rosidl_generator_c__visibility_control.h
[0.212s] -- Up-to-date symlink: /home/hamza/hackathon_ws/install/sd_localization_msgs/include/sd_localization_msgs/sd_localization_msgs/msg/state_estimation.h
[0.212s] -- Up-to-date symlink: /home/hamza/hackathon_ws/install/sd_localization_msgs/share/sd_localization_msgs/environment/library_path.sh
[0.212s] -- Up-to-date symlink: /home/hamza/hackathon_ws/install/sd_localization_msgs/share/sd_localization_msgs/environment/library_path.dsv
[0.213s] -- Up-to-date symlink: /home/hamza/hackathon_ws/install/sd_localization_msgs/include/sd_localization_msgs/sd_localization_msgs/msg/detail/state_estimation__rosidl_typesupport_fastrtps_c.h
[0.213s] -- Up-to-date symlink: /home/hamza/hackathon_ws/install/sd_localization_msgs/include/sd_localization_msgs/sd_localization_msgs/msg/rosidl_typesupport_fastrtps_c__visibility_control.h
[0.213s] -- Up-to-date symlink: /home/hamza/hackathon_ws/install/sd_localization_msgs/include/sd_localization_msgs/sd_localization_msgs/msg/detail/state_estimation__builder.hpp
[0.213s] -- Up-to-date symlink: /home/hamza/hackathon_ws/install/sd_localization_msgs/include/sd_localization_msgs/sd_localization_msgs/msg/detail/state_estimation__struct.hpp
[0.213s] -- Up-to-date symlink: /home/hamza/hackathon_ws/install/sd_localization_msgs/include/sd_localization_msgs/sd_localization_msgs/msg/detail/state_estimation__traits.hpp
[0.213s] -- Up-to-date symlink: /home/hamza/hackathon_ws/install/sd_localization_msgs/include/sd_localization_msgs/sd_localization_msgs/msg/detail/state_estimation__type_support.hpp
[0.213s] -- Up-to-date symlink: /home/hamza/hackathon_ws/install/sd_localization_msgs/include/sd_localization_msgs/sd_localization_msgs/msg/rosidl_generator_cpp__visibility_control.hpp
[0.213s] -- Up-to-date symlink: /home/hamza/hackathon_ws/install/sd_localization_msgs/include/sd_localization_msgs/sd_localization_msgs/msg/state_estimation.hpp
[0.213s] -- Up-to-date symlink: /home/hamza/hackathon_ws/install/sd_localization_msgs/include/sd_localization_msgs/sd_localization_msgs/msg/detail/state_estimation__rosidl_typesupport_fastrtps_cpp.hpp
[0.213s] -- Up-to-date symlink: /home/hamza/hackathon_ws/install/sd_localization_msgs/include/sd_localization_msgs/sd_localization_msgs/msg/rosidl_typesupport_fastrtps_cpp__visibility_control.h
[0.213s] -- Up-to-date symlink: /home/hamza/hackathon_ws/install/sd_localization_msgs/include/sd_localization_msgs/sd_localization_msgs/msg/detail/state_estimation__rosidl_typesupport_introspection_c.h
[0.213s] -- Up-to-date symlink: /home/hamza/hackathon_ws/install/sd_localization_msgs/include/sd_localization_msgs/sd_localization_msgs/msg/rosidl_typesupport_introspection_c__visibility_control.h
[0.213s] -- Up-to-date symlink: /home/hamza/hackathon_ws/install/sd_localization_msgs/include/sd_localization_msgs/sd_localization_msgs/msg/detail/state_estimation__rosidl_typesupport_introspection_cpp.hpp
[0.213s] -- Up-to-date symlink: /home/hamza/hackathon_ws/install/sd_localization_msgs/share/sd_localization_msgs/environment/pythonpath.sh
[0.213s] -- Up-to-date symlink: /home/hamza/hackathon_ws/install/sd_localization_msgs/share/sd_localization_msgs/environment/pythonpath.dsv
[0.214s] -- Up-to-date symlink: /home/hamza/hackathon_ws/install/sd_localization_msgs/local/lib/python3.10/dist-packages/sd_localization_msgs-0.1.0-py3.10.egg-info/PKG-INFO
[0.214s] -- Up-to-date symlink: /home/hamza/hackathon_ws/install/sd_localization_msgs/local/lib/python3.10/dist-packages/sd_localization_msgs-0.1.0-py3.10.egg-info/SOURCES.txt
[0.214s] -- Up-to-date symlink: /home/hamza/hackathon_ws/install/sd_localization_msgs/local/lib/python3.10/dist-packages/sd_localization_msgs-0.1.0-py3.10.egg-info/dependency_links.txt
[0.214s] -- Up-to-date symlink: /home/hamza/hackathon_ws/install/sd_localization_msgs/local/lib/python3.10/dist-packages/sd_localization_msgs-0.1.0-py3.10.egg-info/top_level.txt
[0.214s] -- Up-to-date symlink: /home/hamza/hackathon_ws/install/sd_localization_msgs/local/lib/python3.10/dist-packages/sd_localization_msgs/__init__.py
[0.214s] -- Up-to-date symlink: /home/hamza/hackathon_ws/install/sd_localization_msgs/local/lib/python3.10/dist-packages/sd_localization_msgs/_sd_localization_msgs_s.ep.rosidl_typesupport_c.c
[0.214s] -- Up-to-date symlink: /home/hamza/hackathon_ws/install/sd_localization_msgs/local/lib/python3.10/dist-packages/sd_localization_msgs/_sd_localization_msgs_s.ep.rosidl_typesupport_fastrtps_c.c
[0.214s] -- Up-to-date symlink: /home/hamza/hackathon_ws/install/sd_localization_msgs/local/lib/python3.10/dist-packages/sd_localization_msgs/_sd_localization_msgs_s.ep.rosidl_typesupport_introspection_c.c
[0.214s] -- Up-to-date symlink: /home/hamza/hackathon_ws/install/sd_localization_msgs/local/lib/python3.10/dist-packages/sd_localization_msgs/libsd_localization_msgs__rosidl_generator_py.so
[0.214s] -- Up-to-date symlink: /home/hamza/hackathon_ws/install/sd_localization_msgs/local/lib/python3.10/dist-packages/sd_localization_msgs/msg/__init__.py
[0.214s] -- Up-to-date symlink: /home/hamza/hackathon_ws/install/sd_localization_msgs/local/lib/python3.10/dist-packages/sd_localization_msgs/msg/_state_estimation.py
[0.214s] -- Up-to-date symlink: /home/hamza/hackathon_ws/install/sd_localization_msgs/local/lib/python3.10/dist-packages/sd_localization_msgs/msg/_state_estimation_s.c
[0.214s] -- Up-to-date symlink: /home/hamza/hackathon_ws/install/sd_localization_msgs/local/lib/python3.10/dist-packages/sd_localization_msgs/sd_localization_msgs_s__rosidl_typesupport_c.cpython-310-x86_64-linux-gnu.so
[0.214s] -- Up-to-date symlink: /home/hamza/hackathon_ws/install/sd_localization_msgs/local/lib/python3.10/dist-packages/sd_localization_msgs/sd_localization_msgs_s__rosidl_typesupport_fastrtps_c.cpython-310-x86_64-linux-gnu.so
[0.214s] -- Up-to-date symlink: /home/hamza/hackathon_ws/install/sd_localization_msgs/local/lib/python3.10/dist-packages/sd_localization_msgs/sd_localization_msgs_s__rosidl_typesupport_introspection_c.cpython-310-x86_64-linux-gnu.so
[0.214s] -- Up-to-date symlink: /home/hamza/hackathon_ws/install/sd_localization_msgs/local/lib/python3.10/dist-packages/sd_localization_msgs/sd_localization_msgs_s__rosidl_typesupport_fastrtps_c.cpython-310-x86_64-linux-gnu.so
[0.214s] -- Up-to-date symlink: /home/hamza/hackathon_ws/install/sd_localization_msgs/local/lib/python3.10/dist-packages/sd_localization_msgs/sd_localization_msgs_s__rosidl_typesupport_introspection_c.cpython-310-x86_64-linux-gnu.so
[0.215s] -- Up-to-date symlink: /home/hamza/hackathon_ws/install/sd_localization_msgs/local/lib/python3.10/dist-packages/sd_localization_msgs/sd_localization_msgs_s__rosidl_typesupport_c.cpython-310-x86_64-linux-gnu.so
[0.215s] -- Up-to-date symlink: /home/hamza/hackathon_ws/install/sd_localization_msgs/share/ament_index/resource_index/rust_packages/sd_localization_msgs
[0.215s] -- Up-to-date symlink: /home/hamza/hackathon_ws/install/sd_localization_msgs/share/sd_localization_msgs/rust/Cargo.toml
[0.215s] -- Up-to-date symlink: /home/hamza/hackathon_ws/install/sd_localization_msgs/share/sd_localization_msgs/rust/build.rs
[0.215s] -- Up-to-date symlink: /home/hamza/hackathon_ws/install/sd_localization_msgs/share/sd_localization_msgs/rust/src/lib.rs
[0.215s] -- Up-to-date symlink: /home/hamza/hackathon_ws/install/sd_localization_msgs/share/sd_localization_msgs/rust/src/msg.rs
[0.215s] -- Up-to-date symlink: /home/hamza/hackathon_ws/install/sd_localization_msgs/share/sd_localization_msgs/rust/src/msg/rmw.rs
[0.215s] -- Up-to-date symlink: /home/hamza/hackathon_ws/install/sd_localization_msgs/share/sd_localization_msgs/msg/StateEstimation.idl
[0.215s] -- Up-to-date symlink: /home/hamza/hackathon_ws/install/sd_localization_msgs/share/sd_localization_msgs/msg/StateEstimation.msg
[0.215s] -- Up-to-date symlink: /home/hamza/hackathon_ws/install/sd_localization_msgs/share/ament_index/resource_index/package_run_dependencies/sd_localization_msgs
[0.215s] -- Up-to-date symlink: /home/hamza/hackathon_ws/install/sd_localization_msgs/share/ament_index/resource_index/parent_prefix_path/sd_localization_msgs
[0.215s] -- Up-to-date symlink: /home/hamza/hackathon_ws/install/sd_localization_msgs/share/sd_localization_msgs/environment/ament_prefix_path.sh
[0.215s] -- Up-to-date symlink: /home/hamza/hackathon_ws/install/sd_localization_msgs/share/sd_localization_msgs/environment/ament_prefix_path.dsv
[0.215s] -- Up-to-date symlink: /home/hamza/hackathon_ws/install/sd_localization_msgs/share/sd_localization_msgs/environment/path.sh
[0.215s] -- Up-to-date symlink: /home/hamza/hackathon_ws/install/sd_localization_msgs/share/sd_localization_msgs/environment/path.dsv
[0.216s] -- Up-to-date symlink: /home/hamza/hackathon_ws/install/sd_localization_msgs/share/sd_localization_msgs/local_setup.bash
[0.216s] -- Up-to-date symlink: /home/hamza/hackathon_ws/install/sd_localization_msgs/share/sd_localization_msgs/local_setup.sh
[0.216s] -- Up-to-date symlink: /home/hamza/hackathon_ws/install/sd_localization_msgs/share/sd_localization_msgs/local_setup.zsh
[0.216s] -- Up-to-date symlink: /home/hamza/hackathon_ws/install/sd_localization_msgs/share/sd_localization_msgs/local_setup.dsv
[0.216s] -- Symlinking: /home/hamza/hackathon_ws/install/sd_localization_msgs/share/sd_localization_msgs/package.dsv
[0.222s] -- Up-to-date symlink: /home/hamza/hackathon_ws/install/sd_localization_msgs/share/ament_index/resource_index/packages/sd_localization_msgs
[0.222s] -- Up-to-date symlink: /home/hamza/hackathon_ws/install/sd_localization_msgs/share/sd_localization_msgs/cmake/rosidl_cmake-extras.cmake
[0.222s] -- Up-to-date symlink: /home/hamza/hackathon_ws/install/sd_localization_msgs/share/sd_localization_msgs/cmake/ament_cmake_export_dependencies-extras.cmake
[0.222s] -- Up-to-date symlink: /home/hamza/hackathon_ws/install/sd_localization_msgs/share/sd_localization_msgs/cmake/ament_cmake_export_include_directories-extras.cmake
[0.222s] -- Up-to-date symlink: /home/hamza/hackathon_ws/install/sd_localization_msgs/share/sd_localization_msgs/cmake/ament_cmake_export_libraries-extras.cmake
[0.223s] -- Up-to-date symlink: /home/hamza/hackathon_ws/install/sd_localization_msgs/share/sd_localization_msgs/cmake/ament_cmake_export_targets-extras.cmake
[0.223s] -- Up-to-date symlink: /home/hamza/hackathon_ws/install/sd_localization_msgs/share/sd_localization_msgs/cmake/rosidl_cmake_export_typesupport_targets-extras.cmake
[0.223s] -- Up-to-date symlink: /home/hamza/hackathon_ws/install/sd_localization_msgs/share/sd_localization_msgs/cmake/rosidl_cmake_export_typesupport_libraries-extras.cmake
[0.223s] -- Up-to-date symlink: /home/hamza/hackathon_ws/install/sd_localization_msgs/share/sd_localization_msgs/cmake/sd_localization_msgsConfig.cmake
[0.223s] -- Up-to-date symlink: /home/hamza/hackathon_ws/install/sd_localization_msgs/share/sd_localization_msgs/cmake/sd_localization_msgsConfig-version.cmake
[0.223s] -- Up-to-date symlink: /home/hamza/hackathon_ws/install/sd_localization_msgs/share/sd_localization_msgs/package.xml
[0.223s] -- Up-to-date: /home/hamza/hackathon_ws/install/sd_localization_msgs/lib/libsd_localization_msgs__rosidl_generator_c.so
[0.223s] -- Up-to-date: /home/hamza/hackathon_ws/install/sd_localization_msgs/lib/libsd_localization_msgs__rosidl_typesupport_fastrtps_c.so
[0.223s] -- Up-to-date: /home/hamza/hackathon_ws/install/sd_localization_msgs/lib/libsd_localization_msgs__rosidl_typesupport_fastrtps_cpp.so
[0.223s] -- Up-to-date: /home/hamza/hackathon_ws/install/sd_localization_msgs/lib/libsd_localization_msgs__rosidl_typesupport_introspection_c.so
[0.223s] -- Up-to-date: /home/hamza/hackathon_ws/install/sd_localization_msgs/lib/libsd_localization_msgs__rosidl_typesupport_c.so
[0.223s] -- Up-to-date: /home/hamza/hackathon_ws/install/sd_localization_msgs/lib/libsd_localization_msgs__rosidl_typesupport_introspection_cpp.so
[0.223s] -- Up-to-date: /home/hamza/hackathon_ws/install/sd_localization_msgs/lib/libsd_localization_msgs__rosidl_typesupport_cpp.so
[0.241s] Listing '/home/hamza/hackathon_ws/install/sd_localization_msgs/local/lib/python3.10/dist-packages/sd_localization_msgs'...
[0.241s] Listing '/home/hamza/hackathon_ws/install/sd_localization_msgs/local/lib/python3.10/dist-packages/sd_localization_msgs/msg'...
[0.243s] -- Up-to-date: /home/hamza/hackathon_ws/install/sd_localization_msgs/lib/libsd_localization_msgs__rosidl_generator_py.so
[0.244s] -- Up-to-date: /home/hamza/hackathon_ws/install/sd_localization_msgs/share/sd_localization_msgs/cmake/export_sd_localization_msgs__rosidl_generator_cExport.cmake
[0.244s] -- Up-to-date: /home/hamza/hackathon_ws/install/sd_localization_msgs/share/sd_localization_msgs/cmake/export_sd_localization_msgs__rosidl_generator_cExport-noconfig.cmake
[0.244s] -- Up-to-date: /home/hamza/hackathon_ws/install/sd_localization_msgs/share/sd_localization_msgs/cmake/export_sd_localization_msgs__rosidl_typesupport_fastrtps_cExport.cmake
[0.244s] -- Up-to-date: /home/hamza/hackathon_ws/install/sd_localization_msgs/share/sd_localization_msgs/cmake/export_sd_localization_msgs__rosidl_typesupport_fastrtps_cExport-noconfig.cmake
[0.244s] -- Up-to-date: /home/hamza/hackathon_ws/install/sd_localization_msgs/share/sd_localization_msgs/cmake/export_sd_localization_msgs__rosidl_generator_cppExport.cmake
[0.244s] -- Up-to-date: /home/hamza/hackathon_ws/install/sd_localization_msgs/share/sd_localization_msgs/cmake/export_sd_localization_msgs__rosidl_typesupport_fastrtps_cppExport.cmake
[0.244s] -- Up-to-date: /home/hamza/hackathon_ws/install/sd_localization_msgs/share/sd_localization_msgs/cmake/export_sd_localization_msgs__rosidl_typesupport_fastrtps_cppExport-noconfig.cmake
[0.244s] -- Up-to-date: /home/hamza/hackathon_ws/install/sd_localization_msgs/share/sd_localization_msgs/cmake/sd_localization_msgs__rosidl_typesupport_introspection_cExport.cmake
[0.244s] -- Up-to-date: /home/hamza/hackathon_ws/install/sd_localization_msgs/share/sd_localization_msgs/cmake/sd_localization_msgs__rosidl_typesupport_introspection_cExport-noconfig.cmake
[0.244s] -- Up-to-date: /home/hamza/hackathon_ws/install/sd_localization_msgs/share/sd_localization_msgs/cmake/sd_localization_msgs__rosidl_typesupport_cExport.cmake
[0.244s] -- Up-to-date: /home/hamza/hackathon_ws/install/sd_localization_msgs/share/sd_localization_msgs/cmake/sd_localization_msgs__rosidl_typesupport_cExport-noconfig.cmake
[0.244s] -- Up-to-date: /home/hamza/hackathon_ws/install/sd_localization_msgs/share/sd_localization_msgs/cmake/sd_localization_msgs__rosidl_typesupport_introspection_cppExport.cmake
[0.244s] -- Up-to-date: /home/hamza/hackathon_ws/install/sd_localization_msgs/share/sd_localization_msgs/cmake/sd_localization_msgs__rosidl_typesupport_introspection_cppExport-noconfig.cmake
[0.244s] -- Up-to-date: /home/hamza/hackathon_ws/install/sd_localization_msgs/share/sd_localization_msgs/cmake/sd_localization_msgs__rosidl_typesupport_cppExport.cmake
[0.244s] -- Up-to-date: /home/hamza/hackathon_ws/install/sd_localization_msgs/share/sd_localization_msgs/cmake/sd_localization_msgs__rosidl_typesupport_cppExport-noconfig.cmake
[0.244s] -- Up-to-date: /home/hamza/hackathon_ws/install/sd_localization_msgs/share/sd_localization_msgs/cmake/export_sd_localization_msgs__rosidl_generator_pyExport.cmake
[0.244s] -- Up-to-date: /home/hamza/hackathon_ws/install/sd_localization_msgs/share/sd_localization_msgs/cmake/export_sd_localization_msgs__rosidl_generator_pyExport-noconfig.cmake
[0.245s] Invoked command in '/home/hamza/hackathon_ws/build/sd_localization_msgs' returned '0': CMAKE_PREFIX_PATH=/home/hamza/hackathon_ws/install/sd_map_msgs:/home/hamza/hackathon_ws/install/vectornav_msgs:/home/hamza/hackathon_ws/install/sd_localization_msgs:/home/hamza/hackathon_ws/install/sd_can_msgs:/home/hamza/hackathon_ws/install/racing_analyzer:/opt/ros/humble LD_LIBRARY_PATH=/home/hamza/hackathon_ws/install/sd_map_msgs/lib:/home/hamza/hackathon_ws/install/vectornav_msgs/lib:/home/hamza/hackathon_ws/install/sd_localization_msgs/lib:/home/hamza/hackathon_ws/install/sd_can_msgs/lib:/opt/ros/humble/opt/rviz_ogre_vendor/lib:/opt/ros/humble/lib/x86_64-linux-gnu:/opt/ros/humble/lib /usr/bin/cmake --install /home/hamza/hackathon_ws/build/sd_localization_msgs
