-- Found ament_cmake: 1.3.14 (/opt/ros/humble/share/ament_cmake/cmake)
-- Override CMake install command with custom implementation using symlinks instead of copying resources
-- Found geometry_msgs: 4.9.1 (/opt/ros/humble/share/geometry_msgs/cmake)
-- Found rosidl_generator_c: 3.1.8 (/opt/ros/humble/share/rosidl_generator_c/cmake)
-- Found rosidl_adapter: 3.1.8 (/opt/ros/humble/share/rosidl_adapter/cmake)
-- Found rosidl_generator_cpp: 3.1.8 (/opt/ros/humble/share/rosidl_generator_cpp/cmake)
-- Using all available rosidl_typesupport_c: rosidl_typesupport_fastrtps_c;rosidl_typesupport_introspection_c
-- Using all available rosidl_typesupport_cpp: rosidl_typesupport_fastrtps_cpp;rosidl_typesupport_introspection_cpp
-- Found rosidl_default_generators: 1.2.1 (/opt/ros/humble/share/rosidl_default_generators/cmake)
-- Found ament_cmake_ros: 0.10.0 (/opt/ros/humble/share/ament_cmake_ros/cmake)
-- Using all available rosidl_typesupport_c: rosidl_typesupport_fastrtps_c;rosidl_typesupport_introspection_c
-- Using all available rosidl_typesupport_cpp: rosidl_typesupport_fastrtps_cpp;rosidl_typesupport_introspection_cpp
-- Found python_cmake_module: 0.10.0 (/opt/ros/humble/share/python_cmake_module/cmake)
-- Using PYTHON_EXECUTABLE: /usr/bin/python3
-- Using PYTHON_INCLUDE_DIRS: /usr/include/python3.10
-- Using PYTHON_LIBRARIES: /usr/lib/x86_64-linux-gnu/libpython3.10.so
-- Configuring done
-- Generating done
-- Build files have been written to: /home/hamza/hackathon_ws/build/vectornav_msgs
[35m[1mConsolidate compiler generated dependencies of target vectornav_msgs__rosidl_generator_c[0m
[  2%] Built target vectornav_msgs__rs
[  4%] Built target vectornav_msgs__cpp
[  4%] Built target ament_cmake_python_symlink_vectornav_msgs
[35m[1mConsolidate compiler generated dependencies of target vectornav_msgs__rosidl_typesupport_introspection_cpp[0m
[35m[1mConsolidate compiler generated dependencies of target vectornav_msgs__rosidl_typesupport_cpp[0m
[35m[1mConsolidate compiler generated dependencies of target vectornav_msgs__rosidl_typesupport_fastrtps_cpp[0m
[ 14%] Built target vectornav_msgs__rosidl_generator_c
[ 25%] Built target vectornav_msgs__rosidl_typesupport_cpp
[35m[1mConsolidate compiler generated dependencies of target vectornav_msgs__rosidl_typesupport_fastrtps_c[0m
[35m[1mConsolidate compiler generated dependencies of target vectornav_msgs__rosidl_typesupport_introspection_c[0m
[35m[1mConsolidate compiler generated dependencies of target vectornav_msgs__rosidl_typesupport_c[0m
[ 35%] Built target vectornav_msgs__rosidl_typesupport_fastrtps_cpp
[ 45%] Built target vectornav_msgs__rosidl_typesupport_introspection_cpp
[ 56%] Built target vectornav_msgs__rosidl_typesupport_fastrtps_c
[ 66%] Built target vectornav_msgs__rosidl_typesupport_introspection_c
[ 77%] Built target vectornav_msgs__rosidl_typesupport_c
[ 77%] Built target vectornav_msgs
[ 79%] Built target vectornav_msgs__py
[35m[1mConsolidate compiler generated dependencies of target vectornav_msgs__rosidl_generator_py[0m
[ 87%] Built target vectornav_msgs__rosidl_generator_py
[35m[1mConsolidate compiler generated dependencies of target vectornav_msgs__rosidl_typesupport_introspection_c__pyext[0m
[35m[1mConsolidate compiler generated dependencies of target vectornav_msgs__rosidl_typesupport_c__pyext[0m
[35m[1mConsolidate compiler generated dependencies of target vectornav_msgs__rosidl_typesupport_fastrtps_c__pyext[0m
[ 91%] Built target vectornav_msgs__rosidl_typesupport_introspection_c__pyext
[ 95%] Built target vectornav_msgs__rosidl_typesupport_c__pyext
[100%] Built target vectornav_msgs__rosidl_typesupport_fastrtps_c__pyext
running egg_info
writing vectornav_msgs.egg-info/PKG-INFO
writing dependency_links to vectornav_msgs.egg-info/dependency_links.txt
writing top-level names to vectornav_msgs.egg-info/top_level.txt
reading manifest file 'vectornav_msgs.egg-info/SOURCES.txt'
writing manifest file 'vectornav_msgs.egg-info/SOURCES.txt'
[100%] Built target ament_cmake_python_build_vectornav_msgs_egg
-- Install configuration: ""
-- Execute custom install script
-- Up-to-date symlink: /home/hamza/hackathon_ws/install/vectornav_msgs/share/ament_index/resource_index/rosidl_interfaces/vectornav_msgs
-- Up-to-date symlink: /home/hamza/hackathon_ws/install/vectornav_msgs/include/vectornav_msgs/vectornav_msgs/msg/detail/dop__functions.h
-- Up-to-date symlink: /home/hamza/hackathon_ws/install/vectornav_msgs/include/vectornav_msgs/vectornav_msgs/msg/detail/dop__struct.h
-- Up-to-date symlink: /home/hamza/hackathon_ws/install/vectornav_msgs/include/vectornav_msgs/vectornav_msgs/msg/detail/dop__type_support.h
-- Up-to-date symlink: /home/hamza/hackathon_ws/install/vectornav_msgs/include/vectornav_msgs/vectornav_msgs/msg/detail/gps_group__functions.h
-- Up-to-date symlink: /home/hamza/hackathon_ws/install/vectornav_msgs/include/vectornav_msgs/vectornav_msgs/msg/detail/gps_group__struct.h
-- Up-to-date symlink: /home/hamza/hackathon_ws/install/vectornav_msgs/include/vectornav_msgs/vectornav_msgs/msg/detail/gps_group__type_support.h
-- Up-to-date symlink: /home/hamza/hackathon_ws/install/vectornav_msgs/include/vectornav_msgs/vectornav_msgs/msg/detail/time_utc__functions.h
-- Up-to-date symlink: /home/hamza/hackathon_ws/install/vectornav_msgs/include/vectornav_msgs/vectornav_msgs/msg/detail/time_utc__struct.h
-- Up-to-date symlink: /home/hamza/hackathon_ws/install/vectornav_msgs/include/vectornav_msgs/vectornav_msgs/msg/detail/time_utc__type_support.h
-- Up-to-date symlink: /home/hamza/hackathon_ws/install/vectornav_msgs/include/vectornav_msgs/vectornav_msgs/msg/dop.h
-- Up-to-date symlink: /home/hamza/hackathon_ws/install/vectornav_msgs/include/vectornav_msgs/vectornav_msgs/msg/gps_group.h
-- Up-to-date symlink: /home/hamza/hackathon_ws/install/vectornav_msgs/include/vectornav_msgs/vectornav_msgs/msg/rosidl_generator_c__visibility_control.h
-- Up-to-date symlink: /home/hamza/hackathon_ws/install/vectornav_msgs/include/vectornav_msgs/vectornav_msgs/msg/time_utc.h
-- Up-to-date symlink: /home/hamza/hackathon_ws/install/vectornav_msgs/share/vectornav_msgs/environment/library_path.sh
-- Up-to-date symlink: /home/hamza/hackathon_ws/install/vectornav_msgs/share/vectornav_msgs/environment/library_path.dsv
-- Up-to-date symlink: /home/hamza/hackathon_ws/install/vectornav_msgs/include/vectornav_msgs/vectornav_msgs/msg/detail/dop__rosidl_typesupport_fastrtps_c.h
-- Up-to-date symlink: /home/hamza/hackathon_ws/install/vectornav_msgs/include/vectornav_msgs/vectornav_msgs/msg/detail/gps_group__rosidl_typesupport_fastrtps_c.h
-- Up-to-date symlink: /home/hamza/hackathon_ws/install/vectornav_msgs/include/vectornav_msgs/vectornav_msgs/msg/detail/time_utc__rosidl_typesupport_fastrtps_c.h
-- Up-to-date symlink: /home/hamza/hackathon_ws/install/vectornav_msgs/include/vectornav_msgs/vectornav_msgs/msg/rosidl_typesupport_fastrtps_c__visibility_control.h
-- Up-to-date symlink: /home/hamza/hackathon_ws/install/vectornav_msgs/include/vectornav_msgs/vectornav_msgs/msg/detail/dop__builder.hpp
-- Up-to-date symlink: /home/hamza/hackathon_ws/install/vectornav_msgs/include/vectornav_msgs/vectornav_msgs/msg/detail/dop__struct.hpp
-- Up-to-date symlink: /home/hamza/hackathon_ws/install/vectornav_msgs/include/vectornav_msgs/vectornav_msgs/msg/detail/dop__traits.hpp
-- Up-to-date symlink: /home/hamza/hackathon_ws/install/vectornav_msgs/include/vectornav_msgs/vectornav_msgs/msg/detail/dop__type_support.hpp
-- Up-to-date symlink: /home/hamza/hackathon_ws/install/vectornav_msgs/include/vectornav_msgs/vectornav_msgs/msg/detail/gps_group__builder.hpp
-- Up-to-date symlink: /home/hamza/hackathon_ws/install/vectornav_msgs/include/vectornav_msgs/vectornav_msgs/msg/detail/gps_group__struct.hpp
-- Up-to-date symlink: /home/hamza/hackathon_ws/install/vectornav_msgs/include/vectornav_msgs/vectornav_msgs/msg/detail/gps_group__traits.hpp
-- Up-to-date symlink: /home/hamza/hackathon_ws/install/vectornav_msgs/include/vectornav_msgs/vectornav_msgs/msg/detail/gps_group__type_support.hpp
-- Up-to-date symlink: /home/hamza/hackathon_ws/install/vectornav_msgs/include/vectornav_msgs/vectornav_msgs/msg/detail/time_utc__builder.hpp
-- Up-to-date symlink: /home/hamza/hackathon_ws/install/vectornav_msgs/include/vectornav_msgs/vectornav_msgs/msg/detail/time_utc__struct.hpp
-- Up-to-date symlink: /home/hamza/hackathon_ws/install/vectornav_msgs/include/vectornav_msgs/vectornav_msgs/msg/detail/time_utc__traits.hpp
-- Up-to-date symlink: /home/hamza/hackathon_ws/install/vectornav_msgs/include/vectornav_msgs/vectornav_msgs/msg/detail/time_utc__type_support.hpp
-- Up-to-date symlink: /home/hamza/hackathon_ws/install/vectornav_msgs/include/vectornav_msgs/vectornav_msgs/msg/dop.hpp
-- Up-to-date symlink: /home/hamza/hackathon_ws/install/vectornav_msgs/include/vectornav_msgs/vectornav_msgs/msg/gps_group.hpp
-- Up-to-date symlink: /home/hamza/hackathon_ws/install/vectornav_msgs/include/vectornav_msgs/vectornav_msgs/msg/rosidl_generator_cpp__visibility_control.hpp
-- Up-to-date symlink: /home/hamza/hackathon_ws/install/vectornav_msgs/include/vectornav_msgs/vectornav_msgs/msg/time_utc.hpp
-- Up-to-date symlink: /home/hamza/hackathon_ws/install/vectornav_msgs/include/vectornav_msgs/vectornav_msgs/msg/detail/dop__rosidl_typesupport_fastrtps_cpp.hpp
-- Up-to-date symlink: /home/hamza/hackathon_ws/install/vectornav_msgs/include/vectornav_msgs/vectornav_msgs/msg/detail/gps_group__rosidl_typesupport_fastrtps_cpp.hpp
-- Up-to-date symlink: /home/hamza/hackathon_ws/install/vectornav_msgs/include/vectornav_msgs/vectornav_msgs/msg/detail/time_utc__rosidl_typesupport_fastrtps_cpp.hpp
-- Up-to-date symlink: /home/hamza/hackathon_ws/install/vectornav_msgs/include/vectornav_msgs/vectornav_msgs/msg/rosidl_typesupport_fastrtps_cpp__visibility_control.h
-- Up-to-date symlink: /home/hamza/hackathon_ws/install/vectornav_msgs/include/vectornav_msgs/vectornav_msgs/msg/detail/dop__rosidl_typesupport_introspection_c.h
-- Up-to-date symlink: /home/hamza/hackathon_ws/install/vectornav_msgs/include/vectornav_msgs/vectornav_msgs/msg/detail/gps_group__rosidl_typesupport_introspection_c.h
-- Up-to-date symlink: /home/hamza/hackathon_ws/install/vectornav_msgs/include/vectornav_msgs/vectornav_msgs/msg/detail/time_utc__rosidl_typesupport_introspection_c.h
-- Up-to-date symlink: /home/hamza/hackathon_ws/install/vectornav_msgs/include/vectornav_msgs/vectornav_msgs/msg/rosidl_typesupport_introspection_c__visibility_control.h
-- Up-to-date symlink: /home/hamza/hackathon_ws/install/vectornav_msgs/include/vectornav_msgs/vectornav_msgs/msg/detail/dop__rosidl_typesupport_introspection_cpp.hpp
-- Up-to-date symlink: /home/hamza/hackathon_ws/install/vectornav_msgs/include/vectornav_msgs/vectornav_msgs/msg/detail/gps_group__rosidl_typesupport_introspection_cpp.hpp
-- Up-to-date symlink: /home/hamza/hackathon_ws/install/vectornav_msgs/include/vectornav_msgs/vectornav_msgs/msg/detail/time_utc__rosidl_typesupport_introspection_cpp.hpp
-- Up-to-date symlink: /home/hamza/hackathon_ws/install/vectornav_msgs/share/vectornav_msgs/environment/pythonpath.sh
-- Up-to-date symlink: /home/hamza/hackathon_ws/install/vectornav_msgs/share/vectornav_msgs/environment/pythonpath.dsv
-- Up-to-date symlink: /home/hamza/hackathon_ws/install/vectornav_msgs/local/lib/python3.10/dist-packages/vectornav_msgs-3.0.0-py3.10.egg-info/PKG-INFO
-- Up-to-date symlink: /home/hamza/hackathon_ws/install/vectornav_msgs/local/lib/python3.10/dist-packages/vectornav_msgs-3.0.0-py3.10.egg-info/SOURCES.txt
-- Up-to-date symlink: /home/hamza/hackathon_ws/install/vectornav_msgs/local/lib/python3.10/dist-packages/vectornav_msgs-3.0.0-py3.10.egg-info/dependency_links.txt
-- Up-to-date symlink: /home/hamza/hackathon_ws/install/vectornav_msgs/local/lib/python3.10/dist-packages/vectornav_msgs-3.0.0-py3.10.egg-info/top_level.txt
-- Up-to-date symlink: /home/hamza/hackathon_ws/install/vectornav_msgs/local/lib/python3.10/dist-packages/vectornav_msgs/__init__.py
-- Up-to-date symlink: /home/hamza/hackathon_ws/install/vectornav_msgs/local/lib/python3.10/dist-packages/vectornav_msgs/_vectornav_msgs_s.ep.rosidl_typesupport_c.c
-- Up-to-date symlink: /home/hamza/hackathon_ws/install/vectornav_msgs/local/lib/python3.10/dist-packages/vectornav_msgs/_vectornav_msgs_s.ep.rosidl_typesupport_fastrtps_c.c
-- Up-to-date symlink: /home/hamza/hackathon_ws/install/vectornav_msgs/local/lib/python3.10/dist-packages/vectornav_msgs/_vectornav_msgs_s.ep.rosidl_typesupport_introspection_c.c
-- Up-to-date symlink: /home/hamza/hackathon_ws/install/vectornav_msgs/local/lib/python3.10/dist-packages/vectornav_msgs/libvectornav_msgs__rosidl_generator_py.so
-- Up-to-date symlink: /home/hamza/hackathon_ws/install/vectornav_msgs/local/lib/python3.10/dist-packages/vectornav_msgs/msg/__init__.py
-- Up-to-date symlink: /home/hamza/hackathon_ws/install/vectornav_msgs/local/lib/python3.10/dist-packages/vectornav_msgs/msg/_dop.py
-- Up-to-date symlink: /home/hamza/hackathon_ws/install/vectornav_msgs/local/lib/python3.10/dist-packages/vectornav_msgs/msg/_dop_s.c
-- Up-to-date symlink: /home/hamza/hackathon_ws/install/vectornav_msgs/local/lib/python3.10/dist-packages/vectornav_msgs/msg/_gps_group.py
-- Up-to-date symlink: /home/hamza/hackathon_ws/install/vectornav_msgs/local/lib/python3.10/dist-packages/vectornav_msgs/msg/_gps_group_s.c
-- Up-to-date symlink: /home/hamza/hackathon_ws/install/vectornav_msgs/local/lib/python3.10/dist-packages/vectornav_msgs/msg/_time_utc.py
-- Up-to-date symlink: /home/hamza/hackathon_ws/install/vectornav_msgs/local/lib/python3.10/dist-packages/vectornav_msgs/msg/_time_utc_s.c
-- Up-to-date symlink: /home/hamza/hackathon_ws/install/vectornav_msgs/local/lib/python3.10/dist-packages/vectornav_msgs/vectornav_msgs_s__rosidl_typesupport_c.cpython-310-x86_64-linux-gnu.so
-- Up-to-date symlink: /home/hamza/hackathon_ws/install/vectornav_msgs/local/lib/python3.10/dist-packages/vectornav_msgs/vectornav_msgs_s__rosidl_typesupport_fastrtps_c.cpython-310-x86_64-linux-gnu.so
-- Up-to-date symlink: /home/hamza/hackathon_ws/install/vectornav_msgs/local/lib/python3.10/dist-packages/vectornav_msgs/vectornav_msgs_s__rosidl_typesupport_introspection_c.cpython-310-x86_64-linux-gnu.so
-- Up-to-date symlink: /home/hamza/hackathon_ws/install/vectornav_msgs/local/lib/python3.10/dist-packages/vectornav_msgs/vectornav_msgs_s__rosidl_typesupport_fastrtps_c.cpython-310-x86_64-linux-gnu.so
-- Up-to-date symlink: /home/hamza/hackathon_ws/install/vectornav_msgs/local/lib/python3.10/dist-packages/vectornav_msgs/vectornav_msgs_s__rosidl_typesupport_introspection_c.cpython-310-x86_64-linux-gnu.so
-- Up-to-date symlink: /home/hamza/hackathon_ws/install/vectornav_msgs/local/lib/python3.10/dist-packages/vectornav_msgs/vectornav_msgs_s__rosidl_typesupport_c.cpython-310-x86_64-linux-gnu.so
-- Up-to-date symlink: /home/hamza/hackathon_ws/install/vectornav_msgs/share/ament_index/resource_index/rust_packages/vectornav_msgs
-- Up-to-date symlink: /home/hamza/hackathon_ws/install/vectornav_msgs/share/vectornav_msgs/rust/Cargo.toml
-- Up-to-date symlink: /home/hamza/hackathon_ws/install/vectornav_msgs/share/vectornav_msgs/rust/build.rs
-- Up-to-date symlink: /home/hamza/hackathon_ws/install/vectornav_msgs/share/vectornav_msgs/rust/src/lib.rs
-- Up-to-date symlink: /home/hamza/hackathon_ws/install/vectornav_msgs/share/vectornav_msgs/rust/src/msg.rs
-- Up-to-date symlink: /home/hamza/hackathon_ws/install/vectornav_msgs/share/vectornav_msgs/rust/src/msg/rmw.rs
-- Up-to-date symlink: /home/hamza/hackathon_ws/install/vectornav_msgs/share/vectornav_msgs/msg/DOP.idl
-- Up-to-date symlink: /home/hamza/hackathon_ws/install/vectornav_msgs/share/vectornav_msgs/msg/GpsGroup.idl
-- Up-to-date symlink: /home/hamza/hackathon_ws/install/vectornav_msgs/share/vectornav_msgs/msg/TimeUTC.idl
-- Up-to-date symlink: /home/hamza/hackathon_ws/install/vectornav_msgs/share/vectornav_msgs/msg/DOP.msg
-- Up-to-date symlink: /home/hamza/hackathon_ws/install/vectornav_msgs/share/vectornav_msgs/msg/GpsGroup.msg
-- Up-to-date symlink: /home/hamza/hackathon_ws/install/vectornav_msgs/share/vectornav_msgs/msg/TimeUTC.msg
-- Up-to-date symlink: /home/hamza/hackathon_ws/install/vectornav_msgs/share/ament_index/resource_index/package_run_dependencies/vectornav_msgs
-- Up-to-date symlink: /home/hamza/hackathon_ws/install/vectornav_msgs/share/ament_index/resource_index/parent_prefix_path/vectornav_msgs
-- Up-to-date symlink: /home/hamza/hackathon_ws/install/vectornav_msgs/share/vectornav_msgs/environment/ament_prefix_path.sh
-- Up-to-date symlink: /home/hamza/hackathon_ws/install/vectornav_msgs/share/vectornav_msgs/environment/ament_prefix_path.dsv
-- Up-to-date symlink: /home/hamza/hackathon_ws/install/vectornav_msgs/share/vectornav_msgs/environment/path.sh
-- Up-to-date symlink: /home/hamza/hackathon_ws/install/vectornav_msgs/share/vectornav_msgs/environment/path.dsv
-- Up-to-date symlink: /home/hamza/hackathon_ws/install/vectornav_msgs/share/vectornav_msgs/local_setup.bash
-- Up-to-date symlink: /home/hamza/hackathon_ws/install/vectornav_msgs/share/vectornav_msgs/local_setup.sh
-- Up-to-date symlink: /home/hamza/hackathon_ws/install/vectornav_msgs/share/vectornav_msgs/local_setup.zsh
-- Up-to-date symlink: /home/hamza/hackathon_ws/install/vectornav_msgs/share/vectornav_msgs/local_setup.dsv
-- Symlinking: /home/hamza/hackathon_ws/install/vectornav_msgs/share/vectornav_msgs/package.dsv
-- Up-to-date symlink: /home/hamza/hackathon_ws/install/vectornav_msgs/share/ament_index/resource_index/packages/vectornav_msgs
-- Up-to-date symlink: /home/hamza/hackathon_ws/install/vectornav_msgs/share/vectornav_msgs/cmake/rosidl_cmake-extras.cmake
-- Up-to-date symlink: /home/hamza/hackathon_ws/install/vectornav_msgs/share/vectornav_msgs/cmake/ament_cmake_export_dependencies-extras.cmake
-- Up-to-date symlink: /home/hamza/hackathon_ws/install/vectornav_msgs/share/vectornav_msgs/cmake/ament_cmake_export_include_directories-extras.cmake
-- Up-to-date symlink: /home/hamza/hackathon_ws/install/vectornav_msgs/share/vectornav_msgs/cmake/ament_cmake_export_libraries-extras.cmake
-- Up-to-date symlink: /home/hamza/hackathon_ws/install/vectornav_msgs/share/vectornav_msgs/cmake/ament_cmake_export_targets-extras.cmake
-- Up-to-date symlink: /home/hamza/hackathon_ws/install/vectornav_msgs/share/vectornav_msgs/cmake/rosidl_cmake_export_typesupport_targets-extras.cmake
-- Up-to-date symlink: /home/hamza/hackathon_ws/install/vectornav_msgs/share/vectornav_msgs/cmake/rosidl_cmake_export_typesupport_libraries-extras.cmake
-- Up-to-date symlink: /home/hamza/hackathon_ws/install/vectornav_msgs/share/vectornav_msgs/cmake/vectornav_msgsConfig.cmake
-- Up-to-date symlink: /home/hamza/hackathon_ws/install/vectornav_msgs/share/vectornav_msgs/cmake/vectornav_msgsConfig-version.cmake
-- Up-to-date symlink: /home/hamza/hackathon_ws/install/vectornav_msgs/share/vectornav_msgs/package.xml
-- Up-to-date: /home/hamza/hackathon_ws/install/vectornav_msgs/lib/libvectornav_msgs__rosidl_generator_c.so
-- Up-to-date: /home/hamza/hackathon_ws/install/vectornav_msgs/lib/libvectornav_msgs__rosidl_typesupport_fastrtps_c.so
-- Up-to-date: /home/hamza/hackathon_ws/install/vectornav_msgs/lib/libvectornav_msgs__rosidl_typesupport_fastrtps_cpp.so
-- Up-to-date: /home/hamza/hackathon_ws/install/vectornav_msgs/lib/libvectornav_msgs__rosidl_typesupport_introspection_c.so
-- Up-to-date: /home/hamza/hackathon_ws/install/vectornav_msgs/lib/libvectornav_msgs__rosidl_typesupport_c.so
-- Up-to-date: /home/hamza/hackathon_ws/install/vectornav_msgs/lib/libvectornav_msgs__rosidl_typesupport_introspection_cpp.so
-- Up-to-date: /home/hamza/hackathon_ws/install/vectornav_msgs/lib/libvectornav_msgs__rosidl_typesupport_cpp.so
Listing '/home/hamza/hackathon_ws/install/vectornav_msgs/local/lib/python3.10/dist-packages/vectornav_msgs'...
Compiling '/home/hamza/hackathon_ws/install/vectornav_msgs/local/lib/python3.10/dist-packages/vectornav_msgs/__init__.py'...
Listing '/home/hamza/hackathon_ws/install/vectornav_msgs/local/lib/python3.10/dist-packages/vectornav_msgs/msg'...
-- Up-to-date: /home/hamza/hackathon_ws/install/vectornav_msgs/lib/libvectornav_msgs__rosidl_generator_py.so
-- Up-to-date: /home/hamza/hackathon_ws/install/vectornav_msgs/share/vectornav_msgs/cmake/export_vectornav_msgs__rosidl_generator_cExport.cmake
-- Up-to-date: /home/hamza/hackathon_ws/install/vectornav_msgs/share/vectornav_msgs/cmake/export_vectornav_msgs__rosidl_generator_cExport-noconfig.cmake
-- Up-to-date: /home/hamza/hackathon_ws/install/vectornav_msgs/share/vectornav_msgs/cmake/export_vectornav_msgs__rosidl_typesupport_fastrtps_cExport.cmake
-- Up-to-date: /home/hamza/hackathon_ws/install/vectornav_msgs/share/vectornav_msgs/cmake/export_vectornav_msgs__rosidl_typesupport_fastrtps_cExport-noconfig.cmake
-- Up-to-date: /home/hamza/hackathon_ws/install/vectornav_msgs/share/vectornav_msgs/cmake/export_vectornav_msgs__rosidl_generator_cppExport.cmake
-- Up-to-date: /home/hamza/hackathon_ws/install/vectornav_msgs/share/vectornav_msgs/cmake/export_vectornav_msgs__rosidl_typesupport_fastrtps_cppExport.cmake
-- Up-to-date: /home/hamza/hackathon_ws/install/vectornav_msgs/share/vectornav_msgs/cmake/export_vectornav_msgs__rosidl_typesupport_fastrtps_cppExport-noconfig.cmake
-- Up-to-date: /home/hamza/hackathon_ws/install/vectornav_msgs/share/vectornav_msgs/cmake/vectornav_msgs__rosidl_typesupport_introspection_cExport.cmake
-- Up-to-date: /home/hamza/hackathon_ws/install/vectornav_msgs/share/vectornav_msgs/cmake/vectornav_msgs__rosidl_typesupport_introspection_cExport-noconfig.cmake
-- Up-to-date: /home/hamza/hackathon_ws/install/vectornav_msgs/share/vectornav_msgs/cmake/vectornav_msgs__rosidl_typesupport_cExport.cmake
-- Up-to-date: /home/hamza/hackathon_ws/install/vectornav_msgs/share/vectornav_msgs/cmake/vectornav_msgs__rosidl_typesupport_cExport-noconfig.cmake
-- Up-to-date: /home/hamza/hackathon_ws/install/vectornav_msgs/share/vectornav_msgs/cmake/vectornav_msgs__rosidl_typesupport_introspection_cppExport.cmake
-- Up-to-date: /home/hamza/hackathon_ws/install/vectornav_msgs/share/vectornav_msgs/cmake/vectornav_msgs__rosidl_typesupport_introspection_cppExport-noconfig.cmake
-- Up-to-date: /home/hamza/hackathon_ws/install/vectornav_msgs/share/vectornav_msgs/cmake/vectornav_msgs__rosidl_typesupport_cppExport.cmake
-- Up-to-date: /home/hamza/hackathon_ws/install/vectornav_msgs/share/vectornav_msgs/cmake/vectornav_msgs__rosidl_typesupport_cppExport-noconfig.cmake
-- Up-to-date: /home/hamza/hackathon_ws/install/vectornav_msgs/share/vectornav_msgs/cmake/export_vectornav_msgs__rosidl_generator_pyExport.cmake
-- Up-to-date: /home/hamza/hackathon_ws/install/vectornav_msgs/share/vectornav_msgs/cmake/export_vectornav_msgs__rosidl_generator_pyExport-noconfig.cmake
