[0.007s] Invoking command in '/home/hamza/hackathon_ws/build/vectornav_msgs': CMAKE_PREFIX_PATH=${CMAKE_PREFIX_PATH}:/home/hamza/hackathon_ws/install/racing_analyzer:/opt/ros/humble /usr/bin/cmake /home/hamza/hackathon_ws/src/sd_msgs/vectornav_msgs -DCMAKE_INSTALL_PREFIX=/home/hamza/hackathon_ws/install/vectornav_msgs
[0.040s] -- Found ament_cmake: 1.3.14 (/opt/ros/humble/share/ament_cmake/cmake)
[0.122s] -- Override CMake install command with custom implementation using symlinks instead of copying resources
[0.139s] -- Found geometry_msgs: 4.9.1 (/opt/ros/humble/share/geometry_msgs/cmake)
[0.163s] -- Found rosidl_generator_c: 3.1.8 (/opt/ros/humble/share/rosidl_generator_c/cmake)
[0.167s] -- Found rosidl_adapter: 3.1.8 (/opt/ros/humble/share/rosidl_adapter/cmake)
[0.173s] -- Found rosidl_generator_cpp: 3.1.8 (/opt/ros/humble/share/rosidl_generator_cpp/cmake)
[0.183s] -- Using all available rosidl_typesupport_c: rosidl_typesupport_fastrtps_c;rosidl_typesupport_introspection_c
[0.193s] -- Using all available rosidl_typesupport_cpp: rosidl_typesupport_fastrtps_cpp;rosidl_typesupport_introspection_cpp
[0.222s] -- Found rosidl_default_generators: 1.2.1 (/opt/ros/humble/share/rosidl_default_generators/cmake)
[0.399s] -- Found ament_cmake_ros: 0.10.0 (/opt/ros/humble/share/ament_cmake_ros/cmake)
[0.631s] -- Using all available rosidl_typesupport_c: rosidl_typesupport_fastrtps_c;rosidl_typesupport_introspection_c
[0.715s] -- Using all available rosidl_typesupport_cpp: rosidl_typesupport_fastrtps_cpp;rosidl_typesupport_introspection_cpp
[0.729s] -- Found python_cmake_module: 0.10.0 (/opt/ros/humble/share/python_cmake_module/cmake)
[0.741s] -- Using PYTHON_EXECUTABLE: /usr/bin/python3
[0.741s] -- Using PYTHON_INCLUDE_DIRS: /usr/include/python3.10
[0.741s] -- Using PYTHON_LIBRARIES: /usr/lib/x86_64-linux-gnu/libpython3.10.so
[0.806s] -- Configuring done
[0.825s] -- Generating done
[0.832s] -- Build files have been written to: /home/hamza/hackathon_ws/build/vectornav_msgs
[0.836s] Invoked command in '/home/hamza/hackathon_ws/build/vectornav_msgs' returned '0': CMAKE_PREFIX_PATH=${CMAKE_PREFIX_PATH}:/home/hamza/hackathon_ws/install/racing_analyzer:/opt/ros/humble /usr/bin/cmake /home/hamza/hackathon_ws/src/sd_msgs/vectornav_msgs -DCMAKE_INSTALL_PREFIX=/home/hamza/hackathon_ws/install/vectornav_msgs
[0.837s] Invoking command in '/home/hamza/hackathon_ws/build/vectornav_msgs': CMAKE_PREFIX_PATH=${CMAKE_PREFIX_PATH}:/home/hamza/hackathon_ws/install/racing_analyzer:/opt/ros/humble /usr/bin/cmake --build /home/hamza/hackathon_ws/build/vectornav_msgs -- -j20 -l20
[0.866s] [35m[1mConsolidate compiler generated dependencies of target vectornav_msgs__rosidl_generator_c[0m
[0.870s] [  2%] Built target vectornav_msgs__rs
[0.871s] [  4%] Built target vectornav_msgs__cpp
[0.874s] [  4%] Built target ament_cmake_python_symlink_vectornav_msgs
[0.878s] [35m[1mConsolidate compiler generated dependencies of target vectornav_msgs__rosidl_typesupport_introspection_cpp[0m
[0.880s] [35m[1mConsolidate compiler generated dependencies of target vectornav_msgs__rosidl_typesupport_cpp[0m
[0.880s] [35m[1mConsolidate compiler generated dependencies of target vectornav_msgs__rosidl_typesupport_fastrtps_cpp[0m
[0.885s] [ 14%] Built target vectornav_msgs__rosidl_generator_c
[0.894s] [ 25%] Built target vectornav_msgs__rosidl_typesupport_cpp
[0.894s] [35m[1mConsolidate compiler generated dependencies of target vectornav_msgs__rosidl_typesupport_fastrtps_c[0m
[0.894s] [35m[1mConsolidate compiler generated dependencies of target vectornav_msgs__rosidl_typesupport_introspection_c[0m
[0.894s] [35m[1mConsolidate compiler generated dependencies of target vectornav_msgs__rosidl_typesupport_c[0m
[0.896s] [ 35%] Built target vectornav_msgs__rosidl_typesupport_fastrtps_cpp
[0.898s] [ 45%] Built target vectornav_msgs__rosidl_typesupport_introspection_cpp
[0.904s] [ 56%] Built target vectornav_msgs__rosidl_typesupport_fastrtps_c
[0.905s] [ 66%] Built target vectornav_msgs__rosidl_typesupport_introspection_c
[0.909s] [ 77%] Built target vectornav_msgs__rosidl_typesupport_c
[0.926s] [ 77%] Built target vectornav_msgs
[0.941s] [ 79%] Built target vectornav_msgs__py
[0.948s] [35m[1mConsolidate compiler generated dependencies of target vectornav_msgs__rosidl_generator_py[0m
[0.958s] [ 87%] Built target vectornav_msgs__rosidl_generator_py
[0.963s] [35m[1mConsolidate compiler generated dependencies of target vectornav_msgs__rosidl_typesupport_introspection_c__pyext[0m
[0.964s] [35m[1mConsolidate compiler generated dependencies of target vectornav_msgs__rosidl_typesupport_c__pyext[0m
[0.966s] [35m[1mConsolidate compiler generated dependencies of target vectornav_msgs__rosidl_typesupport_fastrtps_c__pyext[0m
[0.970s] [ 91%] Built target vectornav_msgs__rosidl_typesupport_introspection_c__pyext
[0.972s] [ 95%] Built target vectornav_msgs__rosidl_typesupport_c__pyext
[0.974s] [100%] Built target vectornav_msgs__rosidl_typesupport_fastrtps_c__pyext
[1.041s] running egg_info
[1.041s] writing vectornav_msgs.egg-info/PKG-INFO
[1.041s] writing dependency_links to vectornav_msgs.egg-info/dependency_links.txt
[1.041s] writing top-level names to vectornav_msgs.egg-info/top_level.txt
[1.043s] reading manifest file 'vectornav_msgs.egg-info/SOURCES.txt'
[1.043s] writing manifest file 'vectornav_msgs.egg-info/SOURCES.txt'
[1.059s] [100%] Built target ament_cmake_python_build_vectornav_msgs_egg
[1.068s] Invoked command in '/home/hamza/hackathon_ws/build/vectornav_msgs' returned '0': CMAKE_PREFIX_PATH=${CMAKE_PREFIX_PATH}:/home/hamza/hackathon_ws/install/racing_analyzer:/opt/ros/humble /usr/bin/cmake --build /home/hamza/hackathon_ws/build/vectornav_msgs -- -j20 -l20
[1.069s] Invoking command in '/home/hamza/hackathon_ws/build/vectornav_msgs': CMAKE_PREFIX_PATH=${CMAKE_PREFIX_PATH}:/home/hamza/hackathon_ws/install/racing_analyzer:/opt/ros/humble /usr/bin/cmake --install /home/hamza/hackathon_ws/build/vectornav_msgs
[1.076s] -- Install configuration: ""
[1.076s] -- Execute custom install script
[1.076s] -- Up-to-date symlink: /home/hamza/hackathon_ws/install/vectornav_msgs/share/ament_index/resource_index/rosidl_interfaces/vectornav_msgs
[1.076s] -- Up-to-date symlink: /home/hamza/hackathon_ws/install/vectornav_msgs/include/vectornav_msgs/vectornav_msgs/msg/detail/dop__functions.h
[1.076s] -- Up-to-date symlink: /home/hamza/hackathon_ws/install/vectornav_msgs/include/vectornav_msgs/vectornav_msgs/msg/detail/dop__struct.h
[1.077s] -- Up-to-date symlink: /home/hamza/hackathon_ws/install/vectornav_msgs/include/vectornav_msgs/vectornav_msgs/msg/detail/dop__type_support.h
[1.077s] -- Up-to-date symlink: /home/hamza/hackathon_ws/install/vectornav_msgs/include/vectornav_msgs/vectornav_msgs/msg/detail/gps_group__functions.h
[1.077s] -- Up-to-date symlink: /home/hamza/hackathon_ws/install/vectornav_msgs/include/vectornav_msgs/vectornav_msgs/msg/detail/gps_group__struct.h
[1.077s] -- Up-to-date symlink: /home/hamza/hackathon_ws/install/vectornav_msgs/include/vectornav_msgs/vectornav_msgs/msg/detail/gps_group__type_support.h
[1.077s] -- Up-to-date symlink: /home/hamza/hackathon_ws/install/vectornav_msgs/include/vectornav_msgs/vectornav_msgs/msg/detail/time_utc__functions.h
[1.077s] -- Up-to-date symlink: /home/hamza/hackathon_ws/install/vectornav_msgs/include/vectornav_msgs/vectornav_msgs/msg/detail/time_utc__struct.h
[1.077s] -- Up-to-date symlink: /home/hamza/hackathon_ws/install/vectornav_msgs/include/vectornav_msgs/vectornav_msgs/msg/detail/time_utc__type_support.h
[1.077s] -- Up-to-date symlink: /home/hamza/hackathon_ws/install/vectornav_msgs/include/vectornav_msgs/vectornav_msgs/msg/dop.h
[1.077s] -- Up-to-date symlink: /home/hamza/hackathon_ws/install/vectornav_msgs/include/vectornav_msgs/vectornav_msgs/msg/gps_group.h
[1.077s] -- Up-to-date symlink: /home/hamza/hackathon_ws/install/vectornav_msgs/include/vectornav_msgs/vectornav_msgs/msg/rosidl_generator_c__visibility_control.h
[1.077s] -- Up-to-date symlink: /home/hamza/hackathon_ws/install/vectornav_msgs/include/vectornav_msgs/vectornav_msgs/msg/time_utc.h
[1.077s] -- Up-to-date symlink: /home/hamza/hackathon_ws/install/vectornav_msgs/share/vectornav_msgs/environment/library_path.sh
[1.077s] -- Up-to-date symlink: /home/hamza/hackathon_ws/install/vectornav_msgs/share/vectornav_msgs/environment/library_path.dsv
[1.077s] -- Up-to-date symlink: /home/hamza/hackathon_ws/install/vectornav_msgs/include/vectornav_msgs/vectornav_msgs/msg/detail/dop__rosidl_typesupport_fastrtps_c.h
[1.078s] -- Up-to-date symlink: /home/hamza/hackathon_ws/install/vectornav_msgs/include/vectornav_msgs/vectornav_msgs/msg/detail/gps_group__rosidl_typesupport_fastrtps_c.h
[1.078s] -- Up-to-date symlink: /home/hamza/hackathon_ws/install/vectornav_msgs/include/vectornav_msgs/vectornav_msgs/msg/detail/time_utc__rosidl_typesupport_fastrtps_c.h
[1.078s] -- Up-to-date symlink: /home/hamza/hackathon_ws/install/vectornav_msgs/include/vectornav_msgs/vectornav_msgs/msg/rosidl_typesupport_fastrtps_c__visibility_control.h
[1.078s] -- Up-to-date symlink: /home/hamza/hackathon_ws/install/vectornav_msgs/include/vectornav_msgs/vectornav_msgs/msg/detail/dop__builder.hpp
[1.078s] -- Up-to-date symlink: /home/hamza/hackathon_ws/install/vectornav_msgs/include/vectornav_msgs/vectornav_msgs/msg/detail/dop__struct.hpp
[1.078s] -- Up-to-date symlink: /home/hamza/hackathon_ws/install/vectornav_msgs/include/vectornav_msgs/vectornav_msgs/msg/detail/dop__traits.hpp
[1.078s] -- Up-to-date symlink: /home/hamza/hackathon_ws/install/vectornav_msgs/include/vectornav_msgs/vectornav_msgs/msg/detail/dop__type_support.hpp
[1.078s] -- Up-to-date symlink: /home/hamza/hackathon_ws/install/vectornav_msgs/include/vectornav_msgs/vectornav_msgs/msg/detail/gps_group__builder.hpp
[1.078s] -- Up-to-date symlink: /home/hamza/hackathon_ws/install/vectornav_msgs/include/vectornav_msgs/vectornav_msgs/msg/detail/gps_group__struct.hpp
[1.078s] -- Up-to-date symlink: /home/hamza/hackathon_ws/install/vectornav_msgs/include/vectornav_msgs/vectornav_msgs/msg/detail/gps_group__traits.hpp
[1.078s] -- Up-to-date symlink: /home/hamza/hackathon_ws/install/vectornav_msgs/include/vectornav_msgs/vectornav_msgs/msg/detail/gps_group__type_support.hpp
[1.078s] -- Up-to-date symlink: /home/hamza/hackathon_ws/install/vectornav_msgs/include/vectornav_msgs/vectornav_msgs/msg/detail/time_utc__builder.hpp
[1.078s] -- Up-to-date symlink: /home/hamza/hackathon_ws/install/vectornav_msgs/include/vectornav_msgs/vectornav_msgs/msg/detail/time_utc__struct.hpp
[1.078s] -- Up-to-date symlink: /home/hamza/hackathon_ws/install/vectornav_msgs/include/vectornav_msgs/vectornav_msgs/msg/detail/time_utc__traits.hpp
[1.078s] -- Up-to-date symlink: /home/hamza/hackathon_ws/install/vectornav_msgs/include/vectornav_msgs/vectornav_msgs/msg/detail/time_utc__type_support.hpp
[1.078s] -- Up-to-date symlink: /home/hamza/hackathon_ws/install/vectornav_msgs/include/vectornav_msgs/vectornav_msgs/msg/dop.hpp
[1.078s] -- Up-to-date symlink: /home/hamza/hackathon_ws/install/vectornav_msgs/include/vectornav_msgs/vectornav_msgs/msg/gps_group.hpp
[1.078s] -- Up-to-date symlink: /home/hamza/hackathon_ws/install/vectornav_msgs/include/vectornav_msgs/vectornav_msgs/msg/rosidl_generator_cpp__visibility_control.hpp
[1.078s] -- Up-to-date symlink: /home/hamza/hackathon_ws/install/vectornav_msgs/include/vectornav_msgs/vectornav_msgs/msg/time_utc.hpp
[1.078s] -- Up-to-date symlink: /home/hamza/hackathon_ws/install/vectornav_msgs/include/vectornav_msgs/vectornav_msgs/msg/detail/dop__rosidl_typesupport_fastrtps_cpp.hpp
[1.078s] -- Up-to-date symlink: /home/hamza/hackathon_ws/install/vectornav_msgs/include/vectornav_msgs/vectornav_msgs/msg/detail/gps_group__rosidl_typesupport_fastrtps_cpp.hpp
[1.078s] -- Up-to-date symlink: /home/hamza/hackathon_ws/install/vectornav_msgs/include/vectornav_msgs/vectornav_msgs/msg/detail/time_utc__rosidl_typesupport_fastrtps_cpp.hpp
[1.079s] -- Up-to-date symlink: /home/hamza/hackathon_ws/install/vectornav_msgs/include/vectornav_msgs/vectornav_msgs/msg/rosidl_typesupport_fastrtps_cpp__visibility_control.h
[1.079s] -- Up-to-date symlink: /home/hamza/hackathon_ws/install/vectornav_msgs/include/vectornav_msgs/vectornav_msgs/msg/detail/dop__rosidl_typesupport_introspection_c.h
[1.079s] -- Up-to-date symlink: /home/hamza/hackathon_ws/install/vectornav_msgs/include/vectornav_msgs/vectornav_msgs/msg/detail/gps_group__rosidl_typesupport_introspection_c.h
[1.079s] -- Up-to-date symlink: /home/hamza/hackathon_ws/install/vectornav_msgs/include/vectornav_msgs/vectornav_msgs/msg/detail/time_utc__rosidl_typesupport_introspection_c.h
[1.079s] -- Up-to-date symlink: /home/hamza/hackathon_ws/install/vectornav_msgs/include/vectornav_msgs/vectornav_msgs/msg/rosidl_typesupport_introspection_c__visibility_control.h
[1.079s] -- Up-to-date symlink: /home/hamza/hackathon_ws/install/vectornav_msgs/include/vectornav_msgs/vectornav_msgs/msg/detail/dop__rosidl_typesupport_introspection_cpp.hpp
[1.079s] -- Up-to-date symlink: /home/hamza/hackathon_ws/install/vectornav_msgs/include/vectornav_msgs/vectornav_msgs/msg/detail/gps_group__rosidl_typesupport_introspection_cpp.hpp
[1.079s] -- Up-to-date symlink: /home/hamza/hackathon_ws/install/vectornav_msgs/include/vectornav_msgs/vectornav_msgs/msg/detail/time_utc__rosidl_typesupport_introspection_cpp.hpp
[1.079s] -- Up-to-date symlink: /home/hamza/hackathon_ws/install/vectornav_msgs/share/vectornav_msgs/environment/pythonpath.sh
[1.079s] -- Up-to-date symlink: /home/hamza/hackathon_ws/install/vectornav_msgs/share/vectornav_msgs/environment/pythonpath.dsv
[1.079s] -- Up-to-date symlink: /home/hamza/hackathon_ws/install/vectornav_msgs/local/lib/python3.10/dist-packages/vectornav_msgs-3.0.0-py3.10.egg-info/PKG-INFO
[1.079s] -- Up-to-date symlink: /home/hamza/hackathon_ws/install/vectornav_msgs/local/lib/python3.10/dist-packages/vectornav_msgs-3.0.0-py3.10.egg-info/SOURCES.txt
[1.079s] -- Up-to-date symlink: /home/hamza/hackathon_ws/install/vectornav_msgs/local/lib/python3.10/dist-packages/vectornav_msgs-3.0.0-py3.10.egg-info/dependency_links.txt
[1.079s] -- Up-to-date symlink: /home/hamza/hackathon_ws/install/vectornav_msgs/local/lib/python3.10/dist-packages/vectornav_msgs-3.0.0-py3.10.egg-info/top_level.txt
[1.079s] -- Up-to-date symlink: /home/hamza/hackathon_ws/install/vectornav_msgs/local/lib/python3.10/dist-packages/vectornav_msgs/__init__.py
[1.079s] -- Up-to-date symlink: /home/hamza/hackathon_ws/install/vectornav_msgs/local/lib/python3.10/dist-packages/vectornav_msgs/_vectornav_msgs_s.ep.rosidl_typesupport_c.c
[1.079s] -- Up-to-date symlink: /home/hamza/hackathon_ws/install/vectornav_msgs/local/lib/python3.10/dist-packages/vectornav_msgs/_vectornav_msgs_s.ep.rosidl_typesupport_fastrtps_c.c
[1.079s] -- Up-to-date symlink: /home/hamza/hackathon_ws/install/vectornav_msgs/local/lib/python3.10/dist-packages/vectornav_msgs/_vectornav_msgs_s.ep.rosidl_typesupport_introspection_c.c
[1.079s] -- Up-to-date symlink: /home/hamza/hackathon_ws/install/vectornav_msgs/local/lib/python3.10/dist-packages/vectornav_msgs/libvectornav_msgs__rosidl_generator_py.so
[1.080s] -- Up-to-date symlink: /home/hamza/hackathon_ws/install/vectornav_msgs/local/lib/python3.10/dist-packages/vectornav_msgs/msg/__init__.py
[1.080s] -- Up-to-date symlink: /home/hamza/hackathon_ws/install/vectornav_msgs/local/lib/python3.10/dist-packages/vectornav_msgs/msg/_dop.py
[1.080s] -- Up-to-date symlink: /home/hamza/hackathon_ws/install/vectornav_msgs/local/lib/python3.10/dist-packages/vectornav_msgs/msg/_dop_s.c
[1.080s] -- Up-to-date symlink: /home/hamza/hackathon_ws/install/vectornav_msgs/local/lib/python3.10/dist-packages/vectornav_msgs/msg/_gps_group.py
[1.080s] -- Up-to-date symlink: /home/hamza/hackathon_ws/install/vectornav_msgs/local/lib/python3.10/dist-packages/vectornav_msgs/msg/_gps_group_s.c
[1.080s] -- Up-to-date symlink: /home/hamza/hackathon_ws/install/vectornav_msgs/local/lib/python3.10/dist-packages/vectornav_msgs/msg/_time_utc.py
[1.080s] -- Up-to-date symlink: /home/hamza/hackathon_ws/install/vectornav_msgs/local/lib/python3.10/dist-packages/vectornav_msgs/msg/_time_utc_s.c
[1.080s] -- Up-to-date symlink: /home/hamza/hackathon_ws/install/vectornav_msgs/local/lib/python3.10/dist-packages/vectornav_msgs/vectornav_msgs_s__rosidl_typesupport_c.cpython-310-x86_64-linux-gnu.so
[1.080s] -- Up-to-date symlink: /home/hamza/hackathon_ws/install/vectornav_msgs/local/lib/python3.10/dist-packages/vectornav_msgs/vectornav_msgs_s__rosidl_typesupport_fastrtps_c.cpython-310-x86_64-linux-gnu.so
[1.080s] -- Up-to-date symlink: /home/hamza/hackathon_ws/install/vectornav_msgs/local/lib/python3.10/dist-packages/vectornav_msgs/vectornav_msgs_s__rosidl_typesupport_introspection_c.cpython-310-x86_64-linux-gnu.so
[1.080s] -- Up-to-date symlink: /home/hamza/hackathon_ws/install/vectornav_msgs/local/lib/python3.10/dist-packages/vectornav_msgs/vectornav_msgs_s__rosidl_typesupport_fastrtps_c.cpython-310-x86_64-linux-gnu.so
[1.080s] -- Up-to-date symlink: /home/hamza/hackathon_ws/install/vectornav_msgs/local/lib/python3.10/dist-packages/vectornav_msgs/vectornav_msgs_s__rosidl_typesupport_introspection_c.cpython-310-x86_64-linux-gnu.so
[1.080s] -- Up-to-date symlink: /home/hamza/hackathon_ws/install/vectornav_msgs/local/lib/python3.10/dist-packages/vectornav_msgs/vectornav_msgs_s__rosidl_typesupport_c.cpython-310-x86_64-linux-gnu.so
[1.080s] -- Up-to-date symlink: /home/hamza/hackathon_ws/install/vectornav_msgs/share/ament_index/resource_index/rust_packages/vectornav_msgs
[1.080s] -- Up-to-date symlink: /home/hamza/hackathon_ws/install/vectornav_msgs/share/vectornav_msgs/rust/Cargo.toml
[1.080s] -- Up-to-date symlink: /home/hamza/hackathon_ws/install/vectornav_msgs/share/vectornav_msgs/rust/build.rs
[1.080s] -- Up-to-date symlink: /home/hamza/hackathon_ws/install/vectornav_msgs/share/vectornav_msgs/rust/src/lib.rs
[1.080s] -- Up-to-date symlink: /home/hamza/hackathon_ws/install/vectornav_msgs/share/vectornav_msgs/rust/src/msg.rs
[1.081s] -- Up-to-date symlink: /home/hamza/hackathon_ws/install/vectornav_msgs/share/vectornav_msgs/rust/src/msg/rmw.rs
[1.081s] -- Up-to-date symlink: /home/hamza/hackathon_ws/install/vectornav_msgs/share/vectornav_msgs/msg/DOP.idl
[1.081s] -- Up-to-date symlink: /home/hamza/hackathon_ws/install/vectornav_msgs/share/vectornav_msgs/msg/GpsGroup.idl
[1.081s] -- Up-to-date symlink: /home/hamza/hackathon_ws/install/vectornav_msgs/share/vectornav_msgs/msg/TimeUTC.idl
[1.081s] -- Up-to-date symlink: /home/hamza/hackathon_ws/install/vectornav_msgs/share/vectornav_msgs/msg/DOP.msg
[1.081s] -- Up-to-date symlink: /home/hamza/hackathon_ws/install/vectornav_msgs/share/vectornav_msgs/msg/GpsGroup.msg
[1.081s] -- Up-to-date symlink: /home/hamza/hackathon_ws/install/vectornav_msgs/share/vectornav_msgs/msg/TimeUTC.msg
[1.081s] -- Up-to-date symlink: /home/hamza/hackathon_ws/install/vectornav_msgs/share/ament_index/resource_index/package_run_dependencies/vectornav_msgs
[1.081s] -- Up-to-date symlink: /home/hamza/hackathon_ws/install/vectornav_msgs/share/ament_index/resource_index/parent_prefix_path/vectornav_msgs
[1.081s] -- Up-to-date symlink: /home/hamza/hackathon_ws/install/vectornav_msgs/share/vectornav_msgs/environment/ament_prefix_path.sh
[1.081s] -- Up-to-date symlink: /home/hamza/hackathon_ws/install/vectornav_msgs/share/vectornav_msgs/environment/ament_prefix_path.dsv
[1.081s] -- Up-to-date symlink: /home/hamza/hackathon_ws/install/vectornav_msgs/share/vectornav_msgs/environment/path.sh
[1.081s] -- Up-to-date symlink: /home/hamza/hackathon_ws/install/vectornav_msgs/share/vectornav_msgs/environment/path.dsv
[1.081s] -- Up-to-date symlink: /home/hamza/hackathon_ws/install/vectornav_msgs/share/vectornav_msgs/local_setup.bash
[1.081s] -- Up-to-date symlink: /home/hamza/hackathon_ws/install/vectornav_msgs/share/vectornav_msgs/local_setup.sh
[1.081s] -- Up-to-date symlink: /home/hamza/hackathon_ws/install/vectornav_msgs/share/vectornav_msgs/local_setup.zsh
[1.081s] -- Up-to-date symlink: /home/hamza/hackathon_ws/install/vectornav_msgs/share/vectornav_msgs/local_setup.dsv
[1.081s] -- Symlinking: /home/hamza/hackathon_ws/install/vectornav_msgs/share/vectornav_msgs/package.dsv
[1.087s] -- Up-to-date symlink: /home/hamza/hackathon_ws/install/vectornav_msgs/share/ament_index/resource_index/packages/vectornav_msgs
[1.087s] -- Up-to-date symlink: /home/hamza/hackathon_ws/install/vectornav_msgs/share/vectornav_msgs/cmake/rosidl_cmake-extras.cmake
[1.087s] -- Up-to-date symlink: /home/hamza/hackathon_ws/install/vectornav_msgs/share/vectornav_msgs/cmake/ament_cmake_export_dependencies-extras.cmake
[1.087s] -- Up-to-date symlink: /home/hamza/hackathon_ws/install/vectornav_msgs/share/vectornav_msgs/cmake/ament_cmake_export_include_directories-extras.cmake
[1.087s] -- Up-to-date symlink: /home/hamza/hackathon_ws/install/vectornav_msgs/share/vectornav_msgs/cmake/ament_cmake_export_libraries-extras.cmake
[1.087s] -- Up-to-date symlink: /home/hamza/hackathon_ws/install/vectornav_msgs/share/vectornav_msgs/cmake/ament_cmake_export_targets-extras.cmake
[1.087s] -- Up-to-date symlink: /home/hamza/hackathon_ws/install/vectornav_msgs/share/vectornav_msgs/cmake/rosidl_cmake_export_typesupport_targets-extras.cmake
[1.087s] -- Up-to-date symlink: /home/hamza/hackathon_ws/install/vectornav_msgs/share/vectornav_msgs/cmake/rosidl_cmake_export_typesupport_libraries-extras.cmake
[1.087s] -- Up-to-date symlink: /home/hamza/hackathon_ws/install/vectornav_msgs/share/vectornav_msgs/cmake/vectornav_msgsConfig.cmake
[1.088s] -- Up-to-date symlink: /home/hamza/hackathon_ws/install/vectornav_msgs/share/vectornav_msgs/cmake/vectornav_msgsConfig-version.cmake
[1.088s] -- Up-to-date symlink: /home/hamza/hackathon_ws/install/vectornav_msgs/share/vectornav_msgs/package.xml
[1.088s] -- Up-to-date: /home/hamza/hackathon_ws/install/vectornav_msgs/lib/libvectornav_msgs__rosidl_generator_c.so
[1.088s] -- Up-to-date: /home/hamza/hackathon_ws/install/vectornav_msgs/lib/libvectornav_msgs__rosidl_typesupport_fastrtps_c.so
[1.088s] -- Up-to-date: /home/hamza/hackathon_ws/install/vectornav_msgs/lib/libvectornav_msgs__rosidl_typesupport_fastrtps_cpp.so
[1.088s] -- Up-to-date: /home/hamza/hackathon_ws/install/vectornav_msgs/lib/libvectornav_msgs__rosidl_typesupport_introspection_c.so
[1.088s] -- Up-to-date: /home/hamza/hackathon_ws/install/vectornav_msgs/lib/libvectornav_msgs__rosidl_typesupport_c.so
[1.088s] -- Up-to-date: /home/hamza/hackathon_ws/install/vectornav_msgs/lib/libvectornav_msgs__rosidl_typesupport_introspection_cpp.so
[1.088s] -- Up-to-date: /home/hamza/hackathon_ws/install/vectornav_msgs/lib/libvectornav_msgs__rosidl_typesupport_cpp.so
[1.111s] Listing '/home/hamza/hackathon_ws/install/vectornav_msgs/local/lib/python3.10/dist-packages/vectornav_msgs'...
[1.111s] Compiling '/home/hamza/hackathon_ws/install/vectornav_msgs/local/lib/python3.10/dist-packages/vectornav_msgs/__init__.py'...
[1.112s] Listing '/home/hamza/hackathon_ws/install/vectornav_msgs/local/lib/python3.10/dist-packages/vectornav_msgs/msg'...
[1.114s] -- Up-to-date: /home/hamza/hackathon_ws/install/vectornav_msgs/lib/libvectornav_msgs__rosidl_generator_py.so
[1.114s] -- Up-to-date: /home/hamza/hackathon_ws/install/vectornav_msgs/share/vectornav_msgs/cmake/export_vectornav_msgs__rosidl_generator_cExport.cmake
[1.114s] -- Up-to-date: /home/hamza/hackathon_ws/install/vectornav_msgs/share/vectornav_msgs/cmake/export_vectornav_msgs__rosidl_generator_cExport-noconfig.cmake
[1.114s] -- Up-to-date: /home/hamza/hackathon_ws/install/vectornav_msgs/share/vectornav_msgs/cmake/export_vectornav_msgs__rosidl_typesupport_fastrtps_cExport.cmake
[1.114s] -- Up-to-date: /home/hamza/hackathon_ws/install/vectornav_msgs/share/vectornav_msgs/cmake/export_vectornav_msgs__rosidl_typesupport_fastrtps_cExport-noconfig.cmake
[1.114s] -- Up-to-date: /home/hamza/hackathon_ws/install/vectornav_msgs/share/vectornav_msgs/cmake/export_vectornav_msgs__rosidl_generator_cppExport.cmake
[1.114s] -- Up-to-date: /home/hamza/hackathon_ws/install/vectornav_msgs/share/vectornav_msgs/cmake/export_vectornav_msgs__rosidl_typesupport_fastrtps_cppExport.cmake
[1.114s] -- Up-to-date: /home/hamza/hackathon_ws/install/vectornav_msgs/share/vectornav_msgs/cmake/export_vectornav_msgs__rosidl_typesupport_fastrtps_cppExport-noconfig.cmake
[1.114s] -- Up-to-date: /home/hamza/hackathon_ws/install/vectornav_msgs/share/vectornav_msgs/cmake/vectornav_msgs__rosidl_typesupport_introspection_cExport.cmake
[1.114s] -- Up-to-date: /home/hamza/hackathon_ws/install/vectornav_msgs/share/vectornav_msgs/cmake/vectornav_msgs__rosidl_typesupport_introspection_cExport-noconfig.cmake
[1.114s] -- Up-to-date: /home/hamza/hackathon_ws/install/vectornav_msgs/share/vectornav_msgs/cmake/vectornav_msgs__rosidl_typesupport_cExport.cmake
[1.114s] -- Up-to-date: /home/hamza/hackathon_ws/install/vectornav_msgs/share/vectornav_msgs/cmake/vectornav_msgs__rosidl_typesupport_cExport-noconfig.cmake
[1.115s] -- Up-to-date: /home/hamza/hackathon_ws/install/vectornav_msgs/share/vectornav_msgs/cmake/vectornav_msgs__rosidl_typesupport_introspection_cppExport.cmake
[1.115s] -- Up-to-date: /home/hamza/hackathon_ws/install/vectornav_msgs/share/vectornav_msgs/cmake/vectornav_msgs__rosidl_typesupport_introspection_cppExport-noconfig.cmake
[1.115s] -- Up-to-date: /home/hamza/hackathon_ws/install/vectornav_msgs/share/vectornav_msgs/cmake/vectornav_msgs__rosidl_typesupport_cppExport.cmake
[1.115s] -- Up-to-date: /home/hamza/hackathon_ws/install/vectornav_msgs/share/vectornav_msgs/cmake/vectornav_msgs__rosidl_typesupport_cppExport-noconfig.cmake
[1.115s] -- Up-to-date: /home/hamza/hackathon_ws/install/vectornav_msgs/share/vectornav_msgs/cmake/export_vectornav_msgs__rosidl_generator_pyExport.cmake
[1.115s] -- Up-to-date: /home/hamza/hackathon_ws/install/vectornav_msgs/share/vectornav_msgs/cmake/export_vectornav_msgs__rosidl_generator_pyExport-noconfig.cmake
[1.127s] Invoked command in '/home/hamza/hackathon_ws/build/vectornav_msgs' returned '0': CMAKE_PREFIX_PATH=${CMAKE_PREFIX_PATH}:/home/hamza/hackathon_ws/install/racing_analyzer:/opt/ros/humble /usr/bin/cmake --install /home/hamza/hackathon_ws/build/vectornav_msgs
