running develop
Removing /home/hamza/hackathon_ws/install/racing_analyzer/lib/python3.10/site-packages/racing-analyzer.egg-link (link to .)
running egg_info
writing ../../build/racing_analyzer/racing_analyzer.egg-info/PKG-INFO
writing dependency_links to ../../build/racing_analyzer/racing_analyzer.egg-info/dependency_links.txt
writing entry points to ../../build/racing_analyzer/racing_analyzer.egg-info/entry_points.txt
writing requirements to ../../build/racing_analyzer/racing_analyzer.egg-info/requires.txt
writing top-level names to ../../build/racing_analyzer/racing_analyzer.egg-info/top_level.txt
reading manifest file '../../build/racing_analyzer/racing_analyzer.egg-info/SOURCES.txt'
writing manifest file '../../build/racing_analyzer/racing_analyzer.egg-info/SOURCES.txt'
running build
running build_py
creating /home/hamza/hackathon_ws/build/racing_analyzer/build
creating /home/hamza/hackathon_ws/build/racing_analyzer/build/lib
creating /home/hamza/hackathon_ws/build/racing_analyzer/build/lib/racing_analyzer
copying racing_analyzer/__init__.py -> /home/hamza/hackathon_ws/build/racing_analyzer/build/lib/racing_analyzer
copying racing_analyzer/path_publisher_node.py -> /home/hamza/hackathon_ws/build/racing_analyzer/build/lib/racing_analyzer
running install
running install_lib
creating /home/hamza/hackathon_ws/install/racing_analyzer/lib/python3.10/site-packages/racing_analyzer
copying /home/hamza/hackathon_ws/build/racing_analyzer/build/lib/racing_analyzer/__init__.py -> /home/hamza/hackathon_ws/install/racing_analyzer/lib/python3.10/site-packages/racing_analyzer
copying /home/hamza/hackathon_ws/build/racing_analyzer/build/lib/racing_analyzer/path_publisher_node.py -> /home/hamza/hackathon_ws/install/racing_analyzer/lib/python3.10/site-packages/racing_analyzer
byte-compiling /home/hamza/hackathon_ws/install/racing_analyzer/lib/python3.10/site-packages/racing_analyzer/__init__.py to __init__.cpython-310.pyc
byte-compiling /home/hamza/hackathon_ws/install/racing_analyzer/lib/python3.10/site-packages/racing_analyzer/path_publisher_node.py to path_publisher_node.cpython-310.pyc
running install_data
copying resource/racing_analyzer -> /home/hamza/hackathon_ws/install/racing_analyzer/share/ament_index/resource_index/packages
copying package.xml -> /home/hamza/hackathon_ws/install/racing_analyzer/share/racing_analyzer
copying launch/visualize.launch.py -> /home/hamza/hackathon_ws/install/racing_analyzer/share/racing_analyzer/launch
running install_egg_info
Copying ../../build/racing_analyzer/racing_analyzer.egg-info to /home/hamza/hackathon_ws/install/racing_analyzer/lib/python3.10/site-packages/racing_analyzer-0.0.1-py3.10.egg-info
running install_scripts
Installing path_publisher script to /home/hamza/hackathon_ws/install/racing_analyzer/lib/racing_analyzer
writing list of installed files to '/home/hamza/hackathon_ws/build/racing_analyzer/install.log'
