[0.052s] DEBUG:colcon:Command line arguments: ['/usr/bin/colcon', 'build', '--symlink-install']
[0.053s] DEBUG:colcon:Parsed command line arguments: Namespace(log_base=None, log_level=None, verb_name='build', build_base='build', install_base='install', merge_install=False, symlink_install=True, test_result_base=None, continue_on_error=False, executor='parallel', parallel_workers=20, event_handlers=None, ignore_user_meta=False, metas=['./colcon.meta'], base_paths=['.'], packages_ignore=None, packages_ignore_regex=None, paths=None, packages_up_to=None, packages_up_to_regex=None, packages_above=None, packages_above_and_dependencies=None, packages_above_depth=None, packages_select_by_dep=None, packages_skip_by_dep=None, packages_skip_up_to=None, packages_select_build_failed=False, packages_skip_build_finished=False, packages_select_test_failures=False, packages_skip_test_passed=False, packages_select=None, packages_skip=None, packages_select_regex=None, packages_skip_regex=None, packages_start=None, packages_end=None, allow_overriding=[], cmake_args=None, cmake_target=None, cmake_target_skip_unavailable=False, cmake_clean_cache=False, cmake_clean_first=False, cmake_force_configure=False, ament_cmake_args=None, catkin_cmake_args=None, catkin_skip_building_tests=False, mixin_files=None, mixin=None, verb_parser=<colcon_mixin.mixin.mixin_argument.MixinArgumentDecorator object at 0x76bf0479c130>, verb_extension=<colcon_core.verb.build.BuildVerb object at 0x76bf0476fa60>, main=<bound method BuildVerb.main of <colcon_core.verb.build.BuildVerb object at 0x76bf0476fa60>>, mixin_verb=('build',))
[0.148s] Level 1:colcon.colcon_core.package_discovery:discover_packages(colcon_meta) check parameters
[0.148s] Level 1:colcon.colcon_core.package_discovery:discover_packages(recursive) check parameters
[0.148s] Level 1:colcon.colcon_core.package_discovery:discover_packages(ignore) check parameters
[0.148s] Level 1:colcon.colcon_core.package_discovery:discover_packages(path) check parameters
[0.148s] Level 1:colcon.colcon_core.package_discovery:discover_packages(colcon_meta) discover
[0.148s] Level 1:colcon.colcon_core.package_discovery:discover_packages(recursive) discover
[0.148s] INFO:colcon.colcon_core.package_discovery:Crawling recursively for packages in '/home/hamza/hackathon_ws'
[0.148s] Level 1:colcon.colcon_core.package_identification:_identify(.) by extensions ['ignore', 'ignore_ament_install']
[0.148s] Level 1:colcon.colcon_core.package_identification:_identify(.) by extension 'ignore'
[0.148s] Level 1:colcon.colcon_core.package_identification:_identify(.) by extension 'ignore_ament_install'
[0.148s] Level 1:colcon.colcon_core.package_identification:_identify(.) by extensions ['colcon_pkg']
[0.148s] Level 1:colcon.colcon_core.package_identification:_identify(.) by extension 'colcon_pkg'
[0.148s] Level 1:colcon.colcon_core.package_identification:_identify(.) by extensions ['colcon_meta']
[0.148s] Level 1:colcon.colcon_core.package_identification:_identify(.) by extension 'colcon_meta'
[0.148s] Level 1:colcon.colcon_core.package_identification:_identify(.) by extensions ['ros']
[0.148s] Level 1:colcon.colcon_core.package_identification:_identify(.) by extension 'ros'
[0.161s] Level 1:colcon.colcon_core.package_identification:_identify(.) by extensions ['cmake', 'python']
[0.161s] Level 1:colcon.colcon_core.package_identification:_identify(.) by extension 'cmake'
[0.161s] Level 1:colcon.colcon_core.package_identification:_identify(.) by extension 'python'
[0.161s] Level 1:colcon.colcon_core.package_identification:_identify(.) by extensions ['python_setup_py']
[0.161s] Level 1:colcon.colcon_core.package_identification:_identify(.) by extension 'python_setup_py'
[0.161s] Level 1:colcon.colcon_core.package_identification:_identify(build) by extensions ['ignore', 'ignore_ament_install']
[0.161s] Level 1:colcon.colcon_core.package_identification:_identify(build) by extension 'ignore'
[0.161s] Level 1:colcon.colcon_core.package_identification:_identify(build) ignored
[0.161s] Level 1:colcon.colcon_core.package_identification:_identify(install) by extensions ['ignore', 'ignore_ament_install']
[0.161s] Level 1:colcon.colcon_core.package_identification:_identify(install) by extension 'ignore'
[0.161s] Level 1:colcon.colcon_core.package_identification:_identify(install) ignored
[0.161s] Level 1:colcon.colcon_core.package_identification:_identify(log) by extensions ['ignore', 'ignore_ament_install']
[0.161s] Level 1:colcon.colcon_core.package_identification:_identify(log) by extension 'ignore'
[0.161s] Level 1:colcon.colcon_core.package_identification:_identify(log) ignored
[0.161s] Level 1:colcon.colcon_core.package_identification:_identify(src) by extensions ['ignore', 'ignore_ament_install']
[0.161s] Level 1:colcon.colcon_core.package_identification:_identify(src) by extension 'ignore'
[0.161s] Level 1:colcon.colcon_core.package_identification:_identify(src) by extension 'ignore_ament_install'
[0.161s] Level 1:colcon.colcon_core.package_identification:_identify(src) by extensions ['colcon_pkg']
[0.161s] Level 1:colcon.colcon_core.package_identification:_identify(src) by extension 'colcon_pkg'
[0.161s] Level 1:colcon.colcon_core.package_identification:_identify(src) by extensions ['colcon_meta']
[0.161s] Level 1:colcon.colcon_core.package_identification:_identify(src) by extension 'colcon_meta'
[0.161s] Level 1:colcon.colcon_core.package_identification:_identify(src) by extensions ['ros']
[0.161s] Level 1:colcon.colcon_core.package_identification:_identify(src) by extension 'ros'
[0.161s] Level 1:colcon.colcon_core.package_identification:_identify(src) by extensions ['cmake', 'python']
[0.161s] Level 1:colcon.colcon_core.package_identification:_identify(src) by extension 'cmake'
[0.161s] Level 1:colcon.colcon_core.package_identification:_identify(src) by extension 'python'
[0.161s] Level 1:colcon.colcon_core.package_identification:_identify(src) by extensions ['python_setup_py']
[0.161s] Level 1:colcon.colcon_core.package_identification:_identify(src) by extension 'python_setup_py'
[0.161s] Level 1:colcon.colcon_core.package_identification:_identify(src/sd_msgs) by extensions ['ignore', 'ignore_ament_install']
[0.161s] Level 1:colcon.colcon_core.package_identification:_identify(src/sd_msgs) by extension 'ignore'
[0.161s] Level 1:colcon.colcon_core.package_identification:_identify(src/sd_msgs) by extension 'ignore_ament_install'
[0.161s] Level 1:colcon.colcon_core.package_identification:_identify(src/sd_msgs) by extensions ['colcon_pkg']
[0.161s] Level 1:colcon.colcon_core.package_identification:_identify(src/sd_msgs) by extension 'colcon_pkg'
[0.161s] Level 1:colcon.colcon_core.package_identification:_identify(src/sd_msgs) by extensions ['colcon_meta']
[0.161s] Level 1:colcon.colcon_core.package_identification:_identify(src/sd_msgs) by extension 'colcon_meta'
[0.161s] Level 1:colcon.colcon_core.package_identification:_identify(src/sd_msgs) by extensions ['ros']
[0.161s] Level 1:colcon.colcon_core.package_identification:_identify(src/sd_msgs) by extension 'ros'
[0.161s] Level 1:colcon.colcon_core.package_identification:_identify(src/sd_msgs) by extensions ['cmake', 'python']
[0.161s] Level 1:colcon.colcon_core.package_identification:_identify(src/sd_msgs) by extension 'cmake'
[0.161s] Level 1:colcon.colcon_core.package_identification:_identify(src/sd_msgs) by extension 'python'
[0.161s] Level 1:colcon.colcon_core.package_identification:_identify(src/sd_msgs) by extensions ['python_setup_py']
[0.162s] Level 1:colcon.colcon_core.package_identification:_identify(src/sd_msgs) by extension 'python_setup_py'
[0.162s] Level 1:colcon.colcon_core.package_identification:_identify(src/sd_msgs/sd_can_msgs) by extensions ['ignore', 'ignore_ament_install']
[0.162s] Level 1:colcon.colcon_core.package_identification:_identify(src/sd_msgs/sd_can_msgs) by extension 'ignore'
[0.162s] Level 1:colcon.colcon_core.package_identification:_identify(src/sd_msgs/sd_can_msgs) by extension 'ignore_ament_install'
[0.162s] Level 1:colcon.colcon_core.package_identification:_identify(src/sd_msgs/sd_can_msgs) by extensions ['colcon_pkg']
[0.162s] Level 1:colcon.colcon_core.package_identification:_identify(src/sd_msgs/sd_can_msgs) by extension 'colcon_pkg'
[0.162s] Level 1:colcon.colcon_core.package_identification:_identify(src/sd_msgs/sd_can_msgs) by extensions ['colcon_meta']
[0.162s] Level 1:colcon.colcon_core.package_identification:_identify(src/sd_msgs/sd_can_msgs) by extension 'colcon_meta'
[0.162s] Level 1:colcon.colcon_core.package_identification:_identify(src/sd_msgs/sd_can_msgs) by extensions ['ros']
[0.162s] Level 1:colcon.colcon_core.package_identification:_identify(src/sd_msgs/sd_can_msgs) by extension 'ros'
[0.164s] DEBUG:colcon.colcon_core.package_identification:Package 'src/sd_msgs/sd_can_msgs' with type 'ros.ament_cmake' and name 'sd_can_msgs'
[0.164s] Level 1:colcon.colcon_core.package_identification:_identify(src/sd_msgs/sd_localization_msgs) by extensions ['ignore', 'ignore_ament_install']
[0.164s] Level 1:colcon.colcon_core.package_identification:_identify(src/sd_msgs/sd_localization_msgs) by extension 'ignore'
[0.164s] Level 1:colcon.colcon_core.package_identification:_identify(src/sd_msgs/sd_localization_msgs) by extension 'ignore_ament_install'
[0.164s] Level 1:colcon.colcon_core.package_identification:_identify(src/sd_msgs/sd_localization_msgs) by extensions ['colcon_pkg']
[0.164s] Level 1:colcon.colcon_core.package_identification:_identify(src/sd_msgs/sd_localization_msgs) by extension 'colcon_pkg'
[0.164s] Level 1:colcon.colcon_core.package_identification:_identify(src/sd_msgs/sd_localization_msgs) by extensions ['colcon_meta']
[0.164s] Level 1:colcon.colcon_core.package_identification:_identify(src/sd_msgs/sd_localization_msgs) by extension 'colcon_meta'
[0.164s] Level 1:colcon.colcon_core.package_identification:_identify(src/sd_msgs/sd_localization_msgs) by extensions ['ros']
[0.164s] Level 1:colcon.colcon_core.package_identification:_identify(src/sd_msgs/sd_localization_msgs) by extension 'ros'
[0.164s] DEBUG:colcon.colcon_core.package_identification:Package 'src/sd_msgs/sd_localization_msgs' with type 'ros.ament_cmake' and name 'sd_localization_msgs'
[0.164s] Level 1:colcon.colcon_core.package_identification:_identify(src/sd_msgs/sd_map_msgs) by extensions ['ignore', 'ignore_ament_install']
[0.164s] Level 1:colcon.colcon_core.package_identification:_identify(src/sd_msgs/sd_map_msgs) by extension 'ignore'
[0.165s] Level 1:colcon.colcon_core.package_identification:_identify(src/sd_msgs/sd_map_msgs) by extension 'ignore_ament_install'
[0.165s] Level 1:colcon.colcon_core.package_identification:_identify(src/sd_msgs/sd_map_msgs) by extensions ['colcon_pkg']
[0.165s] Level 1:colcon.colcon_core.package_identification:_identify(src/sd_msgs/sd_map_msgs) by extension 'colcon_pkg'
[0.165s] Level 1:colcon.colcon_core.package_identification:_identify(src/sd_msgs/sd_map_msgs) by extensions ['colcon_meta']
[0.165s] Level 1:colcon.colcon_core.package_identification:_identify(src/sd_msgs/sd_map_msgs) by extension 'colcon_meta'
[0.165s] Level 1:colcon.colcon_core.package_identification:_identify(src/sd_msgs/sd_map_msgs) by extensions ['ros']
[0.165s] Level 1:colcon.colcon_core.package_identification:_identify(src/sd_msgs/sd_map_msgs) by extension 'ros'
[0.165s] DEBUG:colcon.colcon_core.package_identification:Package 'src/sd_msgs/sd_map_msgs' with type 'ros.ament_cmake' and name 'sd_map_msgs'
[0.165s] Level 1:colcon.colcon_core.package_identification:_identify(src/sd_msgs/vectornav_msgs) by extensions ['ignore', 'ignore_ament_install']
[0.165s] Level 1:colcon.colcon_core.package_identification:_identify(src/sd_msgs/vectornav_msgs) by extension 'ignore'
[0.165s] Level 1:colcon.colcon_core.package_identification:_identify(src/sd_msgs/vectornav_msgs) by extension 'ignore_ament_install'
[0.165s] Level 1:colcon.colcon_core.package_identification:_identify(src/sd_msgs/vectornav_msgs) by extensions ['colcon_pkg']
[0.165s] Level 1:colcon.colcon_core.package_identification:_identify(src/sd_msgs/vectornav_msgs) by extension 'colcon_pkg'
[0.165s] Level 1:colcon.colcon_core.package_identification:_identify(src/sd_msgs/vectornav_msgs) by extensions ['colcon_meta']
[0.165s] Level 1:colcon.colcon_core.package_identification:_identify(src/sd_msgs/vectornav_msgs) by extension 'colcon_meta'
[0.165s] Level 1:colcon.colcon_core.package_identification:_identify(src/sd_msgs/vectornav_msgs) by extensions ['ros']
[0.165s] Level 1:colcon.colcon_core.package_identification:_identify(src/sd_msgs/vectornav_msgs) by extension 'ros'
[0.165s] DEBUG:colcon.colcon_core.package_identification:Package 'src/sd_msgs/vectornav_msgs' with type 'ros.ament_cmake' and name 'vectornav_msgs'
[0.165s] Level 1:colcon.colcon_core.package_discovery:discover_packages(recursive) using defaults
[0.165s] Level 1:colcon.colcon_core.package_discovery:discover_packages(ignore) discover
[0.165s] Level 1:colcon.colcon_core.package_discovery:discover_packages(ignore) using defaults
[0.165s] Level 1:colcon.colcon_core.package_discovery:discover_packages(path) discover
[0.165s] Level 1:colcon.colcon_core.package_discovery:discover_packages(path) using defaults
[0.175s] Level 1:colcon.colcon_core.package_discovery:discover_packages(prefix_path) check parameters
[0.175s] Level 1:colcon.colcon_core.package_discovery:discover_packages(prefix_path) discover
[0.176s] DEBUG:colcon.colcon_installed_package_information.package_discovery:Found 0 installed packages in /home/hamza/hackathon_ws/install
[0.176s] DEBUG:colcon.colcon_installed_package_information.package_discovery:Found 271 installed packages in /opt/ros/humble
[0.177s] Level 1:colcon.colcon_core.package_discovery:discover_packages(prefix_path) using defaults
[0.193s] Level 5:colcon.colcon_core.verb:set package 'sd_can_msgs' build argument 'cmake_args' from command line to 'None'
[0.193s] Level 5:colcon.colcon_core.verb:set package 'sd_can_msgs' build argument 'cmake_target' from command line to 'None'
[0.193s] Level 5:colcon.colcon_core.verb:set package 'sd_can_msgs' build argument 'cmake_target_skip_unavailable' from command line to 'False'
[0.193s] Level 5:colcon.colcon_core.verb:set package 'sd_can_msgs' build argument 'cmake_clean_cache' from command line to 'False'
[0.193s] Level 5:colcon.colcon_core.verb:set package 'sd_can_msgs' build argument 'cmake_clean_first' from command line to 'False'
[0.193s] Level 5:colcon.colcon_core.verb:set package 'sd_can_msgs' build argument 'cmake_force_configure' from command line to 'False'
[0.193s] Level 5:colcon.colcon_core.verb:set package 'sd_can_msgs' build argument 'ament_cmake_args' from command line to 'None'
[0.193s] Level 5:colcon.colcon_core.verb:set package 'sd_can_msgs' build argument 'catkin_cmake_args' from command line to 'None'
[0.193s] Level 5:colcon.colcon_core.verb:set package 'sd_can_msgs' build argument 'catkin_skip_building_tests' from command line to 'False'
[0.193s] DEBUG:colcon.colcon_core.verb:Building package 'sd_can_msgs' with the following arguments: {'ament_cmake_args': None, 'build_base': '/home/hamza/hackathon_ws/build/sd_can_msgs', 'catkin_cmake_args': None, 'catkin_skip_building_tests': False, 'cmake_args': None, 'cmake_clean_cache': False, 'cmake_clean_first': False, 'cmake_force_configure': False, 'cmake_target': None, 'cmake_target_skip_unavailable': False, 'install_base': '/home/hamza/hackathon_ws/install/sd_can_msgs', 'merge_install': False, 'path': '/home/hamza/hackathon_ws/src/sd_msgs/sd_can_msgs', 'symlink_install': True, 'test_result_base': None}
[0.193s] Level 5:colcon.colcon_core.verb:set package 'sd_map_msgs' build argument 'cmake_args' from command line to 'None'
[0.193s] Level 5:colcon.colcon_core.verb:set package 'sd_map_msgs' build argument 'cmake_target' from command line to 'None'
[0.193s] Level 5:colcon.colcon_core.verb:set package 'sd_map_msgs' build argument 'cmake_target_skip_unavailable' from command line to 'False'
[0.193s] Level 5:colcon.colcon_core.verb:set package 'sd_map_msgs' build argument 'cmake_clean_cache' from command line to 'False'
[0.193s] Level 5:colcon.colcon_core.verb:set package 'sd_map_msgs' build argument 'cmake_clean_first' from command line to 'False'
[0.193s] Level 5:colcon.colcon_core.verb:set package 'sd_map_msgs' build argument 'cmake_force_configure' from command line to 'False'
[0.193s] Level 5:colcon.colcon_core.verb:set package 'sd_map_msgs' build argument 'ament_cmake_args' from command line to 'None'
[0.193s] Level 5:colcon.colcon_core.verb:set package 'sd_map_msgs' build argument 'catkin_cmake_args' from command line to 'None'
[0.193s] Level 5:colcon.colcon_core.verb:set package 'sd_map_msgs' build argument 'catkin_skip_building_tests' from command line to 'False'
[0.193s] DEBUG:colcon.colcon_core.verb:Building package 'sd_map_msgs' with the following arguments: {'ament_cmake_args': None, 'build_base': '/home/hamza/hackathon_ws/build/sd_map_msgs', 'catkin_cmake_args': None, 'catkin_skip_building_tests': False, 'cmake_args': None, 'cmake_clean_cache': False, 'cmake_clean_first': False, 'cmake_force_configure': False, 'cmake_target': None, 'cmake_target_skip_unavailable': False, 'install_base': '/home/hamza/hackathon_ws/install/sd_map_msgs', 'merge_install': False, 'path': '/home/hamza/hackathon_ws/src/sd_msgs/sd_map_msgs', 'symlink_install': True, 'test_result_base': None}
[0.193s] Level 5:colcon.colcon_core.verb:set package 'vectornav_msgs' build argument 'cmake_args' from command line to 'None'
[0.193s] Level 5:colcon.colcon_core.verb:set package 'vectornav_msgs' build argument 'cmake_target' from command line to 'None'
[0.193s] Level 5:colcon.colcon_core.verb:set package 'vectornav_msgs' build argument 'cmake_target_skip_unavailable' from command line to 'False'
[0.194s] Level 5:colcon.colcon_core.verb:set package 'vectornav_msgs' build argument 'cmake_clean_cache' from command line to 'False'
[0.194s] Level 5:colcon.colcon_core.verb:set package 'vectornav_msgs' build argument 'cmake_clean_first' from command line to 'False'
[0.194s] Level 5:colcon.colcon_core.verb:set package 'vectornav_msgs' build argument 'cmake_force_configure' from command line to 'False'
[0.194s] Level 5:colcon.colcon_core.verb:set package 'vectornav_msgs' build argument 'ament_cmake_args' from command line to 'None'
[0.194s] Level 5:colcon.colcon_core.verb:set package 'vectornav_msgs' build argument 'catkin_cmake_args' from command line to 'None'
[0.194s] Level 5:colcon.colcon_core.verb:set package 'vectornav_msgs' build argument 'catkin_skip_building_tests' from command line to 'False'
[0.194s] DEBUG:colcon.colcon_core.verb:Building package 'vectornav_msgs' with the following arguments: {'ament_cmake_args': None, 'build_base': '/home/hamza/hackathon_ws/build/vectornav_msgs', 'catkin_cmake_args': None, 'catkin_skip_building_tests': False, 'cmake_args': None, 'cmake_clean_cache': False, 'cmake_clean_first': False, 'cmake_force_configure': False, 'cmake_target': None, 'cmake_target_skip_unavailable': False, 'install_base': '/home/hamza/hackathon_ws/install/vectornav_msgs', 'merge_install': False, 'path': '/home/hamza/hackathon_ws/src/sd_msgs/vectornav_msgs', 'symlink_install': True, 'test_result_base': None}
[0.194s] Level 5:colcon.colcon_core.verb:set package 'sd_localization_msgs' build argument 'cmake_args' from command line to 'None'
[0.194s] Level 5:colcon.colcon_core.verb:set package 'sd_localization_msgs' build argument 'cmake_target' from command line to 'None'
[0.194s] Level 5:colcon.colcon_core.verb:set package 'sd_localization_msgs' build argument 'cmake_target_skip_unavailable' from command line to 'False'
[0.194s] Level 5:colcon.colcon_core.verb:set package 'sd_localization_msgs' build argument 'cmake_clean_cache' from command line to 'False'
[0.194s] Level 5:colcon.colcon_core.verb:set package 'sd_localization_msgs' build argument 'cmake_clean_first' from command line to 'False'
[0.194s] Level 5:colcon.colcon_core.verb:set package 'sd_localization_msgs' build argument 'cmake_force_configure' from command line to 'False'
[0.194s] Level 5:colcon.colcon_core.verb:set package 'sd_localization_msgs' build argument 'ament_cmake_args' from command line to 'None'
[0.194s] Level 5:colcon.colcon_core.verb:set package 'sd_localization_msgs' build argument 'catkin_cmake_args' from command line to 'None'
[0.194s] Level 5:colcon.colcon_core.verb:set package 'sd_localization_msgs' build argument 'catkin_skip_building_tests' from command line to 'False'
[0.194s] DEBUG:colcon.colcon_core.verb:Building package 'sd_localization_msgs' with the following arguments: {'ament_cmake_args': None, 'build_base': '/home/hamza/hackathon_ws/build/sd_localization_msgs', 'catkin_cmake_args': None, 'catkin_skip_building_tests': False, 'cmake_args': None, 'cmake_clean_cache': False, 'cmake_clean_first': False, 'cmake_force_configure': False, 'cmake_target': None, 'cmake_target_skip_unavailable': False, 'install_base': '/home/hamza/hackathon_ws/install/sd_localization_msgs', 'merge_install': False, 'path': '/home/hamza/hackathon_ws/src/sd_msgs/sd_localization_msgs', 'symlink_install': True, 'test_result_base': None}
[0.194s] INFO:colcon.colcon_core.executor:Executing jobs using 'parallel' executor
[0.194s] DEBUG:colcon.colcon_parallel_executor.executor.parallel:run_until_complete
[0.195s] INFO:colcon.colcon_ros.task.ament_cmake.build:Building ROS package in '/home/hamza/hackathon_ws/src/sd_msgs/sd_map_msgs' with build type 'ament_cmake'
[0.195s] INFO:colcon.colcon_cmake.task.cmake.build:Building CMake package in '/home/hamza/hackathon_ws/src/sd_msgs/sd_map_msgs'
[0.196s] INFO:colcon.colcon_core.plugin_system:Skipping extension 'colcon_core.shell.bat': Not used on non-Windows systems
[0.196s] INFO:colcon.colcon_core.shell:Skip shell extension 'powershell' for command environment: Not usable outside of PowerShell
[0.196s] DEBUG:colcon.colcon_core.shell:Skip shell extension 'dsv' for command environment
[0.198s] INFO:colcon.colcon_ros.task.ament_cmake.build:Building ROS package in '/home/hamza/hackathon_ws/src/sd_msgs/sd_can_msgs' with build type 'ament_cmake'
[0.198s] INFO:colcon.colcon_cmake.task.cmake.build:Building CMake package in '/home/hamza/hackathon_ws/src/sd_msgs/sd_can_msgs'
[0.198s] INFO:colcon.colcon_core.shell:Skip shell extension 'powershell' for command environment: Not usable outside of PowerShell
[0.198s] DEBUG:colcon.colcon_core.shell:Skip shell extension 'dsv' for command environment
[0.199s] INFO:colcon.colcon_ros.task.ament_cmake.build:Building ROS package in '/home/hamza/hackathon_ws/src/sd_msgs/vectornav_msgs' with build type 'ament_cmake'
[0.199s] INFO:colcon.colcon_cmake.task.cmake.build:Building CMake package in '/home/hamza/hackathon_ws/src/sd_msgs/vectornav_msgs'
[0.199s] INFO:colcon.colcon_core.shell:Skip shell extension 'powershell' for command environment: Not usable outside of PowerShell
[0.199s] DEBUG:colcon.colcon_core.shell:Skip shell extension 'dsv' for command environment
[0.202s] DEBUG:colcon.colcon_core.event_handler.log_command:Invoking command in '/home/hamza/hackathon_ws/build/sd_map_msgs': CMAKE_PREFIX_PATH=/opt/ros/humble /usr/bin/cmake /home/hamza/hackathon_ws/src/sd_msgs/sd_map_msgs -DAMENT_CMAKE_SYMLINK_INSTALL=1 -DCMAKE_INSTALL_PREFIX=/home/hamza/hackathon_ws/install/sd_map_msgs
[0.204s] DEBUG:colcon.colcon_core.event_handler.log_command:Invoking command in '/home/hamza/hackathon_ws/build/sd_can_msgs': CMAKE_PREFIX_PATH=/opt/ros/humble /usr/bin/cmake /home/hamza/hackathon_ws/src/sd_msgs/sd_can_msgs -DAMENT_CMAKE_SYMLINK_INSTALL=1 -DCMAKE_INSTALL_PREFIX=/home/hamza/hackathon_ws/install/sd_can_msgs
[0.206s] DEBUG:colcon.colcon_core.event_handler.log_command:Invoking command in '/home/hamza/hackathon_ws/build/vectornav_msgs': CMAKE_PREFIX_PATH=/opt/ros/humble /usr/bin/cmake /home/hamza/hackathon_ws/src/sd_msgs/vectornav_msgs -DAMENT_CMAKE_SYMLINK_INSTALL=1 -DCMAKE_INSTALL_PREFIX=/home/hamza/hackathon_ws/install/vectornav_msgs
[1.452s] DEBUG:colcon.colcon_core.event_handler.log_command:Invoked command in '/home/hamza/hackathon_ws/build/sd_map_msgs' returned '0': CMAKE_PREFIX_PATH=/opt/ros/humble /usr/bin/cmake /home/hamza/hackathon_ws/src/sd_msgs/sd_map_msgs -DAMENT_CMAKE_SYMLINK_INSTALL=1 -DCMAKE_INSTALL_PREFIX=/home/hamza/hackathon_ws/install/sd_map_msgs
[1.453s] DEBUG:colcon.colcon_core.event_handler.log_command:Invoking command in '/home/hamza/hackathon_ws/build/sd_map_msgs': CMAKE_PREFIX_PATH=/opt/ros/humble /usr/bin/cmake --build /home/hamza/hackathon_ws/build/sd_map_msgs -- -j20 -l20
[1.468s] DEBUG:colcon.colcon_core.event_handler.log_command:Invoked command in '/home/hamza/hackathon_ws/build/vectornav_msgs' returned '0': CMAKE_PREFIX_PATH=/opt/ros/humble /usr/bin/cmake /home/hamza/hackathon_ws/src/sd_msgs/vectornav_msgs -DAMENT_CMAKE_SYMLINK_INSTALL=1 -DCMAKE_INSTALL_PREFIX=/home/hamza/hackathon_ws/install/vectornav_msgs
[1.468s] DEBUG:colcon.colcon_core.event_handler.log_command:Invoking command in '/home/hamza/hackathon_ws/build/vectornav_msgs': CMAKE_PREFIX_PATH=/opt/ros/humble /usr/bin/cmake --build /home/hamza/hackathon_ws/build/vectornav_msgs -- -j20 -l20
[1.878s] DEBUG:colcon.colcon_core.event_handler.log_command:Invoked command in '/home/hamza/hackathon_ws/build/sd_can_msgs' returned '0': CMAKE_PREFIX_PATH=/opt/ros/humble /usr/bin/cmake /home/hamza/hackathon_ws/src/sd_msgs/sd_can_msgs -DAMENT_CMAKE_SYMLINK_INSTALL=1 -DCMAKE_INSTALL_PREFIX=/home/hamza/hackathon_ws/install/sd_can_msgs
[1.879s] DEBUG:colcon.colcon_core.event_handler.log_command:Invoking command in '/home/hamza/hackathon_ws/build/sd_can_msgs': CMAKE_PREFIX_PATH=/opt/ros/humble /usr/bin/cmake --build /home/hamza/hackathon_ws/build/sd_can_msgs -- -j20 -l20
[3.630s] DEBUG:colcon.colcon_core.event_handler.log_command:Invoked command in '/home/hamza/hackathon_ws/build/sd_map_msgs' returned '0': CMAKE_PREFIX_PATH=/opt/ros/humble /usr/bin/cmake --build /home/hamza/hackathon_ws/build/sd_map_msgs -- -j20 -l20
[3.636s] DEBUG:colcon.colcon_core.event_handler.log_command:Invoking command in '/home/hamza/hackathon_ws/build/sd_map_msgs': CMAKE_PREFIX_PATH=/opt/ros/humble /usr/bin/cmake --install /home/hamza/hackathon_ws/build/sd_map_msgs
[3.734s] DEBUG:colcon.colcon_core.event_handler.log_command:Invoked command in '/home/hamza/hackathon_ws/build/vectornav_msgs' returned '0': CMAKE_PREFIX_PATH=/opt/ros/humble /usr/bin/cmake --build /home/hamza/hackathon_ws/build/vectornav_msgs -- -j20 -l20
[3.736s] DEBUG:colcon.colcon_core.event_handler.log_command:Invoking command in '/home/hamza/hackathon_ws/build/vectornav_msgs': CMAKE_PREFIX_PATH=/opt/ros/humble /usr/bin/cmake --install /home/hamza/hackathon_ws/build/vectornav_msgs
[4.271s] Level 1:colcon.colcon_core.environment:create_environment_scripts_only(sd_map_msgs)
[4.271s] DEBUG:colcon.colcon_core.event_handler.log_command:Invoked command in '/home/hamza/hackathon_ws/build/sd_map_msgs' returned '0': CMAKE_PREFIX_PATH=/opt/ros/humble /usr/bin/cmake --install /home/hamza/hackathon_ws/build/sd_map_msgs
[4.277s] Level 1:colcon.colcon_core.environment:checking '/home/hamza/hackathon_ws/install/sd_map_msgs' for CMake module files
[4.278s] Level 1:colcon.colcon_core.environment:checking '/home/hamza/hackathon_ws/install/sd_map_msgs' for CMake config files
[4.278s] Level 1:colcon.colcon_core.shell:create_environment_hook('sd_map_msgs', 'cmake_prefix_path')
[4.279s] INFO:colcon.colcon_core.shell:Creating environment hook '/home/hamza/hackathon_ws/install/sd_map_msgs/share/sd_map_msgs/hook/cmake_prefix_path.ps1'
[4.280s] INFO:colcon.colcon_core.shell:Creating environment descriptor '/home/hamza/hackathon_ws/install/sd_map_msgs/share/sd_map_msgs/hook/cmake_prefix_path.dsv'
[4.280s] INFO:colcon.colcon_core.shell:Creating environment hook '/home/hamza/hackathon_ws/install/sd_map_msgs/share/sd_map_msgs/hook/cmake_prefix_path.sh'
[4.281s] Level 1:colcon.colcon_core.environment:checking '/home/hamza/hackathon_ws/install/sd_map_msgs/lib'
[4.281s] Level 1:colcon.colcon_core.shell:create_environment_hook('sd_map_msgs', 'ld_library_path_lib')
[4.281s] INFO:colcon.colcon_core.shell:Creating environment hook '/home/hamza/hackathon_ws/install/sd_map_msgs/share/sd_map_msgs/hook/ld_library_path_lib.ps1'
[4.282s] INFO:colcon.colcon_core.shell:Creating environment descriptor '/home/hamza/hackathon_ws/install/sd_map_msgs/share/sd_map_msgs/hook/ld_library_path_lib.dsv'
[4.282s] INFO:colcon.colcon_core.shell:Creating environment hook '/home/hamza/hackathon_ws/install/sd_map_msgs/share/sd_map_msgs/hook/ld_library_path_lib.sh'
[4.282s] Level 1:colcon.colcon_core.environment:checking '/home/hamza/hackathon_ws/install/sd_map_msgs/bin'
[4.282s] Level 1:colcon.colcon_core.environment:checking '/home/hamza/hackathon_ws/install/sd_map_msgs/lib/pkgconfig/sd_map_msgs.pc'
[4.282s] Level 1:colcon.colcon_core.environment:checking '/home/hamza/hackathon_ws/install/sd_map_msgs/lib/python3.10/site-packages'
[4.282s] Level 1:colcon.colcon_core.environment:checking '/home/hamza/hackathon_ws/install/sd_map_msgs/bin'
[4.283s] INFO:colcon.colcon_core.shell:Creating package script '/home/hamza/hackathon_ws/install/sd_map_msgs/share/sd_map_msgs/package.ps1'
[4.283s] INFO:colcon.colcon_core.shell:Creating package descriptor '/home/hamza/hackathon_ws/install/sd_map_msgs/share/sd_map_msgs/package.dsv'
[4.284s] INFO:colcon.colcon_core.shell:Creating package script '/home/hamza/hackathon_ws/install/sd_map_msgs/share/sd_map_msgs/package.sh'
[4.284s] INFO:colcon.colcon_core.shell:Creating package script '/home/hamza/hackathon_ws/install/sd_map_msgs/share/sd_map_msgs/package.bash'
[4.285s] INFO:colcon.colcon_core.shell:Creating package script '/home/hamza/hackathon_ws/install/sd_map_msgs/share/sd_map_msgs/package.zsh'
[4.285s] Level 1:colcon.colcon_core.environment:create_file_with_runtime_dependencies(/home/hamza/hackathon_ws/install/sd_map_msgs/share/colcon-core/packages/sd_map_msgs)
[4.285s] Level 1:colcon.colcon_core.environment:create_environment_scripts_only(sd_map_msgs)
[4.285s] Level 1:colcon.colcon_core.environment:checking '/home/hamza/hackathon_ws/install/sd_map_msgs' for CMake module files
[4.286s] Level 1:colcon.colcon_core.environment:checking '/home/hamza/hackathon_ws/install/sd_map_msgs' for CMake config files
[4.286s] Level 1:colcon.colcon_core.shell:create_environment_hook('sd_map_msgs', 'cmake_prefix_path')
[4.286s] INFO:colcon.colcon_core.shell:Creating environment hook '/home/hamza/hackathon_ws/install/sd_map_msgs/share/sd_map_msgs/hook/cmake_prefix_path.ps1'
[4.286s] INFO:colcon.colcon_core.shell:Creating environment descriptor '/home/hamza/hackathon_ws/install/sd_map_msgs/share/sd_map_msgs/hook/cmake_prefix_path.dsv'
[4.287s] INFO:colcon.colcon_core.shell:Creating environment hook '/home/hamza/hackathon_ws/install/sd_map_msgs/share/sd_map_msgs/hook/cmake_prefix_path.sh'
[4.287s] Level 1:colcon.colcon_core.environment:checking '/home/hamza/hackathon_ws/install/sd_map_msgs/lib'
[4.287s] Level 1:colcon.colcon_core.shell:create_environment_hook('sd_map_msgs', 'ld_library_path_lib')
[4.287s] INFO:colcon.colcon_core.shell:Creating environment hook '/home/hamza/hackathon_ws/install/sd_map_msgs/share/sd_map_msgs/hook/ld_library_path_lib.ps1'
[4.287s] INFO:colcon.colcon_core.shell:Creating environment descriptor '/home/hamza/hackathon_ws/install/sd_map_msgs/share/sd_map_msgs/hook/ld_library_path_lib.dsv'
[4.287s] INFO:colcon.colcon_core.shell:Creating environment hook '/home/hamza/hackathon_ws/install/sd_map_msgs/share/sd_map_msgs/hook/ld_library_path_lib.sh'
[4.287s] Level 1:colcon.colcon_core.environment:checking '/home/hamza/hackathon_ws/install/sd_map_msgs/bin'
[4.287s] Level 1:colcon.colcon_core.environment:checking '/home/hamza/hackathon_ws/install/sd_map_msgs/lib/pkgconfig/sd_map_msgs.pc'
[4.288s] Level 1:colcon.colcon_core.environment:checking '/home/hamza/hackathon_ws/install/sd_map_msgs/lib/python3.10/site-packages'
[4.288s] Level 1:colcon.colcon_core.environment:checking '/home/hamza/hackathon_ws/install/sd_map_msgs/bin'
[4.288s] INFO:colcon.colcon_core.shell:Creating package script '/home/hamza/hackathon_ws/install/sd_map_msgs/share/sd_map_msgs/package.ps1'
[4.288s] INFO:colcon.colcon_core.shell:Creating package descriptor '/home/hamza/hackathon_ws/install/sd_map_msgs/share/sd_map_msgs/package.dsv'
[4.288s] INFO:colcon.colcon_core.shell:Creating package script '/home/hamza/hackathon_ws/install/sd_map_msgs/share/sd_map_msgs/package.sh'
[4.289s] INFO:colcon.colcon_core.shell:Creating package script '/home/hamza/hackathon_ws/install/sd_map_msgs/share/sd_map_msgs/package.bash'
[4.289s] INFO:colcon.colcon_core.shell:Creating package script '/home/hamza/hackathon_ws/install/sd_map_msgs/share/sd_map_msgs/package.zsh'
[4.289s] Level 1:colcon.colcon_core.environment:create_file_with_runtime_dependencies(/home/hamza/hackathon_ws/install/sd_map_msgs/share/colcon-core/packages/sd_map_msgs)
[4.289s] INFO:colcon.colcon_ros.task.ament_cmake.build:Building ROS package in '/home/hamza/hackathon_ws/src/sd_msgs/sd_localization_msgs' with build type 'ament_cmake'
[4.289s] INFO:colcon.colcon_cmake.task.cmake.build:Building CMake package in '/home/hamza/hackathon_ws/src/sd_msgs/sd_localization_msgs'
[4.289s] INFO:colcon.colcon_core.shell:Skip shell extension 'powershell' for command environment: Not usable outside of PowerShell
[4.290s] DEBUG:colcon.colcon_core.shell:Skip shell extension 'dsv' for command environment
[4.296s] DEBUG:colcon.colcon_core.event_handler.log_command:Invoking command in '/home/hamza/hackathon_ws/build/sd_localization_msgs': AMENT_PREFIX_PATH=/home/hamza/hackathon_ws/install/sd_map_msgs:${AMENT_PREFIX_PATH} CMAKE_PREFIX_PATH=/home/hamza/hackathon_ws/install/sd_map_msgs:/opt/ros/humble LD_LIBRARY_PATH=/home/hamza/hackathon_ws/install/sd_map_msgs/lib:${LD_LIBRARY_PATH} PYTHONPATH=/home/hamza/hackathon_ws/install/sd_map_msgs/local/lib/python3.10/dist-packages:${PYTHONPATH} /usr/bin/cmake /home/hamza/hackathon_ws/src/sd_msgs/sd_localization_msgs -DAMENT_CMAKE_SYMLINK_INSTALL=1 -DCMAKE_INSTALL_PREFIX=/home/hamza/hackathon_ws/install/sd_localization_msgs
[4.341s] Level 1:colcon.colcon_core.environment:create_environment_scripts_only(vectornav_msgs)
[4.341s] Level 1:colcon.colcon_core.environment:checking '/home/hamza/hackathon_ws/install/vectornav_msgs' for CMake module files
[4.342s] DEBUG:colcon.colcon_core.event_handler.log_command:Invoked command in '/home/hamza/hackathon_ws/build/vectornav_msgs' returned '0': CMAKE_PREFIX_PATH=/opt/ros/humble /usr/bin/cmake --install /home/hamza/hackathon_ws/build/vectornav_msgs
[4.342s] Level 1:colcon.colcon_core.environment:checking '/home/hamza/hackathon_ws/install/vectornav_msgs' for CMake config files
[4.343s] Level 1:colcon.colcon_core.shell:create_environment_hook('vectornav_msgs', 'cmake_prefix_path')
[4.343s] INFO:colcon.colcon_core.shell:Creating environment hook '/home/hamza/hackathon_ws/install/vectornav_msgs/share/vectornav_msgs/hook/cmake_prefix_path.ps1'
[4.343s] INFO:colcon.colcon_core.shell:Creating environment descriptor '/home/hamza/hackathon_ws/install/vectornav_msgs/share/vectornav_msgs/hook/cmake_prefix_path.dsv'
[4.344s] INFO:colcon.colcon_core.shell:Creating environment hook '/home/hamza/hackathon_ws/install/vectornav_msgs/share/vectornav_msgs/hook/cmake_prefix_path.sh'
[4.344s] Level 1:colcon.colcon_core.environment:checking '/home/hamza/hackathon_ws/install/vectornav_msgs/lib'
[4.344s] Level 1:colcon.colcon_core.shell:create_environment_hook('vectornav_msgs', 'ld_library_path_lib')
[4.344s] INFO:colcon.colcon_core.shell:Creating environment hook '/home/hamza/hackathon_ws/install/vectornav_msgs/share/vectornav_msgs/hook/ld_library_path_lib.ps1'
[4.345s] INFO:colcon.colcon_core.shell:Creating environment descriptor '/home/hamza/hackathon_ws/install/vectornav_msgs/share/vectornav_msgs/hook/ld_library_path_lib.dsv'
[4.345s] INFO:colcon.colcon_core.shell:Creating environment hook '/home/hamza/hackathon_ws/install/vectornav_msgs/share/vectornav_msgs/hook/ld_library_path_lib.sh'
[4.345s] Level 1:colcon.colcon_core.environment:checking '/home/hamza/hackathon_ws/install/vectornav_msgs/bin'
[4.345s] Level 1:colcon.colcon_core.environment:checking '/home/hamza/hackathon_ws/install/vectornav_msgs/lib/pkgconfig/vectornav_msgs.pc'
[4.346s] Level 1:colcon.colcon_core.environment:checking '/home/hamza/hackathon_ws/install/vectornav_msgs/lib/python3.10/site-packages'
[4.346s] Level 1:colcon.colcon_core.environment:checking '/home/hamza/hackathon_ws/install/vectornav_msgs/bin'
[4.346s] INFO:colcon.colcon_core.shell:Creating package script '/home/hamza/hackathon_ws/install/vectornav_msgs/share/vectornav_msgs/package.ps1'
[4.347s] INFO:colcon.colcon_core.shell:Creating package descriptor '/home/hamza/hackathon_ws/install/vectornav_msgs/share/vectornav_msgs/package.dsv'
[4.347s] INFO:colcon.colcon_core.shell:Creating package script '/home/hamza/hackathon_ws/install/vectornav_msgs/share/vectornav_msgs/package.sh'
[4.347s] INFO:colcon.colcon_core.shell:Creating package script '/home/hamza/hackathon_ws/install/vectornav_msgs/share/vectornav_msgs/package.bash'
[4.348s] INFO:colcon.colcon_core.shell:Creating package script '/home/hamza/hackathon_ws/install/vectornav_msgs/share/vectornav_msgs/package.zsh'
[4.348s] Level 1:colcon.colcon_core.environment:create_file_with_runtime_dependencies(/home/hamza/hackathon_ws/install/vectornav_msgs/share/colcon-core/packages/vectornav_msgs)
[4.348s] Level 1:colcon.colcon_core.environment:create_environment_scripts_only(vectornav_msgs)
[4.349s] Level 1:colcon.colcon_core.environment:checking '/home/hamza/hackathon_ws/install/vectornav_msgs' for CMake module files
[4.349s] Level 1:colcon.colcon_core.environment:checking '/home/hamza/hackathon_ws/install/vectornav_msgs' for CMake config files
[4.350s] Level 1:colcon.colcon_core.shell:create_environment_hook('vectornav_msgs', 'cmake_prefix_path')
[4.350s] INFO:colcon.colcon_core.shell:Creating environment hook '/home/hamza/hackathon_ws/install/vectornav_msgs/share/vectornav_msgs/hook/cmake_prefix_path.ps1'
[4.350s] INFO:colcon.colcon_core.shell:Creating environment descriptor '/home/hamza/hackathon_ws/install/vectornav_msgs/share/vectornav_msgs/hook/cmake_prefix_path.dsv'
[4.351s] INFO:colcon.colcon_core.shell:Creating environment hook '/home/hamza/hackathon_ws/install/vectornav_msgs/share/vectornav_msgs/hook/cmake_prefix_path.sh'
[4.351s] Level 1:colcon.colcon_core.environment:checking '/home/hamza/hackathon_ws/install/vectornav_msgs/lib'
[4.351s] Level 1:colcon.colcon_core.shell:create_environment_hook('vectornav_msgs', 'ld_library_path_lib')
[4.351s] INFO:colcon.colcon_core.shell:Creating environment hook '/home/hamza/hackathon_ws/install/vectornav_msgs/share/vectornav_msgs/hook/ld_library_path_lib.ps1'
[4.352s] INFO:colcon.colcon_core.shell:Creating environment descriptor '/home/hamza/hackathon_ws/install/vectornav_msgs/share/vectornav_msgs/hook/ld_library_path_lib.dsv'
[4.352s] INFO:colcon.colcon_core.shell:Creating environment hook '/home/hamza/hackathon_ws/install/vectornav_msgs/share/vectornav_msgs/hook/ld_library_path_lib.sh'
[4.352s] Level 1:colcon.colcon_core.environment:checking '/home/hamza/hackathon_ws/install/vectornav_msgs/bin'
[4.352s] Level 1:colcon.colcon_core.environment:checking '/home/hamza/hackathon_ws/install/vectornav_msgs/lib/pkgconfig/vectornav_msgs.pc'
[4.352s] Level 1:colcon.colcon_core.environment:checking '/home/hamza/hackathon_ws/install/vectornav_msgs/lib/python3.10/site-packages'
[4.353s] Level 1:colcon.colcon_core.environment:checking '/home/hamza/hackathon_ws/install/vectornav_msgs/bin'
[4.353s] INFO:colcon.colcon_core.shell:Creating package script '/home/hamza/hackathon_ws/install/vectornav_msgs/share/vectornav_msgs/package.ps1'
[4.353s] INFO:colcon.colcon_core.shell:Creating package descriptor '/home/hamza/hackathon_ws/install/vectornav_msgs/share/vectornav_msgs/package.dsv'
[4.354s] INFO:colcon.colcon_core.shell:Creating package script '/home/hamza/hackathon_ws/install/vectornav_msgs/share/vectornav_msgs/package.sh'
[4.354s] INFO:colcon.colcon_core.shell:Creating package script '/home/hamza/hackathon_ws/install/vectornav_msgs/share/vectornav_msgs/package.bash'
[4.355s] INFO:colcon.colcon_core.shell:Creating package script '/home/hamza/hackathon_ws/install/vectornav_msgs/share/vectornav_msgs/package.zsh'
[4.355s] Level 1:colcon.colcon_core.environment:create_file_with_runtime_dependencies(/home/hamza/hackathon_ws/install/vectornav_msgs/share/colcon-core/packages/vectornav_msgs)
[5.273s] DEBUG:colcon.colcon_core.event_handler.log_command:Invoked command in '/home/hamza/hackathon_ws/build/sd_localization_msgs' returned '0': AMENT_PREFIX_PATH=/home/hamza/hackathon_ws/install/sd_map_msgs:${AMENT_PREFIX_PATH} CMAKE_PREFIX_PATH=/home/hamza/hackathon_ws/install/sd_map_msgs:/opt/ros/humble LD_LIBRARY_PATH=/home/hamza/hackathon_ws/install/sd_map_msgs/lib:${LD_LIBRARY_PATH} PYTHONPATH=/home/hamza/hackathon_ws/install/sd_map_msgs/local/lib/python3.10/dist-packages:${PYTHONPATH} /usr/bin/cmake /home/hamza/hackathon_ws/src/sd_msgs/sd_localization_msgs -DAMENT_CMAKE_SYMLINK_INSTALL=1 -DCMAKE_INSTALL_PREFIX=/home/hamza/hackathon_ws/install/sd_localization_msgs
[5.274s] DEBUG:colcon.colcon_core.event_handler.log_command:Invoking command in '/home/hamza/hackathon_ws/build/sd_localization_msgs': AMENT_PREFIX_PATH=/home/hamza/hackathon_ws/install/sd_map_msgs:${AMENT_PREFIX_PATH} CMAKE_PREFIX_PATH=/home/hamza/hackathon_ws/install/sd_map_msgs:/opt/ros/humble LD_LIBRARY_PATH=/home/hamza/hackathon_ws/install/sd_map_msgs/lib:${LD_LIBRARY_PATH} PYTHONPATH=/home/hamza/hackathon_ws/install/sd_map_msgs/local/lib/python3.10/dist-packages:${PYTHONPATH} /usr/bin/cmake --build /home/hamza/hackathon_ws/build/sd_localization_msgs -- -j20 -l20
[6.713s] DEBUG:colcon.colcon_core.event_handler.log_command:Invoked command in '/home/hamza/hackathon_ws/build/sd_localization_msgs' returned '0': AMENT_PREFIX_PATH=/home/hamza/hackathon_ws/install/sd_map_msgs:${AMENT_PREFIX_PATH} CMAKE_PREFIX_PATH=/home/hamza/hackathon_ws/install/sd_map_msgs:/opt/ros/humble LD_LIBRARY_PATH=/home/hamza/hackathon_ws/install/sd_map_msgs/lib:${LD_LIBRARY_PATH} PYTHONPATH=/home/hamza/hackathon_ws/install/sd_map_msgs/local/lib/python3.10/dist-packages:${PYTHONPATH} /usr/bin/cmake --build /home/hamza/hackathon_ws/build/sd_localization_msgs -- -j20 -l20
[6.714s] DEBUG:colcon.colcon_core.event_handler.log_command:Invoking command in '/home/hamza/hackathon_ws/build/sd_localization_msgs': AMENT_PREFIX_PATH=/home/hamza/hackathon_ws/install/sd_map_msgs:${AMENT_PREFIX_PATH} CMAKE_PREFIX_PATH=/home/hamza/hackathon_ws/install/sd_map_msgs:/opt/ros/humble LD_LIBRARY_PATH=/home/hamza/hackathon_ws/install/sd_map_msgs/lib:${LD_LIBRARY_PATH} PYTHONPATH=/home/hamza/hackathon_ws/install/sd_map_msgs/local/lib/python3.10/dist-packages:${PYTHONPATH} /usr/bin/cmake --install /home/hamza/hackathon_ws/build/sd_localization_msgs
[7.137s] Level 1:colcon.colcon_core.environment:create_environment_scripts_only(sd_localization_msgs)
[7.138s] DEBUG:colcon.colcon_core.event_handler.log_command:Invoked command in '/home/hamza/hackathon_ws/build/sd_localization_msgs' returned '0': AMENT_PREFIX_PATH=/home/hamza/hackathon_ws/install/sd_map_msgs:${AMENT_PREFIX_PATH} CMAKE_PREFIX_PATH=/home/hamza/hackathon_ws/install/sd_map_msgs:/opt/ros/humble LD_LIBRARY_PATH=/home/hamza/hackathon_ws/install/sd_map_msgs/lib:${LD_LIBRARY_PATH} PYTHONPATH=/home/hamza/hackathon_ws/install/sd_map_msgs/local/lib/python3.10/dist-packages:${PYTHONPATH} /usr/bin/cmake --install /home/hamza/hackathon_ws/build/sd_localization_msgs
[7.138s] Level 1:colcon.colcon_core.environment:checking '/home/hamza/hackathon_ws/install/sd_localization_msgs' for CMake module files
[7.139s] Level 1:colcon.colcon_core.environment:checking '/home/hamza/hackathon_ws/install/sd_localization_msgs' for CMake config files
[7.139s] Level 1:colcon.colcon_core.shell:create_environment_hook('sd_localization_msgs', 'cmake_prefix_path')
[7.139s] INFO:colcon.colcon_core.shell:Creating environment hook '/home/hamza/hackathon_ws/install/sd_localization_msgs/share/sd_localization_msgs/hook/cmake_prefix_path.ps1'
[7.140s] INFO:colcon.colcon_core.shell:Creating environment descriptor '/home/hamza/hackathon_ws/install/sd_localization_msgs/share/sd_localization_msgs/hook/cmake_prefix_path.dsv'
[7.140s] INFO:colcon.colcon_core.shell:Creating environment hook '/home/hamza/hackathon_ws/install/sd_localization_msgs/share/sd_localization_msgs/hook/cmake_prefix_path.sh'
[7.140s] Level 1:colcon.colcon_core.environment:checking '/home/hamza/hackathon_ws/install/sd_localization_msgs/lib'
[7.140s] Level 1:colcon.colcon_core.shell:create_environment_hook('sd_localization_msgs', 'ld_library_path_lib')
[7.141s] INFO:colcon.colcon_core.shell:Creating environment hook '/home/hamza/hackathon_ws/install/sd_localization_msgs/share/sd_localization_msgs/hook/ld_library_path_lib.ps1'
[7.141s] INFO:colcon.colcon_core.shell:Creating environment descriptor '/home/hamza/hackathon_ws/install/sd_localization_msgs/share/sd_localization_msgs/hook/ld_library_path_lib.dsv'
[7.141s] INFO:colcon.colcon_core.shell:Creating environment hook '/home/hamza/hackathon_ws/install/sd_localization_msgs/share/sd_localization_msgs/hook/ld_library_path_lib.sh'
[7.141s] Level 1:colcon.colcon_core.environment:checking '/home/hamza/hackathon_ws/install/sd_localization_msgs/bin'
[7.142s] Level 1:colcon.colcon_core.environment:checking '/home/hamza/hackathon_ws/install/sd_localization_msgs/lib/pkgconfig/sd_localization_msgs.pc'
[7.142s] Level 1:colcon.colcon_core.environment:checking '/home/hamza/hackathon_ws/install/sd_localization_msgs/lib/python3.10/site-packages'
[7.142s] Level 1:colcon.colcon_core.environment:checking '/home/hamza/hackathon_ws/install/sd_localization_msgs/bin'
[7.142s] INFO:colcon.colcon_core.shell:Creating package script '/home/hamza/hackathon_ws/install/sd_localization_msgs/share/sd_localization_msgs/package.ps1'
[7.143s] INFO:colcon.colcon_core.shell:Creating package descriptor '/home/hamza/hackathon_ws/install/sd_localization_msgs/share/sd_localization_msgs/package.dsv'
[7.143s] INFO:colcon.colcon_core.shell:Creating package script '/home/hamza/hackathon_ws/install/sd_localization_msgs/share/sd_localization_msgs/package.sh'
[7.143s] INFO:colcon.colcon_core.shell:Creating package script '/home/hamza/hackathon_ws/install/sd_localization_msgs/share/sd_localization_msgs/package.bash'
[7.144s] INFO:colcon.colcon_core.shell:Creating package script '/home/hamza/hackathon_ws/install/sd_localization_msgs/share/sd_localization_msgs/package.zsh'
[7.144s] Level 1:colcon.colcon_core.environment:create_file_with_runtime_dependencies(/home/hamza/hackathon_ws/install/sd_localization_msgs/share/colcon-core/packages/sd_localization_msgs)
[7.144s] Level 1:colcon.colcon_core.environment:create_environment_scripts_only(sd_localization_msgs)
[7.145s] Level 1:colcon.colcon_core.environment:checking '/home/hamza/hackathon_ws/install/sd_localization_msgs' for CMake module files
[7.145s] Level 1:colcon.colcon_core.environment:checking '/home/hamza/hackathon_ws/install/sd_localization_msgs' for CMake config files
[7.145s] Level 1:colcon.colcon_core.shell:create_environment_hook('sd_localization_msgs', 'cmake_prefix_path')
[7.145s] INFO:colcon.colcon_core.shell:Creating environment hook '/home/hamza/hackathon_ws/install/sd_localization_msgs/share/sd_localization_msgs/hook/cmake_prefix_path.ps1'
[7.145s] INFO:colcon.colcon_core.shell:Creating environment descriptor '/home/hamza/hackathon_ws/install/sd_localization_msgs/share/sd_localization_msgs/hook/cmake_prefix_path.dsv'
[7.146s] INFO:colcon.colcon_core.shell:Creating environment hook '/home/hamza/hackathon_ws/install/sd_localization_msgs/share/sd_localization_msgs/hook/cmake_prefix_path.sh'
[7.146s] Level 1:colcon.colcon_core.environment:checking '/home/hamza/hackathon_ws/install/sd_localization_msgs/lib'
[7.146s] Level 1:colcon.colcon_core.shell:create_environment_hook('sd_localization_msgs', 'ld_library_path_lib')
[7.146s] INFO:colcon.colcon_core.shell:Creating environment hook '/home/hamza/hackathon_ws/install/sd_localization_msgs/share/sd_localization_msgs/hook/ld_library_path_lib.ps1'
[7.146s] INFO:colcon.colcon_core.shell:Creating environment descriptor '/home/hamza/hackathon_ws/install/sd_localization_msgs/share/sd_localization_msgs/hook/ld_library_path_lib.dsv'
[7.146s] INFO:colcon.colcon_core.shell:Creating environment hook '/home/hamza/hackathon_ws/install/sd_localization_msgs/share/sd_localization_msgs/hook/ld_library_path_lib.sh'
[7.146s] Level 1:colcon.colcon_core.environment:checking '/home/hamza/hackathon_ws/install/sd_localization_msgs/bin'
[7.146s] Level 1:colcon.colcon_core.environment:checking '/home/hamza/hackathon_ws/install/sd_localization_msgs/lib/pkgconfig/sd_localization_msgs.pc'
[7.147s] Level 1:colcon.colcon_core.environment:checking '/home/hamza/hackathon_ws/install/sd_localization_msgs/lib/python3.10/site-packages'
[7.147s] Level 1:colcon.colcon_core.environment:checking '/home/hamza/hackathon_ws/install/sd_localization_msgs/bin'
[7.147s] INFO:colcon.colcon_core.shell:Creating package script '/home/hamza/hackathon_ws/install/sd_localization_msgs/share/sd_localization_msgs/package.ps1'
[7.147s] INFO:colcon.colcon_core.shell:Creating package descriptor '/home/hamza/hackathon_ws/install/sd_localization_msgs/share/sd_localization_msgs/package.dsv'
[7.147s] INFO:colcon.colcon_core.shell:Creating package script '/home/hamza/hackathon_ws/install/sd_localization_msgs/share/sd_localization_msgs/package.sh'
[7.147s] INFO:colcon.colcon_core.shell:Creating package script '/home/hamza/hackathon_ws/install/sd_localization_msgs/share/sd_localization_msgs/package.bash'
[7.148s] INFO:colcon.colcon_core.shell:Creating package script '/home/hamza/hackathon_ws/install/sd_localization_msgs/share/sd_localization_msgs/package.zsh'
[7.148s] Level 1:colcon.colcon_core.environment:create_file_with_runtime_dependencies(/home/hamza/hackathon_ws/install/sd_localization_msgs/share/colcon-core/packages/sd_localization_msgs)
[29.164s] DEBUG:colcon.colcon_core.event_handler.log_command:Invoked command in '/home/hamza/hackathon_ws/build/sd_can_msgs' returned '0': CMAKE_PREFIX_PATH=/opt/ros/humble /usr/bin/cmake --build /home/hamza/hackathon_ws/build/sd_can_msgs -- -j20 -l20
[29.165s] DEBUG:colcon.colcon_core.event_handler.log_command:Invoking command in '/home/hamza/hackathon_ws/build/sd_can_msgs': CMAKE_PREFIX_PATH=/opt/ros/humble /usr/bin/cmake --install /home/hamza/hackathon_ws/build/sd_can_msgs
[36.489s] Level 1:colcon.colcon_core.environment:create_environment_scripts_only(sd_can_msgs)
[36.490s] Level 1:colcon.colcon_core.environment:checking '/home/hamza/hackathon_ws/install/sd_can_msgs' for CMake module files
[36.490s] DEBUG:colcon.colcon_core.event_handler.log_command:Invoked command in '/home/hamza/hackathon_ws/build/sd_can_msgs' returned '0': CMAKE_PREFIX_PATH=/opt/ros/humble /usr/bin/cmake --install /home/hamza/hackathon_ws/build/sd_can_msgs
[36.490s] Level 1:colcon.colcon_core.environment:checking '/home/hamza/hackathon_ws/install/sd_can_msgs' for CMake config files
[36.491s] Level 1:colcon.colcon_core.shell:create_environment_hook('sd_can_msgs', 'cmake_prefix_path')
[36.492s] INFO:colcon.colcon_core.shell:Creating environment hook '/home/hamza/hackathon_ws/install/sd_can_msgs/share/sd_can_msgs/hook/cmake_prefix_path.ps1'
[36.492s] INFO:colcon.colcon_core.shell:Creating environment descriptor '/home/hamza/hackathon_ws/install/sd_can_msgs/share/sd_can_msgs/hook/cmake_prefix_path.dsv'
[36.492s] INFO:colcon.colcon_core.shell:Creating environment hook '/home/hamza/hackathon_ws/install/sd_can_msgs/share/sd_can_msgs/hook/cmake_prefix_path.sh'
[36.492s] Level 1:colcon.colcon_core.environment:checking '/home/hamza/hackathon_ws/install/sd_can_msgs/lib'
[36.492s] Level 1:colcon.colcon_core.shell:create_environment_hook('sd_can_msgs', 'ld_library_path_lib')
[36.492s] INFO:colcon.colcon_core.shell:Creating environment hook '/home/hamza/hackathon_ws/install/sd_can_msgs/share/sd_can_msgs/hook/ld_library_path_lib.ps1'
[36.492s] INFO:colcon.colcon_core.shell:Creating environment descriptor '/home/hamza/hackathon_ws/install/sd_can_msgs/share/sd_can_msgs/hook/ld_library_path_lib.dsv'
[36.493s] INFO:colcon.colcon_core.shell:Creating environment hook '/home/hamza/hackathon_ws/install/sd_can_msgs/share/sd_can_msgs/hook/ld_library_path_lib.sh'
[36.493s] Level 1:colcon.colcon_core.environment:checking '/home/hamza/hackathon_ws/install/sd_can_msgs/bin'
[36.493s] Level 1:colcon.colcon_core.environment:checking '/home/hamza/hackathon_ws/install/sd_can_msgs/lib/pkgconfig/sd_can_msgs.pc'
[36.493s] Level 1:colcon.colcon_core.environment:checking '/home/hamza/hackathon_ws/install/sd_can_msgs/lib/python3.10/site-packages'
[36.493s] Level 1:colcon.colcon_core.environment:checking '/home/hamza/hackathon_ws/install/sd_can_msgs/bin'
[36.493s] INFO:colcon.colcon_core.shell:Creating package script '/home/hamza/hackathon_ws/install/sd_can_msgs/share/sd_can_msgs/package.ps1'
[36.493s] INFO:colcon.colcon_core.shell:Creating package descriptor '/home/hamza/hackathon_ws/install/sd_can_msgs/share/sd_can_msgs/package.dsv'
[36.494s] INFO:colcon.colcon_core.shell:Creating package script '/home/hamza/hackathon_ws/install/sd_can_msgs/share/sd_can_msgs/package.sh'
[36.494s] INFO:colcon.colcon_core.shell:Creating package script '/home/hamza/hackathon_ws/install/sd_can_msgs/share/sd_can_msgs/package.bash'
[36.494s] INFO:colcon.colcon_core.shell:Creating package script '/home/hamza/hackathon_ws/install/sd_can_msgs/share/sd_can_msgs/package.zsh'
[36.494s] Level 1:colcon.colcon_core.environment:create_file_with_runtime_dependencies(/home/hamza/hackathon_ws/install/sd_can_msgs/share/colcon-core/packages/sd_can_msgs)
[36.494s] Level 1:colcon.colcon_core.environment:create_environment_scripts_only(sd_can_msgs)
[36.495s] Level 1:colcon.colcon_core.environment:checking '/home/hamza/hackathon_ws/install/sd_can_msgs' for CMake module files
[36.495s] Level 1:colcon.colcon_core.environment:checking '/home/hamza/hackathon_ws/install/sd_can_msgs' for CMake config files
[36.496s] Level 1:colcon.colcon_core.shell:create_environment_hook('sd_can_msgs', 'cmake_prefix_path')
[36.496s] INFO:colcon.colcon_core.shell:Creating environment hook '/home/hamza/hackathon_ws/install/sd_can_msgs/share/sd_can_msgs/hook/cmake_prefix_path.ps1'
[36.496s] INFO:colcon.colcon_core.shell:Creating environment descriptor '/home/hamza/hackathon_ws/install/sd_can_msgs/share/sd_can_msgs/hook/cmake_prefix_path.dsv'
[36.497s] INFO:colcon.colcon_core.shell:Creating environment hook '/home/hamza/hackathon_ws/install/sd_can_msgs/share/sd_can_msgs/hook/cmake_prefix_path.sh'
[36.497s] Level 1:colcon.colcon_core.environment:checking '/home/hamza/hackathon_ws/install/sd_can_msgs/lib'
[36.497s] Level 1:colcon.colcon_core.shell:create_environment_hook('sd_can_msgs', 'ld_library_path_lib')
[36.497s] INFO:colcon.colcon_core.shell:Creating environment hook '/home/hamza/hackathon_ws/install/sd_can_msgs/share/sd_can_msgs/hook/ld_library_path_lib.ps1'
[36.497s] INFO:colcon.colcon_core.shell:Creating environment descriptor '/home/hamza/hackathon_ws/install/sd_can_msgs/share/sd_can_msgs/hook/ld_library_path_lib.dsv'
[36.497s] INFO:colcon.colcon_core.shell:Creating environment hook '/home/hamza/hackathon_ws/install/sd_can_msgs/share/sd_can_msgs/hook/ld_library_path_lib.sh'
[36.498s] Level 1:colcon.colcon_core.environment:checking '/home/hamza/hackathon_ws/install/sd_can_msgs/bin'
[36.498s] Level 1:colcon.colcon_core.environment:checking '/home/hamza/hackathon_ws/install/sd_can_msgs/lib/pkgconfig/sd_can_msgs.pc'
[36.498s] Level 1:colcon.colcon_core.environment:checking '/home/hamza/hackathon_ws/install/sd_can_msgs/lib/python3.10/site-packages'
[36.498s] Level 1:colcon.colcon_core.environment:checking '/home/hamza/hackathon_ws/install/sd_can_msgs/bin'
[36.498s] INFO:colcon.colcon_core.shell:Creating package script '/home/hamza/hackathon_ws/install/sd_can_msgs/share/sd_can_msgs/package.ps1'
[36.498s] INFO:colcon.colcon_core.shell:Creating package descriptor '/home/hamza/hackathon_ws/install/sd_can_msgs/share/sd_can_msgs/package.dsv'
[36.498s] INFO:colcon.colcon_core.shell:Creating package script '/home/hamza/hackathon_ws/install/sd_can_msgs/share/sd_can_msgs/package.sh'
[36.499s] INFO:colcon.colcon_core.shell:Creating package script '/home/hamza/hackathon_ws/install/sd_can_msgs/share/sd_can_msgs/package.bash'
[36.499s] INFO:colcon.colcon_core.shell:Creating package script '/home/hamza/hackathon_ws/install/sd_can_msgs/share/sd_can_msgs/package.zsh'
[36.499s] Level 1:colcon.colcon_core.environment:create_file_with_runtime_dependencies(/home/hamza/hackathon_ws/install/sd_can_msgs/share/colcon-core/packages/sd_can_msgs)
[36.499s] DEBUG:colcon.colcon_parallel_executor.executor.parallel:closing loop
[36.499s] DEBUG:colcon.colcon_parallel_executor.executor.parallel:loop closed
[36.499s] DEBUG:colcon.colcon_parallel_executor.executor.parallel:run_until_complete finished with '0'
[36.499s] DEBUG:colcon.colcon_core.event_reactor:joining thread
[36.502s] INFO:colcon.colcon_core.plugin_system:Skipping extension 'colcon_notification.desktop_notification.terminal_notifier': Not used on non-Darwin systems
[36.502s] INFO:colcon.colcon_core.plugin_system:Skipping extension 'colcon_notification.desktop_notification.win32': Not used on non-Windows systems
[36.502s] INFO:colcon.colcon_notification.desktop_notification:Sending desktop notification using 'notify2'
[36.511s] DEBUG:colcon.colcon_core.event_reactor:joined thread
[36.511s] INFO:colcon.colcon_core.shell:Creating prefix script '/home/hamza/hackathon_ws/install/local_setup.ps1'
[36.512s] INFO:colcon.colcon_core.shell:Creating prefix util module '/home/hamza/hackathon_ws/install/_local_setup_util_ps1.py'
[36.512s] INFO:colcon.colcon_core.shell:Creating prefix chain script '/home/hamza/hackathon_ws/install/setup.ps1'
[36.513s] INFO:colcon.colcon_core.shell:Creating prefix script '/home/hamza/hackathon_ws/install/local_setup.sh'
[36.513s] INFO:colcon.colcon_core.shell:Creating prefix util module '/home/hamza/hackathon_ws/install/_local_setup_util_sh.py'
[36.513s] INFO:colcon.colcon_core.shell:Creating prefix chain script '/home/hamza/hackathon_ws/install/setup.sh'
[36.513s] INFO:colcon.colcon_core.shell:Creating prefix script '/home/hamza/hackathon_ws/install/local_setup.bash'
[36.514s] INFO:colcon.colcon_core.shell:Creating prefix chain script '/home/hamza/hackathon_ws/install/setup.bash'
[36.514s] INFO:colcon.colcon_core.shell:Creating prefix script '/home/hamza/hackathon_ws/install/local_setup.zsh'
[36.514s] INFO:colcon.colcon_core.shell:Creating prefix chain script '/home/hamza/hackathon_ws/install/setup.zsh'
