-- The C compiler identification is GNU 11.4.0
-- The CXX compiler identification is GNU 11.4.0
-- Detecting C compiler ABI info
-- Detecting C compiler ABI info - done
-- Check for working C compiler: /usr/bin/cc - skipped
-- Detecting C compile features
-- Detecting C compile features - done
-- Detecting CXX compiler ABI info
-- Detecting CXX compiler ABI info - done
-- Check for working CXX compiler: /usr/bin/c++ - skipped
-- Detecting CXX compile features
-- Detecting CXX compile features - done
-- Found ament_cmake: 1.3.14 (/opt/ros/humble/share/ament_cmake/cmake)
-- Found Python3: /usr/bin/python3 (found version "3.10.12") found components: Interpreter 
-- Override CMake install command with custom implementation using symlinks instead of copying resources
-- Found builtin_interfaces: 1.2.2 (/opt/ros/humble/share/builtin_interfaces/cmake)
-- Found rosidl_generator_c: 3.1.8 (/opt/ros/humble/share/rosidl_generator_c/cmake)
-- Found rosidl_adapter: 3.1.8 (/opt/ros/humble/share/rosidl_adapter/cmake)
-- Found rosidl_generator_cpp: 3.1.8 (/opt/ros/humble/share/rosidl_generator_cpp/cmake)
-- Using all available rosidl_typesupport_c: rosidl_typesupport_fastrtps_c;rosidl_typesupport_introspection_c
-- Using all available rosidl_typesupport_cpp: rosidl_typesupport_fastrtps_cpp;rosidl_typesupport_introspection_cpp
-- Found rosidl_default_generators: 1.2.1 (/opt/ros/humble/share/rosidl_default_generators/cmake)
-- Found std_msgs: 4.9.1 (/opt/ros/humble/share/std_msgs/cmake)
-- Found ament_cmake_ros: 0.10.0 (/opt/ros/humble/share/ament_cmake_ros/cmake)
-- Using all available rosidl_typesupport_c: rosidl_typesupport_fastrtps_c;rosidl_typesupport_introspection_c
-- Using all available rosidl_typesupport_cpp: rosidl_typesupport_fastrtps_cpp;rosidl_typesupport_introspection_cpp
-- Found PythonInterp: /usr/bin/python3 (found suitable version "3.10.12", minimum required is "3.6") 
-- Found python_cmake_module: 0.10.0 (/opt/ros/humble/share/python_cmake_module/cmake)
-- Found PythonLibs: /usr/lib/x86_64-linux-gnu/libpython3.10.so (found suitable version "3.10.12", minimum required is "3.5") 
-- Using PYTHON_EXECUTABLE: /usr/bin/python3
-- Using PYTHON_INCLUDE_DIRS: /usr/include/python3.10
-- Using PYTHON_LIBRARIES: /usr/lib/x86_64-linux-gnu/libpython3.10.so
-- Found PythonExtra: .so  
-- Found ament_lint_auto: 0.12.15 (/opt/ros/humble/share/ament_lint_auto/cmake)
-- Added test 'copyright' to check source files copyright and LICENSE
-- Added test 'lint_cmake' to check CMake code style
-- Added test 'xmllint' to check XML markup files
-- Configuring done
-- Generating done
-- Build files have been written to: /home/hamza/hackathon_ws/build/sd_map_msgs
[  2%] [34m[1mGenerating C code for ROS interfaces[0m
[  4%] [34m[1mGenerating Rust code for ROS interfaces[0m
[  6%] [34m[1mGenerating C++ code for ROS interfaces[0m
[  6%] Built target ament_cmake_python_symlink_sd_map_msgs
running egg_info
creating sd_map_msgs.egg-info
writing sd_map_msgs.egg-info/PKG-INFO
writing dependency_links to sd_map_msgs.egg-info/dependency_links.txt
writing top-level names to sd_map_msgs.egg-info/top_level.txt
writing manifest file 'sd_map_msgs.egg-info/SOURCES.txt'
reading manifest file 'sd_map_msgs.egg-info/SOURCES.txt'
writing manifest file 'sd_map_msgs.egg-info/SOURCES.txt'
[  6%] Built target ament_cmake_python_build_sd_map_msgs_egg
[  6%] Built target sd_map_msgs__rs
[  6%] Built target sd_map_msgs__cpp
[  8%] [34m[1mGenerating C++ type support for eProsima Fast-RTPS[0m
[ 10%] [34m[1mGenerating C++ introspection for ROS interfaces[0m
[ 12%] [34m[1mGenerating C++ type support dispatch for ROS interfaces[0m
[ 14%] [32mBuilding C object CMakeFiles/sd_map_msgs__rosidl_generator_c.dir/rosidl_generator_c/sd_map_msgs/msg/detail/sn_map_state__functions.c.o[0m
[ 16%] [32mBuilding C object CMakeFiles/sd_map_msgs__rosidl_generator_c.dir/rosidl_generator_c/sd_map_msgs/msg/detail/sn_lane_state__functions.c.o[0m
[ 18%] [32mBuilding C object CMakeFiles/sd_map_msgs__rosidl_generator_c.dir/rosidl_generator_c/sd_map_msgs/msg/detail/sn_state__functions.c.o[0m
[ 20%] [32m[1mLinking C shared library libsd_map_msgs__rosidl_generator_c.so[0m
[ 20%] Built target sd_map_msgs__rosidl_generator_c
[ 22%] [34m[1mGenerating C introspection for ROS interfaces[0m
[ 25%] [34m[1mGenerating C type support for eProsima Fast-RTPS[0m
[ 27%] [34m[1mGenerating C type support dispatch for ROS interfaces[0m
[ 31%] [32mBuilding CXX object CMakeFiles/sd_map_msgs__rosidl_typesupport_cpp.dir/rosidl_typesupport_cpp/sd_map_msgs/msg/sn_state__type_support.cpp.o[0m
[ 31%] [32mBuilding CXX object CMakeFiles/sd_map_msgs__rosidl_typesupport_cpp.dir/rosidl_typesupport_cpp/sd_map_msgs/msg/sn_lane_state__type_support.cpp.o[0m
[ 33%] [32mBuilding CXX object CMakeFiles/sd_map_msgs__rosidl_typesupport_cpp.dir/rosidl_typesupport_cpp/sd_map_msgs/msg/sn_map_state__type_support.cpp.o[0m
[ 35%] [32mBuilding CXX object CMakeFiles/sd_map_msgs__rosidl_typesupport_introspection_cpp.dir/rosidl_typesupport_introspection_cpp/sd_map_msgs/msg/detail/sn_lane_state__type_support.cpp.o[0m
[ 37%] [32mBuilding CXX object CMakeFiles/sd_map_msgs__rosidl_typesupport_introspection_cpp.dir/rosidl_typesupport_introspection_cpp/sd_map_msgs/msg/detail/sn_map_state__type_support.cpp.o[0m
[ 39%] [32mBuilding CXX object CMakeFiles/sd_map_msgs__rosidl_typesupport_introspection_cpp.dir/rosidl_typesupport_introspection_cpp/sd_map_msgs/msg/detail/sn_state__type_support.cpp.o[0m
[ 41%] [32mBuilding CXX object CMakeFiles/sd_map_msgs__rosidl_typesupport_fastrtps_cpp.dir/rosidl_typesupport_fastrtps_cpp/sd_map_msgs/msg/detail/dds_fastrtps/sn_lane_state__type_support.cpp.o[0m
[ 43%] [32mBuilding CXX object CMakeFiles/sd_map_msgs__rosidl_typesupport_fastrtps_cpp.dir/rosidl_typesupport_fastrtps_cpp/sd_map_msgs/msg/detail/dds_fastrtps/sn_map_state__type_support.cpp.o[0m
[ 45%] [32mBuilding CXX object CMakeFiles/sd_map_msgs__rosidl_typesupport_fastrtps_cpp.dir/rosidl_typesupport_fastrtps_cpp/sd_map_msgs/msg/detail/dds_fastrtps/sn_state__type_support.cpp.o[0m
[ 47%] [32mBuilding CXX object CMakeFiles/sd_map_msgs__rosidl_typesupport_fastrtps_c.dir/rosidl_typesupport_fastrtps_c/sd_map_msgs/msg/detail/sn_map_state__type_support_c.cpp.o[0m
[ 50%] [32mBuilding CXX object CMakeFiles/sd_map_msgs__rosidl_typesupport_fastrtps_c.dir/rosidl_typesupport_fastrtps_c/sd_map_msgs/msg/detail/sn_lane_state__type_support_c.cpp.o[0m
[ 52%] [32mBuilding CXX object CMakeFiles/sd_map_msgs__rosidl_typesupport_fastrtps_c.dir/rosidl_typesupport_fastrtps_c/sd_map_msgs/msg/detail/sn_state__type_support_c.cpp.o[0m
[ 54%] [32mBuilding CXX object CMakeFiles/sd_map_msgs__rosidl_typesupport_c.dir/rosidl_typesupport_c/sd_map_msgs/msg/sn_lane_state__type_support.cpp.o[0m
[ 56%] [32mBuilding CXX object CMakeFiles/sd_map_msgs__rosidl_typesupport_c.dir/rosidl_typesupport_c/sd_map_msgs/msg/sn_state__type_support.cpp.o[0m
[ 58%] [32mBuilding C object CMakeFiles/sd_map_msgs__rosidl_typesupport_introspection_c.dir/rosidl_typesupport_introspection_c/sd_map_msgs/msg/detail/sn_lane_state__type_support.c.o[0m
[ 60%] [32mBuilding C object CMakeFiles/sd_map_msgs__rosidl_typesupport_introspection_c.dir/rosidl_typesupport_introspection_c/sd_map_msgs/msg/detail/sn_state__type_support.c.o[0m
[ 62%] [32mBuilding C object CMakeFiles/sd_map_msgs__rosidl_typesupport_introspection_c.dir/rosidl_typesupport_introspection_c/sd_map_msgs/msg/detail/sn_map_state__type_support.c.o[0m
[ 64%] [32mBuilding CXX object CMakeFiles/sd_map_msgs__rosidl_typesupport_c.dir/rosidl_typesupport_c/sd_map_msgs/msg/sn_map_state__type_support.cpp.o[0m
[ 66%] [32m[1mLinking C shared library libsd_map_msgs__rosidl_typesupport_introspection_c.so[0m
[ 66%] Built target sd_map_msgs__rosidl_typesupport_introspection_c
[ 68%] [32m[1mLinking CXX shared library libsd_map_msgs__rosidl_typesupport_c.so[0m
[ 68%] Built target sd_map_msgs__rosidl_typesupport_c
[ 70%] [32m[1mLinking CXX shared library libsd_map_msgs__rosidl_typesupport_cpp.so[0m
[ 70%] Built target sd_map_msgs__rosidl_typesupport_cpp
[ 72%] [32m[1mLinking CXX shared library libsd_map_msgs__rosidl_typesupport_fastrtps_c.so[0m
[ 75%] [32m[1mLinking CXX shared library libsd_map_msgs__rosidl_typesupport_introspection_cpp.so[0m
[ 77%] [32m[1mLinking CXX shared library libsd_map_msgs__rosidl_typesupport_fastrtps_cpp.so[0m
[ 77%] Built target sd_map_msgs__rosidl_typesupport_fastrtps_c
[ 77%] Built target sd_map_msgs__rosidl_typesupport_introspection_cpp
[ 77%] Built target sd_map_msgs__rosidl_typesupport_fastrtps_cpp
[ 77%] Built target sd_map_msgs
[ 79%] [34m[1mGenerating Python code for ROS interfaces[0m
[ 79%] Built target sd_map_msgs__py
[ 81%] [32mBuilding C object CMakeFiles/sd_map_msgs__rosidl_generator_py.dir/rosidl_generator_py/sd_map_msgs/msg/_sn_lane_state_s.c.o[0m
[ 83%] [32mBuilding C object CMakeFiles/sd_map_msgs__rosidl_generator_py.dir/rosidl_generator_py/sd_map_msgs/msg/_sn_state_s.c.o[0m
[ 85%] [32mBuilding C object CMakeFiles/sd_map_msgs__rosidl_generator_py.dir/rosidl_generator_py/sd_map_msgs/msg/_sn_map_state_s.c.o[0m
[ 87%] [32m[1mLinking C shared library rosidl_generator_py/sd_map_msgs/libsd_map_msgs__rosidl_generator_py.so[0m
[ 87%] Built target sd_map_msgs__rosidl_generator_py
[ 89%] [32mBuilding C object CMakeFiles/sd_map_msgs__rosidl_typesupport_fastrtps_c__pyext.dir/rosidl_generator_py/sd_map_msgs/_sd_map_msgs_s.ep.rosidl_typesupport_fastrtps_c.c.o[0m
[ 91%] [32mBuilding C object CMakeFiles/sd_map_msgs__rosidl_typesupport_introspection_c__pyext.dir/rosidl_generator_py/sd_map_msgs/_sd_map_msgs_s.ep.rosidl_typesupport_introspection_c.c.o[0m
[ 93%] [32mBuilding C object CMakeFiles/sd_map_msgs__rosidl_typesupport_c__pyext.dir/rosidl_generator_py/sd_map_msgs/_sd_map_msgs_s.ep.rosidl_typesupport_c.c.o[0m
[ 95%] [32m[1mLinking C shared library rosidl_generator_py/sd_map_msgs/sd_map_msgs_s__rosidl_typesupport_c.cpython-310-x86_64-linux-gnu.so[0m
[ 97%] [32m[1mLinking C shared library rosidl_generator_py/sd_map_msgs/sd_map_msgs_s__rosidl_typesupport_fastrtps_c.cpython-310-x86_64-linux-gnu.so[0m
[100%] [32m[1mLinking C shared library rosidl_generator_py/sd_map_msgs/sd_map_msgs_s__rosidl_typesupport_introspection_c.cpython-310-x86_64-linux-gnu.so[0m
[100%] Built target sd_map_msgs__rosidl_typesupport_c__pyext
[100%] Built target sd_map_msgs__rosidl_typesupport_fastrtps_c__pyext
[100%] Built target sd_map_msgs__rosidl_typesupport_introspection_c__pyext
-- Install configuration: ""
-- Execute custom install script
-- Symlinking: /home/hamza/hackathon_ws/install/sd_map_msgs/share/ament_index/resource_index/rosidl_interfaces/sd_map_msgs
-- Symlinking: /home/hamza/hackathon_ws/install/sd_map_msgs/include/sd_map_msgs/sd_map_msgs/msg/detail/sn_lane_state__functions.h
-- Symlinking: /home/hamza/hackathon_ws/install/sd_map_msgs/include/sd_map_msgs/sd_map_msgs/msg/detail/sn_lane_state__struct.h
-- Symlinking: /home/hamza/hackathon_ws/install/sd_map_msgs/include/sd_map_msgs/sd_map_msgs/msg/detail/sn_lane_state__type_support.h
-- Symlinking: /home/hamza/hackathon_ws/install/sd_map_msgs/include/sd_map_msgs/sd_map_msgs/msg/detail/sn_map_state__functions.h
-- Symlinking: /home/hamza/hackathon_ws/install/sd_map_msgs/include/sd_map_msgs/sd_map_msgs/msg/detail/sn_map_state__struct.h
-- Symlinking: /home/hamza/hackathon_ws/install/sd_map_msgs/include/sd_map_msgs/sd_map_msgs/msg/detail/sn_map_state__type_support.h
-- Symlinking: /home/hamza/hackathon_ws/install/sd_map_msgs/include/sd_map_msgs/sd_map_msgs/msg/detail/sn_state__functions.h
-- Symlinking: /home/hamza/hackathon_ws/install/sd_map_msgs/include/sd_map_msgs/sd_map_msgs/msg/detail/sn_state__struct.h
-- Symlinking: /home/hamza/hackathon_ws/install/sd_map_msgs/include/sd_map_msgs/sd_map_msgs/msg/detail/sn_state__type_support.h
-- Symlinking: /home/hamza/hackathon_ws/install/sd_map_msgs/include/sd_map_msgs/sd_map_msgs/msg/rosidl_generator_c__visibility_control.h
-- Symlinking: /home/hamza/hackathon_ws/install/sd_map_msgs/include/sd_map_msgs/sd_map_msgs/msg/sn_lane_state.h
-- Symlinking: /home/hamza/hackathon_ws/install/sd_map_msgs/include/sd_map_msgs/sd_map_msgs/msg/sn_map_state.h
-- Symlinking: /home/hamza/hackathon_ws/install/sd_map_msgs/include/sd_map_msgs/sd_map_msgs/msg/sn_state.h
-- Symlinking: /home/hamza/hackathon_ws/install/sd_map_msgs/share/sd_map_msgs/environment/library_path.sh
-- Symlinking: /home/hamza/hackathon_ws/install/sd_map_msgs/share/sd_map_msgs/environment/library_path.dsv
-- Symlinking: /home/hamza/hackathon_ws/install/sd_map_msgs/include/sd_map_msgs/sd_map_msgs/msg/detail/sn_lane_state__rosidl_typesupport_fastrtps_c.h
-- Symlinking: /home/hamza/hackathon_ws/install/sd_map_msgs/include/sd_map_msgs/sd_map_msgs/msg/detail/sn_map_state__rosidl_typesupport_fastrtps_c.h
-- Symlinking: /home/hamza/hackathon_ws/install/sd_map_msgs/include/sd_map_msgs/sd_map_msgs/msg/detail/sn_state__rosidl_typesupport_fastrtps_c.h
-- Symlinking: /home/hamza/hackathon_ws/install/sd_map_msgs/include/sd_map_msgs/sd_map_msgs/msg/rosidl_typesupport_fastrtps_c__visibility_control.h
-- Symlinking: /home/hamza/hackathon_ws/install/sd_map_msgs/include/sd_map_msgs/sd_map_msgs/msg/detail/sn_lane_state__builder.hpp
-- Symlinking: /home/hamza/hackathon_ws/install/sd_map_msgs/include/sd_map_msgs/sd_map_msgs/msg/detail/sn_lane_state__struct.hpp
-- Symlinking: /home/hamza/hackathon_ws/install/sd_map_msgs/include/sd_map_msgs/sd_map_msgs/msg/detail/sn_lane_state__traits.hpp
-- Symlinking: /home/hamza/hackathon_ws/install/sd_map_msgs/include/sd_map_msgs/sd_map_msgs/msg/detail/sn_lane_state__type_support.hpp
-- Symlinking: /home/hamza/hackathon_ws/install/sd_map_msgs/include/sd_map_msgs/sd_map_msgs/msg/detail/sn_map_state__builder.hpp
-- Symlinking: /home/hamza/hackathon_ws/install/sd_map_msgs/include/sd_map_msgs/sd_map_msgs/msg/detail/sn_map_state__struct.hpp
-- Symlinking: /home/hamza/hackathon_ws/install/sd_map_msgs/include/sd_map_msgs/sd_map_msgs/msg/detail/sn_map_state__traits.hpp
-- Symlinking: /home/hamza/hackathon_ws/install/sd_map_msgs/include/sd_map_msgs/sd_map_msgs/msg/detail/sn_map_state__type_support.hpp
-- Symlinking: /home/hamza/hackathon_ws/install/sd_map_msgs/include/sd_map_msgs/sd_map_msgs/msg/detail/sn_state__builder.hpp
-- Symlinking: /home/hamza/hackathon_ws/install/sd_map_msgs/include/sd_map_msgs/sd_map_msgs/msg/detail/sn_state__struct.hpp
-- Symlinking: /home/hamza/hackathon_ws/install/sd_map_msgs/include/sd_map_msgs/sd_map_msgs/msg/detail/sn_state__traits.hpp
-- Symlinking: /home/hamza/hackathon_ws/install/sd_map_msgs/include/sd_map_msgs/sd_map_msgs/msg/detail/sn_state__type_support.hpp
-- Symlinking: /home/hamza/hackathon_ws/install/sd_map_msgs/include/sd_map_msgs/sd_map_msgs/msg/rosidl_generator_cpp__visibility_control.hpp
-- Symlinking: /home/hamza/hackathon_ws/install/sd_map_msgs/include/sd_map_msgs/sd_map_msgs/msg/sn_lane_state.hpp
-- Symlinking: /home/hamza/hackathon_ws/install/sd_map_msgs/include/sd_map_msgs/sd_map_msgs/msg/sn_map_state.hpp
-- Symlinking: /home/hamza/hackathon_ws/install/sd_map_msgs/include/sd_map_msgs/sd_map_msgs/msg/sn_state.hpp
-- Symlinking: /home/hamza/hackathon_ws/install/sd_map_msgs/include/sd_map_msgs/sd_map_msgs/msg/detail/sn_lane_state__rosidl_typesupport_fastrtps_cpp.hpp
-- Symlinking: /home/hamza/hackathon_ws/install/sd_map_msgs/include/sd_map_msgs/sd_map_msgs/msg/detail/sn_map_state__rosidl_typesupport_fastrtps_cpp.hpp
-- Symlinking: /home/hamza/hackathon_ws/install/sd_map_msgs/include/sd_map_msgs/sd_map_msgs/msg/detail/sn_state__rosidl_typesupport_fastrtps_cpp.hpp
-- Symlinking: /home/hamza/hackathon_ws/install/sd_map_msgs/include/sd_map_msgs/sd_map_msgs/msg/rosidl_typesupport_fastrtps_cpp__visibility_control.h
-- Symlinking: /home/hamza/hackathon_ws/install/sd_map_msgs/include/sd_map_msgs/sd_map_msgs/msg/detail/sn_lane_state__rosidl_typesupport_introspection_c.h
-- Symlinking: /home/hamza/hackathon_ws/install/sd_map_msgs/include/sd_map_msgs/sd_map_msgs/msg/detail/sn_map_state__rosidl_typesupport_introspection_c.h
-- Symlinking: /home/hamza/hackathon_ws/install/sd_map_msgs/include/sd_map_msgs/sd_map_msgs/msg/detail/sn_state__rosidl_typesupport_introspection_c.h
-- Symlinking: /home/hamza/hackathon_ws/install/sd_map_msgs/include/sd_map_msgs/sd_map_msgs/msg/rosidl_typesupport_introspection_c__visibility_control.h
-- Symlinking: /home/hamza/hackathon_ws/install/sd_map_msgs/include/sd_map_msgs/sd_map_msgs/msg/detail/sn_lane_state__rosidl_typesupport_introspection_cpp.hpp
-- Symlinking: /home/hamza/hackathon_ws/install/sd_map_msgs/include/sd_map_msgs/sd_map_msgs/msg/detail/sn_map_state__rosidl_typesupport_introspection_cpp.hpp
-- Symlinking: /home/hamza/hackathon_ws/install/sd_map_msgs/include/sd_map_msgs/sd_map_msgs/msg/detail/sn_state__rosidl_typesupport_introspection_cpp.hpp
-- Symlinking: /home/hamza/hackathon_ws/install/sd_map_msgs/share/sd_map_msgs/environment/pythonpath.sh
-- Symlinking: /home/hamza/hackathon_ws/install/sd_map_msgs/share/sd_map_msgs/environment/pythonpath.dsv
-- Symlinking: /home/hamza/hackathon_ws/install/sd_map_msgs/local/lib/python3.10/dist-packages/sd_map_msgs-1.0.0-py3.10.egg-info/PKG-INFO
-- Symlinking: /home/hamza/hackathon_ws/install/sd_map_msgs/local/lib/python3.10/dist-packages/sd_map_msgs-1.0.0-py3.10.egg-info/SOURCES.txt
-- Symlinking: /home/hamza/hackathon_ws/install/sd_map_msgs/local/lib/python3.10/dist-packages/sd_map_msgs-1.0.0-py3.10.egg-info/dependency_links.txt
-- Symlinking: /home/hamza/hackathon_ws/install/sd_map_msgs/local/lib/python3.10/dist-packages/sd_map_msgs-1.0.0-py3.10.egg-info/top_level.txt
-- Symlinking: /home/hamza/hackathon_ws/install/sd_map_msgs/local/lib/python3.10/dist-packages/sd_map_msgs/__init__.py
-- Symlinking: /home/hamza/hackathon_ws/install/sd_map_msgs/local/lib/python3.10/dist-packages/sd_map_msgs/_sd_map_msgs_s.ep.rosidl_typesupport_c.c
-- Symlinking: /home/hamza/hackathon_ws/install/sd_map_msgs/local/lib/python3.10/dist-packages/sd_map_msgs/_sd_map_msgs_s.ep.rosidl_typesupport_fastrtps_c.c
-- Symlinking: /home/hamza/hackathon_ws/install/sd_map_msgs/local/lib/python3.10/dist-packages/sd_map_msgs/_sd_map_msgs_s.ep.rosidl_typesupport_introspection_c.c
-- Symlinking: /home/hamza/hackathon_ws/install/sd_map_msgs/local/lib/python3.10/dist-packages/sd_map_msgs/libsd_map_msgs__rosidl_generator_py.so
-- Symlinking: /home/hamza/hackathon_ws/install/sd_map_msgs/local/lib/python3.10/dist-packages/sd_map_msgs/msg/__init__.py
-- Symlinking: /home/hamza/hackathon_ws/install/sd_map_msgs/local/lib/python3.10/dist-packages/sd_map_msgs/msg/_sn_lane_state.py
-- Symlinking: /home/hamza/hackathon_ws/install/sd_map_msgs/local/lib/python3.10/dist-packages/sd_map_msgs/msg/_sn_lane_state_s.c
-- Symlinking: /home/hamza/hackathon_ws/install/sd_map_msgs/local/lib/python3.10/dist-packages/sd_map_msgs/msg/_sn_map_state.py
-- Symlinking: /home/hamza/hackathon_ws/install/sd_map_msgs/local/lib/python3.10/dist-packages/sd_map_msgs/msg/_sn_map_state_s.c
-- Symlinking: /home/hamza/hackathon_ws/install/sd_map_msgs/local/lib/python3.10/dist-packages/sd_map_msgs/msg/_sn_state.py
-- Symlinking: /home/hamza/hackathon_ws/install/sd_map_msgs/local/lib/python3.10/dist-packages/sd_map_msgs/msg/_sn_state_s.c
-- Symlinking: /home/hamza/hackathon_ws/install/sd_map_msgs/local/lib/python3.10/dist-packages/sd_map_msgs/sd_map_msgs_s__rosidl_typesupport_c.cpython-310-x86_64-linux-gnu.so
-- Symlinking: /home/hamza/hackathon_ws/install/sd_map_msgs/local/lib/python3.10/dist-packages/sd_map_msgs/sd_map_msgs_s__rosidl_typesupport_fastrtps_c.cpython-310-x86_64-linux-gnu.so
-- Symlinking: /home/hamza/hackathon_ws/install/sd_map_msgs/local/lib/python3.10/dist-packages/sd_map_msgs/sd_map_msgs_s__rosidl_typesupport_introspection_c.cpython-310-x86_64-linux-gnu.so
-- Up-to-date symlink: /home/hamza/hackathon_ws/install/sd_map_msgs/local/lib/python3.10/dist-packages/sd_map_msgs/sd_map_msgs_s__rosidl_typesupport_fastrtps_c.cpython-310-x86_64-linux-gnu.so
-- Up-to-date symlink: /home/hamza/hackathon_ws/install/sd_map_msgs/local/lib/python3.10/dist-packages/sd_map_msgs/sd_map_msgs_s__rosidl_typesupport_introspection_c.cpython-310-x86_64-linux-gnu.so
-- Up-to-date symlink: /home/hamza/hackathon_ws/install/sd_map_msgs/local/lib/python3.10/dist-packages/sd_map_msgs/sd_map_msgs_s__rosidl_typesupport_c.cpython-310-x86_64-linux-gnu.so
-- Symlinking: /home/hamza/hackathon_ws/install/sd_map_msgs/share/ament_index/resource_index/rust_packages/sd_map_msgs
-- Symlinking: /home/hamza/hackathon_ws/install/sd_map_msgs/share/sd_map_msgs/rust/Cargo.toml
-- Symlinking: /home/hamza/hackathon_ws/install/sd_map_msgs/share/sd_map_msgs/rust/build.rs
-- Symlinking: /home/hamza/hackathon_ws/install/sd_map_msgs/share/sd_map_msgs/rust/src/lib.rs
-- Symlinking: /home/hamza/hackathon_ws/install/sd_map_msgs/share/sd_map_msgs/rust/src/msg.rs
-- Symlinking: /home/hamza/hackathon_ws/install/sd_map_msgs/share/sd_map_msgs/rust/src/msg/rmw.rs
-- Symlinking: /home/hamza/hackathon_ws/install/sd_map_msgs/share/sd_map_msgs/msg/SnLaneState.idl
-- Symlinking: /home/hamza/hackathon_ws/install/sd_map_msgs/share/sd_map_msgs/msg/SnMapState.idl
-- Symlinking: /home/hamza/hackathon_ws/install/sd_map_msgs/share/sd_map_msgs/msg/SnState.idl
-- Symlinking: /home/hamza/hackathon_ws/install/sd_map_msgs/share/sd_map_msgs/map_ar/SnLaneState.msg
-- Symlinking: /home/hamza/hackathon_ws/install/sd_map_msgs/share/sd_map_msgs/map_ar/SnMapState.msg
-- Symlinking: /home/hamza/hackathon_ws/install/sd_map_msgs/share/sd_map_msgs/map_ar/SnState.msg
-- Symlinking: /home/hamza/hackathon_ws/install/sd_map_msgs/share/sd_map_msgs/msg/SnLaneState.msg
-- Symlinking: /home/hamza/hackathon_ws/install/sd_map_msgs/share/sd_map_msgs/msg/SnMapState.msg
-- Symlinking: /home/hamza/hackathon_ws/install/sd_map_msgs/share/sd_map_msgs/msg/SnState.msg
-- Symlinking: /home/hamza/hackathon_ws/install/sd_map_msgs/share/ament_index/resource_index/package_run_dependencies/sd_map_msgs
-- Symlinking: /home/hamza/hackathon_ws/install/sd_map_msgs/share/ament_index/resource_index/parent_prefix_path/sd_map_msgs
-- Symlinking: /home/hamza/hackathon_ws/install/sd_map_msgs/share/sd_map_msgs/environment/ament_prefix_path.sh
-- Symlinking: /home/hamza/hackathon_ws/install/sd_map_msgs/share/sd_map_msgs/environment/ament_prefix_path.dsv
-- Symlinking: /home/hamza/hackathon_ws/install/sd_map_msgs/share/sd_map_msgs/environment/path.sh
-- Symlinking: /home/hamza/hackathon_ws/install/sd_map_msgs/share/sd_map_msgs/environment/path.dsv
-- Symlinking: /home/hamza/hackathon_ws/install/sd_map_msgs/share/sd_map_msgs/local_setup.bash
-- Symlinking: /home/hamza/hackathon_ws/install/sd_map_msgs/share/sd_map_msgs/local_setup.sh
-- Symlinking: /home/hamza/hackathon_ws/install/sd_map_msgs/share/sd_map_msgs/local_setup.zsh
-- Symlinking: /home/hamza/hackathon_ws/install/sd_map_msgs/share/sd_map_msgs/local_setup.dsv
-- Symlinking: /home/hamza/hackathon_ws/install/sd_map_msgs/share/sd_map_msgs/package.dsv
-- Symlinking: /home/hamza/hackathon_ws/install/sd_map_msgs/share/ament_index/resource_index/packages/sd_map_msgs
-- Symlinking: /home/hamza/hackathon_ws/install/sd_map_msgs/share/sd_map_msgs/cmake/rosidl_cmake-extras.cmake
-- Symlinking: /home/hamza/hackathon_ws/install/sd_map_msgs/share/sd_map_msgs/cmake/ament_cmake_export_dependencies-extras.cmake
-- Symlinking: /home/hamza/hackathon_ws/install/sd_map_msgs/share/sd_map_msgs/cmake/ament_cmake_export_include_directories-extras.cmake
-- Symlinking: /home/hamza/hackathon_ws/install/sd_map_msgs/share/sd_map_msgs/cmake/ament_cmake_export_libraries-extras.cmake
-- Symlinking: /home/hamza/hackathon_ws/install/sd_map_msgs/share/sd_map_msgs/cmake/ament_cmake_export_targets-extras.cmake
-- Symlinking: /home/hamza/hackathon_ws/install/sd_map_msgs/share/sd_map_msgs/cmake/rosidl_cmake_export_typesupport_targets-extras.cmake
-- Symlinking: /home/hamza/hackathon_ws/install/sd_map_msgs/share/sd_map_msgs/cmake/rosidl_cmake_export_typesupport_libraries-extras.cmake
-- Symlinking: /home/hamza/hackathon_ws/install/sd_map_msgs/share/sd_map_msgs/cmake/sd_map_msgsConfig.cmake
-- Symlinking: /home/hamza/hackathon_ws/install/sd_map_msgs/share/sd_map_msgs/cmake/sd_map_msgsConfig-version.cmake
-- Symlinking: /home/hamza/hackathon_ws/install/sd_map_msgs/share/sd_map_msgs/package.xml
-- Installing: /home/hamza/hackathon_ws/install/sd_map_msgs/lib/libsd_map_msgs__rosidl_generator_c.so
-- Set runtime path of "/home/hamza/hackathon_ws/install/sd_map_msgs/lib/libsd_map_msgs__rosidl_generator_c.so" to ""
-- Installing: /home/hamza/hackathon_ws/install/sd_map_msgs/lib/libsd_map_msgs__rosidl_typesupport_fastrtps_c.so
-- Set runtime path of "/home/hamza/hackathon_ws/install/sd_map_msgs/lib/libsd_map_msgs__rosidl_typesupport_fastrtps_c.so" to ""
-- Installing: /home/hamza/hackathon_ws/install/sd_map_msgs/lib/libsd_map_msgs__rosidl_typesupport_fastrtps_cpp.so
-- Set runtime path of "/home/hamza/hackathon_ws/install/sd_map_msgs/lib/libsd_map_msgs__rosidl_typesupport_fastrtps_cpp.so" to ""
-- Installing: /home/hamza/hackathon_ws/install/sd_map_msgs/lib/libsd_map_msgs__rosidl_typesupport_introspection_c.so
-- Set runtime path of "/home/hamza/hackathon_ws/install/sd_map_msgs/lib/libsd_map_msgs__rosidl_typesupport_introspection_c.so" to ""
-- Installing: /home/hamza/hackathon_ws/install/sd_map_msgs/lib/libsd_map_msgs__rosidl_typesupport_c.so
-- Set runtime path of "/home/hamza/hackathon_ws/install/sd_map_msgs/lib/libsd_map_msgs__rosidl_typesupport_c.so" to ""
-- Installing: /home/hamza/hackathon_ws/install/sd_map_msgs/lib/libsd_map_msgs__rosidl_typesupport_introspection_cpp.so
-- Set runtime path of "/home/hamza/hackathon_ws/install/sd_map_msgs/lib/libsd_map_msgs__rosidl_typesupport_introspection_cpp.so" to ""
-- Installing: /home/hamza/hackathon_ws/install/sd_map_msgs/lib/libsd_map_msgs__rosidl_typesupport_cpp.so
-- Set runtime path of "/home/hamza/hackathon_ws/install/sd_map_msgs/lib/libsd_map_msgs__rosidl_typesupport_cpp.so" to ""
Listing '/home/hamza/hackathon_ws/install/sd_map_msgs/local/lib/python3.10/dist-packages/sd_map_msgs'...
Compiling '/home/hamza/hackathon_ws/install/sd_map_msgs/local/lib/python3.10/dist-packages/sd_map_msgs/__init__.py'...
Listing '/home/hamza/hackathon_ws/install/sd_map_msgs/local/lib/python3.10/dist-packages/sd_map_msgs/msg'...
Compiling '/home/hamza/hackathon_ws/install/sd_map_msgs/local/lib/python3.10/dist-packages/sd_map_msgs/msg/__init__.py'...
Compiling '/home/hamza/hackathon_ws/install/sd_map_msgs/local/lib/python3.10/dist-packages/sd_map_msgs/msg/_sn_lane_state.py'...
Compiling '/home/hamza/hackathon_ws/install/sd_map_msgs/local/lib/python3.10/dist-packages/sd_map_msgs/msg/_sn_map_state.py'...
Compiling '/home/hamza/hackathon_ws/install/sd_map_msgs/local/lib/python3.10/dist-packages/sd_map_msgs/msg/_sn_state.py'...
-- Installing: /home/hamza/hackathon_ws/install/sd_map_msgs/lib/libsd_map_msgs__rosidl_generator_py.so
-- Set runtime path of "/home/hamza/hackathon_ws/install/sd_map_msgs/lib/libsd_map_msgs__rosidl_generator_py.so" to ""
-- Installing: /home/hamza/hackathon_ws/install/sd_map_msgs/share/sd_map_msgs/cmake/export_sd_map_msgs__rosidl_generator_cExport.cmake
-- Installing: /home/hamza/hackathon_ws/install/sd_map_msgs/share/sd_map_msgs/cmake/export_sd_map_msgs__rosidl_generator_cExport-noconfig.cmake
-- Installing: /home/hamza/hackathon_ws/install/sd_map_msgs/share/sd_map_msgs/cmake/export_sd_map_msgs__rosidl_typesupport_fastrtps_cExport.cmake
-- Installing: /home/hamza/hackathon_ws/install/sd_map_msgs/share/sd_map_msgs/cmake/export_sd_map_msgs__rosidl_typesupport_fastrtps_cExport-noconfig.cmake
-- Installing: /home/hamza/hackathon_ws/install/sd_map_msgs/share/sd_map_msgs/cmake/export_sd_map_msgs__rosidl_generator_cppExport.cmake
-- Installing: /home/hamza/hackathon_ws/install/sd_map_msgs/share/sd_map_msgs/cmake/export_sd_map_msgs__rosidl_typesupport_fastrtps_cppExport.cmake
-- Installing: /home/hamza/hackathon_ws/install/sd_map_msgs/share/sd_map_msgs/cmake/export_sd_map_msgs__rosidl_typesupport_fastrtps_cppExport-noconfig.cmake
-- Installing: /home/hamza/hackathon_ws/install/sd_map_msgs/share/sd_map_msgs/cmake/sd_map_msgs__rosidl_typesupport_introspection_cExport.cmake
-- Installing: /home/hamza/hackathon_ws/install/sd_map_msgs/share/sd_map_msgs/cmake/sd_map_msgs__rosidl_typesupport_introspection_cExport-noconfig.cmake
-- Installing: /home/hamza/hackathon_ws/install/sd_map_msgs/share/sd_map_msgs/cmake/sd_map_msgs__rosidl_typesupport_cExport.cmake
-- Installing: /home/hamza/hackathon_ws/install/sd_map_msgs/share/sd_map_msgs/cmake/sd_map_msgs__rosidl_typesupport_cExport-noconfig.cmake
-- Installing: /home/hamza/hackathon_ws/install/sd_map_msgs/share/sd_map_msgs/cmake/sd_map_msgs__rosidl_typesupport_introspection_cppExport.cmake
-- Installing: /home/hamza/hackathon_ws/install/sd_map_msgs/share/sd_map_msgs/cmake/sd_map_msgs__rosidl_typesupport_introspection_cppExport-noconfig.cmake
-- Installing: /home/hamza/hackathon_ws/install/sd_map_msgs/share/sd_map_msgs/cmake/sd_map_msgs__rosidl_typesupport_cppExport.cmake
-- Installing: /home/hamza/hackathon_ws/install/sd_map_msgs/share/sd_map_msgs/cmake/sd_map_msgs__rosidl_typesupport_cppExport-noconfig.cmake
-- Installing: /home/hamza/hackathon_ws/install/sd_map_msgs/share/sd_map_msgs/cmake/export_sd_map_msgs__rosidl_generator_pyExport.cmake
-- Installing: /home/hamza/hackathon_ws/install/sd_map_msgs/share/sd_map_msgs/cmake/export_sd_map_msgs__rosidl_generator_pyExport-noconfig.cmake
