[0.006s] Invoking command in '/home/hamza/hackathon_ws/build/sd_map_msgs': CMAKE_PREFIX_PATH=/opt/ros/humble /usr/bin/cmake /home/hamza/hackathon_ws/src/sd_msgs/sd_map_msgs -DAMENT_CMAKE_SYMLINK_INSTALL=1 -DCMAKE_INSTALL_PREFIX=/home/hamza/hackathon_ws/install/sd_map_msgs
[0.176s] -- The C compiler identification is GNU 11.4.0
[0.279s] -- The CXX compiler identification is GNU 11.4.0
[0.288s] -- Detecting C compiler ABI info
[0.335s] -- Detecting C compiler ABI info - done
[0.339s] -- Check for working C compiler: /usr/bin/cc - skipped
[0.339s] -- Detecting C compile features
[0.339s] -- Detecting C compile features - done
[0.341s] -- Detecting CXX compiler ABI info
[0.392s] -- Detecting CXX compiler ABI info - done
[0.397s] -- Check for working CXX compiler: /usr/bin/c++ - skipped
[0.397s] -- Detecting CXX compile features
[0.398s] -- Detecting CXX compile features - done
[0.400s] -- Found ament_cmake: 1.3.14 (/opt/ros/humble/share/ament_cmake/cmake)
[0.481s] -- Found Python3: /usr/bin/python3 (found version "3.10.12") found components: Interpreter 
[0.524s] -- Override CMake install command with custom implementation using symlinks instead of copying resources
[0.547s] -- Found builtin_interfaces: 1.2.2 (/opt/ros/humble/share/builtin_interfaces/cmake)
[0.580s] -- Found rosidl_generator_c: 3.1.8 (/opt/ros/humble/share/rosidl_generator_c/cmake)
[0.584s] -- Found rosidl_adapter: 3.1.8 (/opt/ros/humble/share/rosidl_adapter/cmake)
[0.592s] -- Found rosidl_generator_cpp: 3.1.8 (/opt/ros/humble/share/rosidl_generator_cpp/cmake)
[0.603s] -- Using all available rosidl_typesupport_c: rosidl_typesupport_fastrtps_c;rosidl_typesupport_introspection_c
[0.616s] -- Using all available rosidl_typesupport_cpp: rosidl_typesupport_fastrtps_cpp;rosidl_typesupport_introspection_cpp
[0.627s] -- Found rosidl_default_generators: 1.2.1 (/opt/ros/humble/share/rosidl_default_generators/cmake)
[0.636s] -- Found std_msgs: 4.9.1 (/opt/ros/humble/share/std_msgs/cmake)
[0.806s] -- Found ament_cmake_ros: 0.10.0 (/opt/ros/humble/share/ament_cmake_ros/cmake)
[1.004s] -- Using all available rosidl_typesupport_c: rosidl_typesupport_fastrtps_c;rosidl_typesupport_introspection_c
[1.083s] -- Using all available rosidl_typesupport_cpp: rosidl_typesupport_fastrtps_cpp;rosidl_typesupport_introspection_cpp
[1.098s] -- Found PythonInterp: /usr/bin/python3 (found suitable version "3.10.12", minimum required is "3.6") 
[1.100s] -- Found python_cmake_module: 0.10.0 (/opt/ros/humble/share/python_cmake_module/cmake)
[1.116s] -- Found PythonLibs: /usr/lib/x86_64-linux-gnu/libpython3.10.so (found suitable version "3.10.12", minimum required is "3.5") 
[1.116s] -- Using PYTHON_EXECUTABLE: /usr/bin/python3
[1.116s] -- Using PYTHON_INCLUDE_DIRS: /usr/include/python3.10
[1.116s] -- Using PYTHON_LIBRARIES: /usr/lib/x86_64-linux-gnu/libpython3.10.so
[1.126s] -- Found PythonExtra: .so  
[1.196s] -- Found ament_lint_auto: 0.12.15 (/opt/ros/humble/share/ament_lint_auto/cmake)
[1.221s] -- Added test 'copyright' to check source files copyright and LICENSE
[1.223s] -- Added test 'lint_cmake' to check CMake code style
[1.224s] -- Added test 'xmllint' to check XML markup files
[1.226s] -- Configuring done
[1.245s] -- Generating done
[1.251s] -- Build files have been written to: /home/hamza/hackathon_ws/build/sd_map_msgs
[1.257s] Invoked command in '/home/hamza/hackathon_ws/build/sd_map_msgs' returned '0': CMAKE_PREFIX_PATH=/opt/ros/humble /usr/bin/cmake /home/hamza/hackathon_ws/src/sd_msgs/sd_map_msgs -DAMENT_CMAKE_SYMLINK_INSTALL=1 -DCMAKE_INSTALL_PREFIX=/home/hamza/hackathon_ws/install/sd_map_msgs
[1.258s] Invoking command in '/home/hamza/hackathon_ws/build/sd_map_msgs': CMAKE_PREFIX_PATH=/opt/ros/humble /usr/bin/cmake --build /home/hamza/hackathon_ws/build/sd_map_msgs -- -j20 -l20
[1.291s] [  2%] [34m[1mGenerating C code for ROS interfaces[0m
[1.296s] [  4%] [34m[1mGenerating Rust code for ROS interfaces[0m
[1.299s] [  6%] [34m[1mGenerating C++ code for ROS interfaces[0m
[1.299s] [  6%] Built target ament_cmake_python_symlink_sd_map_msgs
[1.453s] running egg_info
[1.454s] creating sd_map_msgs.egg-info
[1.454s] writing sd_map_msgs.egg-info/PKG-INFO
[1.454s] writing dependency_links to sd_map_msgs.egg-info/dependency_links.txt
[1.454s] writing top-level names to sd_map_msgs.egg-info/top_level.txt
[1.455s] writing manifest file 'sd_map_msgs.egg-info/SOURCES.txt'
[1.458s] reading manifest file 'sd_map_msgs.egg-info/SOURCES.txt'
[1.458s] writing manifest file 'sd_map_msgs.egg-info/SOURCES.txt'
[1.481s] [  6%] Built target ament_cmake_python_build_sd_map_msgs_egg
[1.556s] [  6%] Built target sd_map_msgs__rs
[1.587s] [  6%] Built target sd_map_msgs__cpp
[1.593s] [  8%] [34m[1mGenerating C++ type support for eProsima Fast-RTPS[0m
[1.593s] [ 10%] [34m[1mGenerating C++ introspection for ROS interfaces[0m
[1.595s] [ 12%] [34m[1mGenerating C++ type support dispatch for ROS interfaces[0m
[1.602s] [ 14%] [32mBuilding C object CMakeFiles/sd_map_msgs__rosidl_generator_c.dir/rosidl_generator_c/sd_map_msgs/msg/detail/sn_map_state__functions.c.o[0m
[1.604s] [ 16%] [32mBuilding C object CMakeFiles/sd_map_msgs__rosidl_generator_c.dir/rosidl_generator_c/sd_map_msgs/msg/detail/sn_lane_state__functions.c.o[0m
[1.604s] [ 18%] [32mBuilding C object CMakeFiles/sd_map_msgs__rosidl_generator_c.dir/rosidl_generator_c/sd_map_msgs/msg/detail/sn_state__functions.c.o[0m
[1.660s] [ 20%] [32m[1mLinking C shared library libsd_map_msgs__rosidl_generator_c.so[0m
[1.693s] [ 20%] Built target sd_map_msgs__rosidl_generator_c
[1.699s] [ 22%] [34m[1mGenerating C introspection for ROS interfaces[0m
[1.699s] [ 25%] [34m[1mGenerating C type support for eProsima Fast-RTPS[0m
[1.700s] [ 27%] [34m[1mGenerating C type support dispatch for ROS interfaces[0m
[1.853s] [ 31%] [32mBuilding CXX object CMakeFiles/sd_map_msgs__rosidl_typesupport_cpp.dir/rosidl_typesupport_cpp/sd_map_msgs/msg/sn_state__type_support.cpp.o[0m
[1.853s] [ 31%] [32mBuilding CXX object CMakeFiles/sd_map_msgs__rosidl_typesupport_cpp.dir/rosidl_typesupport_cpp/sd_map_msgs/msg/sn_lane_state__type_support.cpp.o[0m
[1.853s] [ 33%] [32mBuilding CXX object CMakeFiles/sd_map_msgs__rosidl_typesupport_cpp.dir/rosidl_typesupport_cpp/sd_map_msgs/msg/sn_map_state__type_support.cpp.o[0m
[1.855s] [ 35%] [32mBuilding CXX object CMakeFiles/sd_map_msgs__rosidl_typesupport_introspection_cpp.dir/rosidl_typesupport_introspection_cpp/sd_map_msgs/msg/detail/sn_lane_state__type_support.cpp.o[0m
[1.856s] [ 37%] [32mBuilding CXX object CMakeFiles/sd_map_msgs__rosidl_typesupport_introspection_cpp.dir/rosidl_typesupport_introspection_cpp/sd_map_msgs/msg/detail/sn_map_state__type_support.cpp.o[0m
[1.859s] [ 39%] [32mBuilding CXX object CMakeFiles/sd_map_msgs__rosidl_typesupport_introspection_cpp.dir/rosidl_typesupport_introspection_cpp/sd_map_msgs/msg/detail/sn_state__type_support.cpp.o[0m
[1.970s] [ 41%] [32mBuilding CXX object CMakeFiles/sd_map_msgs__rosidl_typesupport_fastrtps_cpp.dir/rosidl_typesupport_fastrtps_cpp/sd_map_msgs/msg/detail/dds_fastrtps/sn_lane_state__type_support.cpp.o[0m
[1.972s] [ 43%] [32mBuilding CXX object CMakeFiles/sd_map_msgs__rosidl_typesupport_fastrtps_cpp.dir/rosidl_typesupport_fastrtps_cpp/sd_map_msgs/msg/detail/dds_fastrtps/sn_map_state__type_support.cpp.o[0m
[1.977s] [ 45%] [32mBuilding CXX object CMakeFiles/sd_map_msgs__rosidl_typesupport_fastrtps_cpp.dir/rosidl_typesupport_fastrtps_cpp/sd_map_msgs/msg/detail/dds_fastrtps/sn_state__type_support.cpp.o[0m
[2.050s] [ 47%] [32mBuilding CXX object CMakeFiles/sd_map_msgs__rosidl_typesupport_fastrtps_c.dir/rosidl_typesupport_fastrtps_c/sd_map_msgs/msg/detail/sn_map_state__type_support_c.cpp.o[0m
[2.050s] [ 50%] [32mBuilding CXX object CMakeFiles/sd_map_msgs__rosidl_typesupport_fastrtps_c.dir/rosidl_typesupport_fastrtps_c/sd_map_msgs/msg/detail/sn_lane_state__type_support_c.cpp.o[0m
[2.050s] [ 52%] [32mBuilding CXX object CMakeFiles/sd_map_msgs__rosidl_typesupport_fastrtps_c.dir/rosidl_typesupport_fastrtps_c/sd_map_msgs/msg/detail/sn_state__type_support_c.cpp.o[0m
[2.141s] [ 54%] [32mBuilding CXX object CMakeFiles/sd_map_msgs__rosidl_typesupport_c.dir/rosidl_typesupport_c/sd_map_msgs/msg/sn_lane_state__type_support.cpp.o[0m
[2.145s] [ 56%] [32mBuilding CXX object CMakeFiles/sd_map_msgs__rosidl_typesupport_c.dir/rosidl_typesupport_c/sd_map_msgs/msg/sn_state__type_support.cpp.o[0m
[2.178s] [ 58%] [32mBuilding C object CMakeFiles/sd_map_msgs__rosidl_typesupport_introspection_c.dir/rosidl_typesupport_introspection_c/sd_map_msgs/msg/detail/sn_lane_state__type_support.c.o[0m
[2.178s] [ 60%] [32mBuilding C object CMakeFiles/sd_map_msgs__rosidl_typesupport_introspection_c.dir/rosidl_typesupport_introspection_c/sd_map_msgs/msg/detail/sn_state__type_support.c.o[0m
[2.179s] [ 62%] [32mBuilding C object CMakeFiles/sd_map_msgs__rosidl_typesupport_introspection_c.dir/rosidl_typesupport_introspection_c/sd_map_msgs/msg/detail/sn_map_state__type_support.c.o[0m
[2.184s] [ 64%] [32mBuilding CXX object CMakeFiles/sd_map_msgs__rosidl_typesupport_c.dir/rosidl_typesupport_c/sd_map_msgs/msg/sn_map_state__type_support.cpp.o[0m
[2.211s] [ 66%] [32m[1mLinking C shared library libsd_map_msgs__rosidl_typesupport_introspection_c.so[0m
[2.276s] [ 66%] Built target sd_map_msgs__rosidl_typesupport_introspection_c
[2.280s] [ 68%] [32m[1mLinking CXX shared library libsd_map_msgs__rosidl_typesupport_c.so[0m
[2.413s] [ 68%] Built target sd_map_msgs__rosidl_typesupport_c
[2.522s] [ 70%] [32m[1mLinking CXX shared library libsd_map_msgs__rosidl_typesupport_cpp.so[0m
[2.568s] [ 70%] Built target sd_map_msgs__rosidl_typesupport_cpp
[2.586s] [ 72%] [32m[1mLinking CXX shared library libsd_map_msgs__rosidl_typesupport_fastrtps_c.so[0m
[2.616s] [ 75%] [32m[1mLinking CXX shared library libsd_map_msgs__rosidl_typesupport_introspection_cpp.so[0m
[2.651s] [ 77%] [32m[1mLinking CXX shared library libsd_map_msgs__rosidl_typesupport_fastrtps_cpp.so[0m
[2.679s] [ 77%] Built target sd_map_msgs__rosidl_typesupport_fastrtps_c
[2.680s] [ 77%] Built target sd_map_msgs__rosidl_typesupport_introspection_cpp
[2.721s] [ 77%] Built target sd_map_msgs__rosidl_typesupport_fastrtps_cpp
[2.739s] [ 77%] Built target sd_map_msgs
[2.753s] [ 79%] [34m[1mGenerating Python code for ROS interfaces[0m
[3.141s] [ 79%] Built target sd_map_msgs__py
[3.151s] [ 81%] [32mBuilding C object CMakeFiles/sd_map_msgs__rosidl_generator_py.dir/rosidl_generator_py/sd_map_msgs/msg/_sn_lane_state_s.c.o[0m
[3.153s] [ 83%] [32mBuilding C object CMakeFiles/sd_map_msgs__rosidl_generator_py.dir/rosidl_generator_py/sd_map_msgs/msg/_sn_state_s.c.o[0m
[3.153s] [ 85%] [32mBuilding C object CMakeFiles/sd_map_msgs__rosidl_generator_py.dir/rosidl_generator_py/sd_map_msgs/msg/_sn_map_state_s.c.o[0m
[3.284s] [ 87%] [32m[1mLinking C shared library rosidl_generator_py/sd_map_msgs/libsd_map_msgs__rosidl_generator_py.so[0m
[3.320s] [ 87%] Built target sd_map_msgs__rosidl_generator_py
[3.332s] [ 89%] [32mBuilding C object CMakeFiles/sd_map_msgs__rosidl_typesupport_fastrtps_c__pyext.dir/rosidl_generator_py/sd_map_msgs/_sd_map_msgs_s.ep.rosidl_typesupport_fastrtps_c.c.o[0m
[3.332s] [ 91%] [32mBuilding C object CMakeFiles/sd_map_msgs__rosidl_typesupport_introspection_c__pyext.dir/rosidl_generator_py/sd_map_msgs/_sd_map_msgs_s.ep.rosidl_typesupport_introspection_c.c.o[0m
[3.332s] [ 93%] [32mBuilding C object CMakeFiles/sd_map_msgs__rosidl_typesupport_c__pyext.dir/rosidl_generator_py/sd_map_msgs/_sd_map_msgs_s.ep.rosidl_typesupport_c.c.o[0m
[3.398s] [ 95%] [32m[1mLinking C shared library rosidl_generator_py/sd_map_msgs/sd_map_msgs_s__rosidl_typesupport_c.cpython-310-x86_64-linux-gnu.so[0m
[3.404s] [ 97%] [32m[1mLinking C shared library rosidl_generator_py/sd_map_msgs/sd_map_msgs_s__rosidl_typesupport_fastrtps_c.cpython-310-x86_64-linux-gnu.so[0m
[3.405s] [100%] [32m[1mLinking C shared library rosidl_generator_py/sd_map_msgs/sd_map_msgs_s__rosidl_typesupport_introspection_c.cpython-310-x86_64-linux-gnu.so[0m
[3.424s] [100%] Built target sd_map_msgs__rosidl_typesupport_c__pyext
[3.427s] [100%] Built target sd_map_msgs__rosidl_typesupport_fastrtps_c__pyext
[3.427s] [100%] Built target sd_map_msgs__rosidl_typesupport_introspection_c__pyext
[3.434s] Invoked command in '/home/hamza/hackathon_ws/build/sd_map_msgs' returned '0': CMAKE_PREFIX_PATH=/opt/ros/humble /usr/bin/cmake --build /home/hamza/hackathon_ws/build/sd_map_msgs -- -j20 -l20
[3.440s] Invoking command in '/home/hamza/hackathon_ws/build/sd_map_msgs': CMAKE_PREFIX_PATH=/opt/ros/humble /usr/bin/cmake --install /home/hamza/hackathon_ws/build/sd_map_msgs
[3.444s] -- Install configuration: ""
[3.444s] -- Execute custom install script
[3.444s] -- Symlinking: /home/hamza/hackathon_ws/install/sd_map_msgs/share/ament_index/resource_index/rosidl_interfaces/sd_map_msgs
[3.450s] -- Symlinking: /home/hamza/hackathon_ws/install/sd_map_msgs/include/sd_map_msgs/sd_map_msgs/msg/detail/sn_lane_state__functions.h
[3.458s] -- Symlinking: /home/hamza/hackathon_ws/install/sd_map_msgs/include/sd_map_msgs/sd_map_msgs/msg/detail/sn_lane_state__struct.h
[3.465s] -- Symlinking: /home/hamza/hackathon_ws/install/sd_map_msgs/include/sd_map_msgs/sd_map_msgs/msg/detail/sn_lane_state__type_support.h
[3.472s] -- Symlinking: /home/hamza/hackathon_ws/install/sd_map_msgs/include/sd_map_msgs/sd_map_msgs/msg/detail/sn_map_state__functions.h
[3.478s] -- Symlinking: /home/hamza/hackathon_ws/install/sd_map_msgs/include/sd_map_msgs/sd_map_msgs/msg/detail/sn_map_state__struct.h
[3.485s] -- Symlinking: /home/hamza/hackathon_ws/install/sd_map_msgs/include/sd_map_msgs/sd_map_msgs/msg/detail/sn_map_state__type_support.h
[3.492s] -- Symlinking: /home/hamza/hackathon_ws/install/sd_map_msgs/include/sd_map_msgs/sd_map_msgs/msg/detail/sn_state__functions.h
[3.498s] -- Symlinking: /home/hamza/hackathon_ws/install/sd_map_msgs/include/sd_map_msgs/sd_map_msgs/msg/detail/sn_state__struct.h
[3.505s] -- Symlinking: /home/hamza/hackathon_ws/install/sd_map_msgs/include/sd_map_msgs/sd_map_msgs/msg/detail/sn_state__type_support.h
[3.509s] -- Symlinking: /home/hamza/hackathon_ws/install/sd_map_msgs/include/sd_map_msgs/sd_map_msgs/msg/rosidl_generator_c__visibility_control.h
[3.514s] -- Symlinking: /home/hamza/hackathon_ws/install/sd_map_msgs/include/sd_map_msgs/sd_map_msgs/msg/sn_lane_state.h
[3.519s] -- Symlinking: /home/hamza/hackathon_ws/install/sd_map_msgs/include/sd_map_msgs/sd_map_msgs/msg/sn_map_state.h
[3.526s] -- Symlinking: /home/hamza/hackathon_ws/install/sd_map_msgs/include/sd_map_msgs/sd_map_msgs/msg/sn_state.h
[3.533s] -- Symlinking: /home/hamza/hackathon_ws/install/sd_map_msgs/share/sd_map_msgs/environment/library_path.sh
[3.540s] -- Symlinking: /home/hamza/hackathon_ws/install/sd_map_msgs/share/sd_map_msgs/environment/library_path.dsv
[3.545s] -- Symlinking: /home/hamza/hackathon_ws/install/sd_map_msgs/include/sd_map_msgs/sd_map_msgs/msg/detail/sn_lane_state__rosidl_typesupport_fastrtps_c.h
[3.552s] -- Symlinking: /home/hamza/hackathon_ws/install/sd_map_msgs/include/sd_map_msgs/sd_map_msgs/msg/detail/sn_map_state__rosidl_typesupport_fastrtps_c.h
[3.558s] -- Symlinking: /home/hamza/hackathon_ws/install/sd_map_msgs/include/sd_map_msgs/sd_map_msgs/msg/detail/sn_state__rosidl_typesupport_fastrtps_c.h
[3.563s] -- Symlinking: /home/hamza/hackathon_ws/install/sd_map_msgs/include/sd_map_msgs/sd_map_msgs/msg/rosidl_typesupport_fastrtps_c__visibility_control.h
[3.570s] -- Symlinking: /home/hamza/hackathon_ws/install/sd_map_msgs/include/sd_map_msgs/sd_map_msgs/msg/detail/sn_lane_state__builder.hpp
[3.574s] -- Symlinking: /home/hamza/hackathon_ws/install/sd_map_msgs/include/sd_map_msgs/sd_map_msgs/msg/detail/sn_lane_state__struct.hpp
[3.580s] -- Symlinking: /home/hamza/hackathon_ws/install/sd_map_msgs/include/sd_map_msgs/sd_map_msgs/msg/detail/sn_lane_state__traits.hpp
[3.584s] -- Symlinking: /home/hamza/hackathon_ws/install/sd_map_msgs/include/sd_map_msgs/sd_map_msgs/msg/detail/sn_lane_state__type_support.hpp
[3.591s] -- Symlinking: /home/hamza/hackathon_ws/install/sd_map_msgs/include/sd_map_msgs/sd_map_msgs/msg/detail/sn_map_state__builder.hpp
[3.594s] -- Symlinking: /home/hamza/hackathon_ws/install/sd_map_msgs/include/sd_map_msgs/sd_map_msgs/msg/detail/sn_map_state__struct.hpp
[3.598s] -- Symlinking: /home/hamza/hackathon_ws/install/sd_map_msgs/include/sd_map_msgs/sd_map_msgs/msg/detail/sn_map_state__traits.hpp
[3.603s] -- Symlinking: /home/hamza/hackathon_ws/install/sd_map_msgs/include/sd_map_msgs/sd_map_msgs/msg/detail/sn_map_state__type_support.hpp
[3.609s] -- Symlinking: /home/hamza/hackathon_ws/install/sd_map_msgs/include/sd_map_msgs/sd_map_msgs/msg/detail/sn_state__builder.hpp
[3.613s] -- Symlinking: /home/hamza/hackathon_ws/install/sd_map_msgs/include/sd_map_msgs/sd_map_msgs/msg/detail/sn_state__struct.hpp
[3.618s] -- Symlinking: /home/hamza/hackathon_ws/install/sd_map_msgs/include/sd_map_msgs/sd_map_msgs/msg/detail/sn_state__traits.hpp
[3.624s] -- Symlinking: /home/hamza/hackathon_ws/install/sd_map_msgs/include/sd_map_msgs/sd_map_msgs/msg/detail/sn_state__type_support.hpp
[3.630s] -- Symlinking: /home/hamza/hackathon_ws/install/sd_map_msgs/include/sd_map_msgs/sd_map_msgs/msg/rosidl_generator_cpp__visibility_control.hpp
[3.635s] -- Symlinking: /home/hamza/hackathon_ws/install/sd_map_msgs/include/sd_map_msgs/sd_map_msgs/msg/sn_lane_state.hpp
[3.641s] -- Symlinking: /home/hamza/hackathon_ws/install/sd_map_msgs/include/sd_map_msgs/sd_map_msgs/msg/sn_map_state.hpp
[3.647s] -- Symlinking: /home/hamza/hackathon_ws/install/sd_map_msgs/include/sd_map_msgs/sd_map_msgs/msg/sn_state.hpp
[3.653s] -- Symlinking: /home/hamza/hackathon_ws/install/sd_map_msgs/include/sd_map_msgs/sd_map_msgs/msg/detail/sn_lane_state__rosidl_typesupport_fastrtps_cpp.hpp
[3.660s] -- Symlinking: /home/hamza/hackathon_ws/install/sd_map_msgs/include/sd_map_msgs/sd_map_msgs/msg/detail/sn_map_state__rosidl_typesupport_fastrtps_cpp.hpp
[3.665s] -- Symlinking: /home/hamza/hackathon_ws/install/sd_map_msgs/include/sd_map_msgs/sd_map_msgs/msg/detail/sn_state__rosidl_typesupport_fastrtps_cpp.hpp
[3.671s] -- Symlinking: /home/hamza/hackathon_ws/install/sd_map_msgs/include/sd_map_msgs/sd_map_msgs/msg/rosidl_typesupport_fastrtps_cpp__visibility_control.h
[3.679s] -- Symlinking: /home/hamza/hackathon_ws/install/sd_map_msgs/include/sd_map_msgs/sd_map_msgs/msg/detail/sn_lane_state__rosidl_typesupport_introspection_c.h
[3.685s] -- Symlinking: /home/hamza/hackathon_ws/install/sd_map_msgs/include/sd_map_msgs/sd_map_msgs/msg/detail/sn_map_state__rosidl_typesupport_introspection_c.h
[3.690s] -- Symlinking: /home/hamza/hackathon_ws/install/sd_map_msgs/include/sd_map_msgs/sd_map_msgs/msg/detail/sn_state__rosidl_typesupport_introspection_c.h
[3.694s] -- Symlinking: /home/hamza/hackathon_ws/install/sd_map_msgs/include/sd_map_msgs/sd_map_msgs/msg/rosidl_typesupport_introspection_c__visibility_control.h
[3.701s] -- Symlinking: /home/hamza/hackathon_ws/install/sd_map_msgs/include/sd_map_msgs/sd_map_msgs/msg/detail/sn_lane_state__rosidl_typesupport_introspection_cpp.hpp
[3.706s] -- Symlinking: /home/hamza/hackathon_ws/install/sd_map_msgs/include/sd_map_msgs/sd_map_msgs/msg/detail/sn_map_state__rosidl_typesupport_introspection_cpp.hpp
[3.710s] -- Symlinking: /home/hamza/hackathon_ws/install/sd_map_msgs/include/sd_map_msgs/sd_map_msgs/msg/detail/sn_state__rosidl_typesupport_introspection_cpp.hpp
[3.716s] -- Symlinking: /home/hamza/hackathon_ws/install/sd_map_msgs/share/sd_map_msgs/environment/pythonpath.sh
[3.722s] -- Symlinking: /home/hamza/hackathon_ws/install/sd_map_msgs/share/sd_map_msgs/environment/pythonpath.dsv
[3.727s] -- Symlinking: /home/hamza/hackathon_ws/install/sd_map_msgs/local/lib/python3.10/dist-packages/sd_map_msgs-1.0.0-py3.10.egg-info/PKG-INFO
[3.731s] -- Symlinking: /home/hamza/hackathon_ws/install/sd_map_msgs/local/lib/python3.10/dist-packages/sd_map_msgs-1.0.0-py3.10.egg-info/SOURCES.txt
[3.737s] -- Symlinking: /home/hamza/hackathon_ws/install/sd_map_msgs/local/lib/python3.10/dist-packages/sd_map_msgs-1.0.0-py3.10.egg-info/dependency_links.txt
[3.742s] -- Symlinking: /home/hamza/hackathon_ws/install/sd_map_msgs/local/lib/python3.10/dist-packages/sd_map_msgs-1.0.0-py3.10.egg-info/top_level.txt
[3.749s] -- Symlinking: /home/hamza/hackathon_ws/install/sd_map_msgs/local/lib/python3.10/dist-packages/sd_map_msgs/__init__.py
[3.754s] -- Symlinking: /home/hamza/hackathon_ws/install/sd_map_msgs/local/lib/python3.10/dist-packages/sd_map_msgs/_sd_map_msgs_s.ep.rosidl_typesupport_c.c
[3.758s] -- Symlinking: /home/hamza/hackathon_ws/install/sd_map_msgs/local/lib/python3.10/dist-packages/sd_map_msgs/_sd_map_msgs_s.ep.rosidl_typesupport_fastrtps_c.c
[3.764s] -- Symlinking: /home/hamza/hackathon_ws/install/sd_map_msgs/local/lib/python3.10/dist-packages/sd_map_msgs/_sd_map_msgs_s.ep.rosidl_typesupport_introspection_c.c
[3.771s] -- Symlinking: /home/hamza/hackathon_ws/install/sd_map_msgs/local/lib/python3.10/dist-packages/sd_map_msgs/libsd_map_msgs__rosidl_generator_py.so
[3.775s] -- Symlinking: /home/hamza/hackathon_ws/install/sd_map_msgs/local/lib/python3.10/dist-packages/sd_map_msgs/msg/__init__.py
[3.781s] -- Symlinking: /home/hamza/hackathon_ws/install/sd_map_msgs/local/lib/python3.10/dist-packages/sd_map_msgs/msg/_sn_lane_state.py
[3.786s] -- Symlinking: /home/hamza/hackathon_ws/install/sd_map_msgs/local/lib/python3.10/dist-packages/sd_map_msgs/msg/_sn_lane_state_s.c
[3.792s] -- Symlinking: /home/hamza/hackathon_ws/install/sd_map_msgs/local/lib/python3.10/dist-packages/sd_map_msgs/msg/_sn_map_state.py
[3.799s] -- Symlinking: /home/hamza/hackathon_ws/install/sd_map_msgs/local/lib/python3.10/dist-packages/sd_map_msgs/msg/_sn_map_state_s.c
[3.804s] -- Symlinking: /home/hamza/hackathon_ws/install/sd_map_msgs/local/lib/python3.10/dist-packages/sd_map_msgs/msg/_sn_state.py
[3.810s] -- Symlinking: /home/hamza/hackathon_ws/install/sd_map_msgs/local/lib/python3.10/dist-packages/sd_map_msgs/msg/_sn_state_s.c
[3.814s] -- Symlinking: /home/hamza/hackathon_ws/install/sd_map_msgs/local/lib/python3.10/dist-packages/sd_map_msgs/sd_map_msgs_s__rosidl_typesupport_c.cpython-310-x86_64-linux-gnu.so
[3.821s] -- Symlinking: /home/hamza/hackathon_ws/install/sd_map_msgs/local/lib/python3.10/dist-packages/sd_map_msgs/sd_map_msgs_s__rosidl_typesupport_fastrtps_c.cpython-310-x86_64-linux-gnu.so
[3.825s] -- Symlinking: /home/hamza/hackathon_ws/install/sd_map_msgs/local/lib/python3.10/dist-packages/sd_map_msgs/sd_map_msgs_s__rosidl_typesupport_introspection_c.cpython-310-x86_64-linux-gnu.so
[3.831s] -- Up-to-date symlink: /home/hamza/hackathon_ws/install/sd_map_msgs/local/lib/python3.10/dist-packages/sd_map_msgs/sd_map_msgs_s__rosidl_typesupport_fastrtps_c.cpython-310-x86_64-linux-gnu.so
[3.831s] -- Up-to-date symlink: /home/hamza/hackathon_ws/install/sd_map_msgs/local/lib/python3.10/dist-packages/sd_map_msgs/sd_map_msgs_s__rosidl_typesupport_introspection_c.cpython-310-x86_64-linux-gnu.so
[3.831s] -- Up-to-date symlink: /home/hamza/hackathon_ws/install/sd_map_msgs/local/lib/python3.10/dist-packages/sd_map_msgs/sd_map_msgs_s__rosidl_typesupport_c.cpython-310-x86_64-linux-gnu.so
[3.832s] -- Symlinking: /home/hamza/hackathon_ws/install/sd_map_msgs/share/ament_index/resource_index/rust_packages/sd_map_msgs
[3.838s] -- Symlinking: /home/hamza/hackathon_ws/install/sd_map_msgs/share/sd_map_msgs/rust/Cargo.toml
[3.844s] -- Symlinking: /home/hamza/hackathon_ws/install/sd_map_msgs/share/sd_map_msgs/rust/build.rs
[3.851s] -- Symlinking: /home/hamza/hackathon_ws/install/sd_map_msgs/share/sd_map_msgs/rust/src/lib.rs
[3.856s] -- Symlinking: /home/hamza/hackathon_ws/install/sd_map_msgs/share/sd_map_msgs/rust/src/msg.rs
[3.863s] -- Symlinking: /home/hamza/hackathon_ws/install/sd_map_msgs/share/sd_map_msgs/rust/src/msg/rmw.rs
[3.869s] -- Symlinking: /home/hamza/hackathon_ws/install/sd_map_msgs/share/sd_map_msgs/msg/SnLaneState.idl
[3.875s] -- Symlinking: /home/hamza/hackathon_ws/install/sd_map_msgs/share/sd_map_msgs/msg/SnMapState.idl
[3.881s] -- Symlinking: /home/hamza/hackathon_ws/install/sd_map_msgs/share/sd_map_msgs/msg/SnState.idl
[3.887s] -- Symlinking: /home/hamza/hackathon_ws/install/sd_map_msgs/share/sd_map_msgs/map_ar/SnLaneState.msg
[3.892s] -- Symlinking: /home/hamza/hackathon_ws/install/sd_map_msgs/share/sd_map_msgs/map_ar/SnMapState.msg
[3.896s] -- Symlinking: /home/hamza/hackathon_ws/install/sd_map_msgs/share/sd_map_msgs/map_ar/SnState.msg
[3.903s] -- Symlinking: /home/hamza/hackathon_ws/install/sd_map_msgs/share/sd_map_msgs/msg/SnLaneState.msg
[3.910s] -- Symlinking: /home/hamza/hackathon_ws/install/sd_map_msgs/share/sd_map_msgs/msg/SnMapState.msg
[3.916s] -- Symlinking: /home/hamza/hackathon_ws/install/sd_map_msgs/share/sd_map_msgs/msg/SnState.msg
[3.922s] -- Symlinking: /home/hamza/hackathon_ws/install/sd_map_msgs/share/ament_index/resource_index/package_run_dependencies/sd_map_msgs
[3.929s] -- Symlinking: /home/hamza/hackathon_ws/install/sd_map_msgs/share/ament_index/resource_index/parent_prefix_path/sd_map_msgs
[3.936s] -- Symlinking: /home/hamza/hackathon_ws/install/sd_map_msgs/share/sd_map_msgs/environment/ament_prefix_path.sh
[3.943s] -- Symlinking: /home/hamza/hackathon_ws/install/sd_map_msgs/share/sd_map_msgs/environment/ament_prefix_path.dsv
[3.949s] -- Symlinking: /home/hamza/hackathon_ws/install/sd_map_msgs/share/sd_map_msgs/environment/path.sh
[3.956s] -- Symlinking: /home/hamza/hackathon_ws/install/sd_map_msgs/share/sd_map_msgs/environment/path.dsv
[3.961s] -- Symlinking: /home/hamza/hackathon_ws/install/sd_map_msgs/share/sd_map_msgs/local_setup.bash
[3.968s] -- Symlinking: /home/hamza/hackathon_ws/install/sd_map_msgs/share/sd_map_msgs/local_setup.sh
[3.973s] -- Symlinking: /home/hamza/hackathon_ws/install/sd_map_msgs/share/sd_map_msgs/local_setup.zsh
[3.978s] -- Symlinking: /home/hamza/hackathon_ws/install/sd_map_msgs/share/sd_map_msgs/local_setup.dsv
[3.984s] -- Symlinking: /home/hamza/hackathon_ws/install/sd_map_msgs/share/sd_map_msgs/package.dsv
[3.991s] -- Symlinking: /home/hamza/hackathon_ws/install/sd_map_msgs/share/ament_index/resource_index/packages/sd_map_msgs
[3.996s] -- Symlinking: /home/hamza/hackathon_ws/install/sd_map_msgs/share/sd_map_msgs/cmake/rosidl_cmake-extras.cmake
[4.000s] -- Symlinking: /home/hamza/hackathon_ws/install/sd_map_msgs/share/sd_map_msgs/cmake/ament_cmake_export_dependencies-extras.cmake
[4.005s] -- Symlinking: /home/hamza/hackathon_ws/install/sd_map_msgs/share/sd_map_msgs/cmake/ament_cmake_export_include_directories-extras.cmake
[4.012s] -- Symlinking: /home/hamza/hackathon_ws/install/sd_map_msgs/share/sd_map_msgs/cmake/ament_cmake_export_libraries-extras.cmake
[4.017s] -- Symlinking: /home/hamza/hackathon_ws/install/sd_map_msgs/share/sd_map_msgs/cmake/ament_cmake_export_targets-extras.cmake
[4.022s] -- Symlinking: /home/hamza/hackathon_ws/install/sd_map_msgs/share/sd_map_msgs/cmake/rosidl_cmake_export_typesupport_targets-extras.cmake
[4.028s] -- Symlinking: /home/hamza/hackathon_ws/install/sd_map_msgs/share/sd_map_msgs/cmake/rosidl_cmake_export_typesupport_libraries-extras.cmake
[4.033s] -- Symlinking: /home/hamza/hackathon_ws/install/sd_map_msgs/share/sd_map_msgs/cmake/sd_map_msgsConfig.cmake
[4.038s] -- Symlinking: /home/hamza/hackathon_ws/install/sd_map_msgs/share/sd_map_msgs/cmake/sd_map_msgsConfig-version.cmake
[4.043s] -- Symlinking: /home/hamza/hackathon_ws/install/sd_map_msgs/share/sd_map_msgs/package.xml
[4.048s] -- Installing: /home/hamza/hackathon_ws/install/sd_map_msgs/lib/libsd_map_msgs__rosidl_generator_c.so
[4.048s] -- Set runtime path of "/home/hamza/hackathon_ws/install/sd_map_msgs/lib/libsd_map_msgs__rosidl_generator_c.so" to ""
[4.048s] -- Installing: /home/hamza/hackathon_ws/install/sd_map_msgs/lib/libsd_map_msgs__rosidl_typesupport_fastrtps_c.so
[4.048s] -- Set runtime path of "/home/hamza/hackathon_ws/install/sd_map_msgs/lib/libsd_map_msgs__rosidl_typesupport_fastrtps_c.so" to ""
[4.048s] -- Installing: /home/hamza/hackathon_ws/install/sd_map_msgs/lib/libsd_map_msgs__rosidl_typesupport_fastrtps_cpp.so
[4.049s] -- Set runtime path of "/home/hamza/hackathon_ws/install/sd_map_msgs/lib/libsd_map_msgs__rosidl_typesupport_fastrtps_cpp.so" to ""
[4.049s] -- Installing: /home/hamza/hackathon_ws/install/sd_map_msgs/lib/libsd_map_msgs__rosidl_typesupport_introspection_c.so
[4.049s] -- Set runtime path of "/home/hamza/hackathon_ws/install/sd_map_msgs/lib/libsd_map_msgs__rosidl_typesupport_introspection_c.so" to ""
[4.049s] -- Installing: /home/hamza/hackathon_ws/install/sd_map_msgs/lib/libsd_map_msgs__rosidl_typesupport_c.so
[4.049s] -- Set runtime path of "/home/hamza/hackathon_ws/install/sd_map_msgs/lib/libsd_map_msgs__rosidl_typesupport_c.so" to ""
[4.049s] -- Installing: /home/hamza/hackathon_ws/install/sd_map_msgs/lib/libsd_map_msgs__rosidl_typesupport_introspection_cpp.so
[4.049s] -- Set runtime path of "/home/hamza/hackathon_ws/install/sd_map_msgs/lib/libsd_map_msgs__rosidl_typesupport_introspection_cpp.so" to ""
[4.049s] -- Installing: /home/hamza/hackathon_ws/install/sd_map_msgs/lib/libsd_map_msgs__rosidl_typesupport_cpp.so
[4.050s] -- Set runtime path of "/home/hamza/hackathon_ws/install/sd_map_msgs/lib/libsd_map_msgs__rosidl_typesupport_cpp.so" to ""
[4.071s] Listing '/home/hamza/hackathon_ws/install/sd_map_msgs/local/lib/python3.10/dist-packages/sd_map_msgs'...
[4.071s] Compiling '/home/hamza/hackathon_ws/install/sd_map_msgs/local/lib/python3.10/dist-packages/sd_map_msgs/__init__.py'...
[4.071s] Listing '/home/hamza/hackathon_ws/install/sd_map_msgs/local/lib/python3.10/dist-packages/sd_map_msgs/msg'...
[4.071s] Compiling '/home/hamza/hackathon_ws/install/sd_map_msgs/local/lib/python3.10/dist-packages/sd_map_msgs/msg/__init__.py'...
[4.071s] Compiling '/home/hamza/hackathon_ws/install/sd_map_msgs/local/lib/python3.10/dist-packages/sd_map_msgs/msg/_sn_lane_state.py'...
[4.071s] Compiling '/home/hamza/hackathon_ws/install/sd_map_msgs/local/lib/python3.10/dist-packages/sd_map_msgs/msg/_sn_map_state.py'...
[4.071s] Compiling '/home/hamza/hackathon_ws/install/sd_map_msgs/local/lib/python3.10/dist-packages/sd_map_msgs/msg/_sn_state.py'...
[4.073s] -- Installing: /home/hamza/hackathon_ws/install/sd_map_msgs/lib/libsd_map_msgs__rosidl_generator_py.so
[4.073s] -- Set runtime path of "/home/hamza/hackathon_ws/install/sd_map_msgs/lib/libsd_map_msgs__rosidl_generator_py.so" to ""
[4.073s] -- Installing: /home/hamza/hackathon_ws/install/sd_map_msgs/share/sd_map_msgs/cmake/export_sd_map_msgs__rosidl_generator_cExport.cmake
[4.074s] -- Installing: /home/hamza/hackathon_ws/install/sd_map_msgs/share/sd_map_msgs/cmake/export_sd_map_msgs__rosidl_generator_cExport-noconfig.cmake
[4.074s] -- Installing: /home/hamza/hackathon_ws/install/sd_map_msgs/share/sd_map_msgs/cmake/export_sd_map_msgs__rosidl_typesupport_fastrtps_cExport.cmake
[4.074s] -- Installing: /home/hamza/hackathon_ws/install/sd_map_msgs/share/sd_map_msgs/cmake/export_sd_map_msgs__rosidl_typesupport_fastrtps_cExport-noconfig.cmake
[4.074s] -- Installing: /home/hamza/hackathon_ws/install/sd_map_msgs/share/sd_map_msgs/cmake/export_sd_map_msgs__rosidl_generator_cppExport.cmake
[4.074s] -- Installing: /home/hamza/hackathon_ws/install/sd_map_msgs/share/sd_map_msgs/cmake/export_sd_map_msgs__rosidl_typesupport_fastrtps_cppExport.cmake
[4.074s] -- Installing: /home/hamza/hackathon_ws/install/sd_map_msgs/share/sd_map_msgs/cmake/export_sd_map_msgs__rosidl_typesupport_fastrtps_cppExport-noconfig.cmake
[4.074s] -- Installing: /home/hamza/hackathon_ws/install/sd_map_msgs/share/sd_map_msgs/cmake/sd_map_msgs__rosidl_typesupport_introspection_cExport.cmake
[4.074s] -- Installing: /home/hamza/hackathon_ws/install/sd_map_msgs/share/sd_map_msgs/cmake/sd_map_msgs__rosidl_typesupport_introspection_cExport-noconfig.cmake
[4.074s] -- Installing: /home/hamza/hackathon_ws/install/sd_map_msgs/share/sd_map_msgs/cmake/sd_map_msgs__rosidl_typesupport_cExport.cmake
[4.074s] -- Installing: /home/hamza/hackathon_ws/install/sd_map_msgs/share/sd_map_msgs/cmake/sd_map_msgs__rosidl_typesupport_cExport-noconfig.cmake
[4.074s] -- Installing: /home/hamza/hackathon_ws/install/sd_map_msgs/share/sd_map_msgs/cmake/sd_map_msgs__rosidl_typesupport_introspection_cppExport.cmake
[4.074s] -- Installing: /home/hamza/hackathon_ws/install/sd_map_msgs/share/sd_map_msgs/cmake/sd_map_msgs__rosidl_typesupport_introspection_cppExport-noconfig.cmake
[4.074s] -- Installing: /home/hamza/hackathon_ws/install/sd_map_msgs/share/sd_map_msgs/cmake/sd_map_msgs__rosidl_typesupport_cppExport.cmake
[4.074s] -- Installing: /home/hamza/hackathon_ws/install/sd_map_msgs/share/sd_map_msgs/cmake/sd_map_msgs__rosidl_typesupport_cppExport-noconfig.cmake
[4.075s] -- Installing: /home/hamza/hackathon_ws/install/sd_map_msgs/share/sd_map_msgs/cmake/export_sd_map_msgs__rosidl_generator_pyExport.cmake
[4.075s] -- Installing: /home/hamza/hackathon_ws/install/sd_map_msgs/share/sd_map_msgs/cmake/export_sd_map_msgs__rosidl_generator_pyExport-noconfig.cmake
[4.076s] Invoked command in '/home/hamza/hackathon_ws/build/sd_map_msgs' returned '0': CMAKE_PREFIX_PATH=/opt/ros/humble /usr/bin/cmake --install /home/hamza/hackathon_ws/build/sd_map_msgs
