[0.007s] Invoking command in '/home/hamza/hackathon_ws/build/vectornav_msgs': CMAKE_PREFIX_PATH=${CMAKE_PREFIX_PATH}:/home/hamza/hackathon_ws/install/racing_analyzer:/opt/ros/humble /usr/bin/cmake --build /home/hamza/hackathon_ws/build/vectornav_msgs -- -j20 -l20
[0.041s] [  2%] Built target vectornav_msgs__rs
[0.042s] [  4%] Built target vectornav_msgs__cpp
[0.044s] [ 14%] Built target vectornav_msgs__rosidl_generator_c
[0.049s] [ 14%] Built target ament_cmake_python_symlink_vectornav_msgs
[0.057s] [ 37%] Built target vectornav_msgs__rosidl_typesupport_introspection_c
[0.057s] [ 37%] Built target vectornav_msgs__rosidl_typesupport_cpp
[0.057s] [ 45%] Built target vectornav_msgs__rosidl_typesupport_c
[0.058s] [ 56%] Built target vectornav_msgs__rosidl_typesupport_fastrtps_cpp
[0.058s] [ 68%] Built target vectornav_msgs__rosidl_typesupport_fastrtps_c
[0.059s] [ 77%] Built target vectornav_msgs__rosidl_typesupport_introspection_cpp
[0.071s] [ 77%] Built target vectornav_msgs
[0.085s] [ 79%] Built target vectornav_msgs__py
[0.098s] [ 87%] Built target vectornav_msgs__rosidl_generator_py
[0.110s] [ 91%] Built target vectornav_msgs__rosidl_typesupport_fastrtps_c__pyext
[0.114s] [ 95%] Built target vectornav_msgs__rosidl_typesupport_introspection_c__pyext
[0.115s] [100%] Built target vectornav_msgs__rosidl_typesupport_c__pyext
[0.191s] running egg_info
[0.191s] writing vectornav_msgs.egg-info/PKG-INFO
[0.191s] writing dependency_links to vectornav_msgs.egg-info/dependency_links.txt
[0.191s] writing top-level names to vectornav_msgs.egg-info/top_level.txt
[0.193s] reading manifest file 'vectornav_msgs.egg-info/SOURCES.txt'
[0.193s] writing manifest file 'vectornav_msgs.egg-info/SOURCES.txt'
[0.208s] [100%] Built target ament_cmake_python_build_vectornav_msgs_egg
[0.215s] Invoked command in '/home/hamza/hackathon_ws/build/vectornav_msgs' returned '0': CMAKE_PREFIX_PATH=${CMAKE_PREFIX_PATH}:/home/hamza/hackathon_ws/install/racing_analyzer:/opt/ros/humble /usr/bin/cmake --build /home/hamza/hackathon_ws/build/vectornav_msgs -- -j20 -l20
[0.221s] Invoking command in '/home/hamza/hackathon_ws/build/vectornav_msgs': CMAKE_PREFIX_PATH=${CMAKE_PREFIX_PATH}:/home/hamza/hackathon_ws/install/racing_analyzer:/opt/ros/humble /usr/bin/cmake --install /home/hamza/hackathon_ws/build/vectornav_msgs
[0.227s] -- Install configuration: ""
[0.227s] -- Execute custom install script
[0.227s] -- Up-to-date symlink: /home/hamza/hackathon_ws/install/vectornav_msgs/share/ament_index/resource_index/rosidl_interfaces/vectornav_msgs
[0.227s] -- Up-to-date symlink: /home/hamza/hackathon_ws/install/vectornav_msgs/include/vectornav_msgs/vectornav_msgs/msg/detail/dop__functions.h
[0.227s] -- Up-to-date symlink: /home/hamza/hackathon_ws/install/vectornav_msgs/include/vectornav_msgs/vectornav_msgs/msg/detail/dop__struct.h
[0.227s] -- Up-to-date symlink: /home/hamza/hackathon_ws/install/vectornav_msgs/include/vectornav_msgs/vectornav_msgs/msg/detail/dop__type_support.h
[0.227s] -- Up-to-date symlink: /home/hamza/hackathon_ws/install/vectornav_msgs/include/vectornav_msgs/vectornav_msgs/msg/detail/gps_group__functions.h
[0.227s] -- Up-to-date symlink: /home/hamza/hackathon_ws/install/vectornav_msgs/include/vectornav_msgs/vectornav_msgs/msg/detail/gps_group__struct.h
[0.227s] -- Up-to-date symlink: /home/hamza/hackathon_ws/install/vectornav_msgs/include/vectornav_msgs/vectornav_msgs/msg/detail/gps_group__type_support.h
[0.227s] -- Up-to-date symlink: /home/hamza/hackathon_ws/install/vectornav_msgs/include/vectornav_msgs/vectornav_msgs/msg/detail/time_utc__functions.h
[0.227s] -- Up-to-date symlink: /home/hamza/hackathon_ws/install/vectornav_msgs/include/vectornav_msgs/vectornav_msgs/msg/detail/time_utc__struct.h
[0.228s] -- Up-to-date symlink: /home/hamza/hackathon_ws/install/vectornav_msgs/include/vectornav_msgs/vectornav_msgs/msg/detail/time_utc__type_support.h
[0.228s] -- Up-to-date symlink: /home/hamza/hackathon_ws/install/vectornav_msgs/include/vectornav_msgs/vectornav_msgs/msg/dop.h
[0.228s] -- Up-to-date symlink: /home/hamza/hackathon_ws/install/vectornav_msgs/include/vectornav_msgs/vectornav_msgs/msg/gps_group.h
[0.228s] -- Up-to-date symlink: /home/hamza/hackathon_ws/install/vectornav_msgs/include/vectornav_msgs/vectornav_msgs/msg/rosidl_generator_c__visibility_control.h
[0.228s] -- Up-to-date symlink: /home/hamza/hackathon_ws/install/vectornav_msgs/include/vectornav_msgs/vectornav_msgs/msg/time_utc.h
[0.228s] -- Up-to-date symlink: /home/hamza/hackathon_ws/install/vectornav_msgs/share/vectornav_msgs/environment/library_path.sh
[0.228s] -- Up-to-date symlink: /home/hamza/hackathon_ws/install/vectornav_msgs/share/vectornav_msgs/environment/library_path.dsv
[0.229s] -- Up-to-date symlink: /home/hamza/hackathon_ws/install/vectornav_msgs/include/vectornav_msgs/vectornav_msgs/msg/detail/dop__rosidl_typesupport_fastrtps_c.h
[0.229s] -- Up-to-date symlink: /home/hamza/hackathon_ws/install/vectornav_msgs/include/vectornav_msgs/vectornav_msgs/msg/detail/gps_group__rosidl_typesupport_fastrtps_c.h
[0.229s] -- Up-to-date symlink: /home/hamza/hackathon_ws/install/vectornav_msgs/include/vectornav_msgs/vectornav_msgs/msg/detail/time_utc__rosidl_typesupport_fastrtps_c.h
[0.229s] -- Up-to-date symlink: /home/hamza/hackathon_ws/install/vectornav_msgs/include/vectornav_msgs/vectornav_msgs/msg/rosidl_typesupport_fastrtps_c__visibility_control.h
[0.229s] -- Up-to-date symlink: /home/hamza/hackathon_ws/install/vectornav_msgs/include/vectornav_msgs/vectornav_msgs/msg/detail/dop__builder.hpp
[0.229s] -- Up-to-date symlink: /home/hamza/hackathon_ws/install/vectornav_msgs/include/vectornav_msgs/vectornav_msgs/msg/detail/dop__struct.hpp
[0.229s] -- Up-to-date symlink: /home/hamza/hackathon_ws/install/vectornav_msgs/include/vectornav_msgs/vectornav_msgs/msg/detail/dop__traits.hpp
[0.229s] -- Up-to-date symlink: /home/hamza/hackathon_ws/install/vectornav_msgs/include/vectornav_msgs/vectornav_msgs/msg/detail/dop__type_support.hpp
[0.230s] -- Up-to-date symlink: /home/hamza/hackathon_ws/install/vectornav_msgs/include/vectornav_msgs/vectornav_msgs/msg/detail/gps_group__builder.hpp
[0.230s] -- Up-to-date symlink: /home/hamza/hackathon_ws/install/vectornav_msgs/include/vectornav_msgs/vectornav_msgs/msg/detail/gps_group__struct.hpp
[0.230s] -- Up-to-date symlink: /home/hamza/hackathon_ws/install/vectornav_msgs/include/vectornav_msgs/vectornav_msgs/msg/detail/gps_group__traits.hpp
[0.230s] -- Up-to-date symlink: /home/hamza/hackathon_ws/install/vectornav_msgs/include/vectornav_msgs/vectornav_msgs/msg/detail/gps_group__type_support.hpp
[0.230s] -- Up-to-date symlink: /home/hamza/hackathon_ws/install/vectornav_msgs/include/vectornav_msgs/vectornav_msgs/msg/detail/time_utc__builder.hpp
[0.230s] -- Up-to-date symlink: /home/hamza/hackathon_ws/install/vectornav_msgs/include/vectornav_msgs/vectornav_msgs/msg/detail/time_utc__struct.hpp
[0.230s] -- Up-to-date symlink: /home/hamza/hackathon_ws/install/vectornav_msgs/include/vectornav_msgs/vectornav_msgs/msg/detail/time_utc__traits.hpp
[0.230s] -- Up-to-date symlink: /home/hamza/hackathon_ws/install/vectornav_msgs/include/vectornav_msgs/vectornav_msgs/msg/detail/time_utc__type_support.hpp
[0.230s] -- Up-to-date symlink: /home/hamza/hackathon_ws/install/vectornav_msgs/include/vectornav_msgs/vectornav_msgs/msg/dop.hpp
[0.230s] -- Up-to-date symlink: /home/hamza/hackathon_ws/install/vectornav_msgs/include/vectornav_msgs/vectornav_msgs/msg/gps_group.hpp
[0.230s] -- Up-to-date symlink: /home/hamza/hackathon_ws/install/vectornav_msgs/include/vectornav_msgs/vectornav_msgs/msg/rosidl_generator_cpp__visibility_control.hpp
[0.230s] -- Up-to-date symlink: /home/hamza/hackathon_ws/install/vectornav_msgs/include/vectornav_msgs/vectornav_msgs/msg/time_utc.hpp
[0.231s] -- Up-to-date symlink: /home/hamza/hackathon_ws/install/vectornav_msgs/include/vectornav_msgs/vectornav_msgs/msg/detail/dop__rosidl_typesupport_fastrtps_cpp.hpp
[0.231s] -- Up-to-date symlink: /home/hamza/hackathon_ws/install/vectornav_msgs/include/vectornav_msgs/vectornav_msgs/msg/detail/gps_group__rosidl_typesupport_fastrtps_cpp.hpp
[0.231s] -- Up-to-date symlink: /home/hamza/hackathon_ws/install/vectornav_msgs/include/vectornav_msgs/vectornav_msgs/msg/detail/time_utc__rosidl_typesupport_fastrtps_cpp.hpp
[0.231s] -- Up-to-date symlink: /home/hamza/hackathon_ws/install/vectornav_msgs/include/vectornav_msgs/vectornav_msgs/msg/rosidl_typesupport_fastrtps_cpp__visibility_control.h
[0.231s] -- Up-to-date symlink: /home/hamza/hackathon_ws/install/vectornav_msgs/include/vectornav_msgs/vectornav_msgs/msg/detail/dop__rosidl_typesupport_introspection_c.h
[0.231s] -- Up-to-date symlink: /home/hamza/hackathon_ws/install/vectornav_msgs/include/vectornav_msgs/vectornav_msgs/msg/detail/gps_group__rosidl_typesupport_introspection_c.h
[0.231s] -- Up-to-date symlink: /home/hamza/hackathon_ws/install/vectornav_msgs/include/vectornav_msgs/vectornav_msgs/msg/detail/time_utc__rosidl_typesupport_introspection_c.h
[0.231s] -- Up-to-date symlink: /home/hamza/hackathon_ws/install/vectornav_msgs/include/vectornav_msgs/vectornav_msgs/msg/rosidl_typesupport_introspection_c__visibility_control.h
[0.231s] -- Up-to-date symlink: /home/hamza/hackathon_ws/install/vectornav_msgs/include/vectornav_msgs/vectornav_msgs/msg/detail/dop__rosidl_typesupport_introspection_cpp.hpp
[0.231s] -- Up-to-date symlink: /home/hamza/hackathon_ws/install/vectornav_msgs/include/vectornav_msgs/vectornav_msgs/msg/detail/gps_group__rosidl_typesupport_introspection_cpp.hpp
[0.231s] -- Up-to-date symlink: /home/hamza/hackathon_ws/install/vectornav_msgs/include/vectornav_msgs/vectornav_msgs/msg/detail/time_utc__rosidl_typesupport_introspection_cpp.hpp
[0.232s] -- Up-to-date symlink: /home/hamza/hackathon_ws/install/vectornav_msgs/share/vectornav_msgs/environment/pythonpath.sh
[0.232s] -- Up-to-date symlink: /home/hamza/hackathon_ws/install/vectornav_msgs/share/vectornav_msgs/environment/pythonpath.dsv
[0.232s] -- Up-to-date symlink: /home/hamza/hackathon_ws/install/vectornav_msgs/local/lib/python3.10/dist-packages/vectornav_msgs-3.0.0-py3.10.egg-info/PKG-INFO
[0.232s] -- Up-to-date symlink: /home/hamza/hackathon_ws/install/vectornav_msgs/local/lib/python3.10/dist-packages/vectornav_msgs-3.0.0-py3.10.egg-info/SOURCES.txt
[0.232s] -- Up-to-date symlink: /home/hamza/hackathon_ws/install/vectornav_msgs/local/lib/python3.10/dist-packages/vectornav_msgs-3.0.0-py3.10.egg-info/dependency_links.txt
[0.232s] -- Up-to-date symlink: /home/hamza/hackathon_ws/install/vectornav_msgs/local/lib/python3.10/dist-packages/vectornav_msgs-3.0.0-py3.10.egg-info/top_level.txt
[0.232s] -- Up-to-date symlink: /home/hamza/hackathon_ws/install/vectornav_msgs/local/lib/python3.10/dist-packages/vectornav_msgs/__init__.py
[0.232s] -- Up-to-date symlink: /home/hamza/hackathon_ws/install/vectornav_msgs/local/lib/python3.10/dist-packages/vectornav_msgs/_vectornav_msgs_s.ep.rosidl_typesupport_c.c
[0.232s] -- Up-to-date symlink: /home/hamza/hackathon_ws/install/vectornav_msgs/local/lib/python3.10/dist-packages/vectornav_msgs/_vectornav_msgs_s.ep.rosidl_typesupport_fastrtps_c.c
[0.233s] -- Up-to-date symlink: /home/hamza/hackathon_ws/install/vectornav_msgs/local/lib/python3.10/dist-packages/vectornav_msgs/_vectornav_msgs_s.ep.rosidl_typesupport_introspection_c.c
[0.233s] -- Up-to-date symlink: /home/hamza/hackathon_ws/install/vectornav_msgs/local/lib/python3.10/dist-packages/vectornav_msgs/libvectornav_msgs__rosidl_generator_py.so
[0.233s] -- Up-to-date symlink: /home/hamza/hackathon_ws/install/vectornav_msgs/local/lib/python3.10/dist-packages/vectornav_msgs/msg/__init__.py
[0.233s] -- Up-to-date symlink: /home/hamza/hackathon_ws/install/vectornav_msgs/local/lib/python3.10/dist-packages/vectornav_msgs/msg/_dop.py
[0.233s] -- Up-to-date symlink: /home/hamza/hackathon_ws/install/vectornav_msgs/local/lib/python3.10/dist-packages/vectornav_msgs/msg/_dop_s.c
[0.233s] -- Up-to-date symlink: /home/hamza/hackathon_ws/install/vectornav_msgs/local/lib/python3.10/dist-packages/vectornav_msgs/msg/_gps_group.py
[0.233s] -- Up-to-date symlink: /home/hamza/hackathon_ws/install/vectornav_msgs/local/lib/python3.10/dist-packages/vectornav_msgs/msg/_gps_group_s.c
[0.233s] -- Up-to-date symlink: /home/hamza/hackathon_ws/install/vectornav_msgs/local/lib/python3.10/dist-packages/vectornav_msgs/msg/_time_utc.py
[0.233s] -- Up-to-date symlink: /home/hamza/hackathon_ws/install/vectornav_msgs/local/lib/python3.10/dist-packages/vectornav_msgs/msg/_time_utc_s.c
[0.233s] -- Up-to-date symlink: /home/hamza/hackathon_ws/install/vectornav_msgs/local/lib/python3.10/dist-packages/vectornav_msgs/vectornav_msgs_s__rosidl_typesupport_c.cpython-310-x86_64-linux-gnu.so
[0.233s] -- Up-to-date symlink: /home/hamza/hackathon_ws/install/vectornav_msgs/local/lib/python3.10/dist-packages/vectornav_msgs/vectornav_msgs_s__rosidl_typesupport_fastrtps_c.cpython-310-x86_64-linux-gnu.so
[0.233s] -- Up-to-date symlink: /home/hamza/hackathon_ws/install/vectornav_msgs/local/lib/python3.10/dist-packages/vectornav_msgs/vectornav_msgs_s__rosidl_typesupport_introspection_c.cpython-310-x86_64-linux-gnu.so
[0.233s] -- Up-to-date symlink: /home/hamza/hackathon_ws/install/vectornav_msgs/local/lib/python3.10/dist-packages/vectornav_msgs/vectornav_msgs_s__rosidl_typesupport_fastrtps_c.cpython-310-x86_64-linux-gnu.so
[0.233s] -- Up-to-date symlink: /home/hamza/hackathon_ws/install/vectornav_msgs/local/lib/python3.10/dist-packages/vectornav_msgs/vectornav_msgs_s__rosidl_typesupport_introspection_c.cpython-310-x86_64-linux-gnu.so
[0.234s] -- Up-to-date symlink: /home/hamza/hackathon_ws/install/vectornav_msgs/local/lib/python3.10/dist-packages/vectornav_msgs/vectornav_msgs_s__rosidl_typesupport_c.cpython-310-x86_64-linux-gnu.so
[0.234s] -- Up-to-date symlink: /home/hamza/hackathon_ws/install/vectornav_msgs/share/ament_index/resource_index/rust_packages/vectornav_msgs
[0.234s] -- Up-to-date symlink: /home/hamza/hackathon_ws/install/vectornav_msgs/share/vectornav_msgs/rust/Cargo.toml
[0.234s] -- Up-to-date symlink: /home/hamza/hackathon_ws/install/vectornav_msgs/share/vectornav_msgs/rust/build.rs
[0.234s] -- Up-to-date symlink: /home/hamza/hackathon_ws/install/vectornav_msgs/share/vectornav_msgs/rust/src/lib.rs
[0.234s] -- Up-to-date symlink: /home/hamza/hackathon_ws/install/vectornav_msgs/share/vectornav_msgs/rust/src/msg.rs
[0.234s] -- Up-to-date symlink: /home/hamza/hackathon_ws/install/vectornav_msgs/share/vectornav_msgs/rust/src/msg/rmw.rs
[0.234s] -- Up-to-date symlink: /home/hamza/hackathon_ws/install/vectornav_msgs/share/vectornav_msgs/msg/DOP.idl
[0.234s] -- Up-to-date symlink: /home/hamza/hackathon_ws/install/vectornav_msgs/share/vectornav_msgs/msg/GpsGroup.idl
[0.234s] -- Up-to-date symlink: /home/hamza/hackathon_ws/install/vectornav_msgs/share/vectornav_msgs/msg/TimeUTC.idl
[0.234s] -- Up-to-date symlink: /home/hamza/hackathon_ws/install/vectornav_msgs/share/vectornav_msgs/msg/DOP.msg
[0.234s] -- Up-to-date symlink: /home/hamza/hackathon_ws/install/vectornav_msgs/share/vectornav_msgs/msg/GpsGroup.msg
[0.234s] -- Up-to-date symlink: /home/hamza/hackathon_ws/install/vectornav_msgs/share/vectornav_msgs/msg/TimeUTC.msg
[0.235s] -- Up-to-date symlink: /home/hamza/hackathon_ws/install/vectornav_msgs/share/ament_index/resource_index/package_run_dependencies/vectornav_msgs
[0.235s] -- Up-to-date symlink: /home/hamza/hackathon_ws/install/vectornav_msgs/share/ament_index/resource_index/parent_prefix_path/vectornav_msgs
[0.235s] -- Up-to-date symlink: /home/hamza/hackathon_ws/install/vectornav_msgs/share/vectornav_msgs/environment/ament_prefix_path.sh
[0.235s] -- Up-to-date symlink: /home/hamza/hackathon_ws/install/vectornav_msgs/share/vectornav_msgs/environment/ament_prefix_path.dsv
[0.235s] -- Up-to-date symlink: /home/hamza/hackathon_ws/install/vectornav_msgs/share/vectornav_msgs/environment/path.sh
[0.235s] -- Up-to-date symlink: /home/hamza/hackathon_ws/install/vectornav_msgs/share/vectornav_msgs/environment/path.dsv
[0.235s] -- Up-to-date symlink: /home/hamza/hackathon_ws/install/vectornav_msgs/share/vectornav_msgs/local_setup.bash
[0.235s] -- Up-to-date symlink: /home/hamza/hackathon_ws/install/vectornav_msgs/share/vectornav_msgs/local_setup.sh
[0.235s] -- Up-to-date symlink: /home/hamza/hackathon_ws/install/vectornav_msgs/share/vectornav_msgs/local_setup.zsh
[0.235s] -- Up-to-date symlink: /home/hamza/hackathon_ws/install/vectornav_msgs/share/vectornav_msgs/local_setup.dsv
[0.235s] -- Symlinking: /home/hamza/hackathon_ws/install/vectornav_msgs/share/vectornav_msgs/package.dsv
[0.242s] -- Up-to-date symlink: /home/hamza/hackathon_ws/install/vectornav_msgs/share/ament_index/resource_index/packages/vectornav_msgs
[0.242s] -- Up-to-date symlink: /home/hamza/hackathon_ws/install/vectornav_msgs/share/vectornav_msgs/cmake/rosidl_cmake-extras.cmake
[0.242s] -- Up-to-date symlink: /home/hamza/hackathon_ws/install/vectornav_msgs/share/vectornav_msgs/cmake/ament_cmake_export_dependencies-extras.cmake
[0.242s] -- Up-to-date symlink: /home/hamza/hackathon_ws/install/vectornav_msgs/share/vectornav_msgs/cmake/ament_cmake_export_include_directories-extras.cmake
[0.242s] -- Up-to-date symlink: /home/hamza/hackathon_ws/install/vectornav_msgs/share/vectornav_msgs/cmake/ament_cmake_export_libraries-extras.cmake
[0.242s] -- Up-to-date symlink: /home/hamza/hackathon_ws/install/vectornav_msgs/share/vectornav_msgs/cmake/ament_cmake_export_targets-extras.cmake
[0.242s] -- Up-to-date symlink: /home/hamza/hackathon_ws/install/vectornav_msgs/share/vectornav_msgs/cmake/rosidl_cmake_export_typesupport_targets-extras.cmake
[0.242s] -- Up-to-date symlink: /home/hamza/hackathon_ws/install/vectornav_msgs/share/vectornav_msgs/cmake/rosidl_cmake_export_typesupport_libraries-extras.cmake
[0.242s] -- Up-to-date symlink: /home/hamza/hackathon_ws/install/vectornav_msgs/share/vectornav_msgs/cmake/vectornav_msgsConfig.cmake
[0.242s] -- Up-to-date symlink: /home/hamza/hackathon_ws/install/vectornav_msgs/share/vectornav_msgs/cmake/vectornav_msgsConfig-version.cmake
[0.243s] -- Up-to-date symlink: /home/hamza/hackathon_ws/install/vectornav_msgs/share/vectornav_msgs/package.xml
[0.243s] -- Up-to-date: /home/hamza/hackathon_ws/install/vectornav_msgs/lib/libvectornav_msgs__rosidl_generator_c.so
[0.243s] -- Up-to-date: /home/hamza/hackathon_ws/install/vectornav_msgs/lib/libvectornav_msgs__rosidl_typesupport_fastrtps_c.so
[0.243s] -- Up-to-date: /home/hamza/hackathon_ws/install/vectornav_msgs/lib/libvectornav_msgs__rosidl_typesupport_fastrtps_cpp.so
[0.243s] -- Up-to-date: /home/hamza/hackathon_ws/install/vectornav_msgs/lib/libvectornav_msgs__rosidl_typesupport_introspection_c.so
[0.243s] -- Up-to-date: /home/hamza/hackathon_ws/install/vectornav_msgs/lib/libvectornav_msgs__rosidl_typesupport_c.so
[0.243s] -- Up-to-date: /home/hamza/hackathon_ws/install/vectornav_msgs/lib/libvectornav_msgs__rosidl_typesupport_introspection_cpp.so
[0.243s] -- Up-to-date: /home/hamza/hackathon_ws/install/vectornav_msgs/lib/libvectornav_msgs__rosidl_typesupport_cpp.so
[0.262s] Listing '/home/hamza/hackathon_ws/install/vectornav_msgs/local/lib/python3.10/dist-packages/vectornav_msgs'...
[0.262s] Listing '/home/hamza/hackathon_ws/install/vectornav_msgs/local/lib/python3.10/dist-packages/vectornav_msgs/msg'...
[0.265s] -- Up-to-date: /home/hamza/hackathon_ws/install/vectornav_msgs/lib/libvectornav_msgs__rosidl_generator_py.so
[0.265s] -- Up-to-date: /home/hamza/hackathon_ws/install/vectornav_msgs/share/vectornav_msgs/cmake/export_vectornav_msgs__rosidl_generator_cExport.cmake
[0.265s] -- Up-to-date: /home/hamza/hackathon_ws/install/vectornav_msgs/share/vectornav_msgs/cmake/export_vectornav_msgs__rosidl_generator_cExport-noconfig.cmake
[0.265s] -- Up-to-date: /home/hamza/hackathon_ws/install/vectornav_msgs/share/vectornav_msgs/cmake/export_vectornav_msgs__rosidl_typesupport_fastrtps_cExport.cmake
[0.265s] -- Up-to-date: /home/hamza/hackathon_ws/install/vectornav_msgs/share/vectornav_msgs/cmake/export_vectornav_msgs__rosidl_typesupport_fastrtps_cExport-noconfig.cmake
[0.265s] -- Up-to-date: /home/hamza/hackathon_ws/install/vectornav_msgs/share/vectornav_msgs/cmake/export_vectornav_msgs__rosidl_generator_cppExport.cmake
[0.265s] -- Up-to-date: /home/hamza/hackathon_ws/install/vectornav_msgs/share/vectornav_msgs/cmake/export_vectornav_msgs__rosidl_typesupport_fastrtps_cppExport.cmake
[0.265s] -- Up-to-date: /home/hamza/hackathon_ws/install/vectornav_msgs/share/vectornav_msgs/cmake/export_vectornav_msgs__rosidl_typesupport_fastrtps_cppExport-noconfig.cmake
[0.265s] -- Up-to-date: /home/hamza/hackathon_ws/install/vectornav_msgs/share/vectornav_msgs/cmake/vectornav_msgs__rosidl_typesupport_introspection_cExport.cmake
[0.265s] -- Up-to-date: /home/hamza/hackathon_ws/install/vectornav_msgs/share/vectornav_msgs/cmake/vectornav_msgs__rosidl_typesupport_introspection_cExport-noconfig.cmake
[0.265s] -- Up-to-date: /home/hamza/hackathon_ws/install/vectornav_msgs/share/vectornav_msgs/cmake/vectornav_msgs__rosidl_typesupport_cExport.cmake
[0.265s] -- Up-to-date: /home/hamza/hackathon_ws/install/vectornav_msgs/share/vectornav_msgs/cmake/vectornav_msgs__rosidl_typesupport_cExport-noconfig.cmake
[0.265s] -- Up-to-date: /home/hamza/hackathon_ws/install/vectornav_msgs/share/vectornav_msgs/cmake/vectornav_msgs__rosidl_typesupport_introspection_cppExport.cmake
[0.265s] -- Up-to-date: /home/hamza/hackathon_ws/install/vectornav_msgs/share/vectornav_msgs/cmake/vectornav_msgs__rosidl_typesupport_introspection_cppExport-noconfig.cmake
[0.265s] -- Up-to-date: /home/hamza/hackathon_ws/install/vectornav_msgs/share/vectornav_msgs/cmake/vectornav_msgs__rosidl_typesupport_cppExport.cmake
[0.265s] -- Up-to-date: /home/hamza/hackathon_ws/install/vectornav_msgs/share/vectornav_msgs/cmake/vectornav_msgs__rosidl_typesupport_cppExport-noconfig.cmake
[0.266s] -- Up-to-date: /home/hamza/hackathon_ws/install/vectornav_msgs/share/vectornav_msgs/cmake/export_vectornav_msgs__rosidl_generator_pyExport.cmake
[0.266s] -- Up-to-date: /home/hamza/hackathon_ws/install/vectornav_msgs/share/vectornav_msgs/cmake/export_vectornav_msgs__rosidl_generator_pyExport-noconfig.cmake
[0.267s] Invoked command in '/home/hamza/hackathon_ws/build/vectornav_msgs' returned '0': CMAKE_PREFIX_PATH=${CMAKE_PREFIX_PATH}:/home/hamza/hackathon_ws/install/racing_analyzer:/opt/ros/humble /usr/bin/cmake --install /home/hamza/hackathon_ws/build/vectornav_msgs
