[0.007s] Invoking command in '/home/hamza/hackathon_ws/build/sd_map_msgs': CMAKE_PREFIX_PATH=${CMAKE_PREFIX_PATH}:/home/hamza/hackathon_ws/install/racing_analyzer:/opt/ros/humble /usr/bin/cmake --build /home/hamza/hackathon_ws/build/sd_map_msgs -- -j20 -l20
[0.046s] [  2%] Built target sd_map_msgs__cpp
[0.047s] [  4%] Built target sd_map_msgs__rs
[0.049s] [ 14%] Built target sd_map_msgs__rosidl_generator_c
[0.050s] [ 14%] Built target ament_cmake_python_symlink_sd_map_msgs
[0.062s] [ 25%] Built target sd_map_msgs__rosidl_typesupport_cpp
[0.062s] [ 43%] Built target sd_map_msgs__rosidl_typesupport_c
[0.062s] [ 45%] Built target sd_map_msgs__rosidl_typesupport_introspection_c
[0.063s] [ 56%] Built target sd_map_msgs__rosidl_typesupport_introspection_cpp
[0.064s] [ 66%] Built target sd_map_msgs__rosidl_typesupport_fastrtps_c
[0.064s] [ 77%] Built target sd_map_msgs__rosidl_typesupport_fastrtps_cpp
[0.076s] [ 77%] Built target sd_map_msgs
[0.090s] [ 79%] Built target sd_map_msgs__py
[0.108s] [ 87%] Built target sd_map_msgs__rosidl_generator_py
[0.123s] [ 91%] Built target sd_map_msgs__rosidl_typesupport_introspection_c__pyext
[0.124s] [ 95%] Built target sd_map_msgs__rosidl_typesupport_fastrtps_c__pyext
[0.126s] [100%] Built target sd_map_msgs__rosidl_typesupport_c__pyext
[0.206s] running egg_info
[0.206s] writing sd_map_msgs.egg-info/PKG-INFO
[0.207s] writing dependency_links to sd_map_msgs.egg-info/dependency_links.txt
[0.207s] writing top-level names to sd_map_msgs.egg-info/top_level.txt
[0.208s] reading manifest file 'sd_map_msgs.egg-info/SOURCES.txt'
[0.208s] writing manifest file 'sd_map_msgs.egg-info/SOURCES.txt'
[0.223s] [100%] Built target ament_cmake_python_build_sd_map_msgs_egg
[0.230s] Invoked command in '/home/hamza/hackathon_ws/build/sd_map_msgs' returned '0': CMAKE_PREFIX_PATH=${CMAKE_PREFIX_PATH}:/home/hamza/hackathon_ws/install/racing_analyzer:/opt/ros/humble /usr/bin/cmake --build /home/hamza/hackathon_ws/build/sd_map_msgs -- -j20 -l20
[0.231s] Invoking command in '/home/hamza/hackathon_ws/build/sd_map_msgs': CMAKE_PREFIX_PATH=${CMAKE_PREFIX_PATH}:/home/hamza/hackathon_ws/install/racing_analyzer:/opt/ros/humble /usr/bin/cmake --install /home/hamza/hackathon_ws/build/sd_map_msgs
[0.235s] -- Install configuration: ""
[0.236s] -- Execute custom install script
[0.236s] -- Up-to-date symlink: /home/hamza/hackathon_ws/install/sd_map_msgs/share/ament_index/resource_index/rosidl_interfaces/sd_map_msgs
[0.236s] -- Up-to-date symlink: /home/hamza/hackathon_ws/install/sd_map_msgs/include/sd_map_msgs/sd_map_msgs/msg/detail/sn_lane_state__functions.h
[0.236s] -- Up-to-date symlink: /home/hamza/hackathon_ws/install/sd_map_msgs/include/sd_map_msgs/sd_map_msgs/msg/detail/sn_lane_state__struct.h
[0.236s] -- Up-to-date symlink: /home/hamza/hackathon_ws/install/sd_map_msgs/include/sd_map_msgs/sd_map_msgs/msg/detail/sn_lane_state__type_support.h
[0.236s] -- Up-to-date symlink: /home/hamza/hackathon_ws/install/sd_map_msgs/include/sd_map_msgs/sd_map_msgs/msg/detail/sn_map_state__functions.h
[0.237s] -- Up-to-date symlink: /home/hamza/hackathon_ws/install/sd_map_msgs/include/sd_map_msgs/sd_map_msgs/msg/detail/sn_map_state__struct.h
[0.237s] -- Up-to-date symlink: /home/hamza/hackathon_ws/install/sd_map_msgs/include/sd_map_msgs/sd_map_msgs/msg/detail/sn_map_state__type_support.h
[0.237s] -- Up-to-date symlink: /home/hamza/hackathon_ws/install/sd_map_msgs/include/sd_map_msgs/sd_map_msgs/msg/detail/sn_state__functions.h
[0.237s] -- Up-to-date symlink: /home/hamza/hackathon_ws/install/sd_map_msgs/include/sd_map_msgs/sd_map_msgs/msg/detail/sn_state__struct.h
[0.237s] -- Up-to-date symlink: /home/hamza/hackathon_ws/install/sd_map_msgs/include/sd_map_msgs/sd_map_msgs/msg/detail/sn_state__type_support.h
[0.237s] -- Up-to-date symlink: /home/hamza/hackathon_ws/install/sd_map_msgs/include/sd_map_msgs/sd_map_msgs/msg/rosidl_generator_c__visibility_control.h
[0.237s] -- Up-to-date symlink: /home/hamza/hackathon_ws/install/sd_map_msgs/include/sd_map_msgs/sd_map_msgs/msg/sn_lane_state.h
[0.237s] -- Up-to-date symlink: /home/hamza/hackathon_ws/install/sd_map_msgs/include/sd_map_msgs/sd_map_msgs/msg/sn_map_state.h
[0.238s] -- Up-to-date symlink: /home/hamza/hackathon_ws/install/sd_map_msgs/include/sd_map_msgs/sd_map_msgs/msg/sn_state.h
[0.238s] -- Up-to-date symlink: /home/hamza/hackathon_ws/install/sd_map_msgs/share/sd_map_msgs/environment/library_path.sh
[0.238s] -- Up-to-date symlink: /home/hamza/hackathon_ws/install/sd_map_msgs/share/sd_map_msgs/environment/library_path.dsv
[0.238s] -- Up-to-date symlink: /home/hamza/hackathon_ws/install/sd_map_msgs/include/sd_map_msgs/sd_map_msgs/msg/detail/sn_lane_state__rosidl_typesupport_fastrtps_c.h
[0.238s] -- Up-to-date symlink: /home/hamza/hackathon_ws/install/sd_map_msgs/include/sd_map_msgs/sd_map_msgs/msg/detail/sn_map_state__rosidl_typesupport_fastrtps_c.h
[0.238s] -- Up-to-date symlink: /home/hamza/hackathon_ws/install/sd_map_msgs/include/sd_map_msgs/sd_map_msgs/msg/detail/sn_state__rosidl_typesupport_fastrtps_c.h
[0.238s] -- Up-to-date symlink: /home/hamza/hackathon_ws/install/sd_map_msgs/include/sd_map_msgs/sd_map_msgs/msg/rosidl_typesupport_fastrtps_c__visibility_control.h
[0.238s] -- Up-to-date symlink: /home/hamza/hackathon_ws/install/sd_map_msgs/include/sd_map_msgs/sd_map_msgs/msg/detail/sn_lane_state__builder.hpp
[0.238s] -- Up-to-date symlink: /home/hamza/hackathon_ws/install/sd_map_msgs/include/sd_map_msgs/sd_map_msgs/msg/detail/sn_lane_state__struct.hpp
[0.238s] -- Up-to-date symlink: /home/hamza/hackathon_ws/install/sd_map_msgs/include/sd_map_msgs/sd_map_msgs/msg/detail/sn_lane_state__traits.hpp
[0.239s] -- Up-to-date symlink: /home/hamza/hackathon_ws/install/sd_map_msgs/include/sd_map_msgs/sd_map_msgs/msg/detail/sn_lane_state__type_support.hpp
[0.239s] -- Up-to-date symlink: /home/hamza/hackathon_ws/install/sd_map_msgs/include/sd_map_msgs/sd_map_msgs/msg/detail/sn_map_state__builder.hpp
[0.239s] -- Up-to-date symlink: /home/hamza/hackathon_ws/install/sd_map_msgs/include/sd_map_msgs/sd_map_msgs/msg/detail/sn_map_state__struct.hpp
[0.239s] -- Up-to-date symlink: /home/hamza/hackathon_ws/install/sd_map_msgs/include/sd_map_msgs/sd_map_msgs/msg/detail/sn_map_state__traits.hpp
[0.239s] -- Up-to-date symlink: /home/hamza/hackathon_ws/install/sd_map_msgs/include/sd_map_msgs/sd_map_msgs/msg/detail/sn_map_state__type_support.hpp
[0.239s] -- Up-to-date symlink: /home/hamza/hackathon_ws/install/sd_map_msgs/include/sd_map_msgs/sd_map_msgs/msg/detail/sn_state__builder.hpp
[0.239s] -- Up-to-date symlink: /home/hamza/hackathon_ws/install/sd_map_msgs/include/sd_map_msgs/sd_map_msgs/msg/detail/sn_state__struct.hpp
[0.239s] -- Up-to-date symlink: /home/hamza/hackathon_ws/install/sd_map_msgs/include/sd_map_msgs/sd_map_msgs/msg/detail/sn_state__traits.hpp
[0.239s] -- Up-to-date symlink: /home/hamza/hackathon_ws/install/sd_map_msgs/include/sd_map_msgs/sd_map_msgs/msg/detail/sn_state__type_support.hpp
[0.239s] -- Up-to-date symlink: /home/hamza/hackathon_ws/install/sd_map_msgs/include/sd_map_msgs/sd_map_msgs/msg/rosidl_generator_cpp__visibility_control.hpp
[0.239s] -- Up-to-date symlink: /home/hamza/hackathon_ws/install/sd_map_msgs/include/sd_map_msgs/sd_map_msgs/msg/sn_lane_state.hpp
[0.239s] -- Up-to-date symlink: /home/hamza/hackathon_ws/install/sd_map_msgs/include/sd_map_msgs/sd_map_msgs/msg/sn_map_state.hpp
[0.239s] -- Up-to-date symlink: /home/hamza/hackathon_ws/install/sd_map_msgs/include/sd_map_msgs/sd_map_msgs/msg/sn_state.hpp
[0.239s] -- Up-to-date symlink: /home/hamza/hackathon_ws/install/sd_map_msgs/include/sd_map_msgs/sd_map_msgs/msg/detail/sn_lane_state__rosidl_typesupport_fastrtps_cpp.hpp
[0.239s] -- Up-to-date symlink: /home/hamza/hackathon_ws/install/sd_map_msgs/include/sd_map_msgs/sd_map_msgs/msg/detail/sn_map_state__rosidl_typesupport_fastrtps_cpp.hpp
[0.239s] -- Up-to-date symlink: /home/hamza/hackathon_ws/install/sd_map_msgs/include/sd_map_msgs/sd_map_msgs/msg/detail/sn_state__rosidl_typesupport_fastrtps_cpp.hpp
[0.239s] -- Up-to-date symlink: /home/hamza/hackathon_ws/install/sd_map_msgs/include/sd_map_msgs/sd_map_msgs/msg/rosidl_typesupport_fastrtps_cpp__visibility_control.h
[0.239s] -- Up-to-date symlink: /home/hamza/hackathon_ws/install/sd_map_msgs/include/sd_map_msgs/sd_map_msgs/msg/detail/sn_lane_state__rosidl_typesupport_introspection_c.h
[0.240s] -- Up-to-date symlink: /home/hamza/hackathon_ws/install/sd_map_msgs/include/sd_map_msgs/sd_map_msgs/msg/detail/sn_map_state__rosidl_typesupport_introspection_c.h
[0.240s] -- Up-to-date symlink: /home/hamza/hackathon_ws/install/sd_map_msgs/include/sd_map_msgs/sd_map_msgs/msg/detail/sn_state__rosidl_typesupport_introspection_c.h
[0.240s] -- Up-to-date symlink: /home/hamza/hackathon_ws/install/sd_map_msgs/include/sd_map_msgs/sd_map_msgs/msg/rosidl_typesupport_introspection_c__visibility_control.h
[0.240s] -- Up-to-date symlink: /home/hamza/hackathon_ws/install/sd_map_msgs/include/sd_map_msgs/sd_map_msgs/msg/detail/sn_lane_state__rosidl_typesupport_introspection_cpp.hpp
[0.240s] -- Up-to-date symlink: /home/hamza/hackathon_ws/install/sd_map_msgs/include/sd_map_msgs/sd_map_msgs/msg/detail/sn_map_state__rosidl_typesupport_introspection_cpp.hpp
[0.240s] -- Up-to-date symlink: /home/hamza/hackathon_ws/install/sd_map_msgs/include/sd_map_msgs/sd_map_msgs/msg/detail/sn_state__rosidl_typesupport_introspection_cpp.hpp
[0.240s] -- Up-to-date symlink: /home/hamza/hackathon_ws/install/sd_map_msgs/share/sd_map_msgs/environment/pythonpath.sh
[0.240s] -- Up-to-date symlink: /home/hamza/hackathon_ws/install/sd_map_msgs/share/sd_map_msgs/environment/pythonpath.dsv
[0.240s] -- Up-to-date symlink: /home/hamza/hackathon_ws/install/sd_map_msgs/local/lib/python3.10/dist-packages/sd_map_msgs-1.0.0-py3.10.egg-info/PKG-INFO
[0.240s] -- Up-to-date symlink: /home/hamza/hackathon_ws/install/sd_map_msgs/local/lib/python3.10/dist-packages/sd_map_msgs-1.0.0-py3.10.egg-info/SOURCES.txt
[0.240s] -- Up-to-date symlink: /home/hamza/hackathon_ws/install/sd_map_msgs/local/lib/python3.10/dist-packages/sd_map_msgs-1.0.0-py3.10.egg-info/dependency_links.txt
[0.240s] -- Up-to-date symlink: /home/hamza/hackathon_ws/install/sd_map_msgs/local/lib/python3.10/dist-packages/sd_map_msgs-1.0.0-py3.10.egg-info/top_level.txt
[0.240s] -- Up-to-date symlink: /home/hamza/hackathon_ws/install/sd_map_msgs/local/lib/python3.10/dist-packages/sd_map_msgs/__init__.py
[0.240s] -- Up-to-date symlink: /home/hamza/hackathon_ws/install/sd_map_msgs/local/lib/python3.10/dist-packages/sd_map_msgs/_sd_map_msgs_s.ep.rosidl_typesupport_c.c
[0.240s] -- Up-to-date symlink: /home/hamza/hackathon_ws/install/sd_map_msgs/local/lib/python3.10/dist-packages/sd_map_msgs/_sd_map_msgs_s.ep.rosidl_typesupport_fastrtps_c.c
[0.241s] -- Up-to-date symlink: /home/hamza/hackathon_ws/install/sd_map_msgs/local/lib/python3.10/dist-packages/sd_map_msgs/_sd_map_msgs_s.ep.rosidl_typesupport_introspection_c.c
[0.241s] -- Up-to-date symlink: /home/hamza/hackathon_ws/install/sd_map_msgs/local/lib/python3.10/dist-packages/sd_map_msgs/libsd_map_msgs__rosidl_generator_py.so
[0.241s] -- Up-to-date symlink: /home/hamza/hackathon_ws/install/sd_map_msgs/local/lib/python3.10/dist-packages/sd_map_msgs/msg/__init__.py
[0.241s] -- Up-to-date symlink: /home/hamza/hackathon_ws/install/sd_map_msgs/local/lib/python3.10/dist-packages/sd_map_msgs/msg/_sn_lane_state.py
[0.241s] -- Up-to-date symlink: /home/hamza/hackathon_ws/install/sd_map_msgs/local/lib/python3.10/dist-packages/sd_map_msgs/msg/_sn_lane_state_s.c
[0.241s] -- Up-to-date symlink: /home/hamza/hackathon_ws/install/sd_map_msgs/local/lib/python3.10/dist-packages/sd_map_msgs/msg/_sn_map_state.py
[0.241s] -- Up-to-date symlink: /home/hamza/hackathon_ws/install/sd_map_msgs/local/lib/python3.10/dist-packages/sd_map_msgs/msg/_sn_map_state_s.c
[0.241s] -- Up-to-date symlink: /home/hamza/hackathon_ws/install/sd_map_msgs/local/lib/python3.10/dist-packages/sd_map_msgs/msg/_sn_state.py
[0.241s] -- Up-to-date symlink: /home/hamza/hackathon_ws/install/sd_map_msgs/local/lib/python3.10/dist-packages/sd_map_msgs/msg/_sn_state_s.c
[0.241s] -- Up-to-date symlink: /home/hamza/hackathon_ws/install/sd_map_msgs/local/lib/python3.10/dist-packages/sd_map_msgs/sd_map_msgs_s__rosidl_typesupport_c.cpython-310-x86_64-linux-gnu.so
[0.241s] -- Up-to-date symlink: /home/hamza/hackathon_ws/install/sd_map_msgs/local/lib/python3.10/dist-packages/sd_map_msgs/sd_map_msgs_s__rosidl_typesupport_fastrtps_c.cpython-310-x86_64-linux-gnu.so
[0.241s] -- Up-to-date symlink: /home/hamza/hackathon_ws/install/sd_map_msgs/local/lib/python3.10/dist-packages/sd_map_msgs/sd_map_msgs_s__rosidl_typesupport_introspection_c.cpython-310-x86_64-linux-gnu.so
[0.241s] -- Up-to-date symlink: /home/hamza/hackathon_ws/install/sd_map_msgs/local/lib/python3.10/dist-packages/sd_map_msgs/sd_map_msgs_s__rosidl_typesupport_fastrtps_c.cpython-310-x86_64-linux-gnu.so
[0.241s] -- Up-to-date symlink: /home/hamza/hackathon_ws/install/sd_map_msgs/local/lib/python3.10/dist-packages/sd_map_msgs/sd_map_msgs_s__rosidl_typesupport_introspection_c.cpython-310-x86_64-linux-gnu.so
[0.241s] -- Up-to-date symlink: /home/hamza/hackathon_ws/install/sd_map_msgs/local/lib/python3.10/dist-packages/sd_map_msgs/sd_map_msgs_s__rosidl_typesupport_c.cpython-310-x86_64-linux-gnu.so
[0.241s] -- Up-to-date symlink: /home/hamza/hackathon_ws/install/sd_map_msgs/share/ament_index/resource_index/rust_packages/sd_map_msgs
[0.242s] -- Up-to-date symlink: /home/hamza/hackathon_ws/install/sd_map_msgs/share/sd_map_msgs/rust/Cargo.toml
[0.242s] -- Up-to-date symlink: /home/hamza/hackathon_ws/install/sd_map_msgs/share/sd_map_msgs/rust/build.rs
[0.242s] -- Up-to-date symlink: /home/hamza/hackathon_ws/install/sd_map_msgs/share/sd_map_msgs/rust/src/lib.rs
[0.242s] -- Up-to-date symlink: /home/hamza/hackathon_ws/install/sd_map_msgs/share/sd_map_msgs/rust/src/msg.rs
[0.242s] -- Up-to-date symlink: /home/hamza/hackathon_ws/install/sd_map_msgs/share/sd_map_msgs/rust/src/msg/rmw.rs
[0.242s] -- Up-to-date symlink: /home/hamza/hackathon_ws/install/sd_map_msgs/share/sd_map_msgs/msg/SnLaneState.idl
[0.242s] -- Up-to-date symlink: /home/hamza/hackathon_ws/install/sd_map_msgs/share/sd_map_msgs/msg/SnMapState.idl
[0.242s] -- Up-to-date symlink: /home/hamza/hackathon_ws/install/sd_map_msgs/share/sd_map_msgs/msg/SnState.idl
[0.242s] -- Up-to-date symlink: /home/hamza/hackathon_ws/install/sd_map_msgs/share/sd_map_msgs/map_ar/SnLaneState.msg
[0.242s] -- Up-to-date symlink: /home/hamza/hackathon_ws/install/sd_map_msgs/share/sd_map_msgs/map_ar/SnMapState.msg
[0.242s] -- Up-to-date symlink: /home/hamza/hackathon_ws/install/sd_map_msgs/share/sd_map_msgs/map_ar/SnState.msg
[0.242s] -- Up-to-date symlink: /home/hamza/hackathon_ws/install/sd_map_msgs/share/sd_map_msgs/msg/SnLaneState.msg
[0.242s] -- Up-to-date symlink: /home/hamza/hackathon_ws/install/sd_map_msgs/share/sd_map_msgs/msg/SnMapState.msg
[0.243s] -- Up-to-date symlink: /home/hamza/hackathon_ws/install/sd_map_msgs/share/sd_map_msgs/msg/SnState.msg
[0.243s] -- Up-to-date symlink: /home/hamza/hackathon_ws/install/sd_map_msgs/share/ament_index/resource_index/package_run_dependencies/sd_map_msgs
[0.243s] -- Up-to-date symlink: /home/hamza/hackathon_ws/install/sd_map_msgs/share/ament_index/resource_index/parent_prefix_path/sd_map_msgs
[0.243s] -- Up-to-date symlink: /home/hamza/hackathon_ws/install/sd_map_msgs/share/sd_map_msgs/environment/ament_prefix_path.sh
[0.243s] -- Up-to-date symlink: /home/hamza/hackathon_ws/install/sd_map_msgs/share/sd_map_msgs/environment/ament_prefix_path.dsv
[0.243s] -- Up-to-date symlink: /home/hamza/hackathon_ws/install/sd_map_msgs/share/sd_map_msgs/environment/path.sh
[0.243s] -- Up-to-date symlink: /home/hamza/hackathon_ws/install/sd_map_msgs/share/sd_map_msgs/environment/path.dsv
[0.243s] -- Up-to-date symlink: /home/hamza/hackathon_ws/install/sd_map_msgs/share/sd_map_msgs/local_setup.bash
[0.243s] -- Up-to-date symlink: /home/hamza/hackathon_ws/install/sd_map_msgs/share/sd_map_msgs/local_setup.sh
[0.243s] -- Up-to-date symlink: /home/hamza/hackathon_ws/install/sd_map_msgs/share/sd_map_msgs/local_setup.zsh
[0.243s] -- Up-to-date symlink: /home/hamza/hackathon_ws/install/sd_map_msgs/share/sd_map_msgs/local_setup.dsv
[0.243s] -- Symlinking: /home/hamza/hackathon_ws/install/sd_map_msgs/share/sd_map_msgs/package.dsv
[0.250s] -- Up-to-date symlink: /home/hamza/hackathon_ws/install/sd_map_msgs/share/ament_index/resource_index/packages/sd_map_msgs
[0.250s] -- Up-to-date symlink: /home/hamza/hackathon_ws/install/sd_map_msgs/share/sd_map_msgs/cmake/rosidl_cmake-extras.cmake
[0.250s] -- Up-to-date symlink: /home/hamza/hackathon_ws/install/sd_map_msgs/share/sd_map_msgs/cmake/ament_cmake_export_dependencies-extras.cmake
[0.250s] -- Up-to-date symlink: /home/hamza/hackathon_ws/install/sd_map_msgs/share/sd_map_msgs/cmake/ament_cmake_export_include_directories-extras.cmake
[0.250s] -- Up-to-date symlink: /home/hamza/hackathon_ws/install/sd_map_msgs/share/sd_map_msgs/cmake/ament_cmake_export_libraries-extras.cmake
[0.250s] -- Up-to-date symlink: /home/hamza/hackathon_ws/install/sd_map_msgs/share/sd_map_msgs/cmake/ament_cmake_export_targets-extras.cmake
[0.251s] -- Up-to-date symlink: /home/hamza/hackathon_ws/install/sd_map_msgs/share/sd_map_msgs/cmake/rosidl_cmake_export_typesupport_targets-extras.cmake
[0.251s] -- Up-to-date symlink: /home/hamza/hackathon_ws/install/sd_map_msgs/share/sd_map_msgs/cmake/rosidl_cmake_export_typesupport_libraries-extras.cmake
[0.251s] -- Up-to-date symlink: /home/hamza/hackathon_ws/install/sd_map_msgs/share/sd_map_msgs/cmake/sd_map_msgsConfig.cmake
[0.251s] -- Up-to-date symlink: /home/hamza/hackathon_ws/install/sd_map_msgs/share/sd_map_msgs/cmake/sd_map_msgsConfig-version.cmake
[0.251s] -- Up-to-date symlink: /home/hamza/hackathon_ws/install/sd_map_msgs/share/sd_map_msgs/package.xml
[0.251s] -- Up-to-date: /home/hamza/hackathon_ws/install/sd_map_msgs/lib/libsd_map_msgs__rosidl_generator_c.so
[0.251s] -- Up-to-date: /home/hamza/hackathon_ws/install/sd_map_msgs/lib/libsd_map_msgs__rosidl_typesupport_fastrtps_c.so
[0.251s] -- Up-to-date: /home/hamza/hackathon_ws/install/sd_map_msgs/lib/libsd_map_msgs__rosidl_typesupport_fastrtps_cpp.so
[0.251s] -- Up-to-date: /home/hamza/hackathon_ws/install/sd_map_msgs/lib/libsd_map_msgs__rosidl_typesupport_introspection_c.so
[0.251s] -- Up-to-date: /home/hamza/hackathon_ws/install/sd_map_msgs/lib/libsd_map_msgs__rosidl_typesupport_c.so
[0.251s] -- Up-to-date: /home/hamza/hackathon_ws/install/sd_map_msgs/lib/libsd_map_msgs__rosidl_typesupport_introspection_cpp.so
[0.251s] -- Up-to-date: /home/hamza/hackathon_ws/install/sd_map_msgs/lib/libsd_map_msgs__rosidl_typesupport_cpp.so
[0.270s] Listing '/home/hamza/hackathon_ws/install/sd_map_msgs/local/lib/python3.10/dist-packages/sd_map_msgs'...
[0.270s] Listing '/home/hamza/hackathon_ws/install/sd_map_msgs/local/lib/python3.10/dist-packages/sd_map_msgs/msg'...
[0.273s] -- Up-to-date: /home/hamza/hackathon_ws/install/sd_map_msgs/lib/libsd_map_msgs__rosidl_generator_py.so
[0.273s] -- Up-to-date: /home/hamza/hackathon_ws/install/sd_map_msgs/share/sd_map_msgs/cmake/export_sd_map_msgs__rosidl_generator_cExport.cmake
[0.273s] -- Up-to-date: /home/hamza/hackathon_ws/install/sd_map_msgs/share/sd_map_msgs/cmake/export_sd_map_msgs__rosidl_generator_cExport-noconfig.cmake
[0.273s] -- Up-to-date: /home/hamza/hackathon_ws/install/sd_map_msgs/share/sd_map_msgs/cmake/export_sd_map_msgs__rosidl_typesupport_fastrtps_cExport.cmake
[0.273s] -- Up-to-date: /home/hamza/hackathon_ws/install/sd_map_msgs/share/sd_map_msgs/cmake/export_sd_map_msgs__rosidl_typesupport_fastrtps_cExport-noconfig.cmake
[0.273s] -- Up-to-date: /home/hamza/hackathon_ws/install/sd_map_msgs/share/sd_map_msgs/cmake/export_sd_map_msgs__rosidl_generator_cppExport.cmake
[0.273s] -- Up-to-date: /home/hamza/hackathon_ws/install/sd_map_msgs/share/sd_map_msgs/cmake/export_sd_map_msgs__rosidl_typesupport_fastrtps_cppExport.cmake
[0.273s] -- Up-to-date: /home/hamza/hackathon_ws/install/sd_map_msgs/share/sd_map_msgs/cmake/export_sd_map_msgs__rosidl_typesupport_fastrtps_cppExport-noconfig.cmake
[0.273s] -- Up-to-date: /home/hamza/hackathon_ws/install/sd_map_msgs/share/sd_map_msgs/cmake/sd_map_msgs__rosidl_typesupport_introspection_cExport.cmake
[0.274s] -- Up-to-date: /home/hamza/hackathon_ws/install/sd_map_msgs/share/sd_map_msgs/cmake/sd_map_msgs__rosidl_typesupport_introspection_cExport-noconfig.cmake
[0.274s] -- Up-to-date: /home/hamza/hackathon_ws/install/sd_map_msgs/share/sd_map_msgs/cmake/sd_map_msgs__rosidl_typesupport_cExport.cmake
[0.274s] -- Up-to-date: /home/hamza/hackathon_ws/install/sd_map_msgs/share/sd_map_msgs/cmake/sd_map_msgs__rosidl_typesupport_cExport-noconfig.cmake
[0.274s] -- Up-to-date: /home/hamza/hackathon_ws/install/sd_map_msgs/share/sd_map_msgs/cmake/sd_map_msgs__rosidl_typesupport_introspection_cppExport.cmake
[0.274s] -- Up-to-date: /home/hamza/hackathon_ws/install/sd_map_msgs/share/sd_map_msgs/cmake/sd_map_msgs__rosidl_typesupport_introspection_cppExport-noconfig.cmake
[0.274s] -- Up-to-date: /home/hamza/hackathon_ws/install/sd_map_msgs/share/sd_map_msgs/cmake/sd_map_msgs__rosidl_typesupport_cppExport.cmake
[0.274s] -- Up-to-date: /home/hamza/hackathon_ws/install/sd_map_msgs/share/sd_map_msgs/cmake/sd_map_msgs__rosidl_typesupport_cppExport-noconfig.cmake
[0.274s] -- Up-to-date: /home/hamza/hackathon_ws/install/sd_map_msgs/share/sd_map_msgs/cmake/export_sd_map_msgs__rosidl_generator_pyExport.cmake
[0.274s] -- Up-to-date: /home/hamza/hackathon_ws/install/sd_map_msgs/share/sd_map_msgs/cmake/export_sd_map_msgs__rosidl_generator_pyExport-noconfig.cmake
[0.297s] Invoked command in '/home/hamza/hackathon_ws/build/sd_map_msgs' returned '0': CMAKE_PREFIX_PATH=${CMAKE_PREFIX_PATH}:/home/hamza/hackathon_ws/install/racing_analyzer:/opt/ros/humble /usr/bin/cmake --install /home/hamza/hackathon_ws/build/sd_map_msgs
