running develop
running egg_info
creating racing_analyzer.egg-info
writing racing_analyzer.egg-info/PKG-INFO
writing dependency_links to racing_analyzer.egg-info/dependency_links.txt
writing entry points to racing_analyzer.egg-info/entry_points.txt
writing requirements to racing_analyzer.egg-info/requires.txt
writing top-level names to racing_analyzer.egg-info/top_level.txt
writing manifest file 'racing_analyzer.egg-info/SOURCES.txt'
reading manifest file 'racing_analyzer.egg-info/SOURCES.txt'
writing manifest file 'racing_analyzer.egg-info/SOURCES.txt'
running build_ext
Creating /home/hamza/hackathon_ws/install/racing_analyzer/lib/python3.10/site-packages/racing-analyzer.egg-link (link to .)
Installing path_publisher script to /home/hamza/hackathon_ws/install/racing_analyzer/lib/racing_analyzer

Installed /home/hamza/hackathon_ws/build/racing_analyzer
running symlink_data
creating /home/hamza/hackathon_ws/install/racing_analyzer/share/ament_index
creating /home/hamza/hackathon_ws/install/racing_analyzer/share/ament_index/resource_index
creating /home/hamza/hackathon_ws/install/racing_analyzer/share/ament_index/resource_index/packages
symbolically linking /home/hamza/hackathon_ws/build/racing_analyzer/resource/racing_analyzer -> /home/hamza/hackathon_ws/install/racing_analyzer/share/ament_index/resource_index/packages
symbolically linking /home/hamza/hackathon_ws/build/racing_analyzer/package.xml -> /home/hamza/hackathon_ws/install/racing_analyzer/share/racing_analyzer
creating /home/hamza/hackathon_ws/install/racing_analyzer/share/racing_analyzer/launch
symbolically linking /home/hamza/hackathon_ws/build/racing_analyzer/launch/visualize.launch.py -> /home/hamza/hackathon_ws/install/racing_analyzer/share/racing_analyzer/launch
