[0.398s] Invoking command in '/home/hamza/hackathon_ws/build/racing_analyzer': CMAKE_PREFIX_PATH=/home/hamza/hackathon_ws/install/sd_localization_msgs:/home/hamza/hackathon_ws/install/sd_map_msgs:/home/hamza/hackathon_ws/install/vectornav_msgs:/home/hamza/hackathon_ws/install/sd_can_msgs LD_LIBRARY_PATH=/home/hamza/hackathon_ws/install/sd_localization_msgs/lib:/home/hamza/hackathon_ws/install/sd_map_msgs/lib:/home/hamza/hackathon_ws/install/vectornav_msgs/lib:/home/hamza/hackathon_ws/install/sd_can_msgs/lib:/opt/ros/humble/opt/rviz_ogre_vendor/lib:/opt/ros/humble/lib/x86_64-linux-gnu:/opt/ros/humble/lib PYTHONPATH=/home/hamza/hackathon_ws/build/racing_analyzer/prefix_override:/usr/lib/python3/dist-packages/colcon_core/task/python/colcon_distutils_commands:/home/hamza/hackathon_ws/install/racing_analyzer/lib/python3.10/site-packages:${PYTHONPATH} /usr/bin/python3 -W ignore:setup.py install is deprecated -W ignore:easy_install command is deprecated setup.py develop --editable --build-directory /home/hamza/hackathon_ws/build/racing_analyzer/build --no-deps symlink_data
[0.538s] running develop
[0.634s] running egg_info
[0.634s] creating racing_analyzer.egg-info
[0.634s] writing racing_analyzer.egg-info/PKG-INFO
[0.634s] writing dependency_links to racing_analyzer.egg-info/dependency_links.txt
[0.634s] writing entry points to racing_analyzer.egg-info/entry_points.txt
[0.634s] writing requirements to racing_analyzer.egg-info/requires.txt
[0.634s] writing top-level names to racing_analyzer.egg-info/top_level.txt
[0.634s] writing manifest file 'racing_analyzer.egg-info/SOURCES.txt'
[0.635s] reading manifest file 'racing_analyzer.egg-info/SOURCES.txt'
[0.635s] writing manifest file 'racing_analyzer.egg-info/SOURCES.txt'
[0.636s] running build_ext
[0.636s] Creating /home/hamza/hackathon_ws/install/racing_analyzer/lib/python3.10/site-packages/racing-analyzer.egg-link (link to .)
[0.636s] Installing path_publisher script to /home/hamza/hackathon_ws/install/racing_analyzer/lib/racing_analyzer
[0.636s] 
[0.636s] Installed /home/hamza/hackathon_ws/build/racing_analyzer
[0.637s] running symlink_data
[0.637s] creating /home/hamza/hackathon_ws/install/racing_analyzer/share/ament_index
[0.637s] creating /home/hamza/hackathon_ws/install/racing_analyzer/share/ament_index/resource_index
[0.637s] creating /home/hamza/hackathon_ws/install/racing_analyzer/share/ament_index/resource_index/packages
[0.637s] symbolically linking /home/hamza/hackathon_ws/build/racing_analyzer/resource/racing_analyzer -> /home/hamza/hackathon_ws/install/racing_analyzer/share/ament_index/resource_index/packages
[0.637s] symbolically linking /home/hamza/hackathon_ws/build/racing_analyzer/package.xml -> /home/hamza/hackathon_ws/install/racing_analyzer/share/racing_analyzer
[0.637s] creating /home/hamza/hackathon_ws/install/racing_analyzer/share/racing_analyzer/launch
[0.637s] symbolically linking /home/hamza/hackathon_ws/build/racing_analyzer/launch/visualize.launch.py -> /home/hamza/hackathon_ws/install/racing_analyzer/share/racing_analyzer/launch
[0.649s] Invoked command in '/home/hamza/hackathon_ws/build/racing_analyzer' returned '0': CMAKE_PREFIX_PATH=/home/hamza/hackathon_ws/install/sd_localization_msgs:/home/hamza/hackathon_ws/install/sd_map_msgs:/home/hamza/hackathon_ws/install/vectornav_msgs:/home/hamza/hackathon_ws/install/sd_can_msgs LD_LIBRARY_PATH=/home/hamza/hackathon_ws/install/sd_localization_msgs/lib:/home/hamza/hackathon_ws/install/sd_map_msgs/lib:/home/hamza/hackathon_ws/install/vectornav_msgs/lib:/home/hamza/hackathon_ws/install/sd_can_msgs/lib:/opt/ros/humble/opt/rviz_ogre_vendor/lib:/opt/ros/humble/lib/x86_64-linux-gnu:/opt/ros/humble/lib PYTHONPATH=/home/hamza/hackathon_ws/build/racing_analyzer/prefix_override:/usr/lib/python3/dist-packages/colcon_core/task/python/colcon_distutils_commands:/home/hamza/hackathon_ws/install/racing_analyzer/lib/python3.10/site-packages:${PYTHONPATH} /usr/bin/python3 -W ignore:setup.py install is deprecated -W ignore:easy_install command is deprecated setup.py develop --editable --build-directory /home/hamza/hackathon_ws/build/racing_analyzer/build --no-deps symlink_data
