[ 12%] Built target sd_localization_msgs__rs
[ 12%] Built target sd_localization_msgs__rosidl_generator_c
[ 15%] Built target sd_localization_msgs__cpp
[ 15%] Built target ament_cmake_python_symlink_sd_localization_msgs
[ 37%] Built target sd_localization_msgs__rosidl_typesupport_fastrtps_c
[ 37%] Built target sd_localization_msgs__rosidl_typesupport_c
[ 43%] Built target sd_localization_msgs__rosidl_typesupport_introspection_c
[ 53%] Built target sd_localization_msgs__rosidl_typesupport_cpp
[ 62%] Built target sd_localization_msgs__rosidl_typesupport_fastrtps_cpp
[ 71%] Built target sd_localization_msgs__rosidl_typesupport_introspection_cpp
[ 71%] Built target sd_localization_msgs
[ 75%] Built target sd_localization_msgs__py
[ 81%] Built target sd_localization_msgs__rosidl_generator_py
[100%] Built target sd_localization_msgs__rosidl_typesupport_c__pyext
[100%] Built target sd_localization_msgs__rosidl_typesupport_fastrtps_c__pyext
[100%] Built target sd_localization_msgs__rosidl_typesupport_introspection_c__pyext
running egg_info
writing sd_localization_msgs.egg-info/PKG-INFO
writing dependency_links to sd_localization_msgs.egg-info/dependency_links.txt
writing top-level names to sd_localization_msgs.egg-info/top_level.txt
reading manifest file 'sd_localization_msgs.egg-info/SOURCES.txt'
writing manifest file 'sd_localization_msgs.egg-info/SOURCES.txt'
[100%] Built target ament_cmake_python_build_sd_localization_msgs_egg
-- Install configuration: ""
-- Execute custom install script
-- Up-to-date symlink: /home/hamza/hackathon_ws/install/sd_localization_msgs/share/ament_index/resource_index/rosidl_interfaces/sd_localization_msgs
-- Up-to-date symlink: /home/hamza/hackathon_ws/install/sd_localization_msgs/include/sd_localization_msgs/sd_localization_msgs/msg/detail/state_estimation__functions.h
-- Up-to-date symlink: /home/hamza/hackathon_ws/install/sd_localization_msgs/include/sd_localization_msgs/sd_localization_msgs/msg/detail/state_estimation__struct.h
-- Up-to-date symlink: /home/hamza/hackathon_ws/install/sd_localization_msgs/include/sd_localization_msgs/sd_localization_msgs/msg/detail/state_estimation__type_support.h
-- Up-to-date symlink: /home/hamza/hackathon_ws/install/sd_localization_msgs/include/sd_localization_msgs/sd_localization_msgs/msg/rosidl_generator_c__visibility_control.h
-- Up-to-date symlink: /home/hamza/hackathon_ws/install/sd_localization_msgs/include/sd_localization_msgs/sd_localization_msgs/msg/state_estimation.h
-- Up-to-date symlink: /home/hamza/hackathon_ws/install/sd_localization_msgs/share/sd_localization_msgs/environment/library_path.sh
-- Up-to-date symlink: /home/hamza/hackathon_ws/install/sd_localization_msgs/share/sd_localization_msgs/environment/library_path.dsv
-- Up-to-date symlink: /home/hamza/hackathon_ws/install/sd_localization_msgs/include/sd_localization_msgs/sd_localization_msgs/msg/detail/state_estimation__rosidl_typesupport_fastrtps_c.h
-- Up-to-date symlink: /home/hamza/hackathon_ws/install/sd_localization_msgs/include/sd_localization_msgs/sd_localization_msgs/msg/rosidl_typesupport_fastrtps_c__visibility_control.h
-- Up-to-date symlink: /home/hamza/hackathon_ws/install/sd_localization_msgs/include/sd_localization_msgs/sd_localization_msgs/msg/detail/state_estimation__builder.hpp
-- Up-to-date symlink: /home/hamza/hackathon_ws/install/sd_localization_msgs/include/sd_localization_msgs/sd_localization_msgs/msg/detail/state_estimation__struct.hpp
-- Up-to-date symlink: /home/hamza/hackathon_ws/install/sd_localization_msgs/include/sd_localization_msgs/sd_localization_msgs/msg/detail/state_estimation__traits.hpp
-- Up-to-date symlink: /home/hamza/hackathon_ws/install/sd_localization_msgs/include/sd_localization_msgs/sd_localization_msgs/msg/detail/state_estimation__type_support.hpp
-- Up-to-date symlink: /home/hamza/hackathon_ws/install/sd_localization_msgs/include/sd_localization_msgs/sd_localization_msgs/msg/rosidl_generator_cpp__visibility_control.hpp
-- Up-to-date symlink: /home/hamza/hackathon_ws/install/sd_localization_msgs/include/sd_localization_msgs/sd_localization_msgs/msg/state_estimation.hpp
-- Up-to-date symlink: /home/hamza/hackathon_ws/install/sd_localization_msgs/include/sd_localization_msgs/sd_localization_msgs/msg/detail/state_estimation__rosidl_typesupport_fastrtps_cpp.hpp
-- Up-to-date symlink: /home/hamza/hackathon_ws/install/sd_localization_msgs/include/sd_localization_msgs/sd_localization_msgs/msg/rosidl_typesupport_fastrtps_cpp__visibility_control.h
-- Up-to-date symlink: /home/hamza/hackathon_ws/install/sd_localization_msgs/include/sd_localization_msgs/sd_localization_msgs/msg/detail/state_estimation__rosidl_typesupport_introspection_c.h
-- Up-to-date symlink: /home/hamza/hackathon_ws/install/sd_localization_msgs/include/sd_localization_msgs/sd_localization_msgs/msg/rosidl_typesupport_introspection_c__visibility_control.h
-- Up-to-date symlink: /home/hamza/hackathon_ws/install/sd_localization_msgs/include/sd_localization_msgs/sd_localization_msgs/msg/detail/state_estimation__rosidl_typesupport_introspection_cpp.hpp
-- Up-to-date symlink: /home/hamza/hackathon_ws/install/sd_localization_msgs/share/sd_localization_msgs/environment/pythonpath.sh
-- Up-to-date symlink: /home/hamza/hackathon_ws/install/sd_localization_msgs/share/sd_localization_msgs/environment/pythonpath.dsv
-- Up-to-date symlink: /home/hamza/hackathon_ws/install/sd_localization_msgs/local/lib/python3.10/dist-packages/sd_localization_msgs-0.1.0-py3.10.egg-info/PKG-INFO
-- Up-to-date symlink: /home/hamza/hackathon_ws/install/sd_localization_msgs/local/lib/python3.10/dist-packages/sd_localization_msgs-0.1.0-py3.10.egg-info/SOURCES.txt
-- Up-to-date symlink: /home/hamza/hackathon_ws/install/sd_localization_msgs/local/lib/python3.10/dist-packages/sd_localization_msgs-0.1.0-py3.10.egg-info/dependency_links.txt
-- Up-to-date symlink: /home/hamza/hackathon_ws/install/sd_localization_msgs/local/lib/python3.10/dist-packages/sd_localization_msgs-0.1.0-py3.10.egg-info/top_level.txt
-- Up-to-date symlink: /home/hamza/hackathon_ws/install/sd_localization_msgs/local/lib/python3.10/dist-packages/sd_localization_msgs/__init__.py
-- Up-to-date symlink: /home/hamza/hackathon_ws/install/sd_localization_msgs/local/lib/python3.10/dist-packages/sd_localization_msgs/_sd_localization_msgs_s.ep.rosidl_typesupport_c.c
-- Up-to-date symlink: /home/hamza/hackathon_ws/install/sd_localization_msgs/local/lib/python3.10/dist-packages/sd_localization_msgs/_sd_localization_msgs_s.ep.rosidl_typesupport_fastrtps_c.c
-- Up-to-date symlink: /home/hamza/hackathon_ws/install/sd_localization_msgs/local/lib/python3.10/dist-packages/sd_localization_msgs/_sd_localization_msgs_s.ep.rosidl_typesupport_introspection_c.c
-- Up-to-date symlink: /home/hamza/hackathon_ws/install/sd_localization_msgs/local/lib/python3.10/dist-packages/sd_localization_msgs/libsd_localization_msgs__rosidl_generator_py.so
-- Up-to-date symlink: /home/hamza/hackathon_ws/install/sd_localization_msgs/local/lib/python3.10/dist-packages/sd_localization_msgs/msg/__init__.py
-- Up-to-date symlink: /home/hamza/hackathon_ws/install/sd_localization_msgs/local/lib/python3.10/dist-packages/sd_localization_msgs/msg/_state_estimation.py
-- Up-to-date symlink: /home/hamza/hackathon_ws/install/sd_localization_msgs/local/lib/python3.10/dist-packages/sd_localization_msgs/msg/_state_estimation_s.c
-- Up-to-date symlink: /home/hamza/hackathon_ws/install/sd_localization_msgs/local/lib/python3.10/dist-packages/sd_localization_msgs/sd_localization_msgs_s__rosidl_typesupport_c.cpython-310-x86_64-linux-gnu.so
-- Up-to-date symlink: /home/hamza/hackathon_ws/install/sd_localization_msgs/local/lib/python3.10/dist-packages/sd_localization_msgs/sd_localization_msgs_s__rosidl_typesupport_fastrtps_c.cpython-310-x86_64-linux-gnu.so
-- Up-to-date symlink: /home/hamza/hackathon_ws/install/sd_localization_msgs/local/lib/python3.10/dist-packages/sd_localization_msgs/sd_localization_msgs_s__rosidl_typesupport_introspection_c.cpython-310-x86_64-linux-gnu.so
-- Up-to-date symlink: /home/hamza/hackathon_ws/install/sd_localization_msgs/local/lib/python3.10/dist-packages/sd_localization_msgs/sd_localization_msgs_s__rosidl_typesupport_fastrtps_c.cpython-310-x86_64-linux-gnu.so
-- Up-to-date symlink: /home/hamza/hackathon_ws/install/sd_localization_msgs/local/lib/python3.10/dist-packages/sd_localization_msgs/sd_localization_msgs_s__rosidl_typesupport_introspection_c.cpython-310-x86_64-linux-gnu.so
-- Up-to-date symlink: /home/hamza/hackathon_ws/install/sd_localization_msgs/local/lib/python3.10/dist-packages/sd_localization_msgs/sd_localization_msgs_s__rosidl_typesupport_c.cpython-310-x86_64-linux-gnu.so
-- Up-to-date symlink: /home/hamza/hackathon_ws/install/sd_localization_msgs/share/ament_index/resource_index/rust_packages/sd_localization_msgs
-- Up-to-date symlink: /home/hamza/hackathon_ws/install/sd_localization_msgs/share/sd_localization_msgs/rust/Cargo.toml
-- Up-to-date symlink: /home/hamza/hackathon_ws/install/sd_localization_msgs/share/sd_localization_msgs/rust/build.rs
-- Up-to-date symlink: /home/hamza/hackathon_ws/install/sd_localization_msgs/share/sd_localization_msgs/rust/src/lib.rs
-- Up-to-date symlink: /home/hamza/hackathon_ws/install/sd_localization_msgs/share/sd_localization_msgs/rust/src/msg.rs
-- Up-to-date symlink: /home/hamza/hackathon_ws/install/sd_localization_msgs/share/sd_localization_msgs/rust/src/msg/rmw.rs
-- Up-to-date symlink: /home/hamza/hackathon_ws/install/sd_localization_msgs/share/sd_localization_msgs/msg/StateEstimation.idl
-- Up-to-date symlink: /home/hamza/hackathon_ws/install/sd_localization_msgs/share/sd_localization_msgs/msg/StateEstimation.msg
-- Up-to-date symlink: /home/hamza/hackathon_ws/install/sd_localization_msgs/share/ament_index/resource_index/package_run_dependencies/sd_localization_msgs
-- Up-to-date symlink: /home/hamza/hackathon_ws/install/sd_localization_msgs/share/ament_index/resource_index/parent_prefix_path/sd_localization_msgs
-- Up-to-date symlink: /home/hamza/hackathon_ws/install/sd_localization_msgs/share/sd_localization_msgs/environment/ament_prefix_path.sh
-- Up-to-date symlink: /home/hamza/hackathon_ws/install/sd_localization_msgs/share/sd_localization_msgs/environment/ament_prefix_path.dsv
-- Up-to-date symlink: /home/hamza/hackathon_ws/install/sd_localization_msgs/share/sd_localization_msgs/environment/path.sh
-- Up-to-date symlink: /home/hamza/hackathon_ws/install/sd_localization_msgs/share/sd_localization_msgs/environment/path.dsv
-- Up-to-date symlink: /home/hamza/hackathon_ws/install/sd_localization_msgs/share/sd_localization_msgs/local_setup.bash
-- Up-to-date symlink: /home/hamza/hackathon_ws/install/sd_localization_msgs/share/sd_localization_msgs/local_setup.sh
-- Up-to-date symlink: /home/hamza/hackathon_ws/install/sd_localization_msgs/share/sd_localization_msgs/local_setup.zsh
-- Up-to-date symlink: /home/hamza/hackathon_ws/install/sd_localization_msgs/share/sd_localization_msgs/local_setup.dsv
-- Symlinking: /home/hamza/hackathon_ws/install/sd_localization_msgs/share/sd_localization_msgs/package.dsv
-- Up-to-date symlink: /home/hamza/hackathon_ws/install/sd_localization_msgs/share/ament_index/resource_index/packages/sd_localization_msgs
-- Up-to-date symlink: /home/hamza/hackathon_ws/install/sd_localization_msgs/share/sd_localization_msgs/cmake/rosidl_cmake-extras.cmake
-- Up-to-date symlink: /home/hamza/hackathon_ws/install/sd_localization_msgs/share/sd_localization_msgs/cmake/ament_cmake_export_dependencies-extras.cmake
-- Up-to-date symlink: /home/hamza/hackathon_ws/install/sd_localization_msgs/share/sd_localization_msgs/cmake/ament_cmake_export_include_directories-extras.cmake
-- Up-to-date symlink: /home/hamza/hackathon_ws/install/sd_localization_msgs/share/sd_localization_msgs/cmake/ament_cmake_export_libraries-extras.cmake
-- Up-to-date symlink: /home/hamza/hackathon_ws/install/sd_localization_msgs/share/sd_localization_msgs/cmake/ament_cmake_export_targets-extras.cmake
-- Up-to-date symlink: /home/hamza/hackathon_ws/install/sd_localization_msgs/share/sd_localization_msgs/cmake/rosidl_cmake_export_typesupport_targets-extras.cmake
-- Up-to-date symlink: /home/hamza/hackathon_ws/install/sd_localization_msgs/share/sd_localization_msgs/cmake/rosidl_cmake_export_typesupport_libraries-extras.cmake
-- Up-to-date symlink: /home/hamza/hackathon_ws/install/sd_localization_msgs/share/sd_localization_msgs/cmake/sd_localization_msgsConfig.cmake
-- Up-to-date symlink: /home/hamza/hackathon_ws/install/sd_localization_msgs/share/sd_localization_msgs/cmake/sd_localization_msgsConfig-version.cmake
-- Up-to-date symlink: /home/hamza/hackathon_ws/install/sd_localization_msgs/share/sd_localization_msgs/package.xml
-- Up-to-date: /home/hamza/hackathon_ws/install/sd_localization_msgs/lib/libsd_localization_msgs__rosidl_generator_c.so
-- Up-to-date: /home/hamza/hackathon_ws/install/sd_localization_msgs/lib/libsd_localization_msgs__rosidl_typesupport_fastrtps_c.so
-- Up-to-date: /home/hamza/hackathon_ws/install/sd_localization_msgs/lib/libsd_localization_msgs__rosidl_typesupport_fastrtps_cpp.so
-- Up-to-date: /home/hamza/hackathon_ws/install/sd_localization_msgs/lib/libsd_localization_msgs__rosidl_typesupport_introspection_c.so
-- Up-to-date: /home/hamza/hackathon_ws/install/sd_localization_msgs/lib/libsd_localization_msgs__rosidl_typesupport_c.so
-- Up-to-date: /home/hamza/hackathon_ws/install/sd_localization_msgs/lib/libsd_localization_msgs__rosidl_typesupport_introspection_cpp.so
-- Up-to-date: /home/hamza/hackathon_ws/install/sd_localization_msgs/lib/libsd_localization_msgs__rosidl_typesupport_cpp.so
Listing '/home/hamza/hackathon_ws/install/sd_localization_msgs/local/lib/python3.10/dist-packages/sd_localization_msgs'...
Listing '/home/hamza/hackathon_ws/install/sd_localization_msgs/local/lib/python3.10/dist-packages/sd_localization_msgs/msg'...
-- Up-to-date: /home/hamza/hackathon_ws/install/sd_localization_msgs/lib/libsd_localization_msgs__rosidl_generator_py.so
-- Up-to-date: /home/hamza/hackathon_ws/install/sd_localization_msgs/share/sd_localization_msgs/cmake/export_sd_localization_msgs__rosidl_generator_cExport.cmake
-- Up-to-date: /home/hamza/hackathon_ws/install/sd_localization_msgs/share/sd_localization_msgs/cmake/export_sd_localization_msgs__rosidl_generator_cExport-noconfig.cmake
-- Up-to-date: /home/hamza/hackathon_ws/install/sd_localization_msgs/share/sd_localization_msgs/cmake/export_sd_localization_msgs__rosidl_typesupport_fastrtps_cExport.cmake
-- Up-to-date: /home/hamza/hackathon_ws/install/sd_localization_msgs/share/sd_localization_msgs/cmake/export_sd_localization_msgs__rosidl_typesupport_fastrtps_cExport-noconfig.cmake
-- Up-to-date: /home/hamza/hackathon_ws/install/sd_localization_msgs/share/sd_localization_msgs/cmake/export_sd_localization_msgs__rosidl_generator_cppExport.cmake
-- Up-to-date: /home/hamza/hackathon_ws/install/sd_localization_msgs/share/sd_localization_msgs/cmake/export_sd_localization_msgs__rosidl_typesupport_fastrtps_cppExport.cmake
-- Up-to-date: /home/hamza/hackathon_ws/install/sd_localization_msgs/share/sd_localization_msgs/cmake/export_sd_localization_msgs__rosidl_typesupport_fastrtps_cppExport-noconfig.cmake
-- Up-to-date: /home/hamza/hackathon_ws/install/sd_localization_msgs/share/sd_localization_msgs/cmake/sd_localization_msgs__rosidl_typesupport_introspection_cExport.cmake
-- Up-to-date: /home/hamza/hackathon_ws/install/sd_localization_msgs/share/sd_localization_msgs/cmake/sd_localization_msgs__rosidl_typesupport_introspection_cExport-noconfig.cmake
-- Up-to-date: /home/hamza/hackathon_ws/install/sd_localization_msgs/share/sd_localization_msgs/cmake/sd_localization_msgs__rosidl_typesupport_cExport.cmake
-- Up-to-date: /home/hamza/hackathon_ws/install/sd_localization_msgs/share/sd_localization_msgs/cmake/sd_localization_msgs__rosidl_typesupport_cExport-noconfig.cmake
-- Up-to-date: /home/hamza/hackathon_ws/install/sd_localization_msgs/share/sd_localization_msgs/cmake/sd_localization_msgs__rosidl_typesupport_introspection_cppExport.cmake
-- Up-to-date: /home/hamza/hackathon_ws/install/sd_localization_msgs/share/sd_localization_msgs/cmake/sd_localization_msgs__rosidl_typesupport_introspection_cppExport-noconfig.cmake
-- Up-to-date: /home/hamza/hackathon_ws/install/sd_localization_msgs/share/sd_localization_msgs/cmake/sd_localization_msgs__rosidl_typesupport_cppExport.cmake
-- Up-to-date: /home/hamza/hackathon_ws/install/sd_localization_msgs/share/sd_localization_msgs/cmake/sd_localization_msgs__rosidl_typesupport_cppExport-noconfig.cmake
-- Up-to-date: /home/hamza/hackathon_ws/install/sd_localization_msgs/share/sd_localization_msgs/cmake/export_sd_localization_msgs__rosidl_generator_pyExport.cmake
-- Up-to-date: /home/hamza/hackathon_ws/install/sd_localization_msgs/share/sd_localization_msgs/cmake/export_sd_localization_msgs__rosidl_generator_pyExport-noconfig.cmake
