running egg_info
writing ../../build/racing_analyzer/racing_analyzer.egg-info/PKG-INFO
writing dependency_links to ../../build/racing_analyzer/racing_analyzer.egg-info/dependency_links.txt
writing entry points to ../../build/racing_analyzer/racing_analyzer.egg-info/entry_points.txt
writing requirements to ../../build/racing_analyzer/racing_analyzer.egg-info/requires.txt
writing top-level names to ../../build/racing_analyzer/racing_analyzer.egg-info/top_level.txt
reading manifest file '../../build/racing_analyzer/racing_analyzer.egg-info/SOURCES.txt'
writing manifest file '../../build/racing_analyzer/racing_analyzer.egg-info/SOURCES.txt'
running build
running build_py
running install
running install_lib
byte-compiling /home/hamza/hackathon_ws/install/racing_analyzer/lib/python3.10/site-packages/racing_analyzer/path_publisher_node.py to path_publisher_node.cpython-310.pyc
running install_data
running install_egg_info
removing '/home/hamza/hackathon_ws/install/racing_analyzer/lib/python3.10/site-packages/racing_analyzer-0.0.1-py3.10.egg-info' (and everything under it)
Copying ../../build/racing_analyzer/racing_analyzer.egg-info to /home/hamza/hackathon_ws/install/racing_analyzer/lib/python3.10/site-packages/racing_analyzer-0.0.1-py3.10.egg-info
running install_scripts
Installing path_publisher script to /home/hamza/hackathon_ws/install/racing_analyzer/lib/racing_analyzer
writing list of installed files to '/home/hamza/hackathon_ws/build/racing_analyzer/install.log'
