[0.005s] Invoking command in '/home/hamza/hackathon_ws/build/sd_localization_msgs': AMENT_PREFIX_PATH=/home/hamza/hackathon_ws/install/sd_map_msgs:${AMENT_PREFIX_PATH} CMAKE_PREFIX_PATH=/home/hamza/hackathon_ws/install/sd_map_msgs:/opt/ros/humble LD_LIBRARY_PATH=/home/hamza/hackathon_ws/install/sd_map_msgs/lib:${LD_LIBRARY_PATH} PYTHONPATH=/home/hamza/hackathon_ws/install/sd_map_msgs/local/lib/python3.10/dist-packages:${PYTHONPATH} /usr/bin/cmake /home/hamza/hackathon_ws/src/sd_msgs/sd_localization_msgs -DAMENT_CMAKE_SYMLINK_INSTALL=1 -DCMAKE_INSTALL_PREFIX=/home/hamza/hackathon_ws/install/sd_localization_msgs
[0.040s] -- The C compiler identification is GNU 11.4.0
[0.073s] -- The CXX compiler identification is GNU 11.4.0
[0.077s] -- Detecting C compiler ABI info
[0.125s] -- Detecting C compiler ABI info - done
[0.131s] -- Check for working C compiler: /usr/bin/cc - skipped
[0.131s] -- Detecting C compile features
[0.131s] -- Detecting C compile features - done
[0.133s] -- Detecting CXX compiler ABI info
[0.184s] -- Detecting CXX compiler ABI info - done
[0.191s] -- Check for working CXX compiler: /usr/bin/c++ - skipped
[0.191s] -- Detecting CXX compile features
[0.191s] -- Detecting CXX compile features - done
[0.192s] -- Found ament_cmake: 1.3.14 (/opt/ros/humble/share/ament_cmake/cmake)
[0.279s] -- Found Python3: /usr/bin/python3 (found version "3.10.12") found components: Interpreter 
[0.316s] -- Override CMake install command with custom implementation using symlinks instead of copying resources
[0.328s] -- Found builtin_interfaces: 1.2.2 (/opt/ros/humble/share/builtin_interfaces/cmake)
[0.351s] -- Found rosidl_generator_c: 3.1.8 (/opt/ros/humble/share/rosidl_generator_c/cmake)
[0.353s] -- Found rosidl_adapter: 3.1.8 (/opt/ros/humble/share/rosidl_adapter/cmake)
[0.357s] -- Found rosidl_generator_cpp: 3.1.8 (/opt/ros/humble/share/rosidl_generator_cpp/cmake)
[0.363s] -- Using all available rosidl_typesupport_c: rosidl_typesupport_fastrtps_c;rosidl_typesupport_introspection_c
[0.371s] -- Using all available rosidl_typesupport_cpp: rosidl_typesupport_fastrtps_cpp;rosidl_typesupport_introspection_cpp
[0.378s] -- Found rosidl_default_generators: 1.2.1 (/opt/ros/humble/share/rosidl_default_generators/cmake)
[0.384s] -- Found std_msgs: 4.9.1 (/opt/ros/humble/share/std_msgs/cmake)
[0.391s] -- Found sd_map_msgs: 1.0.0 (/home/hamza/hackathon_ws/install/sd_map_msgs/share/sd_map_msgs/cmake)
[0.572s] -- Found ament_cmake_ros: 0.10.0 (/opt/ros/humble/share/ament_cmake_ros/cmake)
[0.764s] -- Using all available rosidl_typesupport_c: rosidl_typesupport_fastrtps_c;rosidl_typesupport_introspection_c
[0.841s] -- Using all available rosidl_typesupport_cpp: rosidl_typesupport_fastrtps_cpp;rosidl_typesupport_introspection_cpp
[0.851s] -- Found PythonInterp: /usr/bin/python3 (found suitable version "3.10.12", minimum required is "3.6") 
[0.852s] -- Found python_cmake_module: 0.10.0 (/opt/ros/humble/share/python_cmake_module/cmake)
[0.871s] -- Found PythonLibs: /usr/lib/x86_64-linux-gnu/libpython3.10.so (found suitable version "3.10.12", minimum required is "3.5") 
[0.871s] -- Using PYTHON_EXECUTABLE: /usr/bin/python3
[0.871s] -- Using PYTHON_INCLUDE_DIRS: /usr/include/python3.10
[0.871s] -- Using PYTHON_LIBRARIES: /usr/lib/x86_64-linux-gnu/libpython3.10.so
[0.883s] -- Found PythonExtra: .so  
[0.945s] -- Found ament_lint_auto: 0.12.15 (/opt/ros/humble/share/ament_lint_auto/cmake)
[0.953s] -- Added test 'copyright' to check source files copyright and LICENSE
[0.954s] -- Added test 'lint_cmake' to check CMake code style
[0.954s] -- Added test 'xmllint' to check XML markup files
[0.956s] -- Configuring done
[0.972s] -- Generating done
[0.978s] -- Build files have been written to: /home/hamza/hackathon_ws/build/sd_localization_msgs
[0.983s] Invoked command in '/home/hamza/hackathon_ws/build/sd_localization_msgs' returned '0': AMENT_PREFIX_PATH=/home/hamza/hackathon_ws/install/sd_map_msgs:${AMENT_PREFIX_PATH} CMAKE_PREFIX_PATH=/home/hamza/hackathon_ws/install/sd_map_msgs:/opt/ros/humble LD_LIBRARY_PATH=/home/hamza/hackathon_ws/install/sd_map_msgs/lib:${LD_LIBRARY_PATH} PYTHONPATH=/home/hamza/hackathon_ws/install/sd_map_msgs/local/lib/python3.10/dist-packages:${PYTHONPATH} /usr/bin/cmake /home/hamza/hackathon_ws/src/sd_msgs/sd_localization_msgs -DAMENT_CMAKE_SYMLINK_INSTALL=1 -DCMAKE_INSTALL_PREFIX=/home/hamza/hackathon_ws/install/sd_localization_msgs
[0.984s] Invoking command in '/home/hamza/hackathon_ws/build/sd_localization_msgs': AMENT_PREFIX_PATH=/home/hamza/hackathon_ws/install/sd_map_msgs:${AMENT_PREFIX_PATH} CMAKE_PREFIX_PATH=/home/hamza/hackathon_ws/install/sd_map_msgs:/opt/ros/humble LD_LIBRARY_PATH=/home/hamza/hackathon_ws/install/sd_map_msgs/lib:${LD_LIBRARY_PATH} PYTHONPATH=/home/hamza/hackathon_ws/install/sd_map_msgs/local/lib/python3.10/dist-packages:${PYTHONPATH} /usr/bin/cmake --build /home/hamza/hackathon_ws/build/sd_localization_msgs -- -j20 -l20
[1.020s] [  3%] [34m[1mGenerating C code for ROS interfaces[0m
[1.024s] [  6%] [34m[1mGenerating Rust code for ROS interfaces[0m
[1.028s] [  9%] [34m[1mGenerating C++ code for ROS interfaces[0m
[1.031s] [  9%] Built target ament_cmake_python_symlink_sd_localization_msgs
[1.163s] running egg_info
[1.163s] creating sd_localization_msgs.egg-info
[1.163s] writing sd_localization_msgs.egg-info/PKG-INFO
[1.163s] writing dependency_links to sd_localization_msgs.egg-info/dependency_links.txt
[1.163s] writing top-level names to sd_localization_msgs.egg-info/top_level.txt
[1.163s] writing manifest file 'sd_localization_msgs.egg-info/SOURCES.txt'
[1.164s] reading manifest file 'sd_localization_msgs.egg-info/SOURCES.txt'
[1.164s] writing manifest file 'sd_localization_msgs.egg-info/SOURCES.txt'
[1.181s] [  9%] Built target ament_cmake_python_build_sd_localization_msgs_egg
[1.229s] [  9%] Built target sd_localization_msgs__rs
[1.245s] [  9%] Built target sd_localization_msgs__cpp
[1.253s] [ 12%] [34m[1mGenerating C++ introspection for ROS interfaces[0m
[1.253s] [ 18%] [34m[1mGenerating C++ type support for eProsima Fast-RTPS[0m
[1.253s] [ 18%] [34m[1mGenerating C++ type support dispatch for ROS interfaces[0m
[1.305s] [ 21%] [32mBuilding C object CMakeFiles/sd_localization_msgs__rosidl_generator_c.dir/rosidl_generator_c/sd_localization_msgs/msg/detail/state_estimation__functions.c.o[0m
[1.355s] [ 25%] [32m[1mLinking C shared library libsd_localization_msgs__rosidl_generator_c.so[0m
[1.385s] [ 25%] Built target sd_localization_msgs__rosidl_generator_c
[1.393s] [ 31%] [34m[1mGenerating C introspection for ROS interfaces[0m
[1.393s] [ 31%] [34m[1mGenerating C type support for eProsima Fast-RTPS[0m
[1.394s] [ 34%] [34m[1mGenerating C type support dispatch for ROS interfaces[0m
[1.454s] [ 37%] [32mBuilding CXX object CMakeFiles/sd_localization_msgs__rosidl_typesupport_cpp.dir/rosidl_typesupport_cpp/sd_localization_msgs/msg/state_estimation__type_support.cpp.o[0m
[1.500s] [ 40%] [32mBuilding CXX object CMakeFiles/sd_localization_msgs__rosidl_typesupport_introspection_cpp.dir/rosidl_typesupport_introspection_cpp/sd_localization_msgs/msg/detail/state_estimation__type_support.cpp.o[0m
[1.532s] [ 43%] [32mBuilding CXX object CMakeFiles/sd_localization_msgs__rosidl_typesupport_fastrtps_cpp.dir/rosidl_typesupport_fastrtps_cpp/sd_localization_msgs/msg/detail/dds_fastrtps/state_estimation__type_support.cpp.o[0m
[1.585s] [ 46%] [32m[1mLinking CXX shared library libsd_localization_msgs__rosidl_typesupport_cpp.so[0m
[1.602s] [ 50%] [32mBuilding CXX object CMakeFiles/sd_localization_msgs__rosidl_typesupport_c.dir/rosidl_typesupport_c/sd_localization_msgs/msg/state_estimation__type_support.cpp.o[0m
[1.605s] [ 53%] [32mBuilding CXX object CMakeFiles/sd_localization_msgs__rosidl_typesupport_fastrtps_c.dir/rosidl_typesupport_fastrtps_c/sd_localization_msgs/msg/detail/state_estimation__type_support_c.cpp.o[0m
[1.611s] [ 53%] Built target sd_localization_msgs__rosidl_typesupport_cpp
[1.626s] [ 56%] [32m[1mLinking CXX shared library libsd_localization_msgs__rosidl_typesupport_c.so[0m
[1.654s] [ 56%] Built target sd_localization_msgs__rosidl_typesupport_c
[1.734s] [ 59%] [32mBuilding C object CMakeFiles/sd_localization_msgs__rosidl_typesupport_introspection_c.dir/rosidl_typesupport_introspection_c/sd_localization_msgs/msg/detail/state_estimation__type_support.c.o[0m
[1.749s] [ 62%] [32m[1mLinking CXX shared library libsd_localization_msgs__rosidl_typesupport_fastrtps_cpp.so[0m
[1.763s] [ 65%] [32m[1mLinking CXX shared library libsd_localization_msgs__rosidl_typesupport_introspection_cpp.so[0m
[1.766s] [ 68%] [32m[1mLinking C shared library libsd_localization_msgs__rosidl_typesupport_introspection_c.so[0m
[1.781s] [ 71%] [32m[1mLinking CXX shared library libsd_localization_msgs__rosidl_typesupport_fastrtps_c.so[0m
[1.793s] [ 71%] Built target sd_localization_msgs__rosidl_typesupport_introspection_c
[1.807s] [ 71%] Built target sd_localization_msgs__rosidl_typesupport_introspection_cpp
[1.814s] [ 71%] Built target sd_localization_msgs__rosidl_typesupport_fastrtps_cpp
[1.832s] [ 71%] Built target sd_localization_msgs__rosidl_typesupport_fastrtps_c
[1.844s] [ 71%] Built target sd_localization_msgs
[1.860s] [ 75%] [34m[1mGenerating Python code for ROS interfaces[0m
[2.198s] [ 75%] Built target sd_localization_msgs__py
[2.212s] [ 78%] [32mBuilding C object CMakeFiles/sd_localization_msgs__rosidl_generator_py.dir/rosidl_generator_py/sd_localization_msgs/msg/_state_estimation_s.c.o[0m
[2.289s] [ 81%] [32m[1mLinking C shared library rosidl_generator_py/sd_localization_msgs/libsd_localization_msgs__rosidl_generator_py.so[0m
[2.318s] [ 81%] Built target sd_localization_msgs__rosidl_generator_py
[2.333s] [ 84%] [32mBuilding C object CMakeFiles/sd_localization_msgs__rosidl_typesupport_fastrtps_c__pyext.dir/rosidl_generator_py/sd_localization_msgs/_sd_localization_msgs_s.ep.rosidl_typesupport_fastrtps_c.c.o[0m
[2.333s] [ 87%] [32mBuilding C object CMakeFiles/sd_localization_msgs__rosidl_typesupport_c__pyext.dir/rosidl_generator_py/sd_localization_msgs/_sd_localization_msgs_s.ep.rosidl_typesupport_c.c.o[0m
[2.334s] [ 90%] [32mBuilding C object CMakeFiles/sd_localization_msgs__rosidl_typesupport_introspection_c__pyext.dir/rosidl_generator_py/sd_localization_msgs/_sd_localization_msgs_s.ep.rosidl_typesupport_introspection_c.c.o[0m
[2.383s] [ 93%] [32m[1mLinking C shared library rosidl_generator_py/sd_localization_msgs/sd_localization_msgs_s__rosidl_typesupport_introspection_c.cpython-310-x86_64-linux-gnu.so[0m
[2.384s] [ 96%] [32m[1mLinking C shared library rosidl_generator_py/sd_localization_msgs/sd_localization_msgs_s__rosidl_typesupport_c.cpython-310-x86_64-linux-gnu.so[0m
[2.389s] [100%] [32m[1mLinking C shared library rosidl_generator_py/sd_localization_msgs/sd_localization_msgs_s__rosidl_typesupport_fastrtps_c.cpython-310-x86_64-linux-gnu.so[0m
[2.411s] [100%] Built target sd_localization_msgs__rosidl_typesupport_introspection_c__pyext
[2.411s] [100%] Built target sd_localization_msgs__rosidl_typesupport_c__pyext
[2.416s] [100%] Built target sd_localization_msgs__rosidl_typesupport_fastrtps_c__pyext
[2.423s] Invoked command in '/home/hamza/hackathon_ws/build/sd_localization_msgs' returned '0': AMENT_PREFIX_PATH=/home/hamza/hackathon_ws/install/sd_map_msgs:${AMENT_PREFIX_PATH} CMAKE_PREFIX_PATH=/home/hamza/hackathon_ws/install/sd_map_msgs:/opt/ros/humble LD_LIBRARY_PATH=/home/hamza/hackathon_ws/install/sd_map_msgs/lib:${LD_LIBRARY_PATH} PYTHONPATH=/home/hamza/hackathon_ws/install/sd_map_msgs/local/lib/python3.10/dist-packages:${PYTHONPATH} /usr/bin/cmake --build /home/hamza/hackathon_ws/build/sd_localization_msgs -- -j20 -l20
[2.424s] Invoking command in '/home/hamza/hackathon_ws/build/sd_localization_msgs': AMENT_PREFIX_PATH=/home/hamza/hackathon_ws/install/sd_map_msgs:${AMENT_PREFIX_PATH} CMAKE_PREFIX_PATH=/home/hamza/hackathon_ws/install/sd_map_msgs:/opt/ros/humble LD_LIBRARY_PATH=/home/hamza/hackathon_ws/install/sd_map_msgs/lib:${LD_LIBRARY_PATH} PYTHONPATH=/home/hamza/hackathon_ws/install/sd_map_msgs/local/lib/python3.10/dist-packages:${PYTHONPATH} /usr/bin/cmake --install /home/hamza/hackathon_ws/build/sd_localization_msgs
[2.428s] -- Install configuration: ""
[2.428s] -- Execute custom install script
[2.428s] -- Symlinking: /home/hamza/hackathon_ws/install/sd_localization_msgs/share/ament_index/resource_index/rosidl_interfaces/sd_localization_msgs
[2.433s] -- Symlinking: /home/hamza/hackathon_ws/install/sd_localization_msgs/include/sd_localization_msgs/sd_localization_msgs/msg/detail/state_estimation__functions.h
[2.438s] -- Symlinking: /home/hamza/hackathon_ws/install/sd_localization_msgs/include/sd_localization_msgs/sd_localization_msgs/msg/detail/state_estimation__struct.h
[2.443s] -- Symlinking: /home/hamza/hackathon_ws/install/sd_localization_msgs/include/sd_localization_msgs/sd_localization_msgs/msg/detail/state_estimation__type_support.h
[2.448s] -- Symlinking: /home/hamza/hackathon_ws/install/sd_localization_msgs/include/sd_localization_msgs/sd_localization_msgs/msg/rosidl_generator_c__visibility_control.h
[2.453s] -- Symlinking: /home/hamza/hackathon_ws/install/sd_localization_msgs/include/sd_localization_msgs/sd_localization_msgs/msg/state_estimation.h
[2.460s] -- Symlinking: /home/hamza/hackathon_ws/install/sd_localization_msgs/share/sd_localization_msgs/environment/library_path.sh
[2.465s] -- Symlinking: /home/hamza/hackathon_ws/install/sd_localization_msgs/share/sd_localization_msgs/environment/library_path.dsv
[2.471s] -- Symlinking: /home/hamza/hackathon_ws/install/sd_localization_msgs/include/sd_localization_msgs/sd_localization_msgs/msg/detail/state_estimation__rosidl_typesupport_fastrtps_c.h
[2.477s] -- Symlinking: /home/hamza/hackathon_ws/install/sd_localization_msgs/include/sd_localization_msgs/sd_localization_msgs/msg/rosidl_typesupport_fastrtps_c__visibility_control.h
[2.483s] -- Symlinking: /home/hamza/hackathon_ws/install/sd_localization_msgs/include/sd_localization_msgs/sd_localization_msgs/msg/detail/state_estimation__builder.hpp
[2.490s] -- Symlinking: /home/hamza/hackathon_ws/install/sd_localization_msgs/include/sd_localization_msgs/sd_localization_msgs/msg/detail/state_estimation__struct.hpp
[2.495s] -- Symlinking: /home/hamza/hackathon_ws/install/sd_localization_msgs/include/sd_localization_msgs/sd_localization_msgs/msg/detail/state_estimation__traits.hpp
[2.500s] -- Symlinking: /home/hamza/hackathon_ws/install/sd_localization_msgs/include/sd_localization_msgs/sd_localization_msgs/msg/detail/state_estimation__type_support.hpp
[2.505s] -- Symlinking: /home/hamza/hackathon_ws/install/sd_localization_msgs/include/sd_localization_msgs/sd_localization_msgs/msg/rosidl_generator_cpp__visibility_control.hpp
[2.511s] -- Symlinking: /home/hamza/hackathon_ws/install/sd_localization_msgs/include/sd_localization_msgs/sd_localization_msgs/msg/state_estimation.hpp
[2.516s] -- Symlinking: /home/hamza/hackathon_ws/install/sd_localization_msgs/include/sd_localization_msgs/sd_localization_msgs/msg/detail/state_estimation__rosidl_typesupport_fastrtps_cpp.hpp
[2.521s] -- Symlinking: /home/hamza/hackathon_ws/install/sd_localization_msgs/include/sd_localization_msgs/sd_localization_msgs/msg/rosidl_typesupport_fastrtps_cpp__visibility_control.h
[2.526s] -- Symlinking: /home/hamza/hackathon_ws/install/sd_localization_msgs/include/sd_localization_msgs/sd_localization_msgs/msg/detail/state_estimation__rosidl_typesupport_introspection_c.h
[2.532s] -- Symlinking: /home/hamza/hackathon_ws/install/sd_localization_msgs/include/sd_localization_msgs/sd_localization_msgs/msg/rosidl_typesupport_introspection_c__visibility_control.h
[2.538s] -- Symlinking: /home/hamza/hackathon_ws/install/sd_localization_msgs/include/sd_localization_msgs/sd_localization_msgs/msg/detail/state_estimation__rosidl_typesupport_introspection_cpp.hpp
[2.547s] -- Symlinking: /home/hamza/hackathon_ws/install/sd_localization_msgs/share/sd_localization_msgs/environment/pythonpath.sh
[2.552s] -- Symlinking: /home/hamza/hackathon_ws/install/sd_localization_msgs/share/sd_localization_msgs/environment/pythonpath.dsv
[2.559s] -- Symlinking: /home/hamza/hackathon_ws/install/sd_localization_msgs/local/lib/python3.10/dist-packages/sd_localization_msgs-0.1.0-py3.10.egg-info/PKG-INFO
[2.566s] -- Symlinking: /home/hamza/hackathon_ws/install/sd_localization_msgs/local/lib/python3.10/dist-packages/sd_localization_msgs-0.1.0-py3.10.egg-info/SOURCES.txt
[2.572s] -- Symlinking: /home/hamza/hackathon_ws/install/sd_localization_msgs/local/lib/python3.10/dist-packages/sd_localization_msgs-0.1.0-py3.10.egg-info/dependency_links.txt
[2.579s] -- Symlinking: /home/hamza/hackathon_ws/install/sd_localization_msgs/local/lib/python3.10/dist-packages/sd_localization_msgs-0.1.0-py3.10.egg-info/top_level.txt
[2.585s] -- Symlinking: /home/hamza/hackathon_ws/install/sd_localization_msgs/local/lib/python3.10/dist-packages/sd_localization_msgs/__init__.py
[2.590s] -- Symlinking: /home/hamza/hackathon_ws/install/sd_localization_msgs/local/lib/python3.10/dist-packages/sd_localization_msgs/_sd_localization_msgs_s.ep.rosidl_typesupport_c.c
[2.594s] -- Symlinking: /home/hamza/hackathon_ws/install/sd_localization_msgs/local/lib/python3.10/dist-packages/sd_localization_msgs/_sd_localization_msgs_s.ep.rosidl_typesupport_fastrtps_c.c
[2.599s] -- Symlinking: /home/hamza/hackathon_ws/install/sd_localization_msgs/local/lib/python3.10/dist-packages/sd_localization_msgs/_sd_localization_msgs_s.ep.rosidl_typesupport_introspection_c.c
[2.605s] -- Symlinking: /home/hamza/hackathon_ws/install/sd_localization_msgs/local/lib/python3.10/dist-packages/sd_localization_msgs/libsd_localization_msgs__rosidl_generator_py.so
[2.609s] -- Symlinking: /home/hamza/hackathon_ws/install/sd_localization_msgs/local/lib/python3.10/dist-packages/sd_localization_msgs/msg/__init__.py
[2.616s] -- Symlinking: /home/hamza/hackathon_ws/install/sd_localization_msgs/local/lib/python3.10/dist-packages/sd_localization_msgs/msg/_state_estimation.py
[2.622s] -- Symlinking: /home/hamza/hackathon_ws/install/sd_localization_msgs/local/lib/python3.10/dist-packages/sd_localization_msgs/msg/_state_estimation_s.c
[2.629s] -- Symlinking: /home/hamza/hackathon_ws/install/sd_localization_msgs/local/lib/python3.10/dist-packages/sd_localization_msgs/sd_localization_msgs_s__rosidl_typesupport_c.cpython-310-x86_64-linux-gnu.so
[2.636s] -- Symlinking: /home/hamza/hackathon_ws/install/sd_localization_msgs/local/lib/python3.10/dist-packages/sd_localization_msgs/sd_localization_msgs_s__rosidl_typesupport_fastrtps_c.cpython-310-x86_64-linux-gnu.so
[2.640s] -- Symlinking: /home/hamza/hackathon_ws/install/sd_localization_msgs/local/lib/python3.10/dist-packages/sd_localization_msgs/sd_localization_msgs_s__rosidl_typesupport_introspection_c.cpython-310-x86_64-linux-gnu.so
[2.647s] -- Up-to-date symlink: /home/hamza/hackathon_ws/install/sd_localization_msgs/local/lib/python3.10/dist-packages/sd_localization_msgs/sd_localization_msgs_s__rosidl_typesupport_fastrtps_c.cpython-310-x86_64-linux-gnu.so
[2.647s] -- Up-to-date symlink: /home/hamza/hackathon_ws/install/sd_localization_msgs/local/lib/python3.10/dist-packages/sd_localization_msgs/sd_localization_msgs_s__rosidl_typesupport_introspection_c.cpython-310-x86_64-linux-gnu.so
[2.647s] -- Up-to-date symlink: /home/hamza/hackathon_ws/install/sd_localization_msgs/local/lib/python3.10/dist-packages/sd_localization_msgs/sd_localization_msgs_s__rosidl_typesupport_c.cpython-310-x86_64-linux-gnu.so
[2.647s] -- Symlinking: /home/hamza/hackathon_ws/install/sd_localization_msgs/share/ament_index/resource_index/rust_packages/sd_localization_msgs
[2.654s] -- Symlinking: /home/hamza/hackathon_ws/install/sd_localization_msgs/share/sd_localization_msgs/rust/Cargo.toml
[2.659s] -- Symlinking: /home/hamza/hackathon_ws/install/sd_localization_msgs/share/sd_localization_msgs/rust/build.rs
[2.665s] -- Symlinking: /home/hamza/hackathon_ws/install/sd_localization_msgs/share/sd_localization_msgs/rust/src/lib.rs
[2.670s] -- Symlinking: /home/hamza/hackathon_ws/install/sd_localization_msgs/share/sd_localization_msgs/rust/src/msg.rs
[2.675s] -- Symlinking: /home/hamza/hackathon_ws/install/sd_localization_msgs/share/sd_localization_msgs/rust/src/msg/rmw.rs
[2.680s] -- Symlinking: /home/hamza/hackathon_ws/install/sd_localization_msgs/share/sd_localization_msgs/msg/StateEstimation.idl
[2.686s] -- Symlinking: /home/hamza/hackathon_ws/install/sd_localization_msgs/share/sd_localization_msgs/msg/StateEstimation.msg
[2.692s] -- Symlinking: /home/hamza/hackathon_ws/install/sd_localization_msgs/share/ament_index/resource_index/package_run_dependencies/sd_localization_msgs
[2.697s] -- Symlinking: /home/hamza/hackathon_ws/install/sd_localization_msgs/share/ament_index/resource_index/parent_prefix_path/sd_localization_msgs
[2.705s] -- Symlinking: /home/hamza/hackathon_ws/install/sd_localization_msgs/share/sd_localization_msgs/environment/ament_prefix_path.sh
[2.710s] -- Symlinking: /home/hamza/hackathon_ws/install/sd_localization_msgs/share/sd_localization_msgs/environment/ament_prefix_path.dsv
[2.716s] -- Symlinking: /home/hamza/hackathon_ws/install/sd_localization_msgs/share/sd_localization_msgs/environment/path.sh
[2.721s] -- Symlinking: /home/hamza/hackathon_ws/install/sd_localization_msgs/share/sd_localization_msgs/environment/path.dsv
[2.727s] -- Symlinking: /home/hamza/hackathon_ws/install/sd_localization_msgs/share/sd_localization_msgs/local_setup.bash
[2.732s] -- Symlinking: /home/hamza/hackathon_ws/install/sd_localization_msgs/share/sd_localization_msgs/local_setup.sh
[2.736s] -- Symlinking: /home/hamza/hackathon_ws/install/sd_localization_msgs/share/sd_localization_msgs/local_setup.zsh
[2.742s] -- Symlinking: /home/hamza/hackathon_ws/install/sd_localization_msgs/share/sd_localization_msgs/local_setup.dsv
[2.747s] -- Symlinking: /home/hamza/hackathon_ws/install/sd_localization_msgs/share/sd_localization_msgs/package.dsv
[2.752s] -- Symlinking: /home/hamza/hackathon_ws/install/sd_localization_msgs/share/ament_index/resource_index/packages/sd_localization_msgs
[2.759s] -- Symlinking: /home/hamza/hackathon_ws/install/sd_localization_msgs/share/sd_localization_msgs/cmake/rosidl_cmake-extras.cmake
[2.764s] -- Symlinking: /home/hamza/hackathon_ws/install/sd_localization_msgs/share/sd_localization_msgs/cmake/ament_cmake_export_dependencies-extras.cmake
[2.770s] -- Symlinking: /home/hamza/hackathon_ws/install/sd_localization_msgs/share/sd_localization_msgs/cmake/ament_cmake_export_include_directories-extras.cmake
[2.776s] -- Symlinking: /home/hamza/hackathon_ws/install/sd_localization_msgs/share/sd_localization_msgs/cmake/ament_cmake_export_libraries-extras.cmake
[2.782s] -- Symlinking: /home/hamza/hackathon_ws/install/sd_localization_msgs/share/sd_localization_msgs/cmake/ament_cmake_export_targets-extras.cmake
[2.789s] -- Symlinking: /home/hamza/hackathon_ws/install/sd_localization_msgs/share/sd_localization_msgs/cmake/rosidl_cmake_export_typesupport_targets-extras.cmake
[2.793s] -- Symlinking: /home/hamza/hackathon_ws/install/sd_localization_msgs/share/sd_localization_msgs/cmake/rosidl_cmake_export_typesupport_libraries-extras.cmake
[2.798s] -- Symlinking: /home/hamza/hackathon_ws/install/sd_localization_msgs/share/sd_localization_msgs/cmake/sd_localization_msgsConfig.cmake
[2.803s] -- Symlinking: /home/hamza/hackathon_ws/install/sd_localization_msgs/share/sd_localization_msgs/cmake/sd_localization_msgsConfig-version.cmake
[2.809s] -- Symlinking: /home/hamza/hackathon_ws/install/sd_localization_msgs/share/sd_localization_msgs/package.xml
[2.815s] -- Installing: /home/hamza/hackathon_ws/install/sd_localization_msgs/lib/libsd_localization_msgs__rosidl_generator_c.so
[2.815s] -- Set runtime path of "/home/hamza/hackathon_ws/install/sd_localization_msgs/lib/libsd_localization_msgs__rosidl_generator_c.so" to ""
[2.815s] -- Installing: /home/hamza/hackathon_ws/install/sd_localization_msgs/lib/libsd_localization_msgs__rosidl_typesupport_fastrtps_c.so
[2.815s] -- Set runtime path of "/home/hamza/hackathon_ws/install/sd_localization_msgs/lib/libsd_localization_msgs__rosidl_typesupport_fastrtps_c.so" to ""
[2.815s] -- Installing: /home/hamza/hackathon_ws/install/sd_localization_msgs/lib/libsd_localization_msgs__rosidl_typesupport_fastrtps_cpp.so
[2.815s] -- Set runtime path of "/home/hamza/hackathon_ws/install/sd_localization_msgs/lib/libsd_localization_msgs__rosidl_typesupport_fastrtps_cpp.so" to ""
[2.815s] -- Installing: /home/hamza/hackathon_ws/install/sd_localization_msgs/lib/libsd_localization_msgs__rosidl_typesupport_introspection_c.so
[2.815s] -- Set runtime path of "/home/hamza/hackathon_ws/install/sd_localization_msgs/lib/libsd_localization_msgs__rosidl_typesupport_introspection_c.so" to ""
[2.816s] -- Installing: /home/hamza/hackathon_ws/install/sd_localization_msgs/lib/libsd_localization_msgs__rosidl_typesupport_c.so
[2.816s] -- Set runtime path of "/home/hamza/hackathon_ws/install/sd_localization_msgs/lib/libsd_localization_msgs__rosidl_typesupport_c.so" to ""
[2.816s] -- Installing: /home/hamza/hackathon_ws/install/sd_localization_msgs/lib/libsd_localization_msgs__rosidl_typesupport_introspection_cpp.so
[2.816s] -- Set runtime path of "/home/hamza/hackathon_ws/install/sd_localization_msgs/lib/libsd_localization_msgs__rosidl_typesupport_introspection_cpp.so" to ""
[2.816s] -- Installing: /home/hamza/hackathon_ws/install/sd_localization_msgs/lib/libsd_localization_msgs__rosidl_typesupport_cpp.so
[2.816s] -- Set runtime path of "/home/hamza/hackathon_ws/install/sd_localization_msgs/lib/libsd_localization_msgs__rosidl_typesupport_cpp.so" to ""
[2.842s] Listing '/home/hamza/hackathon_ws/install/sd_localization_msgs/local/lib/python3.10/dist-packages/sd_localization_msgs'...
[2.842s] Compiling '/home/hamza/hackathon_ws/install/sd_localization_msgs/local/lib/python3.10/dist-packages/sd_localization_msgs/__init__.py'...
[2.842s] Listing '/home/hamza/hackathon_ws/install/sd_localization_msgs/local/lib/python3.10/dist-packages/sd_localization_msgs/msg'...
[2.842s] Compiling '/home/hamza/hackathon_ws/install/sd_localization_msgs/local/lib/python3.10/dist-packages/sd_localization_msgs/msg/__init__.py'...
[2.842s] Compiling '/home/hamza/hackathon_ws/install/sd_localization_msgs/local/lib/python3.10/dist-packages/sd_localization_msgs/msg/_state_estimation.py'...
[2.845s] -- Installing: /home/hamza/hackathon_ws/install/sd_localization_msgs/lib/libsd_localization_msgs__rosidl_generator_py.so
[2.845s] -- Set runtime path of "/home/hamza/hackathon_ws/install/sd_localization_msgs/lib/libsd_localization_msgs__rosidl_generator_py.so" to ""
[2.845s] -- Installing: /home/hamza/hackathon_ws/install/sd_localization_msgs/share/sd_localization_msgs/cmake/export_sd_localization_msgs__rosidl_generator_cExport.cmake
[2.845s] -- Installing: /home/hamza/hackathon_ws/install/sd_localization_msgs/share/sd_localization_msgs/cmake/export_sd_localization_msgs__rosidl_generator_cExport-noconfig.cmake
[2.845s] -- Installing: /home/hamza/hackathon_ws/install/sd_localization_msgs/share/sd_localization_msgs/cmake/export_sd_localization_msgs__rosidl_typesupport_fastrtps_cExport.cmake
[2.845s] -- Installing: /home/hamza/hackathon_ws/install/sd_localization_msgs/share/sd_localization_msgs/cmake/export_sd_localization_msgs__rosidl_typesupport_fastrtps_cExport-noconfig.cmake
[2.845s] -- Installing: /home/hamza/hackathon_ws/install/sd_localization_msgs/share/sd_localization_msgs/cmake/export_sd_localization_msgs__rosidl_generator_cppExport.cmake
[2.845s] -- Installing: /home/hamza/hackathon_ws/install/sd_localization_msgs/share/sd_localization_msgs/cmake/export_sd_localization_msgs__rosidl_typesupport_fastrtps_cppExport.cmake
[2.845s] -- Installing: /home/hamza/hackathon_ws/install/sd_localization_msgs/share/sd_localization_msgs/cmake/export_sd_localization_msgs__rosidl_typesupport_fastrtps_cppExport-noconfig.cmake
[2.845s] -- Installing: /home/hamza/hackathon_ws/install/sd_localization_msgs/share/sd_localization_msgs/cmake/sd_localization_msgs__rosidl_typesupport_introspection_cExport.cmake
[2.845s] -- Installing: /home/hamza/hackathon_ws/install/sd_localization_msgs/share/sd_localization_msgs/cmake/sd_localization_msgs__rosidl_typesupport_introspection_cExport-noconfig.cmake
[2.845s] -- Installing: /home/hamza/hackathon_ws/install/sd_localization_msgs/share/sd_localization_msgs/cmake/sd_localization_msgs__rosidl_typesupport_cExport.cmake
[2.845s] -- Installing: /home/hamza/hackathon_ws/install/sd_localization_msgs/share/sd_localization_msgs/cmake/sd_localization_msgs__rosidl_typesupport_cExport-noconfig.cmake
[2.845s] -- Installing: /home/hamza/hackathon_ws/install/sd_localization_msgs/share/sd_localization_msgs/cmake/sd_localization_msgs__rosidl_typesupport_introspection_cppExport.cmake
[2.845s] -- Installing: /home/hamza/hackathon_ws/install/sd_localization_msgs/share/sd_localization_msgs/cmake/sd_localization_msgs__rosidl_typesupport_introspection_cppExport-noconfig.cmake
[2.846s] -- Installing: /home/hamza/hackathon_ws/install/sd_localization_msgs/share/sd_localization_msgs/cmake/sd_localization_msgs__rosidl_typesupport_cppExport.cmake
[2.846s] -- Installing: /home/hamza/hackathon_ws/install/sd_localization_msgs/share/sd_localization_msgs/cmake/sd_localization_msgs__rosidl_typesupport_cppExport-noconfig.cmake
[2.846s] -- Installing: /home/hamza/hackathon_ws/install/sd_localization_msgs/share/sd_localization_msgs/cmake/export_sd_localization_msgs__rosidl_generator_pyExport.cmake
[2.846s] -- Installing: /home/hamza/hackathon_ws/install/sd_localization_msgs/share/sd_localization_msgs/cmake/export_sd_localization_msgs__rosidl_generator_pyExport-noconfig.cmake
[2.847s] Invoked command in '/home/hamza/hackathon_ws/build/sd_localization_msgs' returned '0': AMENT_PREFIX_PATH=/home/hamza/hackathon_ws/install/sd_map_msgs:${AMENT_PREFIX_PATH} CMAKE_PREFIX_PATH=/home/hamza/hackathon_ws/install/sd_map_msgs:/opt/ros/humble LD_LIBRARY_PATH=/home/hamza/hackathon_ws/install/sd_map_msgs/lib:${LD_LIBRARY_PATH} PYTHONPATH=/home/hamza/hackathon_ws/install/sd_map_msgs/local/lib/python3.10/dist-packages:${PYTHONPATH} /usr/bin/cmake --install /home/hamza/hackathon_ws/build/sd_localization_msgs
