[0.008s] Invoking command in '/home/hamza/hackathon_ws/build/sd_map_msgs': CMAKE_PREFIX_PATH=${CMAKE_PREFIX_PATH}:/home/hamza/hackathon_ws/install/racing_analyzer:/opt/ros/humble /usr/bin/cmake /home/hamza/hackathon_ws/src/sd_msgs/sd_map_msgs -DCMAKE_INSTALL_PREFIX=/home/hamza/hackathon_ws/install/sd_map_msgs
[0.044s] -- Found ament_cmake: 1.3.14 (/opt/ros/humble/share/ament_cmake/cmake)
[0.132s] -- Override CMake install command with custom implementation using symlinks instead of copying resources
[0.143s] -- Found builtin_interfaces: 1.2.2 (/opt/ros/humble/share/builtin_interfaces/cmake)
[0.168s] -- Found rosidl_generator_c: 3.1.8 (/opt/ros/humble/share/rosidl_generator_c/cmake)
[0.171s] -- Found rosidl_adapter: 3.1.8 (/opt/ros/humble/share/rosidl_adapter/cmake)
[0.178s] -- Found rosidl_generator_cpp: 3.1.8 (/opt/ros/humble/share/rosidl_generator_cpp/cmake)
[0.187s] -- Using all available rosidl_typesupport_c: rosidl_typesupport_fastrtps_c;rosidl_typesupport_introspection_c
[0.198s] -- Using all available rosidl_typesupport_cpp: rosidl_typesupport_fastrtps_cpp;rosidl_typesupport_introspection_cpp
[0.208s] -- Found rosidl_default_generators: 1.2.1 (/opt/ros/humble/share/rosidl_default_generators/cmake)
[0.215s] -- Found std_msgs: 4.9.1 (/opt/ros/humble/share/std_msgs/cmake)
[0.401s] -- Found ament_cmake_ros: 0.10.0 (/opt/ros/humble/share/ament_cmake_ros/cmake)
[0.620s] -- Using all available rosidl_typesupport_c: rosidl_typesupport_fastrtps_c;rosidl_typesupport_introspection_c
[0.698s] -- Using all available rosidl_typesupport_cpp: rosidl_typesupport_fastrtps_cpp;rosidl_typesupport_introspection_cpp
[0.714s] -- Found python_cmake_module: 0.10.0 (/opt/ros/humble/share/python_cmake_module/cmake)
[0.726s] -- Using PYTHON_EXECUTABLE: /usr/bin/python3
[0.726s] -- Using PYTHON_INCLUDE_DIRS: /usr/include/python3.10
[0.726s] -- Using PYTHON_LIBRARIES: /usr/lib/x86_64-linux-gnu/libpython3.10.so
[0.780s] -- Found ament_lint_auto: 0.12.15 (/opt/ros/humble/share/ament_lint_auto/cmake)
[0.796s] -- Added test 'copyright' to check source files copyright and LICENSE
[0.797s] -- Added test 'lint_cmake' to check CMake code style
[0.798s] -- Added test 'xmllint' to check XML markup files
[0.800s] -- Configuring done
[0.820s] -- Generating done
[0.826s] -- Build files have been written to: /home/hamza/hackathon_ws/build/sd_map_msgs
[0.831s] Invoked command in '/home/hamza/hackathon_ws/build/sd_map_msgs' returned '0': CMAKE_PREFIX_PATH=${CMAKE_PREFIX_PATH}:/home/hamza/hackathon_ws/install/racing_analyzer:/opt/ros/humble /usr/bin/cmake /home/hamza/hackathon_ws/src/sd_msgs/sd_map_msgs -DCMAKE_INSTALL_PREFIX=/home/hamza/hackathon_ws/install/sd_map_msgs
[0.832s] Invoking command in '/home/hamza/hackathon_ws/build/sd_map_msgs': CMAKE_PREFIX_PATH=${CMAKE_PREFIX_PATH}:/home/hamza/hackathon_ws/install/racing_analyzer:/opt/ros/humble /usr/bin/cmake --build /home/hamza/hackathon_ws/build/sd_map_msgs -- -j20 -l20
[0.871s] [35m[1mConsolidate compiler generated dependencies of target sd_map_msgs__rosidl_generator_c[0m
[0.875s] [  2%] Built target sd_map_msgs__cpp
[0.877s] [  4%] Built target sd_map_msgs__rs
[0.879s] [  4%] Built target ament_cmake_python_symlink_sd_map_msgs
[0.881s] [35m[1mConsolidate compiler generated dependencies of target sd_map_msgs__rosidl_typesupport_cpp[0m
[0.882s] [35m[1mConsolidate compiler generated dependencies of target sd_map_msgs__rosidl_typesupport_fastrtps_cpp[0m
[0.883s] [35m[1mConsolidate compiler generated dependencies of target sd_map_msgs__rosidl_typesupport_introspection_cpp[0m
[0.884s] [ 14%] Built target sd_map_msgs__rosidl_generator_c
[0.890s] [35m[1mConsolidate compiler generated dependencies of target sd_map_msgs__rosidl_typesupport_c[0m
[0.892s] [35m[1mConsolidate compiler generated dependencies of target sd_map_msgs__rosidl_typesupport_fastrtps_c[0m
[0.892s] [35m[1mConsolidate compiler generated dependencies of target sd_map_msgs__rosidl_typesupport_introspection_c[0m
[0.897s] [ 25%] Built target sd_map_msgs__rosidl_typesupport_cpp
[0.900s] [ 35%] Built target sd_map_msgs__rosidl_typesupport_introspection_cpp
[0.904s] [ 45%] Built target sd_map_msgs__rosidl_typesupport_fastrtps_c
[0.905s] [ 56%] Built target sd_map_msgs__rosidl_typesupport_introspection_c
[0.906s] [ 68%] Built target sd_map_msgs__rosidl_typesupport_c
[0.906s] [ 77%] Built target sd_map_msgs__rosidl_typesupport_fastrtps_cpp
[0.923s] [ 77%] Built target sd_map_msgs
[0.938s] [ 79%] Built target sd_map_msgs__py
[0.946s] [35m[1mConsolidate compiler generated dependencies of target sd_map_msgs__rosidl_generator_py[0m
[0.960s] [ 87%] Built target sd_map_msgs__rosidl_generator_py
[0.968s] [35m[1mConsolidate compiler generated dependencies of target sd_map_msgs__rosidl_typesupport_c__pyext[0m
[0.968s] [35m[1mConsolidate compiler generated dependencies of target sd_map_msgs__rosidl_typesupport_fastrtps_c__pyext[0m
[0.968s] [35m[1mConsolidate compiler generated dependencies of target sd_map_msgs__rosidl_typesupport_introspection_c__pyext[0m
[0.975s] [ 91%] Built target sd_map_msgs__rosidl_typesupport_introspection_c__pyext
[0.975s] [ 95%] Built target sd_map_msgs__rosidl_typesupport_fastrtps_c__pyext
[0.978s] [100%] Built target sd_map_msgs__rosidl_typesupport_c__pyext
[1.040s] running egg_info
[1.040s] writing sd_map_msgs.egg-info/PKG-INFO
[1.040s] writing dependency_links to sd_map_msgs.egg-info/dependency_links.txt
[1.040s] writing top-level names to sd_map_msgs.egg-info/top_level.txt
[1.042s] reading manifest file 'sd_map_msgs.egg-info/SOURCES.txt'
[1.042s] writing manifest file 'sd_map_msgs.egg-info/SOURCES.txt'
[1.058s] [100%] Built target ament_cmake_python_build_sd_map_msgs_egg
[1.065s] Invoked command in '/home/hamza/hackathon_ws/build/sd_map_msgs' returned '0': CMAKE_PREFIX_PATH=${CMAKE_PREFIX_PATH}:/home/hamza/hackathon_ws/install/racing_analyzer:/opt/ros/humble /usr/bin/cmake --build /home/hamza/hackathon_ws/build/sd_map_msgs -- -j20 -l20
[1.072s] Invoking command in '/home/hamza/hackathon_ws/build/sd_map_msgs': CMAKE_PREFIX_PATH=${CMAKE_PREFIX_PATH}:/home/hamza/hackathon_ws/install/racing_analyzer:/opt/ros/humble /usr/bin/cmake --install /home/hamza/hackathon_ws/build/sd_map_msgs
[1.077s] -- Install configuration: ""
[1.077s] -- Execute custom install script
[1.077s] -- Up-to-date symlink: /home/hamza/hackathon_ws/install/sd_map_msgs/share/ament_index/resource_index/rosidl_interfaces/sd_map_msgs
[1.078s] -- Up-to-date symlink: /home/hamza/hackathon_ws/install/sd_map_msgs/include/sd_map_msgs/sd_map_msgs/msg/detail/sn_lane_state__functions.h
[1.078s] -- Up-to-date symlink: /home/hamza/hackathon_ws/install/sd_map_msgs/include/sd_map_msgs/sd_map_msgs/msg/detail/sn_lane_state__struct.h
[1.078s] -- Up-to-date symlink: /home/hamza/hackathon_ws/install/sd_map_msgs/include/sd_map_msgs/sd_map_msgs/msg/detail/sn_lane_state__type_support.h
[1.078s] -- Up-to-date symlink: /home/hamza/hackathon_ws/install/sd_map_msgs/include/sd_map_msgs/sd_map_msgs/msg/detail/sn_map_state__functions.h
[1.078s] -- Up-to-date symlink: /home/hamza/hackathon_ws/install/sd_map_msgs/include/sd_map_msgs/sd_map_msgs/msg/detail/sn_map_state__struct.h
[1.078s] -- Up-to-date symlink: /home/hamza/hackathon_ws/install/sd_map_msgs/include/sd_map_msgs/sd_map_msgs/msg/detail/sn_map_state__type_support.h
[1.078s] -- Up-to-date symlink: /home/hamza/hackathon_ws/install/sd_map_msgs/include/sd_map_msgs/sd_map_msgs/msg/detail/sn_state__functions.h
[1.078s] -- Up-to-date symlink: /home/hamza/hackathon_ws/install/sd_map_msgs/include/sd_map_msgs/sd_map_msgs/msg/detail/sn_state__struct.h
[1.078s] -- Up-to-date symlink: /home/hamza/hackathon_ws/install/sd_map_msgs/include/sd_map_msgs/sd_map_msgs/msg/detail/sn_state__type_support.h
[1.078s] -- Up-to-date symlink: /home/hamza/hackathon_ws/install/sd_map_msgs/include/sd_map_msgs/sd_map_msgs/msg/rosidl_generator_c__visibility_control.h
[1.078s] -- Up-to-date symlink: /home/hamza/hackathon_ws/install/sd_map_msgs/include/sd_map_msgs/sd_map_msgs/msg/sn_lane_state.h
[1.078s] -- Up-to-date symlink: /home/hamza/hackathon_ws/install/sd_map_msgs/include/sd_map_msgs/sd_map_msgs/msg/sn_map_state.h
[1.078s] -- Up-to-date symlink: /home/hamza/hackathon_ws/install/sd_map_msgs/include/sd_map_msgs/sd_map_msgs/msg/sn_state.h
[1.078s] -- Up-to-date symlink: /home/hamza/hackathon_ws/install/sd_map_msgs/share/sd_map_msgs/environment/library_path.sh
[1.078s] -- Up-to-date symlink: /home/hamza/hackathon_ws/install/sd_map_msgs/share/sd_map_msgs/environment/library_path.dsv
[1.078s] -- Up-to-date symlink: /home/hamza/hackathon_ws/install/sd_map_msgs/include/sd_map_msgs/sd_map_msgs/msg/detail/sn_lane_state__rosidl_typesupport_fastrtps_c.h
[1.079s] -- Up-to-date symlink: /home/hamza/hackathon_ws/install/sd_map_msgs/include/sd_map_msgs/sd_map_msgs/msg/detail/sn_map_state__rosidl_typesupport_fastrtps_c.h
[1.079s] -- Up-to-date symlink: /home/hamza/hackathon_ws/install/sd_map_msgs/include/sd_map_msgs/sd_map_msgs/msg/detail/sn_state__rosidl_typesupport_fastrtps_c.h
[1.079s] -- Up-to-date symlink: /home/hamza/hackathon_ws/install/sd_map_msgs/include/sd_map_msgs/sd_map_msgs/msg/rosidl_typesupport_fastrtps_c__visibility_control.h
[1.079s] -- Up-to-date symlink: /home/hamza/hackathon_ws/install/sd_map_msgs/include/sd_map_msgs/sd_map_msgs/msg/detail/sn_lane_state__builder.hpp
[1.079s] -- Up-to-date symlink: /home/hamza/hackathon_ws/install/sd_map_msgs/include/sd_map_msgs/sd_map_msgs/msg/detail/sn_lane_state__struct.hpp
[1.079s] -- Up-to-date symlink: /home/hamza/hackathon_ws/install/sd_map_msgs/include/sd_map_msgs/sd_map_msgs/msg/detail/sn_lane_state__traits.hpp
[1.079s] -- Up-to-date symlink: /home/hamza/hackathon_ws/install/sd_map_msgs/include/sd_map_msgs/sd_map_msgs/msg/detail/sn_lane_state__type_support.hpp
[1.079s] -- Up-to-date symlink: /home/hamza/hackathon_ws/install/sd_map_msgs/include/sd_map_msgs/sd_map_msgs/msg/detail/sn_map_state__builder.hpp
[1.079s] -- Up-to-date symlink: /home/hamza/hackathon_ws/install/sd_map_msgs/include/sd_map_msgs/sd_map_msgs/msg/detail/sn_map_state__struct.hpp
[1.079s] -- Up-to-date symlink: /home/hamza/hackathon_ws/install/sd_map_msgs/include/sd_map_msgs/sd_map_msgs/msg/detail/sn_map_state__traits.hpp
[1.079s] -- Up-to-date symlink: /home/hamza/hackathon_ws/install/sd_map_msgs/include/sd_map_msgs/sd_map_msgs/msg/detail/sn_map_state__type_support.hpp
[1.079s] -- Up-to-date symlink: /home/hamza/hackathon_ws/install/sd_map_msgs/include/sd_map_msgs/sd_map_msgs/msg/detail/sn_state__builder.hpp
[1.079s] -- Up-to-date symlink: /home/hamza/hackathon_ws/install/sd_map_msgs/include/sd_map_msgs/sd_map_msgs/msg/detail/sn_state__struct.hpp
[1.079s] -- Up-to-date symlink: /home/hamza/hackathon_ws/install/sd_map_msgs/include/sd_map_msgs/sd_map_msgs/msg/detail/sn_state__traits.hpp
[1.079s] -- Up-to-date symlink: /home/hamza/hackathon_ws/install/sd_map_msgs/include/sd_map_msgs/sd_map_msgs/msg/detail/sn_state__type_support.hpp
[1.079s] -- Up-to-date symlink: /home/hamza/hackathon_ws/install/sd_map_msgs/include/sd_map_msgs/sd_map_msgs/msg/rosidl_generator_cpp__visibility_control.hpp
[1.079s] -- Up-to-date symlink: /home/hamza/hackathon_ws/install/sd_map_msgs/include/sd_map_msgs/sd_map_msgs/msg/sn_lane_state.hpp
[1.079s] -- Up-to-date symlink: /home/hamza/hackathon_ws/install/sd_map_msgs/include/sd_map_msgs/sd_map_msgs/msg/sn_map_state.hpp
[1.079s] -- Up-to-date symlink: /home/hamza/hackathon_ws/install/sd_map_msgs/include/sd_map_msgs/sd_map_msgs/msg/sn_state.hpp
[1.080s] -- Up-to-date symlink: /home/hamza/hackathon_ws/install/sd_map_msgs/include/sd_map_msgs/sd_map_msgs/msg/detail/sn_lane_state__rosidl_typesupport_fastrtps_cpp.hpp
[1.080s] -- Up-to-date symlink: /home/hamza/hackathon_ws/install/sd_map_msgs/include/sd_map_msgs/sd_map_msgs/msg/detail/sn_map_state__rosidl_typesupport_fastrtps_cpp.hpp
[1.080s] -- Up-to-date symlink: /home/hamza/hackathon_ws/install/sd_map_msgs/include/sd_map_msgs/sd_map_msgs/msg/detail/sn_state__rosidl_typesupport_fastrtps_cpp.hpp
[1.080s] -- Up-to-date symlink: /home/hamza/hackathon_ws/install/sd_map_msgs/include/sd_map_msgs/sd_map_msgs/msg/rosidl_typesupport_fastrtps_cpp__visibility_control.h
[1.080s] -- Up-to-date symlink: /home/hamza/hackathon_ws/install/sd_map_msgs/include/sd_map_msgs/sd_map_msgs/msg/detail/sn_lane_state__rosidl_typesupport_introspection_c.h
[1.080s] -- Up-to-date symlink: /home/hamza/hackathon_ws/install/sd_map_msgs/include/sd_map_msgs/sd_map_msgs/msg/detail/sn_map_state__rosidl_typesupport_introspection_c.h
[1.080s] -- Up-to-date symlink: /home/hamza/hackathon_ws/install/sd_map_msgs/include/sd_map_msgs/sd_map_msgs/msg/detail/sn_state__rosidl_typesupport_introspection_c.h
[1.080s] -- Up-to-date symlink: /home/hamza/hackathon_ws/install/sd_map_msgs/include/sd_map_msgs/sd_map_msgs/msg/rosidl_typesupport_introspection_c__visibility_control.h
[1.080s] -- Up-to-date symlink: /home/hamza/hackathon_ws/install/sd_map_msgs/include/sd_map_msgs/sd_map_msgs/msg/detail/sn_lane_state__rosidl_typesupport_introspection_cpp.hpp
[1.080s] -- Up-to-date symlink: /home/hamza/hackathon_ws/install/sd_map_msgs/include/sd_map_msgs/sd_map_msgs/msg/detail/sn_map_state__rosidl_typesupport_introspection_cpp.hpp
[1.080s] -- Up-to-date symlink: /home/hamza/hackathon_ws/install/sd_map_msgs/include/sd_map_msgs/sd_map_msgs/msg/detail/sn_state__rosidl_typesupport_introspection_cpp.hpp
[1.080s] -- Up-to-date symlink: /home/hamza/hackathon_ws/install/sd_map_msgs/share/sd_map_msgs/environment/pythonpath.sh
[1.080s] -- Up-to-date symlink: /home/hamza/hackathon_ws/install/sd_map_msgs/share/sd_map_msgs/environment/pythonpath.dsv
[1.080s] -- Up-to-date symlink: /home/hamza/hackathon_ws/install/sd_map_msgs/local/lib/python3.10/dist-packages/sd_map_msgs-1.0.0-py3.10.egg-info/PKG-INFO
[1.080s] -- Up-to-date symlink: /home/hamza/hackathon_ws/install/sd_map_msgs/local/lib/python3.10/dist-packages/sd_map_msgs-1.0.0-py3.10.egg-info/SOURCES.txt
[1.081s] -- Up-to-date symlink: /home/hamza/hackathon_ws/install/sd_map_msgs/local/lib/python3.10/dist-packages/sd_map_msgs-1.0.0-py3.10.egg-info/dependency_links.txt
[1.081s] -- Up-to-date symlink: /home/hamza/hackathon_ws/install/sd_map_msgs/local/lib/python3.10/dist-packages/sd_map_msgs-1.0.0-py3.10.egg-info/top_level.txt
[1.081s] -- Up-to-date symlink: /home/hamza/hackathon_ws/install/sd_map_msgs/local/lib/python3.10/dist-packages/sd_map_msgs/__init__.py
[1.081s] -- Up-to-date symlink: /home/hamza/hackathon_ws/install/sd_map_msgs/local/lib/python3.10/dist-packages/sd_map_msgs/_sd_map_msgs_s.ep.rosidl_typesupport_c.c
[1.081s] -- Up-to-date symlink: /home/hamza/hackathon_ws/install/sd_map_msgs/local/lib/python3.10/dist-packages/sd_map_msgs/_sd_map_msgs_s.ep.rosidl_typesupport_fastrtps_c.c
[1.081s] -- Up-to-date symlink: /home/hamza/hackathon_ws/install/sd_map_msgs/local/lib/python3.10/dist-packages/sd_map_msgs/_sd_map_msgs_s.ep.rosidl_typesupport_introspection_c.c
[1.081s] -- Up-to-date symlink: /home/hamza/hackathon_ws/install/sd_map_msgs/local/lib/python3.10/dist-packages/sd_map_msgs/libsd_map_msgs__rosidl_generator_py.so
[1.081s] -- Up-to-date symlink: /home/hamza/hackathon_ws/install/sd_map_msgs/local/lib/python3.10/dist-packages/sd_map_msgs/msg/__init__.py
[1.081s] -- Up-to-date symlink: /home/hamza/hackathon_ws/install/sd_map_msgs/local/lib/python3.10/dist-packages/sd_map_msgs/msg/_sn_lane_state.py
[1.081s] -- Up-to-date symlink: /home/hamza/hackathon_ws/install/sd_map_msgs/local/lib/python3.10/dist-packages/sd_map_msgs/msg/_sn_lane_state_s.c
[1.082s] -- Up-to-date symlink: /home/hamza/hackathon_ws/install/sd_map_msgs/local/lib/python3.10/dist-packages/sd_map_msgs/msg/_sn_map_state.py
[1.082s] -- Up-to-date symlink: /home/hamza/hackathon_ws/install/sd_map_msgs/local/lib/python3.10/dist-packages/sd_map_msgs/msg/_sn_map_state_s.c
[1.082s] -- Up-to-date symlink: /home/hamza/hackathon_ws/install/sd_map_msgs/local/lib/python3.10/dist-packages/sd_map_msgs/msg/_sn_state.py
[1.082s] -- Up-to-date symlink: /home/hamza/hackathon_ws/install/sd_map_msgs/local/lib/python3.10/dist-packages/sd_map_msgs/msg/_sn_state_s.c
[1.082s] -- Up-to-date symlink: /home/hamza/hackathon_ws/install/sd_map_msgs/local/lib/python3.10/dist-packages/sd_map_msgs/sd_map_msgs_s__rosidl_typesupport_c.cpython-310-x86_64-linux-gnu.so
[1.082s] -- Up-to-date symlink: /home/hamza/hackathon_ws/install/sd_map_msgs/local/lib/python3.10/dist-packages/sd_map_msgs/sd_map_msgs_s__rosidl_typesupport_fastrtps_c.cpython-310-x86_64-linux-gnu.so
[1.082s] -- Up-to-date symlink: /home/hamza/hackathon_ws/install/sd_map_msgs/local/lib/python3.10/dist-packages/sd_map_msgs/sd_map_msgs_s__rosidl_typesupport_introspection_c.cpython-310-x86_64-linux-gnu.so
[1.082s] -- Up-to-date symlink: /home/hamza/hackathon_ws/install/sd_map_msgs/local/lib/python3.10/dist-packages/sd_map_msgs/sd_map_msgs_s__rosidl_typesupport_fastrtps_c.cpython-310-x86_64-linux-gnu.so
[1.082s] -- Up-to-date symlink: /home/hamza/hackathon_ws/install/sd_map_msgs/local/lib/python3.10/dist-packages/sd_map_msgs/sd_map_msgs_s__rosidl_typesupport_introspection_c.cpython-310-x86_64-linux-gnu.so
[1.082s] -- Up-to-date symlink: /home/hamza/hackathon_ws/install/sd_map_msgs/local/lib/python3.10/dist-packages/sd_map_msgs/sd_map_msgs_s__rosidl_typesupport_c.cpython-310-x86_64-linux-gnu.so
[1.082s] -- Up-to-date symlink: /home/hamza/hackathon_ws/install/sd_map_msgs/share/ament_index/resource_index/rust_packages/sd_map_msgs
[1.082s] -- Up-to-date symlink: /home/hamza/hackathon_ws/install/sd_map_msgs/share/sd_map_msgs/rust/Cargo.toml
[1.082s] -- Up-to-date symlink: /home/hamza/hackathon_ws/install/sd_map_msgs/share/sd_map_msgs/rust/build.rs
[1.082s] -- Up-to-date symlink: /home/hamza/hackathon_ws/install/sd_map_msgs/share/sd_map_msgs/rust/src/lib.rs
[1.082s] -- Up-to-date symlink: /home/hamza/hackathon_ws/install/sd_map_msgs/share/sd_map_msgs/rust/src/msg.rs
[1.082s] -- Up-to-date symlink: /home/hamza/hackathon_ws/install/sd_map_msgs/share/sd_map_msgs/rust/src/msg/rmw.rs
[1.082s] -- Up-to-date symlink: /home/hamza/hackathon_ws/install/sd_map_msgs/share/sd_map_msgs/msg/SnLaneState.idl
[1.082s] -- Up-to-date symlink: /home/hamza/hackathon_ws/install/sd_map_msgs/share/sd_map_msgs/msg/SnMapState.idl
[1.083s] -- Up-to-date symlink: /home/hamza/hackathon_ws/install/sd_map_msgs/share/sd_map_msgs/msg/SnState.idl
[1.083s] -- Up-to-date symlink: /home/hamza/hackathon_ws/install/sd_map_msgs/share/sd_map_msgs/map_ar/SnLaneState.msg
[1.083s] -- Up-to-date symlink: /home/hamza/hackathon_ws/install/sd_map_msgs/share/sd_map_msgs/map_ar/SnMapState.msg
[1.083s] -- Up-to-date symlink: /home/hamza/hackathon_ws/install/sd_map_msgs/share/sd_map_msgs/map_ar/SnState.msg
[1.083s] -- Up-to-date symlink: /home/hamza/hackathon_ws/install/sd_map_msgs/share/sd_map_msgs/msg/SnLaneState.msg
[1.083s] -- Up-to-date symlink: /home/hamza/hackathon_ws/install/sd_map_msgs/share/sd_map_msgs/msg/SnMapState.msg
[1.083s] -- Up-to-date symlink: /home/hamza/hackathon_ws/install/sd_map_msgs/share/sd_map_msgs/msg/SnState.msg
[1.083s] -- Up-to-date symlink: /home/hamza/hackathon_ws/install/sd_map_msgs/share/ament_index/resource_index/package_run_dependencies/sd_map_msgs
[1.084s] -- Up-to-date symlink: /home/hamza/hackathon_ws/install/sd_map_msgs/share/ament_index/resource_index/parent_prefix_path/sd_map_msgs
[1.084s] -- Up-to-date symlink: /home/hamza/hackathon_ws/install/sd_map_msgs/share/sd_map_msgs/environment/ament_prefix_path.sh
[1.084s] -- Up-to-date symlink: /home/hamza/hackathon_ws/install/sd_map_msgs/share/sd_map_msgs/environment/ament_prefix_path.dsv
[1.084s] -- Up-to-date symlink: /home/hamza/hackathon_ws/install/sd_map_msgs/share/sd_map_msgs/environment/path.sh
[1.084s] -- Up-to-date symlink: /home/hamza/hackathon_ws/install/sd_map_msgs/share/sd_map_msgs/environment/path.dsv
[1.084s] -- Up-to-date symlink: /home/hamza/hackathon_ws/install/sd_map_msgs/share/sd_map_msgs/local_setup.bash
[1.084s] -- Up-to-date symlink: /home/hamza/hackathon_ws/install/sd_map_msgs/share/sd_map_msgs/local_setup.sh
[1.084s] -- Up-to-date symlink: /home/hamza/hackathon_ws/install/sd_map_msgs/share/sd_map_msgs/local_setup.zsh
[1.084s] -- Up-to-date symlink: /home/hamza/hackathon_ws/install/sd_map_msgs/share/sd_map_msgs/local_setup.dsv
[1.084s] -- Symlinking: /home/hamza/hackathon_ws/install/sd_map_msgs/share/sd_map_msgs/package.dsv
[1.088s] -- Up-to-date symlink: /home/hamza/hackathon_ws/install/sd_map_msgs/share/ament_index/resource_index/packages/sd_map_msgs
[1.088s] -- Up-to-date symlink: /home/hamza/hackathon_ws/install/sd_map_msgs/share/sd_map_msgs/cmake/rosidl_cmake-extras.cmake
[1.088s] -- Up-to-date symlink: /home/hamza/hackathon_ws/install/sd_map_msgs/share/sd_map_msgs/cmake/ament_cmake_export_dependencies-extras.cmake
[1.088s] -- Up-to-date symlink: /home/hamza/hackathon_ws/install/sd_map_msgs/share/sd_map_msgs/cmake/ament_cmake_export_include_directories-extras.cmake
[1.088s] -- Up-to-date symlink: /home/hamza/hackathon_ws/install/sd_map_msgs/share/sd_map_msgs/cmake/ament_cmake_export_libraries-extras.cmake
[1.088s] -- Up-to-date symlink: /home/hamza/hackathon_ws/install/sd_map_msgs/share/sd_map_msgs/cmake/ament_cmake_export_targets-extras.cmake
[1.088s] -- Up-to-date symlink: /home/hamza/hackathon_ws/install/sd_map_msgs/share/sd_map_msgs/cmake/rosidl_cmake_export_typesupport_targets-extras.cmake
[1.088s] -- Up-to-date symlink: /home/hamza/hackathon_ws/install/sd_map_msgs/share/sd_map_msgs/cmake/rosidl_cmake_export_typesupport_libraries-extras.cmake
[1.088s] -- Up-to-date symlink: /home/hamza/hackathon_ws/install/sd_map_msgs/share/sd_map_msgs/cmake/sd_map_msgsConfig.cmake
[1.089s] -- Up-to-date symlink: /home/hamza/hackathon_ws/install/sd_map_msgs/share/sd_map_msgs/cmake/sd_map_msgsConfig-version.cmake
[1.089s] -- Up-to-date symlink: /home/hamza/hackathon_ws/install/sd_map_msgs/share/sd_map_msgs/package.xml
[1.089s] -- Up-to-date: /home/hamza/hackathon_ws/install/sd_map_msgs/lib/libsd_map_msgs__rosidl_generator_c.so
[1.089s] -- Up-to-date: /home/hamza/hackathon_ws/install/sd_map_msgs/lib/libsd_map_msgs__rosidl_typesupport_fastrtps_c.so
[1.089s] -- Up-to-date: /home/hamza/hackathon_ws/install/sd_map_msgs/lib/libsd_map_msgs__rosidl_typesupport_fastrtps_cpp.so
[1.089s] -- Up-to-date: /home/hamza/hackathon_ws/install/sd_map_msgs/lib/libsd_map_msgs__rosidl_typesupport_introspection_c.so
[1.089s] -- Up-to-date: /home/hamza/hackathon_ws/install/sd_map_msgs/lib/libsd_map_msgs__rosidl_typesupport_c.so
[1.089s] -- Up-to-date: /home/hamza/hackathon_ws/install/sd_map_msgs/lib/libsd_map_msgs__rosidl_typesupport_introspection_cpp.so
[1.090s] -- Up-to-date: /home/hamza/hackathon_ws/install/sd_map_msgs/lib/libsd_map_msgs__rosidl_typesupport_cpp.so
[1.114s] Listing '/home/hamza/hackathon_ws/install/sd_map_msgs/local/lib/python3.10/dist-packages/sd_map_msgs'...
[1.114s] Compiling '/home/hamza/hackathon_ws/install/sd_map_msgs/local/lib/python3.10/dist-packages/sd_map_msgs/__init__.py'...
[1.114s] Listing '/home/hamza/hackathon_ws/install/sd_map_msgs/local/lib/python3.10/dist-packages/sd_map_msgs/msg'...
[1.116s] -- Up-to-date: /home/hamza/hackathon_ws/install/sd_map_msgs/lib/libsd_map_msgs__rosidl_generator_py.so
[1.116s] -- Up-to-date: /home/hamza/hackathon_ws/install/sd_map_msgs/share/sd_map_msgs/cmake/export_sd_map_msgs__rosidl_generator_cExport.cmake
[1.116s] -- Up-to-date: /home/hamza/hackathon_ws/install/sd_map_msgs/share/sd_map_msgs/cmake/export_sd_map_msgs__rosidl_generator_cExport-noconfig.cmake
[1.116s] -- Up-to-date: /home/hamza/hackathon_ws/install/sd_map_msgs/share/sd_map_msgs/cmake/export_sd_map_msgs__rosidl_typesupport_fastrtps_cExport.cmake
[1.117s] -- Up-to-date: /home/hamza/hackathon_ws/install/sd_map_msgs/share/sd_map_msgs/cmake/export_sd_map_msgs__rosidl_typesupport_fastrtps_cExport-noconfig.cmake
[1.117s] -- Up-to-date: /home/hamza/hackathon_ws/install/sd_map_msgs/share/sd_map_msgs/cmake/export_sd_map_msgs__rosidl_generator_cppExport.cmake
[1.117s] -- Up-to-date: /home/hamza/hackathon_ws/install/sd_map_msgs/share/sd_map_msgs/cmake/export_sd_map_msgs__rosidl_typesupport_fastrtps_cppExport.cmake
[1.117s] -- Up-to-date: /home/hamza/hackathon_ws/install/sd_map_msgs/share/sd_map_msgs/cmake/export_sd_map_msgs__rosidl_typesupport_fastrtps_cppExport-noconfig.cmake
[1.117s] -- Up-to-date: /home/hamza/hackathon_ws/install/sd_map_msgs/share/sd_map_msgs/cmake/sd_map_msgs__rosidl_typesupport_introspection_cExport.cmake
[1.117s] -- Up-to-date: /home/hamza/hackathon_ws/install/sd_map_msgs/share/sd_map_msgs/cmake/sd_map_msgs__rosidl_typesupport_introspection_cExport-noconfig.cmake
[1.117s] -- Up-to-date: /home/hamza/hackathon_ws/install/sd_map_msgs/share/sd_map_msgs/cmake/sd_map_msgs__rosidl_typesupport_cExport.cmake
[1.117s] -- Up-to-date: /home/hamza/hackathon_ws/install/sd_map_msgs/share/sd_map_msgs/cmake/sd_map_msgs__rosidl_typesupport_cExport-noconfig.cmake
[1.117s] -- Up-to-date: /home/hamza/hackathon_ws/install/sd_map_msgs/share/sd_map_msgs/cmake/sd_map_msgs__rosidl_typesupport_introspection_cppExport.cmake
[1.117s] -- Up-to-date: /home/hamza/hackathon_ws/install/sd_map_msgs/share/sd_map_msgs/cmake/sd_map_msgs__rosidl_typesupport_introspection_cppExport-noconfig.cmake
[1.117s] -- Up-to-date: /home/hamza/hackathon_ws/install/sd_map_msgs/share/sd_map_msgs/cmake/sd_map_msgs__rosidl_typesupport_cppExport.cmake
[1.117s] -- Up-to-date: /home/hamza/hackathon_ws/install/sd_map_msgs/share/sd_map_msgs/cmake/sd_map_msgs__rosidl_typesupport_cppExport-noconfig.cmake
[1.117s] -- Up-to-date: /home/hamza/hackathon_ws/install/sd_map_msgs/share/sd_map_msgs/cmake/export_sd_map_msgs__rosidl_generator_pyExport.cmake
[1.117s] -- Up-to-date: /home/hamza/hackathon_ws/install/sd_map_msgs/share/sd_map_msgs/cmake/export_sd_map_msgs__rosidl_generator_pyExport-noconfig.cmake
[1.118s] Invoked command in '/home/hamza/hackathon_ws/build/sd_map_msgs' returned '0': CMAKE_PREFIX_PATH=${CMAKE_PREFIX_PATH}:/home/hamza/hackathon_ws/install/racing_analyzer:/opt/ros/humble /usr/bin/cmake --install /home/hamza/hackathon_ws/build/sd_map_msgs
