-- Found ament_cmake: 1.3.14 (/opt/ros/humble/share/ament_cmake/cmake)
-- Override CMake install command with custom implementation using symlinks instead of copying resources
-- Found builtin_interfaces: 1.2.2 (/opt/ros/humble/share/builtin_interfaces/cmake)
-- Found rosidl_generator_c: 3.1.8 (/opt/ros/humble/share/rosidl_generator_c/cmake)
-- Found rosidl_adapter: 3.1.8 (/opt/ros/humble/share/rosidl_adapter/cmake)
-- Found rosidl_generator_cpp: 3.1.8 (/opt/ros/humble/share/rosidl_generator_cpp/cmake)
-- Using all available rosidl_typesupport_c: rosidl_typesupport_fastrtps_c;rosidl_typesupport_introspection_c
-- Using all available rosidl_typesupport_cpp: rosidl_typesupport_fastrtps_cpp;rosidl_typesupport_introspection_cpp
-- Found rosidl_default_generators: 1.2.1 (/opt/ros/humble/share/rosidl_default_generators/cmake)
-- Found std_msgs: 4.9.1 (/opt/ros/humble/share/std_msgs/cmake)
-- Found sd_map_msgs: 1.0.0 (/home/hamza/hackathon_ws/install/sd_map_msgs/share/sd_map_msgs/cmake)
-- Found ament_cmake_ros: 0.10.0 (/opt/ros/humble/share/ament_cmake_ros/cmake)
-- Using all available rosidl_typesupport_c: rosidl_typesupport_fastrtps_c;rosidl_typesupport_introspection_c
-- Using all available rosidl_typesupport_cpp: rosidl_typesupport_fastrtps_cpp;rosidl_typesupport_introspection_cpp
-- Found python_cmake_module: 0.10.0 (/opt/ros/humble/share/python_cmake_module/cmake)
-- Using PYTHON_EXECUTABLE: /usr/bin/python3
-- Using PYTHON_INCLUDE_DIRS: /usr/include/python3.10
-- Using PYTHON_LIBRARIES: /usr/lib/x86_64-linux-gnu/libpython3.10.so
-- Found ament_lint_auto: 0.12.15 (/opt/ros/humble/share/ament_lint_auto/cmake)
-- Added test 'copyright' to check source files copyright and LICENSE
-- Added test 'lint_cmake' to check CMake code style
-- Added test 'xmllint' to check XML markup files
-- Configuring done
-- Generating done
-- Build files have been written to: /home/hamza/hackathon_ws/build/sd_localization_msgs
[35m[1mConsolidate compiler generated dependencies of target sd_localization_msgs__rosidl_generator_c[0m
[  3%] Built target sd_localization_msgs__rs
[  6%] Built target sd_localization_msgs__cpp
[ 15%] Built target sd_localization_msgs__rosidl_generator_c
[ 15%] Built target ament_cmake_python_symlink_sd_localization_msgs
[35m[1mConsolidate compiler generated dependencies of target sd_localization_msgs__rosidl_typesupport_cpp[0m
[35m[1mConsolidate compiler generated dependencies of target sd_localization_msgs__rosidl_typesupport_introspection_cpp[0m
[35m[1mConsolidate compiler generated dependencies of target sd_localization_msgs__rosidl_typesupport_introspection_c[0m
[35m[1mConsolidate compiler generated dependencies of target sd_localization_msgs__rosidl_typesupport_fastrtps_c[0m
[35m[1mConsolidate compiler generated dependencies of target sd_localization_msgs__rosidl_typesupport_fastrtps_cpp[0m
[35m[1mConsolidate compiler generated dependencies of target sd_localization_msgs__rosidl_typesupport_c[0m
[ 25%] Built target sd_localization_msgs__rosidl_typesupport_cpp
[ 34%] Built target sd_localization_msgs__rosidl_typesupport_introspection_c
[ 43%] Built target sd_localization_msgs__rosidl_typesupport_fastrtps_c
[ 53%] Built target sd_localization_msgs__rosidl_typesupport_introspection_cpp
[ 62%] Built target sd_localization_msgs__rosidl_typesupport_fastrtps_cpp
[ 71%] Built target sd_localization_msgs__rosidl_typesupport_c
[ 71%] Built target sd_localization_msgs
[ 75%] Built target sd_localization_msgs__py
[35m[1mConsolidate compiler generated dependencies of target sd_localization_msgs__rosidl_generator_py[0m
[ 81%] Built target sd_localization_msgs__rosidl_generator_py
[35m[1mConsolidate compiler generated dependencies of target sd_localization_msgs__rosidl_typesupport_fastrtps_c__pyext[0m
[35m[1mConsolidate compiler generated dependencies of target sd_localization_msgs__rosidl_typesupport_c__pyext[0m
[35m[1mConsolidate compiler generated dependencies of target sd_localization_msgs__rosidl_typesupport_introspection_c__pyext[0m
[ 87%] Built target sd_localization_msgs__rosidl_typesupport_introspection_c__pyext
[ 96%] Built target sd_localization_msgs__rosidl_typesupport_c__pyext
[100%] Built target sd_localization_msgs__rosidl_typesupport_fastrtps_c__pyext
running egg_info
writing sd_localization_msgs.egg-info/PKG-INFO
writing dependency_links to sd_localization_msgs.egg-info/dependency_links.txt
writing top-level names to sd_localization_msgs.egg-info/top_level.txt
reading manifest file 'sd_localization_msgs.egg-info/SOURCES.txt'
writing manifest file 'sd_localization_msgs.egg-info/SOURCES.txt'
[100%] Built target ament_cmake_python_build_sd_localization_msgs_egg
-- Install configuration: ""
-- Execute custom install script
-- Up-to-date symlink: /home/hamza/hackathon_ws/install/sd_localization_msgs/share/ament_index/resource_index/rosidl_interfaces/sd_localization_msgs
-- Up-to-date symlink: /home/hamza/hackathon_ws/install/sd_localization_msgs/include/sd_localization_msgs/sd_localization_msgs/msg/detail/state_estimation__functions.h
-- Up-to-date symlink: /home/hamza/hackathon_ws/install/sd_localization_msgs/include/sd_localization_msgs/sd_localization_msgs/msg/detail/state_estimation__struct.h
-- Up-to-date symlink: /home/hamza/hackathon_ws/install/sd_localization_msgs/include/sd_localization_msgs/sd_localization_msgs/msg/detail/state_estimation__type_support.h
-- Up-to-date symlink: /home/hamza/hackathon_ws/install/sd_localization_msgs/include/sd_localization_msgs/sd_localization_msgs/msg/rosidl_generator_c__visibility_control.h
-- Up-to-date symlink: /home/hamza/hackathon_ws/install/sd_localization_msgs/include/sd_localization_msgs/sd_localization_msgs/msg/state_estimation.h
-- Up-to-date symlink: /home/hamza/hackathon_ws/install/sd_localization_msgs/share/sd_localization_msgs/environment/library_path.sh
-- Up-to-date symlink: /home/hamza/hackathon_ws/install/sd_localization_msgs/share/sd_localization_msgs/environment/library_path.dsv
-- Up-to-date symlink: /home/hamza/hackathon_ws/install/sd_localization_msgs/include/sd_localization_msgs/sd_localization_msgs/msg/detail/state_estimation__rosidl_typesupport_fastrtps_c.h
-- Up-to-date symlink: /home/hamza/hackathon_ws/install/sd_localization_msgs/include/sd_localization_msgs/sd_localization_msgs/msg/rosidl_typesupport_fastrtps_c__visibility_control.h
-- Up-to-date symlink: /home/hamza/hackathon_ws/install/sd_localization_msgs/include/sd_localization_msgs/sd_localization_msgs/msg/detail/state_estimation__builder.hpp
-- Up-to-date symlink: /home/hamza/hackathon_ws/install/sd_localization_msgs/include/sd_localization_msgs/sd_localization_msgs/msg/detail/state_estimation__struct.hpp
-- Up-to-date symlink: /home/hamza/hackathon_ws/install/sd_localization_msgs/include/sd_localization_msgs/sd_localization_msgs/msg/detail/state_estimation__traits.hpp
-- Up-to-date symlink: /home/hamza/hackathon_ws/install/sd_localization_msgs/include/sd_localization_msgs/sd_localization_msgs/msg/detail/state_estimation__type_support.hpp
-- Up-to-date symlink: /home/hamza/hackathon_ws/install/sd_localization_msgs/include/sd_localization_msgs/sd_localization_msgs/msg/rosidl_generator_cpp__visibility_control.hpp
-- Up-to-date symlink: /home/hamza/hackathon_ws/install/sd_localization_msgs/include/sd_localization_msgs/sd_localization_msgs/msg/state_estimation.hpp
-- Up-to-date symlink: /home/hamza/hackathon_ws/install/sd_localization_msgs/include/sd_localization_msgs/sd_localization_msgs/msg/detail/state_estimation__rosidl_typesupport_fastrtps_cpp.hpp
-- Up-to-date symlink: /home/hamza/hackathon_ws/install/sd_localization_msgs/include/sd_localization_msgs/sd_localization_msgs/msg/rosidl_typesupport_fastrtps_cpp__visibility_control.h
-- Up-to-date symlink: /home/hamza/hackathon_ws/install/sd_localization_msgs/include/sd_localization_msgs/sd_localization_msgs/msg/detail/state_estimation__rosidl_typesupport_introspection_c.h
-- Up-to-date symlink: /home/hamza/hackathon_ws/install/sd_localization_msgs/include/sd_localization_msgs/sd_localization_msgs/msg/rosidl_typesupport_introspection_c__visibility_control.h
-- Up-to-date symlink: /home/hamza/hackathon_ws/install/sd_localization_msgs/include/sd_localization_msgs/sd_localization_msgs/msg/detail/state_estimation__rosidl_typesupport_introspection_cpp.hpp
-- Up-to-date symlink: /home/hamza/hackathon_ws/install/sd_localization_msgs/share/sd_localization_msgs/environment/pythonpath.sh
-- Up-to-date symlink: /home/hamza/hackathon_ws/install/sd_localization_msgs/share/sd_localization_msgs/environment/pythonpath.dsv
-- Up-to-date symlink: /home/hamza/hackathon_ws/install/sd_localization_msgs/local/lib/python3.10/dist-packages/sd_localization_msgs-0.1.0-py3.10.egg-info/PKG-INFO
-- Up-to-date symlink: /home/hamza/hackathon_ws/install/sd_localization_msgs/local/lib/python3.10/dist-packages/sd_localization_msgs-0.1.0-py3.10.egg-info/SOURCES.txt
-- Up-to-date symlink: /home/hamza/hackathon_ws/install/sd_localization_msgs/local/lib/python3.10/dist-packages/sd_localization_msgs-0.1.0-py3.10.egg-info/dependency_links.txt
-- Up-to-date symlink: /home/hamza/hackathon_ws/install/sd_localization_msgs/local/lib/python3.10/dist-packages/sd_localization_msgs-0.1.0-py3.10.egg-info/top_level.txt
-- Up-to-date symlink: /home/hamza/hackathon_ws/install/sd_localization_msgs/local/lib/python3.10/dist-packages/sd_localization_msgs/__init__.py
-- Up-to-date symlink: /home/hamza/hackathon_ws/install/sd_localization_msgs/local/lib/python3.10/dist-packages/sd_localization_msgs/_sd_localization_msgs_s.ep.rosidl_typesupport_c.c
-- Up-to-date symlink: /home/hamza/hackathon_ws/install/sd_localization_msgs/local/lib/python3.10/dist-packages/sd_localization_msgs/_sd_localization_msgs_s.ep.rosidl_typesupport_fastrtps_c.c
-- Up-to-date symlink: /home/hamza/hackathon_ws/install/sd_localization_msgs/local/lib/python3.10/dist-packages/sd_localization_msgs/_sd_localization_msgs_s.ep.rosidl_typesupport_introspection_c.c
-- Up-to-date symlink: /home/hamza/hackathon_ws/install/sd_localization_msgs/local/lib/python3.10/dist-packages/sd_localization_msgs/libsd_localization_msgs__rosidl_generator_py.so
-- Up-to-date symlink: /home/hamza/hackathon_ws/install/sd_localization_msgs/local/lib/python3.10/dist-packages/sd_localization_msgs/msg/__init__.py
-- Up-to-date symlink: /home/hamza/hackathon_ws/install/sd_localization_msgs/local/lib/python3.10/dist-packages/sd_localization_msgs/msg/_state_estimation.py
-- Up-to-date symlink: /home/hamza/hackathon_ws/install/sd_localization_msgs/local/lib/python3.10/dist-packages/sd_localization_msgs/msg/_state_estimation_s.c
-- Up-to-date symlink: /home/hamza/hackathon_ws/install/sd_localization_msgs/local/lib/python3.10/dist-packages/sd_localization_msgs/sd_localization_msgs_s__rosidl_typesupport_c.cpython-310-x86_64-linux-gnu.so
-- Up-to-date symlink: /home/hamza/hackathon_ws/install/sd_localization_msgs/local/lib/python3.10/dist-packages/sd_localization_msgs/sd_localization_msgs_s__rosidl_typesupport_fastrtps_c.cpython-310-x86_64-linux-gnu.so
-- Up-to-date symlink: /home/hamza/hackathon_ws/install/sd_localization_msgs/local/lib/python3.10/dist-packages/sd_localization_msgs/sd_localization_msgs_s__rosidl_typesupport_introspection_c.cpython-310-x86_64-linux-gnu.so
-- Up-to-date symlink: /home/hamza/hackathon_ws/install/sd_localization_msgs/local/lib/python3.10/dist-packages/sd_localization_msgs/sd_localization_msgs_s__rosidl_typesupport_fastrtps_c.cpython-310-x86_64-linux-gnu.so
-- Up-to-date symlink: /home/hamza/hackathon_ws/install/sd_localization_msgs/local/lib/python3.10/dist-packages/sd_localization_msgs/sd_localization_msgs_s__rosidl_typesupport_introspection_c.cpython-310-x86_64-linux-gnu.so
-- Up-to-date symlink: /home/hamza/hackathon_ws/install/sd_localization_msgs/local/lib/python3.10/dist-packages/sd_localization_msgs/sd_localization_msgs_s__rosidl_typesupport_c.cpython-310-x86_64-linux-gnu.so
-- Up-to-date symlink: /home/hamza/hackathon_ws/install/sd_localization_msgs/share/ament_index/resource_index/rust_packages/sd_localization_msgs
-- Up-to-date symlink: /home/hamza/hackathon_ws/install/sd_localization_msgs/share/sd_localization_msgs/rust/Cargo.toml
-- Up-to-date symlink: /home/hamza/hackathon_ws/install/sd_localization_msgs/share/sd_localization_msgs/rust/build.rs
-- Up-to-date symlink: /home/hamza/hackathon_ws/install/sd_localization_msgs/share/sd_localization_msgs/rust/src/lib.rs
-- Up-to-date symlink: /home/hamza/hackathon_ws/install/sd_localization_msgs/share/sd_localization_msgs/rust/src/msg.rs
-- Up-to-date symlink: /home/hamza/hackathon_ws/install/sd_localization_msgs/share/sd_localization_msgs/rust/src/msg/rmw.rs
-- Up-to-date symlink: /home/hamza/hackathon_ws/install/sd_localization_msgs/share/sd_localization_msgs/msg/StateEstimation.idl
-- Up-to-date symlink: /home/hamza/hackathon_ws/install/sd_localization_msgs/share/sd_localization_msgs/msg/StateEstimation.msg
-- Up-to-date symlink: /home/hamza/hackathon_ws/install/sd_localization_msgs/share/ament_index/resource_index/package_run_dependencies/sd_localization_msgs
-- Up-to-date symlink: /home/hamza/hackathon_ws/install/sd_localization_msgs/share/ament_index/resource_index/parent_prefix_path/sd_localization_msgs
-- Up-to-date symlink: /home/hamza/hackathon_ws/install/sd_localization_msgs/share/sd_localization_msgs/environment/ament_prefix_path.sh
-- Up-to-date symlink: /home/hamza/hackathon_ws/install/sd_localization_msgs/share/sd_localization_msgs/environment/ament_prefix_path.dsv
-- Up-to-date symlink: /home/hamza/hackathon_ws/install/sd_localization_msgs/share/sd_localization_msgs/environment/path.sh
-- Up-to-date symlink: /home/hamza/hackathon_ws/install/sd_localization_msgs/share/sd_localization_msgs/environment/path.dsv
-- Up-to-date symlink: /home/hamza/hackathon_ws/install/sd_localization_msgs/share/sd_localization_msgs/local_setup.bash
-- Up-to-date symlink: /home/hamza/hackathon_ws/install/sd_localization_msgs/share/sd_localization_msgs/local_setup.sh
-- Up-to-date symlink: /home/hamza/hackathon_ws/install/sd_localization_msgs/share/sd_localization_msgs/local_setup.zsh
-- Up-to-date symlink: /home/hamza/hackathon_ws/install/sd_localization_msgs/share/sd_localization_msgs/local_setup.dsv
-- Symlinking: /home/hamza/hackathon_ws/install/sd_localization_msgs/share/sd_localization_msgs/package.dsv
-- Up-to-date symlink: /home/hamza/hackathon_ws/install/sd_localization_msgs/share/ament_index/resource_index/packages/sd_localization_msgs
-- Up-to-date symlink: /home/hamza/hackathon_ws/install/sd_localization_msgs/share/sd_localization_msgs/cmake/rosidl_cmake-extras.cmake
-- Up-to-date symlink: /home/hamza/hackathon_ws/install/sd_localization_msgs/share/sd_localization_msgs/cmake/ament_cmake_export_dependencies-extras.cmake
-- Up-to-date symlink: /home/hamza/hackathon_ws/install/sd_localization_msgs/share/sd_localization_msgs/cmake/ament_cmake_export_include_directories-extras.cmake
-- Up-to-date symlink: /home/hamza/hackathon_ws/install/sd_localization_msgs/share/sd_localization_msgs/cmake/ament_cmake_export_libraries-extras.cmake
-- Up-to-date symlink: /home/hamza/hackathon_ws/install/sd_localization_msgs/share/sd_localization_msgs/cmake/ament_cmake_export_targets-extras.cmake
-- Up-to-date symlink: /home/hamza/hackathon_ws/install/sd_localization_msgs/share/sd_localization_msgs/cmake/rosidl_cmake_export_typesupport_targets-extras.cmake
-- Up-to-date symlink: /home/hamza/hackathon_ws/install/sd_localization_msgs/share/sd_localization_msgs/cmake/rosidl_cmake_export_typesupport_libraries-extras.cmake
-- Up-to-date symlink: /home/hamza/hackathon_ws/install/sd_localization_msgs/share/sd_localization_msgs/cmake/sd_localization_msgsConfig.cmake
-- Up-to-date symlink: /home/hamza/hackathon_ws/install/sd_localization_msgs/share/sd_localization_msgs/cmake/sd_localization_msgsConfig-version.cmake
-- Up-to-date symlink: /home/hamza/hackathon_ws/install/sd_localization_msgs/share/sd_localization_msgs/package.xml
-- Up-to-date: /home/hamza/hackathon_ws/install/sd_localization_msgs/lib/libsd_localization_msgs__rosidl_generator_c.so
-- Up-to-date: /home/hamza/hackathon_ws/install/sd_localization_msgs/lib/libsd_localization_msgs__rosidl_typesupport_fastrtps_c.so
-- Up-to-date: /home/hamza/hackathon_ws/install/sd_localization_msgs/lib/libsd_localization_msgs__rosidl_typesupport_fastrtps_cpp.so
-- Up-to-date: /home/hamza/hackathon_ws/install/sd_localization_msgs/lib/libsd_localization_msgs__rosidl_typesupport_introspection_c.so
-- Up-to-date: /home/hamza/hackathon_ws/install/sd_localization_msgs/lib/libsd_localization_msgs__rosidl_typesupport_c.so
-- Up-to-date: /home/hamza/hackathon_ws/install/sd_localization_msgs/lib/libsd_localization_msgs__rosidl_typesupport_introspection_cpp.so
-- Up-to-date: /home/hamza/hackathon_ws/install/sd_localization_msgs/lib/libsd_localization_msgs__rosidl_typesupport_cpp.so
Listing '/home/hamza/hackathon_ws/install/sd_localization_msgs/local/lib/python3.10/dist-packages/sd_localization_msgs'...
Compiling '/home/hamza/hackathon_ws/install/sd_localization_msgs/local/lib/python3.10/dist-packages/sd_localization_msgs/__init__.py'...
Listing '/home/hamza/hackathon_ws/install/sd_localization_msgs/local/lib/python3.10/dist-packages/sd_localization_msgs/msg'...
-- Up-to-date: /home/hamza/hackathon_ws/install/sd_localization_msgs/lib/libsd_localization_msgs__rosidl_generator_py.so
-- Up-to-date: /home/hamza/hackathon_ws/install/sd_localization_msgs/share/sd_localization_msgs/cmake/export_sd_localization_msgs__rosidl_generator_cExport.cmake
-- Up-to-date: /home/hamza/hackathon_ws/install/sd_localization_msgs/share/sd_localization_msgs/cmake/export_sd_localization_msgs__rosidl_generator_cExport-noconfig.cmake
-- Up-to-date: /home/hamza/hackathon_ws/install/sd_localization_msgs/share/sd_localization_msgs/cmake/export_sd_localization_msgs__rosidl_typesupport_fastrtps_cExport.cmake
-- Up-to-date: /home/hamza/hackathon_ws/install/sd_localization_msgs/share/sd_localization_msgs/cmake/export_sd_localization_msgs__rosidl_typesupport_fastrtps_cExport-noconfig.cmake
-- Up-to-date: /home/hamza/hackathon_ws/install/sd_localization_msgs/share/sd_localization_msgs/cmake/export_sd_localization_msgs__rosidl_generator_cppExport.cmake
-- Up-to-date: /home/hamza/hackathon_ws/install/sd_localization_msgs/share/sd_localization_msgs/cmake/export_sd_localization_msgs__rosidl_typesupport_fastrtps_cppExport.cmake
-- Up-to-date: /home/hamza/hackathon_ws/install/sd_localization_msgs/share/sd_localization_msgs/cmake/export_sd_localization_msgs__rosidl_typesupport_fastrtps_cppExport-noconfig.cmake
-- Up-to-date: /home/hamza/hackathon_ws/install/sd_localization_msgs/share/sd_localization_msgs/cmake/sd_localization_msgs__rosidl_typesupport_introspection_cExport.cmake
-- Up-to-date: /home/hamza/hackathon_ws/install/sd_localization_msgs/share/sd_localization_msgs/cmake/sd_localization_msgs__rosidl_typesupport_introspection_cExport-noconfig.cmake
-- Up-to-date: /home/hamza/hackathon_ws/install/sd_localization_msgs/share/sd_localization_msgs/cmake/sd_localization_msgs__rosidl_typesupport_cExport.cmake
-- Up-to-date: /home/hamza/hackathon_ws/install/sd_localization_msgs/share/sd_localization_msgs/cmake/sd_localization_msgs__rosidl_typesupport_cExport-noconfig.cmake
-- Up-to-date: /home/hamza/hackathon_ws/install/sd_localization_msgs/share/sd_localization_msgs/cmake/sd_localization_msgs__rosidl_typesupport_introspection_cppExport.cmake
-- Up-to-date: /home/hamza/hackathon_ws/install/sd_localization_msgs/share/sd_localization_msgs/cmake/sd_localization_msgs__rosidl_typesupport_introspection_cppExport-noconfig.cmake
-- Up-to-date: /home/hamza/hackathon_ws/install/sd_localization_msgs/share/sd_localization_msgs/cmake/sd_localization_msgs__rosidl_typesupport_cppExport.cmake
-- Up-to-date: /home/hamza/hackathon_ws/install/sd_localization_msgs/share/sd_localization_msgs/cmake/sd_localization_msgs__rosidl_typesupport_cppExport-noconfig.cmake
-- Up-to-date: /home/hamza/hackathon_ws/install/sd_localization_msgs/share/sd_localization_msgs/cmake/export_sd_localization_msgs__rosidl_generator_pyExport.cmake
-- Up-to-date: /home/hamza/hackathon_ws/install/sd_localization_msgs/share/sd_localization_msgs/cmake/export_sd_localization_msgs__rosidl_generator_pyExport-noconfig.cmake
