[0.011s] Invoking command in '/home/hamza/hackathon_ws/build/sd_localization_msgs': CMAKE_PREFIX_PATH=/home/hamza/hackathon_ws/install/sd_map_msgs:/home/hamza/hackathon_ws/install/vectornav_msgs:/home/hamza/hackathon_ws/install/sd_localization_msgs:/home/hamza/hackathon_ws/install/sd_can_msgs:/home/hamza/hackathon_ws/install/racing_analyzer:/opt/ros/humble LD_LIBRARY_PATH=/home/hamza/hackathon_ws/install/sd_map_msgs/lib:/home/hamza/hackathon_ws/install/vectornav_msgs/lib:/home/hamza/hackathon_ws/install/sd_localization_msgs/lib:/home/hamza/hackathon_ws/install/sd_can_msgs/lib:/opt/ros/humble/opt/rviz_ogre_vendor/lib:/opt/ros/humble/lib/x86_64-linux-gnu:/opt/ros/humble/lib /usr/bin/cmake /home/hamza/hackathon_ws/src/sd_msgs/sd_localization_msgs -DCMAKE_INSTALL_PREFIX=/home/hamza/hackathon_ws/install/sd_localization_msgs
[0.019s] -- Found ament_cmake: 1.3.14 (/opt/ros/humble/share/ament_cmake/cmake)
[0.087s] -- Override CMake install command with custom implementation using symlinks instead of copying resources
[0.090s] -- Found builtin_interfaces: 1.2.2 (/opt/ros/humble/share/builtin_interfaces/cmake)
[0.103s] -- Found rosidl_generator_c: 3.1.8 (/opt/ros/humble/share/rosidl_generator_c/cmake)
[0.105s] -- Found rosidl_adapter: 3.1.8 (/opt/ros/humble/share/rosidl_adapter/cmake)
[0.108s] -- Found rosidl_generator_cpp: 3.1.8 (/opt/ros/humble/share/rosidl_generator_cpp/cmake)
[0.112s] -- Using all available rosidl_typesupport_c: rosidl_typesupport_fastrtps_c;rosidl_typesupport_introspection_c
[0.119s] -- Using all available rosidl_typesupport_cpp: rosidl_typesupport_fastrtps_cpp;rosidl_typesupport_introspection_cpp
[0.125s] -- Found rosidl_default_generators: 1.2.1 (/opt/ros/humble/share/rosidl_default_generators/cmake)
[0.130s] -- Found std_msgs: 4.9.1 (/opt/ros/humble/share/std_msgs/cmake)
[0.136s] -- Found sd_map_msgs: 1.0.0 (/home/hamza/hackathon_ws/install/sd_map_msgs/share/sd_map_msgs/cmake)
[0.317s] -- Found ament_cmake_ros: 0.10.0 (/opt/ros/humble/share/ament_cmake_ros/cmake)
[0.518s] -- Using all available rosidl_typesupport_c: rosidl_typesupport_fastrtps_c;rosidl_typesupport_introspection_c
[0.589s] -- Using all available rosidl_typesupport_cpp: rosidl_typesupport_fastrtps_cpp;rosidl_typesupport_introspection_cpp
[0.600s] -- Found python_cmake_module: 0.10.0 (/opt/ros/humble/share/python_cmake_module/cmake)
[0.611s] -- Using PYTHON_EXECUTABLE: /usr/bin/python3
[0.611s] -- Using PYTHON_INCLUDE_DIRS: /usr/include/python3.10
[0.611s] -- Using PYTHON_LIBRARIES: /usr/lib/x86_64-linux-gnu/libpython3.10.so
[0.663s] -- Found ament_lint_auto: 0.12.15 (/opt/ros/humble/share/ament_lint_auto/cmake)
[0.667s] -- Added test 'copyright' to check source files copyright and LICENSE
[0.668s] -- Added test 'lint_cmake' to check CMake code style
[0.668s] -- Added test 'xmllint' to check XML markup files
[0.669s] -- Configuring done
[0.686s] -- Generating done
[0.692s] -- Build files have been written to: /home/hamza/hackathon_ws/build/sd_localization_msgs
[0.697s] Invoked command in '/home/hamza/hackathon_ws/build/sd_localization_msgs' returned '0': CMAKE_PREFIX_PATH=/home/hamza/hackathon_ws/install/sd_map_msgs:/home/hamza/hackathon_ws/install/vectornav_msgs:/home/hamza/hackathon_ws/install/sd_localization_msgs:/home/hamza/hackathon_ws/install/sd_can_msgs:/home/hamza/hackathon_ws/install/racing_analyzer:/opt/ros/humble LD_LIBRARY_PATH=/home/hamza/hackathon_ws/install/sd_map_msgs/lib:/home/hamza/hackathon_ws/install/vectornav_msgs/lib:/home/hamza/hackathon_ws/install/sd_localization_msgs/lib:/home/hamza/hackathon_ws/install/sd_can_msgs/lib:/opt/ros/humble/opt/rviz_ogre_vendor/lib:/opt/ros/humble/lib/x86_64-linux-gnu:/opt/ros/humble/lib /usr/bin/cmake /home/hamza/hackathon_ws/src/sd_msgs/sd_localization_msgs -DCMAKE_INSTALL_PREFIX=/home/hamza/hackathon_ws/install/sd_localization_msgs
[0.698s] Invoking command in '/home/hamza/hackathon_ws/build/sd_localization_msgs': CMAKE_PREFIX_PATH=/home/hamza/hackathon_ws/install/sd_map_msgs:/home/hamza/hackathon_ws/install/vectornav_msgs:/home/hamza/hackathon_ws/install/sd_localization_msgs:/home/hamza/hackathon_ws/install/sd_can_msgs:/home/hamza/hackathon_ws/install/racing_analyzer:/opt/ros/humble LD_LIBRARY_PATH=/home/hamza/hackathon_ws/install/sd_map_msgs/lib:/home/hamza/hackathon_ws/install/vectornav_msgs/lib:/home/hamza/hackathon_ws/install/sd_localization_msgs/lib:/home/hamza/hackathon_ws/install/sd_can_msgs/lib:/opt/ros/humble/opt/rviz_ogre_vendor/lib:/opt/ros/humble/lib/x86_64-linux-gnu:/opt/ros/humble/lib /usr/bin/cmake --build /home/hamza/hackathon_ws/build/sd_localization_msgs -- -j20 -l20
[0.730s] [35m[1mConsolidate compiler generated dependencies of target sd_localization_msgs__rosidl_generator_c[0m
[0.736s] [  3%] Built target sd_localization_msgs__rs
[0.738s] [  6%] Built target sd_localization_msgs__cpp
[0.738s] [ 15%] Built target sd_localization_msgs__rosidl_generator_c
[0.740s] [ 15%] Built target ament_cmake_python_symlink_sd_localization_msgs
[0.744s] [35m[1mConsolidate compiler generated dependencies of target sd_localization_msgs__rosidl_typesupport_cpp[0m
[0.744s] [35m[1mConsolidate compiler generated dependencies of target sd_localization_msgs__rosidl_typesupport_introspection_cpp[0m
[0.745s] [35m[1mConsolidate compiler generated dependencies of target sd_localization_msgs__rosidl_typesupport_introspection_c[0m
[0.745s] [35m[1mConsolidate compiler generated dependencies of target sd_localization_msgs__rosidl_typesupport_fastrtps_c[0m
[0.746s] [35m[1mConsolidate compiler generated dependencies of target sd_localization_msgs__rosidl_typesupport_fastrtps_cpp[0m
[0.748s] [35m[1mConsolidate compiler generated dependencies of target sd_localization_msgs__rosidl_typesupport_c[0m
[0.750s] [ 25%] Built target sd_localization_msgs__rosidl_typesupport_cpp
[0.750s] [ 34%] Built target sd_localization_msgs__rosidl_typesupport_introspection_c
[0.751s] [ 43%] Built target sd_localization_msgs__rosidl_typesupport_fastrtps_c
[0.753s] [ 53%] Built target sd_localization_msgs__rosidl_typesupport_introspection_cpp
[0.753s] [ 62%] Built target sd_localization_msgs__rosidl_typesupport_fastrtps_cpp
[0.755s] [ 71%] Built target sd_localization_msgs__rosidl_typesupport_c
[0.771s] [ 71%] Built target sd_localization_msgs
[0.785s] [ 75%] Built target sd_localization_msgs__py
[0.792s] [35m[1mConsolidate compiler generated dependencies of target sd_localization_msgs__rosidl_generator_py[0m
[0.802s] [ 81%] Built target sd_localization_msgs__rosidl_generator_py
[0.810s] [35m[1mConsolidate compiler generated dependencies of target sd_localization_msgs__rosidl_typesupport_fastrtps_c__pyext[0m
[0.810s] [35m[1mConsolidate compiler generated dependencies of target sd_localization_msgs__rosidl_typesupport_c__pyext[0m
[0.810s] [35m[1mConsolidate compiler generated dependencies of target sd_localization_msgs__rosidl_typesupport_introspection_c__pyext[0m
[0.819s] [ 87%] Built target sd_localization_msgs__rosidl_typesupport_introspection_c__pyext
[0.820s] [ 96%] Built target sd_localization_msgs__rosidl_typesupport_c__pyext
[0.820s] [100%] Built target sd_localization_msgs__rosidl_typesupport_fastrtps_c__pyext
[0.871s] running egg_info
[0.871s] writing sd_localization_msgs.egg-info/PKG-INFO
[0.871s] writing dependency_links to sd_localization_msgs.egg-info/dependency_links.txt
[0.871s] writing top-level names to sd_localization_msgs.egg-info/top_level.txt
[0.873s] reading manifest file 'sd_localization_msgs.egg-info/SOURCES.txt'
[0.873s] writing manifest file 'sd_localization_msgs.egg-info/SOURCES.txt'
[0.886s] [100%] Built target ament_cmake_python_build_sd_localization_msgs_egg
[0.895s] Invoked command in '/home/hamza/hackathon_ws/build/sd_localization_msgs' returned '0': CMAKE_PREFIX_PATH=/home/hamza/hackathon_ws/install/sd_map_msgs:/home/hamza/hackathon_ws/install/vectornav_msgs:/home/hamza/hackathon_ws/install/sd_localization_msgs:/home/hamza/hackathon_ws/install/sd_can_msgs:/home/hamza/hackathon_ws/install/racing_analyzer:/opt/ros/humble LD_LIBRARY_PATH=/home/hamza/hackathon_ws/install/sd_map_msgs/lib:/home/hamza/hackathon_ws/install/vectornav_msgs/lib:/home/hamza/hackathon_ws/install/sd_localization_msgs/lib:/home/hamza/hackathon_ws/install/sd_can_msgs/lib:/opt/ros/humble/opt/rviz_ogre_vendor/lib:/opt/ros/humble/lib/x86_64-linux-gnu:/opt/ros/humble/lib /usr/bin/cmake --build /home/hamza/hackathon_ws/build/sd_localization_msgs -- -j20 -l20
[0.896s] Invoking command in '/home/hamza/hackathon_ws/build/sd_localization_msgs': CMAKE_PREFIX_PATH=/home/hamza/hackathon_ws/install/sd_map_msgs:/home/hamza/hackathon_ws/install/vectornav_msgs:/home/hamza/hackathon_ws/install/sd_localization_msgs:/home/hamza/hackathon_ws/install/sd_can_msgs:/home/hamza/hackathon_ws/install/racing_analyzer:/opt/ros/humble LD_LIBRARY_PATH=/home/hamza/hackathon_ws/install/sd_map_msgs/lib:/home/hamza/hackathon_ws/install/vectornav_msgs/lib:/home/hamza/hackathon_ws/install/sd_localization_msgs/lib:/home/hamza/hackathon_ws/install/sd_can_msgs/lib:/opt/ros/humble/opt/rviz_ogre_vendor/lib:/opt/ros/humble/lib/x86_64-linux-gnu:/opt/ros/humble/lib /usr/bin/cmake --install /home/hamza/hackathon_ws/build/sd_localization_msgs
[0.901s] -- Install configuration: ""
[0.901s] -- Execute custom install script
[0.901s] -- Up-to-date symlink: /home/hamza/hackathon_ws/install/sd_localization_msgs/share/ament_index/resource_index/rosidl_interfaces/sd_localization_msgs
[0.902s] -- Up-to-date symlink: /home/hamza/hackathon_ws/install/sd_localization_msgs/include/sd_localization_msgs/sd_localization_msgs/msg/detail/state_estimation__functions.h
[0.902s] -- Up-to-date symlink: /home/hamza/hackathon_ws/install/sd_localization_msgs/include/sd_localization_msgs/sd_localization_msgs/msg/detail/state_estimation__struct.h
[0.902s] -- Up-to-date symlink: /home/hamza/hackathon_ws/install/sd_localization_msgs/include/sd_localization_msgs/sd_localization_msgs/msg/detail/state_estimation__type_support.h
[0.902s] -- Up-to-date symlink: /home/hamza/hackathon_ws/install/sd_localization_msgs/include/sd_localization_msgs/sd_localization_msgs/msg/rosidl_generator_c__visibility_control.h
[0.902s] -- Up-to-date symlink: /home/hamza/hackathon_ws/install/sd_localization_msgs/include/sd_localization_msgs/sd_localization_msgs/msg/state_estimation.h
[0.902s] -- Up-to-date symlink: /home/hamza/hackathon_ws/install/sd_localization_msgs/share/sd_localization_msgs/environment/library_path.sh
[0.902s] -- Up-to-date symlink: /home/hamza/hackathon_ws/install/sd_localization_msgs/share/sd_localization_msgs/environment/library_path.dsv
[0.902s] -- Up-to-date symlink: /home/hamza/hackathon_ws/install/sd_localization_msgs/include/sd_localization_msgs/sd_localization_msgs/msg/detail/state_estimation__rosidl_typesupport_fastrtps_c.h
[0.902s] -- Up-to-date symlink: /home/hamza/hackathon_ws/install/sd_localization_msgs/include/sd_localization_msgs/sd_localization_msgs/msg/rosidl_typesupport_fastrtps_c__visibility_control.h
[0.903s] -- Up-to-date symlink: /home/hamza/hackathon_ws/install/sd_localization_msgs/include/sd_localization_msgs/sd_localization_msgs/msg/detail/state_estimation__builder.hpp
[0.903s] -- Up-to-date symlink: /home/hamza/hackathon_ws/install/sd_localization_msgs/include/sd_localization_msgs/sd_localization_msgs/msg/detail/state_estimation__struct.hpp
[0.903s] -- Up-to-date symlink: /home/hamza/hackathon_ws/install/sd_localization_msgs/include/sd_localization_msgs/sd_localization_msgs/msg/detail/state_estimation__traits.hpp
[0.903s] -- Up-to-date symlink: /home/hamza/hackathon_ws/install/sd_localization_msgs/include/sd_localization_msgs/sd_localization_msgs/msg/detail/state_estimation__type_support.hpp
[0.903s] -- Up-to-date symlink: /home/hamza/hackathon_ws/install/sd_localization_msgs/include/sd_localization_msgs/sd_localization_msgs/msg/rosidl_generator_cpp__visibility_control.hpp
[0.903s] -- Up-to-date symlink: /home/hamza/hackathon_ws/install/sd_localization_msgs/include/sd_localization_msgs/sd_localization_msgs/msg/state_estimation.hpp
[0.903s] -- Up-to-date symlink: /home/hamza/hackathon_ws/install/sd_localization_msgs/include/sd_localization_msgs/sd_localization_msgs/msg/detail/state_estimation__rosidl_typesupport_fastrtps_cpp.hpp
[0.903s] -- Up-to-date symlink: /home/hamza/hackathon_ws/install/sd_localization_msgs/include/sd_localization_msgs/sd_localization_msgs/msg/rosidl_typesupport_fastrtps_cpp__visibility_control.h
[0.903s] -- Up-to-date symlink: /home/hamza/hackathon_ws/install/sd_localization_msgs/include/sd_localization_msgs/sd_localization_msgs/msg/detail/state_estimation__rosidl_typesupport_introspection_c.h
[0.903s] -- Up-to-date symlink: /home/hamza/hackathon_ws/install/sd_localization_msgs/include/sd_localization_msgs/sd_localization_msgs/msg/rosidl_typesupport_introspection_c__visibility_control.h
[0.903s] -- Up-to-date symlink: /home/hamza/hackathon_ws/install/sd_localization_msgs/include/sd_localization_msgs/sd_localization_msgs/msg/detail/state_estimation__rosidl_typesupport_introspection_cpp.hpp
[0.903s] -- Up-to-date symlink: /home/hamza/hackathon_ws/install/sd_localization_msgs/share/sd_localization_msgs/environment/pythonpath.sh
[0.903s] -- Up-to-date symlink: /home/hamza/hackathon_ws/install/sd_localization_msgs/share/sd_localization_msgs/environment/pythonpath.dsv
[0.903s] -- Up-to-date symlink: /home/hamza/hackathon_ws/install/sd_localization_msgs/local/lib/python3.10/dist-packages/sd_localization_msgs-0.1.0-py3.10.egg-info/PKG-INFO
[0.903s] -- Up-to-date symlink: /home/hamza/hackathon_ws/install/sd_localization_msgs/local/lib/python3.10/dist-packages/sd_localization_msgs-0.1.0-py3.10.egg-info/SOURCES.txt
[0.903s] -- Up-to-date symlink: /home/hamza/hackathon_ws/install/sd_localization_msgs/local/lib/python3.10/dist-packages/sd_localization_msgs-0.1.0-py3.10.egg-info/dependency_links.txt
[0.903s] -- Up-to-date symlink: /home/hamza/hackathon_ws/install/sd_localization_msgs/local/lib/python3.10/dist-packages/sd_localization_msgs-0.1.0-py3.10.egg-info/top_level.txt
[0.903s] -- Up-to-date symlink: /home/hamza/hackathon_ws/install/sd_localization_msgs/local/lib/python3.10/dist-packages/sd_localization_msgs/__init__.py
[0.903s] -- Up-to-date symlink: /home/hamza/hackathon_ws/install/sd_localization_msgs/local/lib/python3.10/dist-packages/sd_localization_msgs/_sd_localization_msgs_s.ep.rosidl_typesupport_c.c
[0.904s] -- Up-to-date symlink: /home/hamza/hackathon_ws/install/sd_localization_msgs/local/lib/python3.10/dist-packages/sd_localization_msgs/_sd_localization_msgs_s.ep.rosidl_typesupport_fastrtps_c.c
[0.904s] -- Up-to-date symlink: /home/hamza/hackathon_ws/install/sd_localization_msgs/local/lib/python3.10/dist-packages/sd_localization_msgs/_sd_localization_msgs_s.ep.rosidl_typesupport_introspection_c.c
[0.904s] -- Up-to-date symlink: /home/hamza/hackathon_ws/install/sd_localization_msgs/local/lib/python3.10/dist-packages/sd_localization_msgs/libsd_localization_msgs__rosidl_generator_py.so
[0.904s] -- Up-to-date symlink: /home/hamza/hackathon_ws/install/sd_localization_msgs/local/lib/python3.10/dist-packages/sd_localization_msgs/msg/__init__.py
[0.904s] -- Up-to-date symlink: /home/hamza/hackathon_ws/install/sd_localization_msgs/local/lib/python3.10/dist-packages/sd_localization_msgs/msg/_state_estimation.py
[0.904s] -- Up-to-date symlink: /home/hamza/hackathon_ws/install/sd_localization_msgs/local/lib/python3.10/dist-packages/sd_localization_msgs/msg/_state_estimation_s.c
[0.904s] -- Up-to-date symlink: /home/hamza/hackathon_ws/install/sd_localization_msgs/local/lib/python3.10/dist-packages/sd_localization_msgs/sd_localization_msgs_s__rosidl_typesupport_c.cpython-310-x86_64-linux-gnu.so
[0.904s] -- Up-to-date symlink: /home/hamza/hackathon_ws/install/sd_localization_msgs/local/lib/python3.10/dist-packages/sd_localization_msgs/sd_localization_msgs_s__rosidl_typesupport_fastrtps_c.cpython-310-x86_64-linux-gnu.so
[0.904s] -- Up-to-date symlink: /home/hamza/hackathon_ws/install/sd_localization_msgs/local/lib/python3.10/dist-packages/sd_localization_msgs/sd_localization_msgs_s__rosidl_typesupport_introspection_c.cpython-310-x86_64-linux-gnu.so
[0.904s] -- Up-to-date symlink: /home/hamza/hackathon_ws/install/sd_localization_msgs/local/lib/python3.10/dist-packages/sd_localization_msgs/sd_localization_msgs_s__rosidl_typesupport_fastrtps_c.cpython-310-x86_64-linux-gnu.so
[0.904s] -- Up-to-date symlink: /home/hamza/hackathon_ws/install/sd_localization_msgs/local/lib/python3.10/dist-packages/sd_localization_msgs/sd_localization_msgs_s__rosidl_typesupport_introspection_c.cpython-310-x86_64-linux-gnu.so
[0.904s] -- Up-to-date symlink: /home/hamza/hackathon_ws/install/sd_localization_msgs/local/lib/python3.10/dist-packages/sd_localization_msgs/sd_localization_msgs_s__rosidl_typesupport_c.cpython-310-x86_64-linux-gnu.so
[0.904s] -- Up-to-date symlink: /home/hamza/hackathon_ws/install/sd_localization_msgs/share/ament_index/resource_index/rust_packages/sd_localization_msgs
[0.904s] -- Up-to-date symlink: /home/hamza/hackathon_ws/install/sd_localization_msgs/share/sd_localization_msgs/rust/Cargo.toml
[0.904s] -- Up-to-date symlink: /home/hamza/hackathon_ws/install/sd_localization_msgs/share/sd_localization_msgs/rust/build.rs
[0.904s] -- Up-to-date symlink: /home/hamza/hackathon_ws/install/sd_localization_msgs/share/sd_localization_msgs/rust/src/lib.rs
[0.905s] -- Up-to-date symlink: /home/hamza/hackathon_ws/install/sd_localization_msgs/share/sd_localization_msgs/rust/src/msg.rs
[0.905s] -- Up-to-date symlink: /home/hamza/hackathon_ws/install/sd_localization_msgs/share/sd_localization_msgs/rust/src/msg/rmw.rs
[0.905s] -- Up-to-date symlink: /home/hamza/hackathon_ws/install/sd_localization_msgs/share/sd_localization_msgs/msg/StateEstimation.idl
[0.905s] -- Up-to-date symlink: /home/hamza/hackathon_ws/install/sd_localization_msgs/share/sd_localization_msgs/msg/StateEstimation.msg
[0.905s] -- Up-to-date symlink: /home/hamza/hackathon_ws/install/sd_localization_msgs/share/ament_index/resource_index/package_run_dependencies/sd_localization_msgs
[0.905s] -- Up-to-date symlink: /home/hamza/hackathon_ws/install/sd_localization_msgs/share/ament_index/resource_index/parent_prefix_path/sd_localization_msgs
[0.905s] -- Up-to-date symlink: /home/hamza/hackathon_ws/install/sd_localization_msgs/share/sd_localization_msgs/environment/ament_prefix_path.sh
[0.905s] -- Up-to-date symlink: /home/hamza/hackathon_ws/install/sd_localization_msgs/share/sd_localization_msgs/environment/ament_prefix_path.dsv
[0.905s] -- Up-to-date symlink: /home/hamza/hackathon_ws/install/sd_localization_msgs/share/sd_localization_msgs/environment/path.sh
[0.905s] -- Up-to-date symlink: /home/hamza/hackathon_ws/install/sd_localization_msgs/share/sd_localization_msgs/environment/path.dsv
[0.905s] -- Up-to-date symlink: /home/hamza/hackathon_ws/install/sd_localization_msgs/share/sd_localization_msgs/local_setup.bash
[0.905s] -- Up-to-date symlink: /home/hamza/hackathon_ws/install/sd_localization_msgs/share/sd_localization_msgs/local_setup.sh
[0.905s] -- Up-to-date symlink: /home/hamza/hackathon_ws/install/sd_localization_msgs/share/sd_localization_msgs/local_setup.zsh
[0.905s] -- Up-to-date symlink: /home/hamza/hackathon_ws/install/sd_localization_msgs/share/sd_localization_msgs/local_setup.dsv
[0.905s] -- Symlinking: /home/hamza/hackathon_ws/install/sd_localization_msgs/share/sd_localization_msgs/package.dsv
[0.910s] -- Up-to-date symlink: /home/hamza/hackathon_ws/install/sd_localization_msgs/share/ament_index/resource_index/packages/sd_localization_msgs
[0.910s] -- Up-to-date symlink: /home/hamza/hackathon_ws/install/sd_localization_msgs/share/sd_localization_msgs/cmake/rosidl_cmake-extras.cmake
[0.910s] -- Up-to-date symlink: /home/hamza/hackathon_ws/install/sd_localization_msgs/share/sd_localization_msgs/cmake/ament_cmake_export_dependencies-extras.cmake
[0.910s] -- Up-to-date symlink: /home/hamza/hackathon_ws/install/sd_localization_msgs/share/sd_localization_msgs/cmake/ament_cmake_export_include_directories-extras.cmake
[0.910s] -- Up-to-date symlink: /home/hamza/hackathon_ws/install/sd_localization_msgs/share/sd_localization_msgs/cmake/ament_cmake_export_libraries-extras.cmake
[0.910s] -- Up-to-date symlink: /home/hamza/hackathon_ws/install/sd_localization_msgs/share/sd_localization_msgs/cmake/ament_cmake_export_targets-extras.cmake
[0.910s] -- Up-to-date symlink: /home/hamza/hackathon_ws/install/sd_localization_msgs/share/sd_localization_msgs/cmake/rosidl_cmake_export_typesupport_targets-extras.cmake
[0.910s] -- Up-to-date symlink: /home/hamza/hackathon_ws/install/sd_localization_msgs/share/sd_localization_msgs/cmake/rosidl_cmake_export_typesupport_libraries-extras.cmake
[0.911s] -- Up-to-date symlink: /home/hamza/hackathon_ws/install/sd_localization_msgs/share/sd_localization_msgs/cmake/sd_localization_msgsConfig.cmake
[0.911s] -- Up-to-date symlink: /home/hamza/hackathon_ws/install/sd_localization_msgs/share/sd_localization_msgs/cmake/sd_localization_msgsConfig-version.cmake
[0.911s] -- Up-to-date symlink: /home/hamza/hackathon_ws/install/sd_localization_msgs/share/sd_localization_msgs/package.xml
[0.911s] -- Up-to-date: /home/hamza/hackathon_ws/install/sd_localization_msgs/lib/libsd_localization_msgs__rosidl_generator_c.so
[0.911s] -- Up-to-date: /home/hamza/hackathon_ws/install/sd_localization_msgs/lib/libsd_localization_msgs__rosidl_typesupport_fastrtps_c.so
[0.911s] -- Up-to-date: /home/hamza/hackathon_ws/install/sd_localization_msgs/lib/libsd_localization_msgs__rosidl_typesupport_fastrtps_cpp.so
[0.911s] -- Up-to-date: /home/hamza/hackathon_ws/install/sd_localization_msgs/lib/libsd_localization_msgs__rosidl_typesupport_introspection_c.so
[0.911s] -- Up-to-date: /home/hamza/hackathon_ws/install/sd_localization_msgs/lib/libsd_localization_msgs__rosidl_typesupport_c.so
[0.911s] -- Up-to-date: /home/hamza/hackathon_ws/install/sd_localization_msgs/lib/libsd_localization_msgs__rosidl_typesupport_introspection_cpp.so
[0.911s] -- Up-to-date: /home/hamza/hackathon_ws/install/sd_localization_msgs/lib/libsd_localization_msgs__rosidl_typesupport_cpp.so
[0.934s] Listing '/home/hamza/hackathon_ws/install/sd_localization_msgs/local/lib/python3.10/dist-packages/sd_localization_msgs'...
[0.934s] Compiling '/home/hamza/hackathon_ws/install/sd_localization_msgs/local/lib/python3.10/dist-packages/sd_localization_msgs/__init__.py'...
[0.934s] Listing '/home/hamza/hackathon_ws/install/sd_localization_msgs/local/lib/python3.10/dist-packages/sd_localization_msgs/msg'...
[0.937s] -- Up-to-date: /home/hamza/hackathon_ws/install/sd_localization_msgs/lib/libsd_localization_msgs__rosidl_generator_py.so
[0.937s] -- Up-to-date: /home/hamza/hackathon_ws/install/sd_localization_msgs/share/sd_localization_msgs/cmake/export_sd_localization_msgs__rosidl_generator_cExport.cmake
[0.937s] -- Up-to-date: /home/hamza/hackathon_ws/install/sd_localization_msgs/share/sd_localization_msgs/cmake/export_sd_localization_msgs__rosidl_generator_cExport-noconfig.cmake
[0.937s] -- Up-to-date: /home/hamza/hackathon_ws/install/sd_localization_msgs/share/sd_localization_msgs/cmake/export_sd_localization_msgs__rosidl_typesupport_fastrtps_cExport.cmake
[0.937s] -- Up-to-date: /home/hamza/hackathon_ws/install/sd_localization_msgs/share/sd_localization_msgs/cmake/export_sd_localization_msgs__rosidl_typesupport_fastrtps_cExport-noconfig.cmake
[0.937s] -- Up-to-date: /home/hamza/hackathon_ws/install/sd_localization_msgs/share/sd_localization_msgs/cmake/export_sd_localization_msgs__rosidl_generator_cppExport.cmake
[0.937s] -- Up-to-date: /home/hamza/hackathon_ws/install/sd_localization_msgs/share/sd_localization_msgs/cmake/export_sd_localization_msgs__rosidl_typesupport_fastrtps_cppExport.cmake
[0.937s] -- Up-to-date: /home/hamza/hackathon_ws/install/sd_localization_msgs/share/sd_localization_msgs/cmake/export_sd_localization_msgs__rosidl_typesupport_fastrtps_cppExport-noconfig.cmake
[0.937s] -- Up-to-date: /home/hamza/hackathon_ws/install/sd_localization_msgs/share/sd_localization_msgs/cmake/sd_localization_msgs__rosidl_typesupport_introspection_cExport.cmake
[0.937s] -- Up-to-date: /home/hamza/hackathon_ws/install/sd_localization_msgs/share/sd_localization_msgs/cmake/sd_localization_msgs__rosidl_typesupport_introspection_cExport-noconfig.cmake
[0.937s] -- Up-to-date: /home/hamza/hackathon_ws/install/sd_localization_msgs/share/sd_localization_msgs/cmake/sd_localization_msgs__rosidl_typesupport_cExport.cmake
[0.937s] -- Up-to-date: /home/hamza/hackathon_ws/install/sd_localization_msgs/share/sd_localization_msgs/cmake/sd_localization_msgs__rosidl_typesupport_cExport-noconfig.cmake
[0.937s] -- Up-to-date: /home/hamza/hackathon_ws/install/sd_localization_msgs/share/sd_localization_msgs/cmake/sd_localization_msgs__rosidl_typesupport_introspection_cppExport.cmake
[0.937s] -- Up-to-date: /home/hamza/hackathon_ws/install/sd_localization_msgs/share/sd_localization_msgs/cmake/sd_localization_msgs__rosidl_typesupport_introspection_cppExport-noconfig.cmake
[0.938s] -- Up-to-date: /home/hamza/hackathon_ws/install/sd_localization_msgs/share/sd_localization_msgs/cmake/sd_localization_msgs__rosidl_typesupport_cppExport.cmake
[0.938s] -- Up-to-date: /home/hamza/hackathon_ws/install/sd_localization_msgs/share/sd_localization_msgs/cmake/sd_localization_msgs__rosidl_typesupport_cppExport-noconfig.cmake
[0.938s] -- Up-to-date: /home/hamza/hackathon_ws/install/sd_localization_msgs/share/sd_localization_msgs/cmake/export_sd_localization_msgs__rosidl_generator_pyExport.cmake
[0.938s] -- Up-to-date: /home/hamza/hackathon_ws/install/sd_localization_msgs/share/sd_localization_msgs/cmake/export_sd_localization_msgs__rosidl_generator_pyExport-noconfig.cmake
[0.938s] Invoked command in '/home/hamza/hackathon_ws/build/sd_localization_msgs' returned '0': CMAKE_PREFIX_PATH=/home/hamza/hackathon_ws/install/sd_map_msgs:/home/hamza/hackathon_ws/install/vectornav_msgs:/home/hamza/hackathon_ws/install/sd_localization_msgs:/home/hamza/hackathon_ws/install/sd_can_msgs:/home/hamza/hackathon_ws/install/racing_analyzer:/opt/ros/humble LD_LIBRARY_PATH=/home/hamza/hackathon_ws/install/sd_map_msgs/lib:/home/hamza/hackathon_ws/install/vectornav_msgs/lib:/home/hamza/hackathon_ws/install/sd_localization_msgs/lib:/home/hamza/hackathon_ws/install/sd_can_msgs/lib:/opt/ros/humble/opt/rviz_ogre_vendor/lib:/opt/ros/humble/lib/x86_64-linux-gnu:/opt/ros/humble/lib /usr/bin/cmake --install /home/hamza/hackathon_ws/build/sd_localization_msgs
